#
# There is insufficient memory for the Java Runtime Environment to continue.
# Native memory allocation (mmap) failed to map 134742016 bytes for committing reserved memory.
# Possible reasons:
#   The system is out of physical RAM or swap space
#   In 32 bit mode, the process size limit was hit
# Possible solutions:
#   Reduce memory load on the system
#   Increase physical memory or swap space
#   Check if swap backing store is full
#   Use 64 bit Java on a 64 bit OS
#   Decrease Java heap size (-Xmx/-Xms)
#   Decrease number of Java threads
#   Decrease Java thread stack sizes (-Xss)
#   Set larger code cache with -XX:ReservedCodeCacheSize=
# This output file may be truncated or incomplete.
#
#  Out of Memory Error (os_linux.cpp:2627), pid=11970, tid=0x00007f1e6bbfb700
#
# JRE version: OpenJDK Runtime Environment (8.0_112-b06) (build 1.8.0_112-release-b06)
# Java VM: OpenJDK 64-Bit Server VM (25.112-b06 mixed mode linux-amd64 compressed oops)
# Failed to write core dump. Core dumps have been disabled. To enable core dumping, try "ulimit -c unlimited" before starting Java again
#

---------------  T H R E A D  ---------------

Current thread (0x00007f1e8c077800):  VMThread [stack: 0x00007f1e6bafb000,0x00007f1e6bbfc000] [id=11979]

Stack: [0x00007f1e6bafb000,0x00007f1e6bbfc000],  sp=0x00007f1e6bbfa4d0,  free space=1021k
Native frames: (J=compiled Java code, j=interpreted, Vv=VM code, C=native code)
V  [libjvm.so+0x9e465d]  VMError::report_and_die()+0x15d
V  [libjvm.so+0x4b6ada]  report_vm_out_of_memory(char const*, int, unsigned long, VMErrorType, char const*)+0x8a
V  [libjvm.so+0x84c860]  os::pd_commit_memory(char*, unsigned long, unsigned long, bool)+0xf0
V  [libjvm.so+0x84737f]  os::commit_memory(char*, unsigned long, unsigned long, bool)+0x1f
V  [libjvm.so+0x8bd3db]  PSVirtualSpace::expand_by(unsigned long)+0x5b
V  [libjvm.so+0x8ae1bb]  PSOldGen::expand_by(unsigned long) [clone .part.109]+0x1b
V  [libjvm.so+0x8ae37b]  PSOldGen::expand(unsigned long) [clone .part.111]+0xdb
V  [libjvm.so+0x8aec58]  PSOldGen::resize(unsigned long)+0x188
V  [libjvm.so+0x8b426c]  PSParallelCompact::invoke_no_policy(bool)+0x97c
V  [libjvm.so+0x8bb37d]  PSScavenge::invoke()+0x17d
V  [libjvm.so+0x86fcf3]  ParallelScavengeHeap::failed_mem_allocate(unsigned long)+0x63
V  [libjvm.so+0x9e6124]  VM_ParallelGCFailedAllocation::doit()+0x84
V  [libjvm.so+0x9ea537]  VM_Operation::evaluate()+0x47
V  [libjvm.so+0x9e8ff8]  VMThread::evaluate_operation(VM_Operation*)+0x2c8
V  [libjvm.so+0x9e9479]  VMThread::loop()+0x219
V  [libjvm.so+0x9e98c2]  VMThread::run()+0x72
V  [libjvm.so+0x849c82]  java_start(Thread*)+0xf2

VM_Operation (0x00007f1e6a5b1080): ParallelGCFailedAllocation, mode: safepoint, requested by thread 0x00007f1e8c13e800


---------------  P R O C E S S  ---------------

Java Threads: ( => current thread )
  0x00007f1e8c142000 JavaThread "pool-1-thread-4" [_thread_blocked, id=11992, stack(0x00007f1e6a2b0000,0x00007f1e6a3b1000)]
  0x00007f1e8c140800 JavaThread "pool-1-thread-3" [_thread_blocked, id=11991, stack(0x00007f1e6a3b1000,0x00007f1e6a4b2000)]
  0x00007f1e8c13e800 JavaThread "pool-1-thread-2" [_thread_blocked, id=11990, stack(0x00007f1e6a4b2000,0x00007f1e6a5b3000)]
  0x00007f1e8c13b800 JavaThread "pool-2-thread-1" [_thread_blocked, id=11989, stack(0x00007f1e6a5b3000,0x00007f1e6a6b4000)]
  0x00007f1e8c13a000 JavaThread "pool-1-thread-1" [_thread_blocked, id=11988, stack(0x00007f1e6a6b4000,0x00007f1e6a7b5000)]
  0x00007f1e8c0c0800 JavaThread "Service Thread" daemon [_thread_blocked, id=11986, stack(0x00007f1e6a8b6000,0x00007f1e6a9b7000)]
  0x00007f1e8c0bd800 JavaThread "C1 CompilerThread2" daemon [_thread_blocked, id=11985, stack(0x00007f1e6a9b7000,0x00007f1e6aab8000)]
  0x00007f1e8c0bc000 JavaThread "C2 CompilerThread1" daemon [_thread_blocked, id=11984, stack(0x00007f1e6aab8000,0x00007f1e6abb9000)]
  0x00007f1e8c0b9000 JavaThread "C2 CompilerThread0" daemon [_thread_blocked, id=11983, stack(0x00007f1e6abb9000,0x00007f1e6acba000)]
  0x00007f1e8c0b7800 JavaThread "Signal Dispatcher" daemon [_thread_blocked, id=11982, stack(0x00007f1e6acba000,0x00007f1e6adbb000)]
  0x00007f1e8c083800 JavaThread "Finalizer" daemon [_thread_blocked, id=11981, stack(0x00007f1e6b8f9000,0x00007f1e6b9fa000)]
  0x00007f1e8c07f000 JavaThread "Reference Handler" daemon [_thread_blocked, id=11980, stack(0x00007f1e6b9fa000,0x00007f1e6bafb000)]
  0x00007f1e8c00a000 JavaThread "main" [_thread_blocked, id=11974, stack(0x00007f1e9214f000,0x00007f1e92250000)]

Other Threads:
=>0x00007f1e8c077800 VMThread [stack: 0x00007f1e6bafb000,0x00007f1e6bbfc000] [id=11979]
  0x00007f1e8c0c3000 WatcherThread [stack: 0x00007f1e6a7b5000,0x00007f1e6a8b6000] [id=11987]

VM state:at safepoint (normal execution)

VM Mutex/Monitor currently owned by a thread:  ([mutex/lock_event])
[0x00007f1e8c005fb0] ExpandHeap_lock - owner thread: 0x00007f1e8c077800
[0x00007f1e8c006630] Threads_lock - owner thread: 0x00007f1e8c077800
[0x00007f1e8c006b30] Heap_lock - owner thread: 0x00007f1e8c13e800

Heap:
 PSYoungGen      total 203264K, used 49068K [0x00000000eab00000, 0x0000000100000000, 0x0000000100000000)
  eden space 141312K, 0% used [0x00000000eab00000,0x00000000eab00000,0x00000000f3500000)
  from space 61952K, 79% used [0x00000000fc380000,0x00000000ff36b390,0x0000000100000000)
  to   space 103936K, 0% used [0x00000000f3500000,0x00000000f3500000,0x00000000f9a80000)
 ParOldGen       total 184320K, used 184137K [0x00000000c0000000, 0x00000000cb400000, 0x00000000eab00000)
  object space 184320K, 99% used [0x00000000c0000000,0x00000000cb3d26e0,0x00000000cb400000)
 Metaspace       used 6446K, capacity 7216K, committed 7296K, reserved 1056768K
  class space    used 592K, capacity 616K, committed 640K, reserved 1048576K

Card table byte_map: [0x00007f1e90002000,0x00007f1e90203000] byte_map_base: 0x00007f1e8fa02000

Marking Bits: (ParMarkBitMap*) 0x00007f1e915e9340
 Begin Bits: [0x00007f1e79829000, 0x00007f1e7a829000)
 End Bits:   [0x00007f1e7a829000, 0x00007f1e7b829000)

Polling page: 0x00007f1e9214e000

CodeCache: size=245760Kb used=8406Kb max_used=8528Kb free=237354Kb
 bounds [0x00007f1e7c143000, 0x00007f1e7c9a3000, 0x00007f1e8b143000]
 total_blobs=2328 nmethods=2061 adapters=182
 compilation: enabled

Compilation events (10 events):
Event: 13,050 Thread 0x00007f1e8c0bc000 nmethod 1634 0x00007f1e7c324090 code [0x00007f1e7c3241e0, 0x00007f1e7c324278]
Event: 13,050 Thread 0x00007f1e8c0bc000 1833       4       com.android.dx.cf.code.ExecutionStack::peek (42 bytes)
Event: 13,051 Thread 0x00007f1e8c0bc000 nmethod 1833 0x00007f1e7c24d190 code [0x00007f1e7c24d2e0, 0x00007f1e7c24d3b8]
Event: 13,051 Thread 0x00007f1e8c0bc000 1638       4       com.android.dx.rop.code.ThrowingCstInsn::withNewRegisters (25 bytes)
Event: 13,054 Thread 0x00007f1e8c0bc000 nmethod 1638 0x00007f1e7c252590 code [0x00007f1e7c252700, 0x00007f1e7c252958]
Event: 13,054 Thread 0x00007f1e8c0bc000 2065       4       com.android.dx.cf.code.BaseMachine::resultCount (22 bytes)
Event: 13,054 Thread 0x00007f1e8c0bc000 nmethod 2065 0x00007f1e7c8e88d0 code [0x00007f1e7c8e8a20, 0x00007f1e7c8e8a98]
Event: 13,054 Thread 0x00007f1e8c0bc000 1705       4       com.android.dx.ssa.SsaConverter::needsNewSuccessor (53 bytes)
Event: 13,063 Thread 0x00007f1e8c0bc000 nmethod 1705 0x00007f1e7c25cad0 code [0x00007f1e7c25cc40, 0x00007f1e7c25ce58]
Event: 13,063 Thread 0x00007f1e8c0bc000 2038       4       com.android.dx.rop.code.Rops::ropFor (829 bytes)

GC Heap History (10 events):
Event: 8,637 GC heap after
Heap after GC invocations=7 (full 0):
 PSYoungGen      total 146432K, used 18938K [0x00000000eab00000, 0x00000000fe100000, 0x0000000100000000)
  eden space 127488K, 0% used [0x00000000eab00000,0x00000000eab00000,0x00000000f2780000)
  from space 18944K, 99% used [0x00000000f2780000,0x00000000f39feaf8,0x00000000f3a00000)
  to   space 31232K, 0% used [0x00000000fc280000,0x00000000fc280000,0x00000000fe100000)
 ParOldGen       total 86016K, used 43828K [0x00000000c0000000, 0x00000000c5400000, 0x00000000eab00000)
  object space 86016K, 50% used [0x00000000c0000000,0x00000000c2acd0c8,0x00000000c5400000)
 Metaspace       used 6325K, capacity 7152K, committed 7296K, reserved 1056768K
  class space    used 591K, capacity 616K, committed 640K, reserved 1048576K
}
Event: 9,450 GC heap before
{Heap before GC invocations=8 (full 0):
 PSYoungGen      total 146432K, used 146426K [0x00000000eab00000, 0x00000000fe100000, 0x0000000100000000)
  eden space 127488K, 100% used [0x00000000eab00000,0x00000000f2780000,0x00000000f2780000)
  from space 18944K, 99% used [0x00000000f2780000,0x00000000f39feaf8,0x00000000f3a00000)
  to   space 31232K, 0% used [0x00000000fc280000,0x00000000fc280000,0x00000000fe100000)
 ParOldGen       total 86016K, used 43828K [0x00000000c0000000, 0x00000000c5400000, 0x00000000eab00000)
  object space 86016K, 50% used [0x00000000c0000000,0x00000000c2acd0c8,0x00000000c5400000)
 Metaspace       used 6344K, capacity 7152K, committed 7296K, reserved 1056768K
  class space    used 592K, capacity 616K, committed 640K, reserved 1048576K
Event: 9,552 GC heap after
Heap after GC invocations=8 (full 0):
 PSYoungGen      total 282112K, used 28597K [0x00000000eab00000, 0x00000000fe900000, 0x0000000100000000)
  eden space 250880K, 0% used [0x00000000eab00000,0x00000000eab00000,0x00000000fa000000)
  from space 31232K, 91% used [0x00000000fc280000,0x00000000fde6d7e0,0x00000000fe100000)
  to   space 35328K, 0% used [0x00000000fa000000,0x00000000fa000000,0x00000000fc280000)
 ParOldGen       total 86016K, used 44916K [0x00000000c0000000, 0x00000000c5400000, 0x00000000eab00000)
  object space 86016K, 52% used [0x00000000c0000000,0x00000000c2bdd048,0x00000000c5400000)
 Metaspace       used 6344K, capacity 7152K, committed 7296K, reserved 1056768K
  class space    used 592K, capacity 616K, committed 640K, reserved 1048576K
}
Event: 11,945 GC heap before
{Heap before GC invocations=9 (full 0):
 PSYoungGen      total 282112K, used 279477K [0x00000000eab00000, 0x00000000fe900000, 0x0000000100000000)
  eden space 250880K, 100% used [0x00000000eab00000,0x00000000fa000000,0x00000000fa000000)
  from space 31232K, 91% used [0x00000000fc280000,0x00000000fde6d7e0,0x00000000fe100000)
  to   space 35328K, 0% used [0x00000000fa000000,0x00000000fa000000,0x00000000fc280000)
 ParOldGen       total 86016K, used 44916K [0x00000000c0000000, 0x00000000c5400000, 0x00000000eab00000)
  object space 86016K, 52% used [0x00000000c0000000,0x00000000c2bdd048,0x00000000c5400000)
 Metaspace       used 6444K, capacity 7216K, committed 7296K, reserved 1056768K
  class space    used 592K, capacity 616K, committed 640K, reserved 1048576K
Event: 12,105 GC heap after
Heap after GC invocations=9 (full 0):
 PSYoungGen      total 286208K, used 35306K [0x00000000eab00000, 0x0000000100000000, 0x0000000100000000)
  eden space 250880K, 0% used [0x00000000eab00000,0x00000000eab00000,0x00000000fa000000)
  from space 35328K, 99% used [0x00000000fa000000,0x00000000fc27aba8,0x00000000fc280000)
  to   space 61952K, 0% used [0x00000000fc380000,0x00000000fc380000,0x0000000100000000)
 ParOldGen       total 97280K, used 96907K [0x00000000c0000000, 0x00000000c5f00000, 0x00000000eab00000)
  object space 97280K, 99% used [0x00000000c0000000,0x00000000c5ea2ee0,0x00000000c5f00000)
 Metaspace       used 6444K, capacity 7216K, committed 7296K, reserved 1056768K
  class space    used 592K, capacity 616K, committed 640K, reserved 1048576K
}
Event: 12,105 GC heap before
{Heap before GC invocations=10 (full 1):
 PSYoungGen      total 286208K, used 35306K [0x00000000eab00000, 0x0000000100000000, 0x0000000100000000)
  eden space 250880K, 0% used [0x00000000eab00000,0x00000000eab00000,0x00000000fa000000)
  from space 35328K, 99% used [0x00000000fa000000,0x00000000fc27aba8,0x00000000fc280000)
  to   space 61952K, 0% used [0x00000000fc380000,0x00000000fc380000,0x0000000100000000)
 ParOldGen       total 97280K, used 96907K [0x00000000c0000000, 0x00000000c5f00000, 0x00000000eab00000)
  object space 97280K, 99% used [0x00000000c0000000,0x00000000c5ea2ee0,0x00000000c5f00000)
 Metaspace       used 6444K, capacity 7216K, committed 7296K, reserved 1056768K
  class space    used 592K, capacity 616K, committed 640K, reserved 1048576K
Event: 12,947 GC heap after
Heap after GC invocations=10 (full 1):
 PSYoungGen      total 286208K, used 20907K [0x00000000eab00000, 0x0000000100000000, 0x0000000100000000)
  eden space 250880K, 0% used [0x00000000eab00000,0x00000000eab00000,0x00000000fa000000)
  from space 35328K, 59% used [0x00000000fa000000,0x00000000fb46ada0,0x00000000fc280000)
  to   space 61952K, 0% used [0x00000000fc380000,0x00000000fc380000,0x0000000100000000)
 ParOldGen       total 178176K, used 97234K [0x00000000c0000000, 0x00000000cae00000, 0x00000000eab00000)
  object space 178176K, 54% used [0x00000000c0000000,0x00000000c5ef4848,0x00000000cae00000)
 Metaspace       used 6444K, capacity 7216K, committed 7296K, reserved 1056768K
  class space    used 592K, capacity 616K, committed 640K, reserved 1048576K
}
Event: 13,169 GC heap before
{Heap before GC invocations=11 (full 1):
 PSYoungGen      total 286208K, used 271787K [0x00000000eab00000, 0x0000000100000000, 0x0000000100000000)
  eden space 250880K, 100% used [0x00000000eab00000,0x00000000fa000000,0x00000000fa000000)
  from space 35328K, 59% used [0x00000000fa000000,0x00000000fb46ada0,0x00000000fc280000)
  to   space 61952K, 0% used [0x00000000fc380000,0x00000000fc380000,0x0000000100000000)
 ParOldGen       total 178176K, used 97234K [0x00000000c0000000, 0x00000000cae00000, 0x00000000eab00000)
  object space 178176K, 54% used [0x00000000c0000000,0x00000000c5ef4848,0x00000000cae00000)
 Metaspace       used 6446K, capacity 7216K, committed 7296K, reserved 1056768K
  class space    used 592K, capacity 616K, committed 640K, reserved 1048576K
Event: 14,946 GC heap after
Heap after GC invocations=11 (full 1):
 PSYoungGen      total 203264K, used 61925K [0x00000000eab00000, 0x0000000100000000, 0x0000000100000000)
  eden space 141312K, 0% used [0x00000000eab00000,0x00000000eab00000,0x00000000f3500000)
  from space 61952K, 99% used [0x00000000fc380000,0x00000000ffff96d8,0x0000000100000000)
  to   space 103936K, 0% used [0x00000000f3500000,0x00000000f3500000,0x00000000f9a80000)
 ParOldGen       total 184320K, used 182895K [0x00000000c0000000, 0x00000000cb400000, 0x00000000eab00000)
  object space 184320K, 99% used [0x00000000c0000000,0x00000000cb29bf80,0x00000000cb400000)
 Metaspace       used 6446K, capacity 7216K, committed 7296K, reserved 1056768K
  class space    used 592K, capacity 616K, committed 640K, reserved 1048576K
}
Event: 15,049 GC heap before
{Heap before GC invocations=12 (full 2):
 PSYoungGen      total 203264K, used 61925K [0x00000000eab00000, 0x0000000100000000, 0x0000000100000000)
  eden space 141312K, 0% used [0x00000000eab00000,0x00000000eab00000,0x00000000f3500000)
  from space 61952K, 99% used [0x00000000fc380000,0x00000000ffff96d8,0x0000000100000000)
  to   space 103936K, 0% used [0x00000000f3500000,0x00000000f3500000,0x00000000f9a80000)
 ParOldGen       total 184320K, used 182895K [0x00000000c0000000, 0x00000000cb400000, 0x00000000eab00000)
  object space 184320K, 99% used [0x00000000c0000000,0x00000000cb29bf80,0x00000000cb400000)
 Metaspace       used 6446K, capacity 7216K, committed 7296K, reserved 1056768K
  class space    used 592K, capacity 616K, committed 640K, reserved 1048576K

Deoptimization events (10 events):
Event: 9,059 Thread 0x00007f1e8c00a000 Uncommon trap: reason=class_check action=maybe_recompile pc=0x00007f1e7c4b65dc method=com.android.dx.ssa.back.InterferenceGraph.add(II)V @ 19
Event: 9,059 Thread 0x00007f1e8c00a000 Uncommon trap: reason=class_check action=maybe_recompile pc=0x00007f1e7c4b65dc method=com.android.dx.ssa.back.InterferenceGraph.add(II)V @ 19
Event: 9,836 Thread 0x00007f1e8c00a000 Uncommon trap: reason=bimorphic action=maybe_recompile pc=0x00007f1e7c8b4d64 method=com.android.dx.cf.code.BytecodeArray.parseInstruction(ILcom/android/dx/cf/code/BytecodeArray$Visitor;)I @ 1357
Event: 9,836 Thread 0x00007f1e8c00a000 Uncommon trap: reason=bimorphic action=maybe_recompile pc=0x00007f1e7c8b4d64 method=com.android.dx.cf.code.BytecodeArray.parseInstruction(ILcom/android/dx/cf/code/BytecodeArray$Visitor;)I @ 1357
Event: 9,967 Thread 0x00007f1e8c00a000 Uncommon trap: reason=bimorphic action=maybe_recompile pc=0x00007f1e7c8b42b8 method=com.android.dx.cf.code.BytecodeArray.parseInstruction(ILcom/android/dx/cf/code/BytecodeArray$Visitor;)I @ 1987
Event: 9,968 Thread 0x00007f1e8c00a000 Uncommon trap: reason=bimorphic action=maybe_recompile pc=0x00007f1e7c8b42b8 method=com.android.dx.cf.code.BytecodeArray.parseInstruction(ILcom/android/dx/cf/code/BytecodeArray$Visitor;)I @ 1987
Event: 10,368 Thread 0x00007f1e8c00a000 Uncommon trap: reason=unstable_if action=reinterpret pc=0x00007f1e7c869234 method=java.util.HashMap.putVal(ILjava/lang/Object;Ljava/lang/Object;ZZ)Ljava/lang/Object; @ 109
Event: 10,651 Thread 0x00007f1e8c00a000 Uncommon trap: reason=unstable_if action=reinterpret pc=0x00007f1e7c68f82c method=com.android.dx.ssa.SCCP.simulateStmt(Lcom/android/dx/ssa/SsaInsn;)V @ 59
Event: 10,673 Thread 0x00007f1e8c00a000 Uncommon trap: reason=class_check action=maybe_recompile pc=0x00007f1e7c8763d4 method=com.android.dx.cf.code.RopperMachine.run(Lcom/android/dx/cf/code/Frame;II)V @ 1024
Event: 10,720 Thread 0x00007f1e8c00a000 Uncommon trap: reason=unstable_if action=reinterpret pc=0x00007f1e7c6bb3c0 method=com.android.dx.ssa.MoveParamCombiner$1.visitNonMoveInsn(Lcom/android/dx/ssa/NormalSsaInsn;)V @ 27

Internal exceptions (5 events):
Event: 0,074 Thread 0x00007f1e8c00a000 Exception <a 'java/lang/NoSuchMethodError': Method sun.misc.Unsafe.defineClass(Ljava/lang/String;[BII)Ljava/lang/Class; name or signature does not match> (0x00000000eab07c78) thrown at [/ssd/Android/AOSP-openjdk/external/jetbrains/jdk/hotspot/src/share/vm
Event: 0,074 Thread 0x00007f1e8c00a000 Exception <a 'java/lang/NoSuchMethodError': Method sun.misc.Unsafe.prefetchRead(Ljava/lang/Object;J)V name or signature does not match> (0x00000000eab07f60) thrown at [/ssd/Android/AOSP-openjdk/external/jetbrains/jdk/hotspot/src/share/vm/prims/jni.cpp, li
Event: 4,270 Thread 0x00007f1e8c13e800 Exception <a 'java/lang/ArrayIndexOutOfBoundsException': 18> (0x00000000ed8c67c0) thrown at [/ssd/Android/AOSP-openjdk/external/jetbrains/jdk/hotspot/src/share/vm/interpreter/interpreterRuntime.cpp, line 366]
Event: 4,270 Thread 0x00007f1e8c13e800 Exception <a 'java/lang/ArrayIndexOutOfBoundsException': 145> (0x00000000ed8c8340) thrown at [/ssd/Android/AOSP-openjdk/external/jetbrains/jdk/hotspot/src/share/vm/interpreter/interpreterRuntime.cpp, line 366]
Event: 4,271 Thread 0x00007f1e8c13e800 Exception <a 'java/lang/ArrayIndexOutOfBoundsException': 40> (0x00000000ed8c9628) thrown at [/ssd/Android/AOSP-openjdk/external/jetbrains/jdk/hotspot/src/share/vm/interpreter/interpreterRuntime.cpp, line 366]

Events (10 events):
Event: 12,963 Thread 0x00007f1e8c0bd800 flushing nmethod 0x00007f1e7c32dd10
Event: 12,963 Thread 0x00007f1e8c0bd800 flushing nmethod 0x00007f1e7c32e050
Event: 12,963 Thread 0x00007f1e8c0bd800 flushing nmethod 0x00007f1e7c32e390
Event: 12,963 Thread 0x00007f1e8c0bd800 flushing nmethod 0x00007f1e7c332910
Event: 12,963 Thread 0x00007f1e8c0bd800 flushing nmethod 0x00007f1e7c336190
Event: 12,963 Thread 0x00007f1e8c0bd800 flushing nmethod 0x00007f1e7c33ad50
Event: 12,963 Thread 0x00007f1e8c0bd800 flushing nmethod 0x00007f1e7c345710
Event: 12,963 Thread 0x00007f1e8c0bd800 flushing nmethod 0x00007f1e7c345f10
Event: 12,963 Thread 0x00007f1e8c0bd800 flushing nmethod 0x00007f1e7c349910
Event: 13,167 Executing VM operation: ParallelGCFailedAllocation


Dynamic libraries:
00400000-00401000 r-xp 00000000 08:01 25956432                           /usr/local/android-studio/jre/bin/java
00600000-00601000 r--p 00000000 08:01 25956432                           /usr/local/android-studio/jre/bin/java
00601000-00602000 rw-p 00001000 08:01 25956432                           /usr/local/android-studio/jre/bin/java
017ac000-017cd000 rw-p 00000000 00:00 0                                  [heap]
c0000000-cb400000 rw-p 00000000 00:00 0 
d3480000-eab00000 ---p 00000000 00:00 0 
eab00000-100000000 rw-p 00000000 00:00 0 
100000000-1000a0000 rw-p 00000000 00:00 0 
1000a0000-140000000 ---p 00000000 00:00 0 
7f1e28000000-7f1e28027000 rw-p 00000000 00:00 0 
7f1e28027000-7f1e2c000000 ---p 00000000 00:00 0 
7f1e30000000-7f1e30021000 rw-p 00000000 00:00 0 
7f1e30021000-7f1e34000000 ---p 00000000 00:00 0 
7f1e34000000-7f1e34021000 rw-p 00000000 00:00 0 
7f1e34021000-7f1e38000000 ---p 00000000 00:00 0 
7f1e38000000-7f1e3802d000 rw-p 00000000 00:00 0 
7f1e3802d000-7f1e3c000000 ---p 00000000 00:00 0 
7f1e3c000000-7f1e3c021000 rw-p 00000000 00:00 0 
7f1e3c021000-7f1e40000000 ---p 00000000 00:00 0 
7f1e40000000-7f1e40021000 rw-p 00000000 00:00 0 
7f1e40021000-7f1e44000000 ---p 00000000 00:00 0 
7f1e44000000-7f1e44021000 rw-p 00000000 00:00 0 
7f1e44021000-7f1e48000000 ---p 00000000 00:00 0 
7f1e48000000-7f1e4942d000 rw-p 00000000 00:00 0 
7f1e4942d000-7f1e4c000000 ---p 00000000 00:00 0 
7f1e4c000000-7f1e4c772000 rw-p 00000000 00:00 0 
7f1e4c772000-7f1e50000000 ---p 00000000 00:00 0 
7f1e50000000-7f1e50021000 rw-p 00000000 00:00 0 
7f1e50021000-7f1e54000000 ---p 00000000 00:00 0 
7f1e54000000-7f1e54ba2000 rw-p 00000000 00:00 0 
7f1e54ba2000-7f1e58000000 ---p 00000000 00:00 0 
7f1e58000000-7f1e58021000 rw-p 00000000 00:00 0 
7f1e58021000-7f1e5c000000 ---p 00000000 00:00 0 
7f1e5c000000-7f1e5c021000 rw-p 00000000 00:00 0 
7f1e5c021000-7f1e60000000 ---p 00000000 00:00 0 
7f1e60000000-7f1e60297000 rw-p 00000000 00:00 0 
7f1e60297000-7f1e64000000 ---p 00000000 00:00 0 
7f1e64000000-7f1e64021000 rw-p 00000000 00:00 0 
7f1e64021000-7f1e68000000 ---p 00000000 00:00 0 
7f1e6a2b0000-7f1e6a2b3000 ---p 00000000 00:00 0 
7f1e6a2b3000-7f1e6a3b1000 rw-p 00000000 00:00 0 
7f1e6a3b1000-7f1e6a3b4000 ---p 00000000 00:00 0 
7f1e6a3b4000-7f1e6a4b2000 rw-p 00000000 00:00 0 
7f1e6a4b2000-7f1e6a4b5000 ---p 00000000 00:00 0 
7f1e6a4b5000-7f1e6a5b3000 rw-p 00000000 00:00 0 
7f1e6a5b3000-7f1e6a5b6000 ---p 00000000 00:00 0 
7f1e6a5b6000-7f1e6a6b4000 rw-p 00000000 00:00 0 
7f1e6a6b4000-7f1e6a6b7000 ---p 00000000 00:00 0 
7f1e6a6b7000-7f1e6a7b5000 rw-p 00000000 00:00 0 
7f1e6a7b5000-7f1e6a7b6000 ---p 00000000 00:00 0 
7f1e6a7b6000-7f1e6a8b6000 rw-p 00000000 00:00 0 
7f1e6a8b6000-7f1e6a8b9000 ---p 00000000 00:00 0 
7f1e6a8b9000-7f1e6a9b7000 rw-p 00000000 00:00 0 
7f1e6a9b7000-7f1e6a9ba000 ---p 00000000 00:00 0 
7f1e6a9ba000-7f1e6aab8000 rw-p 00000000 00:00 0 
7f1e6aab8000-7f1e6aabb000 ---p 00000000 00:00 0 
7f1e6aabb000-7f1e6abb9000 rw-p 00000000 00:00 0 
7f1e6abb9000-7f1e6abbc000 ---p 00000000 00:00 0 
7f1e6abbc000-7f1e6acba000 rw-p 00000000 00:00 0 
7f1e6acba000-7f1e6acbd000 ---p 00000000 00:00 0 
7f1e6acbd000-7f1e6adbb000 rw-p 00000000 00:00 0 
7f1e6adbb000-7f1e6b8f8000 r--p 00000000 08:01 1055535                    /usr/lib/locale/locale-archive
7f1e6b8f9000-7f1e6b8fc000 ---p 00000000 00:00 0 
7f1e6b8fc000-7f1e6b9fa000 rw-p 00000000 00:00 0 
7f1e6b9fa000-7f1e6b9fd000 ---p 00000000 00:00 0 
7f1e6b9fd000-7f1e6bafb000 rw-p 00000000 00:00 0 
7f1e6bafb000-7f1e6bafc000 ---p 00000000 00:00 0 
7f1e6bafc000-7f1e6c000000 rw-p 00000000 00:00 0 
7f1e6c000000-7f1e6c021000 rw-p 00000000 00:00 0 
7f1e6c021000-7f1e70000000 ---p 00000000 00:00 0 
7f1e70000000-7f1e70021000 rw-p 00000000 00:00 0 
7f1e70021000-7f1e74000000 ---p 00000000 00:00 0 
7f1e74000000-7f1e74021000 rw-p 00000000 00:00 0 
7f1e74021000-7f1e78000000 ---p 00000000 00:00 0 
7f1e7800b000-7f1e7801f000 r--s 000d8000 08:01 4330787                    /home/vlad/Documents/Projects/revert/platforms/android/build/intermediates/exploded-aar/com.google.android.gms/play-services-ads/11.0.4/jars/classes.jar
7f1e7801f000-7f1e7802e000 r--s 000e4000 08:01 7213429                    /home/vlad/Android/Sdk/build-tools/26.0.1/lib/dx.jar
7f1e7802e000-7f1e78bde000 rw-p 00000000 00:00 0 
7f1e78bde000-7f1e78dad000 r--s 03c1b000 08:01 25956489                   /usr/local/android-studio/jre/jre/lib/rt.jar
7f1e78db3000-7f1e794a9000 rw-p 00000000 00:00 0 
7f1e794a9000-7f1e79629000 ---p 00000000 00:00 0 
7f1e79629000-7f1e7b829000 rw-p 00000000 00:00 0 
7f1e7b829000-7f1e7b82a000 ---p 00000000 00:00 0 
7f1e7b82a000-7f1e7b92a000 rw-p 00000000 00:00 0 
7f1e7b92a000-7f1e7b92b000 ---p 00000000 00:00 0 
7f1e7b92b000-7f1e7ba2b000 rw-p 00000000 00:00 0 
7f1e7ba2b000-7f1e7ba2c000 ---p 00000000 00:00 0 
7f1e7ba2c000-7f1e7bb2c000 rw-p 00000000 00:00 0 
7f1e7bb2c000-7f1e7bb2d000 ---p 00000000 00:00 0 
7f1e7bb2d000-7f1e7bc87000 rw-p 00000000 00:00 0 
7f1e7bc87000-7f1e7bd83000 ---p 00000000 00:00 0 
7f1e7bd83000-7f1e7bda5000 rw-p 00000000 00:00 0 
7f1e7bda5000-7f1e7c143000 ---p 00000000 00:00 0 
7f1e7c143000-7f1e7c9a3000 rwxp 00000000 00:00 0 
7f1e7c9a3000-7f1e8b143000 ---p 00000000 00:00 0 
7f1e8b143000-7f1e8b15d000 r-xp 00000000 08:01 25956516                   /usr/local/android-studio/jre/jre/lib/amd64/libzip.so
7f1e8b15d000-7f1e8b35d000 ---p 0001a000 08:01 25956516                   /usr/local/android-studio/jre/jre/lib/amd64/libzip.so
7f1e8b35d000-7f1e8b35e000 r--p 0001a000 08:01 25956516                   /usr/local/android-studio/jre/jre/lib/amd64/libzip.so
7f1e8b35e000-7f1e8b35f000 rw-p 0001b000 08:01 25956516                   /usr/local/android-studio/jre/jre/lib/amd64/libzip.so
7f1e8b363000-7f1e8b36e000 r-xp 00000000 08:01 11407910                   /lib/x86_64-linux-gnu/libnss_files-2.23.so
7f1e8b36e000-7f1e8b56d000 ---p 0000b000 08:01 11407910                   /lib/x86_64-linux-gnu/libnss_files-2.23.so
7f1e8b56d000-7f1e8b56e000 r--p 0000a000 08:01 11407910                   /lib/x86_64-linux-gnu/libnss_files-2.23.so
7f1e8b56e000-7f1e8b56f000 rw-p 0000b000 08:01 11407910                   /lib/x86_64-linux-gnu/libnss_files-2.23.so
7f1e8b56f000-7f1e8b575000 rw-p 00000000 00:00 0 
7f1e8b57b000-7f1e8b586000 r-xp 00000000 08:01 11407920                   /lib/x86_64-linux-gnu/libnss_nis-2.23.so
7f1e8b586000-7f1e8b785000 ---p 0000b000 08:01 11407920                   /lib/x86_64-linux-gnu/libnss_nis-2.23.so
7f1e8b785000-7f1e8b786000 r--p 0000a000 08:01 11407920                   /lib/x86_64-linux-gnu/libnss_nis-2.23.so
7f1e8b786000-7f1e8b787000 rw-p 0000b000 08:01 11407920                   /lib/x86_64-linux-gnu/libnss_nis-2.23.so
7f1e8b78b000-7f1e8b7a1000 r-xp 00000000 08:01 11407904                   /lib/x86_64-linux-gnu/libnsl-2.23.so
7f1e8b7a1000-7f1e8b9a0000 ---p 00016000 08:01 11407904                   /lib/x86_64-linux-gnu/libnsl-2.23.so
7f1e8b9a0000-7f1e8b9a1000 r--p 00015000 08:01 11407904                   /lib/x86_64-linux-gnu/libnsl-2.23.so
7f1e8b9a1000-7f1e8b9a2000 rw-p 00016000 08:01 11407904                   /lib/x86_64-linux-gnu/libnsl-2.23.so
7f1e8b9a2000-7f1e8b9a4000 rw-p 00000000 00:00 0 
7f1e8b9ab000-7f1e8b9b3000 r-xp 00000000 08:01 11407906                   /lib/x86_64-linux-gnu/libnss_compat-2.23.so
7f1e8b9b3000-7f1e8bbb2000 ---p 00008000 08:01 11407906                   /lib/x86_64-linux-gnu/libnss_compat-2.23.so
7f1e8bbb2000-7f1e8bbb3000 r--p 00007000 08:01 11407906                   /lib/x86_64-linux-gnu/libnss_compat-2.23.so
7f1e8bbb3000-7f1e8bbb4000 rw-p 00008000 08:01 11407906                   /lib/x86_64-linux-gnu/libnss_compat-2.23.so
7f1e8bbbb000-7f1e8bbe8000 r-xp 00000000 08:01 25956526                   /usr/local/android-studio/jre/jre/lib/amd64/libjava.so
7f1e8bbe8000-7f1e8bde7000 ---p 0002d000 08:01 25956526                   /usr/local/android-studio/jre/jre/lib/amd64/libjava.so
7f1e8bde7000-7f1e8bde8000 r--p 0002c000 08:01 25956526                   /usr/local/android-studio/jre/jre/lib/amd64/libjava.so
7f1e8bde8000-7f1e8bdea000 rw-p 0002d000 08:01 25956526                   /usr/local/android-studio/jre/jre/lib/amd64/libjava.so
7f1e8bdeb000-7f1e8bdfb000 r-xp 00000000 08:01 25956542                   /usr/local/android-studio/jre/jre/lib/amd64/libverify.so
7f1e8bdfb000-7f1e8bffa000 ---p 00010000 08:01 25956542                   /usr/local/android-studio/jre/jre/lib/amd64/libverify.so
7f1e8bffa000-7f1e8bffc000 r--p 0000f000 08:01 25956542                   /usr/local/android-studio/jre/jre/lib/amd64/libverify.so
7f1e8bffc000-7f1e8bffd000 rw-p 00011000 08:01 25956542                   /usr/local/android-studio/jre/jre/lib/amd64/libverify.so
7f1e8c000000-7f1e8c37f000 rw-p 00000000 00:00 0 
7f1e8c37f000-7f1e90000000 ---p 00000000 00:00 0 
7f1e90002000-7f1e9005c000 rw-p 00000000 00:00 0 
7f1e9005c000-7f1e90157000 ---p 00000000 00:00 0 
7f1e90157000-7f1e90202000 rw-p 00000000 00:00 0 
7f1e90202000-7f1e90203000 rw-p 00000000 00:00 0 
7f1e90203000-7f1e9020a000 r-xp 00000000 08:01 11407965                   /lib/x86_64-linux-gnu/librt-2.23.so
7f1e9020a000-7f1e90409000 ---p 00007000 08:01 11407965                   /lib/x86_64-linux-gnu/librt-2.23.so
7f1e90409000-7f1e9040a000 r--p 00006000 08:01 11407965                   /lib/x86_64-linux-gnu/librt-2.23.so
7f1e9040a000-7f1e9040b000 rw-p 00007000 08:01 11407965                   /lib/x86_64-linux-gnu/librt-2.23.so
7f1e9040b000-7f1e90513000 r-xp 00000000 08:01 11407881                   /lib/x86_64-linux-gnu/libm-2.23.so
7f1e90513000-7f1e90712000 ---p 00108000 08:01 11407881                   /lib/x86_64-linux-gnu/libm-2.23.so
7f1e90712000-7f1e90713000 r--p 00107000 08:01 11407881                   /lib/x86_64-linux-gnu/libm-2.23.so
7f1e90713000-7f1e90714000 rw-p 00108000 08:01 11407881                   /lib/x86_64-linux-gnu/libm-2.23.so
7f1e9071b000-7f1e9130c000 r-xp 00000000 08:01 25956546                   /usr/local/android-studio/jre/jre/lib/amd64/server/libjvm.so
7f1e9130c000-7f1e9150c000 ---p 00bf1000 08:01 25956546                   /usr/local/android-studio/jre/jre/lib/amd64/server/libjvm.so
7f1e9150c000-7f1e915ab000 r--p 00bf1000 08:01 25956546                   /usr/local/android-studio/jre/jre/lib/amd64/server/libjvm.so
7f1e915ab000-7f1e915d4000 rw-p 00c90000 08:01 25956546                   /usr/local/android-studio/jre/jre/lib/amd64/server/libjvm.so
7f1e915d4000-7f1e91618000 rw-p 00000000 00:00 0 
7f1e9161b000-7f1e91633000 r-xp 00000000 08:01 11407957                   /lib/x86_64-linux-gnu/libpthread-2.23.so
7f1e91633000-7f1e91832000 ---p 00018000 08:01 11407957                   /lib/x86_64-linux-gnu/libpthread-2.23.so
7f1e91832000-7f1e91833000 r--p 00017000 08:01 11407957                   /lib/x86_64-linux-gnu/libpthread-2.23.so
7f1e91833000-7f1e91834000 rw-p 00018000 08:01 11407957                   /lib/x86_64-linux-gnu/libpthread-2.23.so
7f1e91834000-7f1e91838000 rw-p 00000000 00:00 0 
7f1e9183b000-7f1e9183e000 r-xp 00000000 08:01 11407835                   /lib/x86_64-linux-gnu/libdl-2.23.so
7f1e9183e000-7f1e91a3d000 ---p 00003000 08:01 11407835                   /lib/x86_64-linux-gnu/libdl-2.23.so
7f1e91a3d000-7f1e91a3e000 r--p 00002000 08:01 11407835                   /lib/x86_64-linux-gnu/libdl-2.23.so
7f1e91a3e000-7f1e91a3f000 rw-p 00003000 08:01 11407835                   /lib/x86_64-linux-gnu/libdl-2.23.so
7f1e91a43000-7f1e91c03000 r-xp 00000000 08:01 11407811                   /lib/x86_64-linux-gnu/libc-2.23.so
7f1e91c03000-7f1e91e03000 ---p 001c0000 08:01 11407811                   /lib/x86_64-linux-gnu/libc-2.23.so
7f1e91e03000-7f1e91e07000 r--p 001c0000 08:01 11407811                   /lib/x86_64-linux-gnu/libc-2.23.so
7f1e91e07000-7f1e91e09000 rw-p 001c4000 08:01 11407811                   /lib/x86_64-linux-gnu/libc-2.23.so
7f1e91e09000-7f1e91e0d000 rw-p 00000000 00:00 0 
7f1e91e13000-7f1e91e29000 r-xp 00000000 08:01 25956406                   /usr/local/android-studio/jre/lib/amd64/jli/libjli.so
7f1e91e29000-7f1e92028000 ---p 00016000 08:01 25956406                   /usr/local/android-studio/jre/lib/amd64/jli/libjli.so
7f1e92028000-7f1e92029000 r--p 00015000 08:01 25956406                   /usr/local/android-studio/jre/lib/amd64/jli/libjli.so
7f1e92029000-7f1e9202a000 rw-p 00016000 08:01 25956406                   /usr/local/android-studio/jre/lib/amd64/jli/libjli.so
7f1e9202b000-7f1e92051000 r-xp 00000000 08:01 11407783                   /lib/x86_64-linux-gnu/ld-2.23.so
7f1e9205e000-7f1e92143000 rw-p 00000000 00:00 0 
7f1e92143000-7f1e9214b000 rw-s 00000000 08:01 6690259                    /tmp/hsperfdata_vlad/11970
7f1e9214d000-7f1e9214e000 rw-p 00000000 00:00 0 
7f1e9214e000-7f1e9214f000 ---p 00000000 00:00 0 
7f1e9214f000-7f1e92152000 ---p 00000000 00:00 0 
7f1e92152000-7f1e92250000 rw-p 00000000 00:00 0 
7f1e92250000-7f1e92251000 r--p 00025000 08:01 11407783                   /lib/x86_64-linux-gnu/ld-2.23.so
7f1e92251000-7f1e92252000 rw-p 00026000 08:01 11407783                   /lib/x86_64-linux-gnu/ld-2.23.so
7f1e92252000-7f1e92254000 rw-p 00000000 00:00 0 
7f1e92254000-7f1e92259000 rw-p 00000000 00:00 0 
7ffffaa8d000-7ffffaaae000 rw-p 00000000 00:00 0                          [stack]
7ffffab83000-7ffffab85000 r--p 00000000 00:00 0                          [vvar]
7ffffab85000-7ffffab87000 r-xp 00000000 00:00 0                          [vdso]
ffffffffff600000-ffffffffff601000 r-xp 00000000 00:00 0                  [vsyscall]

VM Arguments:
jvm_args: -Djava.awt.headless=true -Xmx1024M -Dfile.encoding=UTF-8 -Duser.country=US -Duser.language=en -Duser.variant 
java_command: com.android.dx.command.Main --dex --num-threads=4 --output /home/vlad/Documents/Projects/revert/platforms/android/build/intermediates/pre-dexed/debug/com.google.android.gms-play-services-ads-11.0.4_3cbcdfdfcccf7c0a77ff333620d331e0ad8b6771.jar /home/vlad/Documents/Projects/revert/platforms/android/build/intermediates/exploded-aar/com.google.android.gms/play-services-ads/11.0.4/jars/classes.jar
java_class_path (initial): /home/vlad/Android/Sdk/build-tools/26.0.1/lib/dx.jar
Launcher Type: SUN_STANDARD

Environment Variables:
PATH=/home/vlad/bin:/home/vlad/.local/bin:/usr/local/sbin:/usr/local/bin:/usr/sbin:/usr/bin:/sbin:/bin:/usr/games:/usr/local/games:/snap/bin
LD_LIBRARY_PATH=/usr/local/android-studio/bin:
SHELL=/bin/bash
DISPLAY=:0

Signal Handlers:
SIGSEGV: [libjvm.so+0x9e5150], sa_mask[0]=11111111011111111101111111111110, sa_flags=SA_RESTART|SA_SIGINFO
SIGBUS: [libjvm.so+0x9e5150], sa_mask[0]=11111111011111111101111111111110, sa_flags=SA_RESTART|SA_SIGINFO
SIGFPE: [libjvm.so+0x848450], sa_mask[0]=11111111011111111101111111111110, sa_flags=SA_RESTART|SA_SIGINFO
SIGPIPE: [libjvm.so+0x848450], sa_mask[0]=11111111011111111101111111111110, sa_flags=SA_RESTART|SA_SIGINFO
SIGXFSZ: [libjvm.so+0x848450], sa_mask[0]=11111111011111111101111111111110, sa_flags=SA_RESTART|SA_SIGINFO
SIGILL: [libjvm.so+0x848450], sa_mask[0]=11111111011111111101111111111110, sa_flags=SA_RESTART|SA_SIGINFO
SIGUSR1: SIG_DFL, sa_mask[0]=00000000000000000000000000000000, sa_flags=none
SIGUSR2: [libjvm.so+0x848320], sa_mask[0]=00100000000000000000000000000000, sa_flags=SA_RESTART|SA_SIGINFO
SIGHUP: [libjvm.so+0x848510], sa_mask[0]=11111111011111111101111111111110, sa_flags=SA_RESTART|SA_SIGINFO
SIGINT: [libjvm.so+0x848510], sa_mask[0]=11111111011111111101111111111110, sa_flags=SA_RESTART|SA_SIGINFO
SIGTERM: [libjvm.so+0x848510], sa_mask[0]=11111111011111111101111111111110, sa_flags=SA_RESTART|SA_SIGINFO
SIGQUIT: [libjvm.so+0x848510], sa_mask[0]=11111111011111111101111111111110, sa_flags=SA_RESTART|SA_SIGINFO


---------------  S Y S T E M  ---------------

OS:DISTRIB_ID=Ubuntu
DISTRIB_RELEASE=16.04
DISTRIB_CODENAME=xenial
DISTRIB_DESCRIPTION="Ubuntu 16.04.3 LTS"

uname:Linux 4.10.0-37-generic #41~16.04.1-Ubuntu SMP Fri Oct 6 22:42:59 UTC 2017 x86_64
libc:glibc 2.23 NPTL 2.23 
rlimit: STACK 8192k, CORE 0k, NPROC 31581, NOFILE 1048576, AS infinity
load average:20,06 10,00 8,65

/proc/meminfo:
MemTotal:        8202820 kB
MemFree:          121788 kB
MemAvailable:      23216 kB
Buffers:            1608 kB
Cached:            96168 kB
SwapCached:            0 kB
Active:          7622708 kB
Inactive:          78620 kB
Active(anon):    7607156 kB
Inactive(anon):    63472 kB
Active(file):      15552 kB
Inactive(file):    15148 kB
Unevictable:         488 kB
Mlocked:             488 kB
SwapTotal:             0 kB
SwapFree:              0 kB
Dirty:               124 kB
Writeback:            68 kB
AnonPages:       7603668 kB
Mapped:           151720 kB
Shmem:             66936 kB
Slab:             110848 kB
SReclaimable:      46096 kB
SUnreclaim:        64752 kB
KernelStack:       19120 kB
PageTables:        80772 kB
NFS_Unstable:          0 kB
Bounce:                0 kB
WritebackTmp:          0 kB
CommitLimit:     4101408 kB
Committed_AS:   16869992 kB
VmallocTotal:   34359738367 kB
VmallocUsed:           0 kB
VmallocChunk:          0 kB
HardwareCorrupted:     0 kB
AnonHugePages:   3411968 kB
ShmemHugePages:        0 kB
ShmemPmdMapped:        0 kB
CmaTotal:              0 kB
CmaFree:               0 kB
HugePages_Total:       0
HugePages_Free:        0
HugePages_Rsvd:        0
HugePages_Surp:        0
Hugepagesize:       2048 kB
DirectMap4k:      350656 kB
DirectMap2M:     8067072 kB
DirectMap1G:           0 kB


CPU:total 4 (4 cores per cpu, 1 threads per core) family 21 model 2 stepping 0, cmov, cx8, fxsr, mmx, sse, sse2, sse3, ssse3, sse4.1, sse4.2, popcnt, avx, aes, clmul, mmxext, 3dnowpref, lzcnt, sse4a, tsc, tscinvbit, tscinv, bmi1

/proc/cpuinfo:
processor	: 0
vendor_id	: AuthenticAMD
cpu family	: 21
model		: 2
model name	: AMD FX(tm)-4300 Quad-Core Processor
stepping	: 0
microcode	: 0x600081f
cpu MHz		: 1400.000
cache size	: 2048 KB
physical id	: 0
siblings	: 4
core id		: 0
cpu cores	: 2
apicid		: 16
initial apicid	: 0
fpu		: yes
fpu_exception	: yes
cpuid level	: 13
wp		: yes
flags		: fpu vme de pse tsc msr pae mce cx8 apic sep mtrr pge mca cmov pat pse36 clflush mmx fxsr sse sse2 ht syscall nx mmxext fxsr_opt pdpe1gb rdtscp lm constant_tsc rep_good nopl nonstop_tsc extd_apicid aperfmperf pni pclmulqdq monitor ssse3 fma cx16 sse4_1 sse4_2 popcnt aes xsave avx f16c lahf_lm cmp_legacy svm extapic cr8_legacy abm sse4a misalignsse 3dnowprefetch osvw ibs xop skinit wdt lwp fma4 tce nodeid_msr tbm topoext perfctr_core perfctr_nb cpb hw_pstate vmmcall bmi1 arat npt lbrv svm_lock nrip_save tsc_scale vmcb_clean flushbyasid decodeassists pausefilter pfthreshold
bugs		: fxsave_leak sysret_ss_attrs null_seg
bogomips	: 7634.87
TLB size	: 1536 4K pages
clflush size	: 64
cache_alignment	: 64
address sizes	: 48 bits physical, 48 bits virtual
power management: ts ttp tm 100mhzsteps hwpstate cpb eff_freq_ro

processor	: 1
vendor_id	: AuthenticAMD
cpu family	: 21
model		: 2
model name	: AMD FX(tm)-4300 Quad-Core Processor
stepping	: 0
microcode	: 0x600081f
cpu MHz		: 1400.000
cache size	: 2048 KB
physical id	: 0
siblings	: 4
core id		: 1
cpu cores	: 2
apicid		: 17
initial apicid	: 1
fpu		: yes
fpu_exception	: yes
cpuid level	: 13
wp		: yes
flags		: fpu vme de pse tsc msr pae mce cx8 apic sep mtrr pge mca cmov pat pse36 clflush mmx fxsr sse sse2 ht syscall nx mmxext fxsr_opt pdpe1gb rdtscp lm constant_tsc rep_good nopl nonstop_tsc extd_apicid aperfmperf pni pclmulqdq monitor ssse3 fma cx16 sse4_1 sse4_2 popcnt aes xsave avx f16c lahf_lm cmp_legacy svm extapic cr8_legacy abm sse4a misalignsse 3dnowprefetch osvw ibs xop skinit wdt lwp fma4 tce nodeid_msr tbm topoext perfctr_core perfctr_nb cpb hw_pstate vmmcall bmi1 arat npt lbrv svm_lock nrip_save tsc_scale vmcb_clean flushbyasid decodeassists pausefilter pfthreshold
bugs		: fxsave_leak sysret_ss_attrs null_seg
bogomips	: 7634.87
TLB size	: 1536 4K pages
clflush size	: 64
cache_alignment	: 64
address sizes	: 48 bits physical, 48 bits virtual
power management: ts ttp tm 100mhzsteps hwpstate cpb eff_freq_ro

processor	: 2
vendor_id	: AuthenticAMD
cpu family	: 21
model		: 2
model name	: AMD FX(tm)-4300 Quad-Core Processor
stepping	: 0
microcode	: 0x600081f
cpu MHz		: 1400.000
cache size	: 2048 KB
physical id	: 0
siblings	: 4
core id		: 2
cpu cores	: 2
apicid		: 18
initial apicid	: 2
fpu		: yes
fpu_exception	: yes
cpuid level	: 13
wp		: yes
flags		: fpu vme de pse tsc msr pae mce cx8 apic sep mtrr pge mca cmov pat pse36 clflush mmx fxsr sse sse2 ht syscall nx mmxext fxsr_opt pdpe1gb rdtscp lm constant_tsc rep_good nopl nonstop_tsc extd_apicid aperfmperf pni pclmulqdq monitor ssse3 fma cx16 sse4_1 sse4_2 popcnt aes xsave avx f16c lahf_lm cmp_legacy svm extapic cr8_legacy abm sse4a misalignsse 3dnowprefetch osvw ibs xop skinit wdt lwp fma4 tce nodeid_msr tbm topoext perfctr_core perfctr_nb cpb hw_pstate vmmcall bmi1 arat npt lbrv svm_lock nrip_save tsc_scale vmcb_clean flushbyasid decodeassists pausefilter pfthreshold
bugs		: fxsave_leak sysret_ss_attrs null_seg
bogomips	: 7634.87
TLB size	: 1536 4K pages
clflush size	: 64
cache_alignment	: 64
address sizes	: 48 bits physical, 48 bits virtual
power management: ts ttp tm 100mhzsteps hwpstate cpb eff_freq_ro

processor	: 3
vendor_id	: AuthenticAMD
cpu family	: 21
model		: 2
model name	: AMD FX(tm)-4300 Quad-Core Processor
stepping	: 0
microcode	: 0x600081f
cpu MHz		: 1400.000
cache size	: 2048 KB
physical id	: 0
siblings	: 4
core id		: 3
cpu cores	: 2
apicid		: 19
initial apicid	: 3
fpu		: yes
fpu_exception	: yes
cpuid level	: 13
wp		: yes
flags		: fpu vme de pse tsc msr pae mce cx8 apic sep mtrr pge mca cmov pat pse36 clflush mmx fxsr sse sse2 ht syscall nx mmxext fxsr_opt pdpe1gb rdtscp lm constant_tsc rep_good nopl nonstop_tsc extd_apicid aperfmperf pni pclmulqdq monitor ssse3 fma cx16 sse4_1 sse4_2 popcnt aes xsave avx f16c lahf_lm cmp_legacy svm extapic cr8_legacy abm sse4a misalignsse 3dnowprefetch osvw ibs xop skinit wdt lwp fma4 tce nodeid_msr tbm topoext perfctr_core perfctr_nb cpb hw_pstate vmmcall bmi1 arat npt lbrv svm_lock nrip_save tsc_scale vmcb_clean flushbyasid decodeassists pausefilter pfthreshold
bugs		: fxsave_leak sysret_ss_attrs null_seg
bogomips	: 7634.87
TLB size	: 1536 4K pages
clflush size	: 64
cache_alignment	: 64
address sizes	: 48 bits physical, 48 bits virtual
power management: ts ttp tm 100mhzsteps hwpstate cpb eff_freq_ro



Memory: 4k page, physical 8202820k(121788k free), swap 0k(0k free)

vm_info: OpenJDK 64-Bit Server VM (25.112-b06) for linux-amd64 JRE (1.8.0_112-release-b06), built on Dec  6 2016 12:11:18 by "builder" with gcc 4.8.4

time: Thu Oct 26 07:59:26 2017
elapsed time: 60 seconds (0d 0h 1m 0s)

