#
# There is insufficient memory for the Java Runtime Environment to continue.
# Native memory allocation (mmap) failed to map 202899456 bytes for committing reserved memory.
# Possible reasons:
#   The system is out of physical RAM or swap space
#   In 32 bit mode, the process size limit was hit
# Possible solutions:
#   Reduce memory load on the system
#   Increase physical memory or swap space
#   Check if swap backing store is full
#   Use 64 bit Java on a 64 bit OS
#   Decrease Java heap size (-Xmx/-Xms)
#   Decrease number of Java threads
#   Decrease Java thread stack sizes (-Xss)
#   Set larger code cache with -XX:ReservedCodeCacheSize=
# This output file may be truncated or incomplete.
#
#  Out of Memory Error (os_linux.cpp:2627), pid=12937, tid=0x00007f9037afa700
#
# JRE version: OpenJDK Runtime Environment (8.0_112-b06) (build 1.8.0_112-release-b06)
# Java VM: OpenJDK 64-Bit Server VM (25.112-b06 mixed mode linux-amd64 compressed oops)
# Failed to write core dump. Core dumps have been disabled. To enable core dumping, try "ulimit -c unlimited" before starting Java again
#

---------------  T H R E A D  ---------------

Current thread (0x00007f9058077800):  VMThread [stack: 0x00007f90379fa000,0x00007f9037afb000] [id=12946]

Stack: [0x00007f90379fa000,0x00007f9037afb000],  sp=0x00007f9037af94d0,  free space=1021k
Native frames: (J=compiled Java code, j=interpreted, Vv=VM code, C=native code)
V  [libjvm.so+0x9e465d]  VMError::report_and_die()+0x15d
V  [libjvm.so+0x4b6ada]  report_vm_out_of_memory(char const*, int, unsigned long, VMErrorType, char const*)+0x8a
V  [libjvm.so+0x84c860]  os::pd_commit_memory(char*, unsigned long, unsigned long, bool)+0xf0
V  [libjvm.so+0x84737f]  os::commit_memory(char*, unsigned long, unsigned long, bool)+0x1f
V  [libjvm.so+0x8bd3db]  PSVirtualSpace::expand_by(unsigned long)+0x5b
V  [libjvm.so+0x8ae1bb]  PSOldGen::expand_by(unsigned long) [clone .part.109]+0x1b
V  [libjvm.so+0x8ae37b]  PSOldGen::expand(unsigned long) [clone .part.111]+0xdb
V  [libjvm.so+0x8aec58]  PSOldGen::resize(unsigned long)+0x188
V  [libjvm.so+0x8b426c]  PSParallelCompact::invoke_no_policy(bool)+0x97c
V  [libjvm.so+0x8bb37d]  PSScavenge::invoke()+0x17d
V  [libjvm.so+0x86fcf3]  ParallelScavengeHeap::failed_mem_allocate(unsigned long)+0x63
V  [libjvm.so+0x9e6124]  VM_ParallelGCFailedAllocation::doit()+0x84
V  [libjvm.so+0x9ea537]  VM_Operation::evaluate()+0x47
V  [libjvm.so+0x9e8ff8]  VMThread::evaluate_operation(VM_Operation*)+0x2c8
V  [libjvm.so+0x9e9479]  VMThread::loop()+0x219
V  [libjvm.so+0x9e98c2]  VMThread::run()+0x72
V  [libjvm.so+0x849c82]  java_start(Thread*)+0xf2

VM_Operation (0x00007f90363b0040): ParallelGCFailedAllocation, mode: safepoint, requested by thread 0x00007f9058159000


---------------  P R O C E S S  ---------------

Java Threads: ( => current thread )
  0x00007f905815a800 JavaThread "pool-1-thread-4" [_thread_blocked, id=12978, stack(0x00007f90361b0000,0x00007f90362b1000)]
  0x00007f9058159000 JavaThread "pool-1-thread-3" [_thread_blocked, id=12977, stack(0x00007f90362b1000,0x00007f90363b2000)]
  0x00007f9058157000 JavaThread "pool-1-thread-2" [_thread_blocked, id=12976, stack(0x00007f90363b2000,0x00007f90364b3000)]
  0x00007f9058154000 JavaThread "pool-2-thread-1" [_thread_blocked, id=12975, stack(0x00007f90364b3000,0x00007f90365b4000)]
  0x00007f9058152800 JavaThread "pool-1-thread-1" [_thread_blocked, id=12974, stack(0x00007f90365b4000,0x00007f90366b5000)]
  0x00007f90580c0800 JavaThread "Service Thread" daemon [_thread_blocked, id=12966, stack(0x00007f90367b6000,0x00007f90368b7000)]
  0x00007f90580bd800 JavaThread "C1 CompilerThread2" daemon [_thread_blocked, id=12965, stack(0x00007f90368b7000,0x00007f90369b8000)]
  0x00007f90580bc000 JavaThread "C2 CompilerThread1" daemon [_thread_blocked, id=12963, stack(0x00007f90369b8000,0x00007f9036ab9000)]
  0x00007f90580b9000 JavaThread "C2 CompilerThread0" daemon [_thread_in_native, id=12960, stack(0x00007f9036ab9000,0x00007f9036bba000)]
  0x00007f90580b7800 JavaThread "Signal Dispatcher" daemon [_thread_blocked, id=12959, stack(0x00007f9036bba000,0x00007f9036cbb000)]
  0x00007f9058083800 JavaThread "Finalizer" daemon [_thread_blocked, id=12948, stack(0x00007f90377f8000,0x00007f90378f9000)]
  0x00007f905807f000 JavaThread "Reference Handler" daemon [_thread_blocked, id=12947, stack(0x00007f90378f9000,0x00007f90379fa000)]
  0x00007f905800a000 JavaThread "main" [_thread_blocked, id=12939, stack(0x00007f905e0de000,0x00007f905e1df000)]

Other Threads:
=>0x00007f9058077800 VMThread [stack: 0x00007f90379fa000,0x00007f9037afb000] [id=12946]
  0x00007f90580c3000 WatcherThread [stack: 0x00007f90366b5000,0x00007f90367b6000] [id=12967]

VM state:at safepoint (normal execution)

VM Mutex/Monitor currently owned by a thread:  ([mutex/lock_event])
[0x00007f9058005fb0] ExpandHeap_lock - owner thread: 0x00007f9058077800
[0x00007f9058006630] Threads_lock - owner thread: 0x00007f9058077800
[0x00007f9058006b30] Heap_lock - owner thread: 0x00007f9058159000

Heap:
 PSYoungGen      total 232960K, used 0K [0x00000000eab00000, 0x0000000100000000, 0x0000000100000000)
  eden space 116736K, 0% used [0x00000000eab00000,0x00000000eab00000,0x00000000f1d00000)
  from space 116224K, 0% used [0x00000000f1d00000,0x00000000f1d00000,0x00000000f8e80000)
  to   space 116224K, 0% used [0x00000000f8e80000,0x00000000f8e80000,0x0000000100000000)
 ParOldGen       total 284672K, used 243190K [0x00000000c0000000, 0x00000000d1600000, 0x00000000eab00000)
  object space 284672K, 85% used [0x00000000c0000000,0x00000000ced7d878,0x00000000d1600000)
 Metaspace       used 6450K, capacity 7216K, committed 7296K, reserved 1056768K
  class space    used 593K, capacity 616K, committed 640K, reserved 1048576K

Card table byte_map: [0x00007f9047b82000,0x00007f9047d83000] byte_map_base: 0x00007f9047582000

Marking Bits: (ParMarkBitMap*) 0x00007f905d579340
 Begin Bits: [0x00007f904577e000, 0x00007f904677e000)
 End Bits:   [0x00007f904677e000, 0x00007f904777e000)

Polling page: 0x00007f905e0dd000

CodeCache: size=245760Kb used=8913Kb max_used=8929Kb free=236846Kb
 bounds [0x00007f9048143000, 0x00007f9048a03000, 0x00007f9057143000]
 total_blobs=2423 nmethods=2156 adapters=182
 compilation: enabled

Compilation events (10 events):
Event: 13,466 Thread 0x00007f90580bd800 2336   !   2       com.android.dx.cf.attrib.AttExceptions::<init> (45 bytes)
Event: 13,466 Thread 0x00007f90580bd800 nmethod 2336 0x00007f90489ec950 code [0x00007f90489ecae0, 0x00007f90489ece28]
Event: 13,466 Thread 0x00007f90580bd800 2337       2       com.android.dx.cf.attrib.AttExceptions::byteLength (15 bytes)
Event: 13,466 Thread 0x00007f90580bd800 nmethod 2337 0x00007f90489ec5d0 code [0x00007f90489ec740, 0x00007f90489ec8c8]
Event: 13,511 Thread 0x00007f90580bd800 2338       2       com.android.dx.cf.attrib.AttRuntimeVisibleAnnotations::<init> (9 bytes)
Event: 13,511 Thread 0x00007f90580bd800 nmethod 2338 0x00007f90489ec250 code [0x00007f90489ec3c0, 0x00007f90489ec548]
Event: 13,535 Thread 0x00007f90580bd800 2340 %     3       com.android.dx.ssa.back.SsaToRop::moveParametersToHighRegisters @ 34 (88 bytes)
Event: 13,539 Thread 0x00007f90580bd800 nmethod 2340% 0x00007f90489eb2d0 code [0x00007f90489eb4c0, 0x00007f90489ebe78]
Event: 13,557 Thread 0x00007f90580bc000 nmethod 2162 0x00007f90489ff110 code [0x00007f90489ff3c0, 0x00007f9048a007e8]
Event: 13,557 Thread 0x00007f90580bc000 2124       4       com.android.dx.ssa.SCCP::addUsersToWorklist (103 bytes)

GC Heap History (10 events):
Event: 12,368 GC heap after
Heap after GC invocations=14 (full 3):
 PSYoungGen      total 236544K, used 0K [0x00000000eab00000, 0x0000000100000000, 0x0000000100000000)
  eden space 123904K, 0% used [0x00000000eab00000,0x00000000eab00000,0x00000000f2400000)
  from space 112640K, 0% used [0x00000000f2400000,0x00000000f2400000,0x00000000f9200000)
  to   space 106496K, 0% used [0x00000000f9800000,0x00000000f9800000,0x0000000100000000)
 ParOldGen       total 284672K, used 111534K [0x00000000c0000000, 0x00000000d1600000, 0x00000000eab00000)
  object space 284672K, 39% used [0x00000000c0000000,0x00000000c6cebad0,0x00000000d1600000)
 Metaspace       used 6440K, capacity 7216K, committed 7296K, reserved 1056768K
  class space    used 593K, capacity 616K, committed 640K, reserved 1048576K
}
Event: 12,796 GC heap before
{Heap before GC invocations=15 (full 3):
 PSYoungGen      total 236544K, used 123904K [0x00000000eab00000, 0x0000000100000000, 0x0000000100000000)
  eden space 123904K, 100% used [0x00000000eab00000,0x00000000f2400000,0x00000000f2400000)
  from space 112640K, 0% used [0x00000000f2400000,0x00000000f2400000,0x00000000f9200000)
  to   space 106496K, 0% used [0x00000000f9800000,0x00000000f9800000,0x0000000100000000)
 ParOldGen       total 284672K, used 111534K [0x00000000c0000000, 0x00000000d1600000, 0x00000000eab00000)
  object space 284672K, 39% used [0x00000000c0000000,0x00000000c6cebad0,0x00000000d1600000)
 Metaspace       used 6444K, capacity 7216K, committed 7296K, reserved 1056768K
  class space    used 593K, capacity 616K, committed 640K, reserved 1048576K
Event: 12,824 GC heap after
Heap after GC invocations=15 (full 3):
 PSYoungGen      total 223232K, used 49193K [0x00000000eab00000, 0x00000000ff300000, 0x0000000100000000)
  eden space 130048K, 0% used [0x00000000eab00000,0x00000000eab00000,0x00000000f2a00000)
  from space 93184K, 52% used [0x00000000f9800000,0x00000000fc80a708,0x00000000ff300000)
  to   space 102912K, 0% used [0x00000000f2a00000,0x00000000f2a00000,0x00000000f8e80000)
 ParOldGen       total 284672K, used 111534K [0x00000000c0000000, 0x00000000d1600000, 0x00000000eab00000)
  object space 284672K, 39% used [0x00000000c0000000,0x00000000c6cebad0,0x00000000d1600000)
 Metaspace       used 6444K, capacity 7216K, committed 7296K, reserved 1056768K
  class space    used 593K, capacity 616K, committed 640K, reserved 1048576K
}
Event: 13,085 GC heap before
{Heap before GC invocations=16 (full 3):
 PSYoungGen      total 223232K, used 179241K [0x00000000eab00000, 0x00000000ff300000, 0x0000000100000000)
  eden space 130048K, 100% used [0x00000000eab00000,0x00000000f2a00000,0x00000000f2a00000)
  from space 93184K, 52% used [0x00000000f9800000,0x00000000fc80a708,0x00000000ff300000)
  to   space 102912K, 0% used [0x00000000f2a00000,0x00000000f2a00000,0x00000000f8e80000)
 ParOldGen       total 284672K, used 111534K [0x00000000c0000000, 0x00000000d1600000, 0x00000000eab00000)
  object space 284672K, 39% used [0x00000000c0000000,0x00000000c6cebad0,0x00000000d1600000)
 Metaspace       used 6448K, capacity 7216K, committed 7296K, reserved 1056768K
  class space    used 593K, capacity 616K, committed 640K, reserved 1048576K
Event: 13,141 GC heap after
Heap after GC invocations=16 (full 3):
 PSYoungGen      total 232960K, used 100680K [0x00000000eab00000, 0x0000000100000000, 0x0000000100000000)
  eden space 130048K, 0% used [0x00000000eab00000,0x00000000eab00000,0x00000000f2a00000)
  from space 102912K, 97% used [0x00000000f2a00000,0x00000000f8c52148,0x00000000f8e80000)
  to   space 116224K, 0% used [0x00000000f8e80000,0x00000000f8e80000,0x0000000100000000)
 ParOldGen       total 284672K, used 111542K [0x00000000c0000000, 0x00000000d1600000, 0x00000000eab00000)
  object space 284672K, 39% used [0x00000000c0000000,0x00000000c6cedad0,0x00000000d1600000)
 Metaspace       used 6448K, capacity 7216K, committed 7296K, reserved 1056768K
  class space    used 593K, capacity 616K, committed 640K, reserved 1048576K
}
Event: 13,237 GC heap before
{Heap before GC invocations=17 (full 3):
 PSYoungGen      total 232960K, used 230728K [0x00000000eab00000, 0x0000000100000000, 0x0000000100000000)
  eden space 130048K, 100% used [0x00000000eab00000,0x00000000f2a00000,0x00000000f2a00000)
  from space 102912K, 97% used [0x00000000f2a00000,0x00000000f8c52148,0x00000000f8e80000)
  to   space 116224K, 0% used [0x00000000f8e80000,0x00000000f8e80000,0x0000000100000000)
 ParOldGen       total 284672K, used 111542K [0x00000000c0000000, 0x00000000d1600000, 0x00000000eab00000)
  object space 284672K, 39% used [0x00000000c0000000,0x00000000c6cedad0,0x00000000d1600000)
 Metaspace       used 6448K, capacity 7216K, committed 7296K, reserved 1056768K
  class space    used 593K, capacity 616K, committed 640K, reserved 1048576K
Event: 13,326 GC heap after
Heap after GC invocations=17 (full 3):
 PSYoungGen      total 232960K, used 114856K [0x00000000eab00000, 0x0000000100000000, 0x0000000100000000)
  eden space 116736K, 0% used [0x00000000eab00000,0x00000000eab00000,0x00000000f1d00000)
  from space 116224K, 98% used [0x00000000f8e80000,0x00000000ffeaa018,0x0000000100000000)
  to   space 116224K, 0% used [0x00000000f1d00000,0x00000000f1d00000,0x00000000f8e80000)
 ParOldGen       total 284672K, used 158328K [0x00000000c0000000, 0x00000000d1600000, 0x00000000eab00000)
  object space 284672K, 55% used [0x00000000c0000000,0x00000000c9a9e2f8,0x00000000d1600000)
 Metaspace       used 6448K, capacity 7216K, committed 7296K, reserved 1056768K
  class space    used 593K, capacity 616K, committed 640K, reserved 1048576K
}
Event: 13,603 GC heap before
{Heap before GC invocations=18 (full 3):
 PSYoungGen      total 232960K, used 231592K [0x00000000eab00000, 0x0000000100000000, 0x0000000100000000)
  eden space 116736K, 100% used [0x00000000eab00000,0x00000000f1d00000,0x00000000f1d00000)
  from space 116224K, 98% used [0x00000000f8e80000,0x00000000ffeaa018,0x0000000100000000)
  to   space 116224K, 0% used [0x00000000f1d00000,0x00000000f1d00000,0x00000000f8e80000)
 ParOldGen       total 284672K, used 158328K [0x00000000c0000000, 0x00000000d1600000, 0x00000000eab00000)
  object space 284672K, 55% used [0x00000000c0000000,0x00000000c9a9e2f8,0x00000000d1600000)
 Metaspace       used 6450K, capacity 7216K, committed 7296K, reserved 1056768K
  class space    used 593K, capacity 616K, committed 640K, reserved 1048576K
Event: 13,687 GC heap after
Heap after GC invocations=18 (full 3):
 PSYoungGen      total 232960K, used 26112K [0x00000000eab00000, 0x0000000100000000, 0x0000000100000000)
  eden space 116736K, 0% used [0x00000000eab00000,0x00000000eab00000,0x00000000f1d00000)
  from space 116224K, 22% used [0x00000000f1d00000,0x00000000f36802c0,0x00000000f8e80000)
  to   space 116224K, 0% used [0x00000000f8e80000,0x00000000f8e80000,0x0000000100000000)
 ParOldGen       total 284672K, used 274956K [0x00000000c0000000, 0x00000000d1600000, 0x00000000eab00000)
  object space 284672K, 96% used [0x00000000c0000000,0x00000000d0c83258,0x00000000d1600000)
 Metaspace       used 6450K, capacity 7216K, committed 7296K, reserved 1056768K
  class space    used 593K, capacity 616K, committed 640K, reserved 1048576K
}
Event: 13,687 GC heap before
{Heap before GC invocations=19 (full 4):
 PSYoungGen      total 232960K, used 26112K [0x00000000eab00000, 0x0000000100000000, 0x0000000100000000)
  eden space 116736K, 0% used [0x00000000eab00000,0x00000000eab00000,0x00000000f1d00000)
  from space 116224K, 22% used [0x00000000f1d00000,0x00000000f36802c0,0x00000000f8e80000)
  to   space 116224K, 0% used [0x00000000f8e80000,0x00000000f8e80000,0x0000000100000000)
 ParOldGen       total 284672K, used 274956K [0x00000000c0000000, 0x00000000d1600000, 0x00000000eab00000)
  object space 284672K, 96% used [0x00000000c0000000,0x00000000d0c83258,0x00000000d1600000)
 Metaspace       used 6450K, capacity 7216K, committed 7296K, reserved 1056768K
  class space    used 593K, capacity 616K, committed 640K, reserved 1048576K

Deoptimization events (10 events):
Event: 9,658 Thread 0x00007f9058157000 Uncommon trap: reason=class_check action=maybe_recompile pc=0x00007f9048497c84 method=com.android.dx.ssa.back.InterferenceGraph.add(II)V @ 19
Event: 9,658 Thread 0x00007f9058157000 Uncommon trap: reason=class_check action=maybe_recompile pc=0x00007f9048497c84 method=com.android.dx.ssa.back.InterferenceGraph.add(II)V @ 19
Event: 9,658 Thread 0x00007f9058157000 Uncommon trap: reason=class_check action=maybe_recompile pc=0x00007f9048497c84 method=com.android.dx.ssa.back.InterferenceGraph.add(II)V @ 19
Event: 9,658 Thread 0x00007f9058157000 Uncommon trap: reason=class_check action=maybe_recompile pc=0x00007f9048497c84 method=com.android.dx.ssa.back.InterferenceGraph.add(II)V @ 19
Event: 11,216 Thread 0x00007f905800a000 Uncommon trap: reason=bimorphic action=maybe_recompile pc=0x00007f90488b922c method=com.android.dx.cf.code.BytecodeArray.parseInstruction(ILcom/android/dx/cf/code/BytecodeArray$Visitor;)I @ 1357
Event: 11,216 Thread 0x00007f905800a000 Uncommon trap: reason=bimorphic action=maybe_recompile pc=0x00007f90488b922c method=com.android.dx.cf.code.BytecodeArray.parseInstruction(ILcom/android/dx/cf/code/BytecodeArray$Visitor;)I @ 1357
Event: 11,301 Thread 0x00007f905800a000 Uncommon trap: reason=bimorphic action=maybe_recompile pc=0x00007f90488b8870 method=com.android.dx.cf.code.BytecodeArray.parseInstruction(ILcom/android/dx/cf/code/BytecodeArray$Visitor;)I @ 1987
Event: 11,301 Thread 0x00007f905800a000 Uncommon trap: reason=bimorphic action=maybe_recompile pc=0x00007f90488b8870 method=com.android.dx.cf.code.BytecodeArray.parseInstruction(ILcom/android/dx/cf/code/BytecodeArray$Visitor;)I @ 1987
Event: 11,650 Thread 0x00007f905800a000 Uncommon trap: reason=class_check action=maybe_recompile pc=0x00007f90488a5590 method=com.android.dx.cf.code.RopperMachine.run(Lcom/android/dx/cf/code/Frame;II)V @ 1024
Event: 11,693 Thread 0x00007f905800a000 Uncommon trap: reason=unstable_if action=reinterpret pc=0x00007f90487125c0 method=com.android.dx.ssa.MoveParamCombiner$1.visitNonMoveInsn(Lcom/android/dx/ssa/NormalSsaInsn;)V @ 27

Internal exceptions (5 events):
Event: 0,111 Thread 0x00007f905800a000 Exception <a 'java/lang/NoSuchMethodError': Method sun.misc.Unsafe.defineClass(Ljava/lang/String;[BII)Ljava/lang/Class; name or signature does not match> (0x00000000eab07c78) thrown at [/ssd/Android/AOSP-openjdk/external/jetbrains/jdk/hotspot/src/share/vm
Event: 0,112 Thread 0x00007f905800a000 Exception <a 'java/lang/NoSuchMethodError': Method sun.misc.Unsafe.prefetchRead(Ljava/lang/Object;J)V name or signature does not match> (0x00000000eab07f60) thrown at [/ssd/Android/AOSP-openjdk/external/jetbrains/jdk/hotspot/src/share/vm/prims/jni.cpp, li
Event: 3,920 Thread 0x00007f9058159000 Exception <a 'java/lang/ArrayIndexOutOfBoundsException': 18> (0x00000000edcd50a0) thrown at [/ssd/Android/AOSP-openjdk/external/jetbrains/jdk/hotspot/src/share/vm/interpreter/interpreterRuntime.cpp, line 366]
Event: 3,921 Thread 0x00007f9058159000 Exception <a 'java/lang/ArrayIndexOutOfBoundsException': 145> (0x00000000edcd6c20) thrown at [/ssd/Android/AOSP-openjdk/external/jetbrains/jdk/hotspot/src/share/vm/interpreter/interpreterRuntime.cpp, line 366]
Event: 3,937 Thread 0x00007f9058159000 Exception <a 'java/lang/ArrayIndexOutOfBoundsException': 40> (0x00000000edcd7f08) thrown at [/ssd/Android/AOSP-openjdk/external/jetbrains/jdk/hotspot/src/share/vm/interpreter/interpreterRuntime.cpp, line 366]

Events (10 events):
Event: 13,491 Thread 0x00007f9058159000 DEOPT UNPACKING pc=0x00007f9048189f73 sp=0x00007f90363afeb0 mode 0
Event: 13,535 Thread 0x00007f905800a000 DEOPT PACKING pc=0x00007f90485b1524 sp=0x00007f905e1dc880
Event: 13,535 Thread 0x00007f905800a000 DEOPT UNPACKING pc=0x00007f9048189f73 sp=0x00007f905e1dc620 mode 0
Event: 13,547 Thread 0x00007f905800a000 DEOPT PACKING pc=0x00007f904861af81 sp=0x00007f905e1dc870
Event: 13,547 Thread 0x00007f905800a000 DEOPT UNPACKING pc=0x00007f9048189f73 sp=0x00007f905e1dc620 mode 0
Event: 13,548 Thread 0x00007f9058157000 DEOPT PACKING pc=0x00007f90485b1524 sp=0x00007f90364b1110
Event: 13,548 Thread 0x00007f9058157000 DEOPT UNPACKING pc=0x00007f9048189f73 sp=0x00007f90364b0eb0 mode 0
Event: 13,566 Thread 0x00007f9058157000 DEOPT PACKING pc=0x00007f90485b1524 sp=0x00007f90364b1060
Event: 13,566 Thread 0x00007f9058157000 DEOPT UNPACKING pc=0x00007f9048189f73 sp=0x00007f90364b0e00 mode 0
Event: 13,601 Executing VM operation: ParallelGCFailedAllocation


Dynamic libraries:
00400000-00401000 r-xp 00000000 08:01 25956432                           /usr/local/android-studio/jre/bin/java
00600000-00601000 r--p 00000000 08:01 25956432                           /usr/local/android-studio/jre/bin/java
00601000-00602000 rw-p 00001000 08:01 25956432                           /usr/local/android-studio/jre/bin/java
01aa2000-01ac3000 rw-p 00000000 00:00 0                                  [heap]
c0000000-d1600000 rw-p 00000000 00:00 0 
dd780000-eab00000 ---p 00000000 00:00 0 
eab00000-100000000 rw-p 00000000 00:00 0 
100000000-1000a0000 rw-p 00000000 00:00 0 
1000a0000-140000000 ---p 00000000 00:00 0 
7f8ff4000000-7f8ff4024000 rw-p 00000000 00:00 0 
7f8ff4024000-7f8ff8000000 ---p 00000000 00:00 0 
7f8ffc000000-7f8ffc021000 rw-p 00000000 00:00 0 
7f8ffc021000-7f9000000000 ---p 00000000 00:00 0 
7f9000000000-7f9000032000 rw-p 00000000 00:00 0 
7f9000032000-7f9004000000 ---p 00000000 00:00 0 
7f9004000000-7f9004034000 rw-p 00000000 00:00 0 
7f9004034000-7f9008000000 ---p 00000000 00:00 0 
7f9008000000-7f9008021000 rw-p 00000000 00:00 0 
7f9008021000-7f900c000000 ---p 00000000 00:00 0 
7f900c000000-7f900c021000 rw-p 00000000 00:00 0 
7f900c021000-7f9010000000 ---p 00000000 00:00 0 
7f9010000000-7f9010021000 rw-p 00000000 00:00 0 
7f9010021000-7f9014000000 ---p 00000000 00:00 0 
7f9014000000-7f90150fa000 rw-p 00000000 00:00 0 
7f90150fa000-7f9018000000 ---p 00000000 00:00 0 
7f9018000000-7f90189fa000 rw-p 00000000 00:00 0 
7f90189fa000-7f901c000000 ---p 00000000 00:00 0 
7f901c000000-7f901c021000 rw-p 00000000 00:00 0 
7f901c021000-7f9020000000 ---p 00000000 00:00 0 
7f9020000000-7f9020b11000 rw-p 00000000 00:00 0 
7f9020b11000-7f9024000000 ---p 00000000 00:00 0 
7f9024000000-7f9024021000 rw-p 00000000 00:00 0 
7f9024021000-7f9028000000 ---p 00000000 00:00 0 
7f9028000000-7f9028021000 rw-p 00000000 00:00 0 
7f9028021000-7f902c000000 ---p 00000000 00:00 0 
7f902c000000-7f902c290000 rw-p 00000000 00:00 0 
7f902c290000-7f9030000000 ---p 00000000 00:00 0 
7f9030000000-7f9030021000 rw-p 00000000 00:00 0 
7f9030021000-7f9034000000 ---p 00000000 00:00 0 
7f90361b0000-7f90361b3000 ---p 00000000 00:00 0 
7f90361b3000-7f90362b1000 rw-p 00000000 00:00 0 
7f90362b1000-7f90362b4000 ---p 00000000 00:00 0 
7f90362b4000-7f90363b2000 rw-p 00000000 00:00 0 
7f90363b2000-7f90363b5000 ---p 00000000 00:00 0 
7f90363b5000-7f90364b3000 rw-p 00000000 00:00 0 
7f90364b3000-7f90364b6000 ---p 00000000 00:00 0 
7f90364b6000-7f90365b4000 rw-p 00000000 00:00 0 
7f90365b4000-7f90365b7000 ---p 00000000 00:00 0 
7f90365b7000-7f90366b5000 rw-p 00000000 00:00 0 
7f90366b5000-7f90366b6000 ---p 00000000 00:00 0 
7f90366b6000-7f90367b6000 rw-p 00000000 00:00 0 
7f90367b6000-7f90367b9000 ---p 00000000 00:00 0 
7f90367b9000-7f90368b7000 rw-p 00000000 00:00 0 
7f90368b7000-7f90368ba000 ---p 00000000 00:00 0 
7f90368ba000-7f90369b8000 rw-p 00000000 00:00 0 
7f90369b8000-7f90369bb000 ---p 00000000 00:00 0 
7f90369bb000-7f9036ab9000 rw-p 00000000 00:00 0 
7f9036ab9000-7f9036abc000 ---p 00000000 00:00 0 
7f9036abc000-7f9036bba000 rw-p 00000000 00:00 0 
7f9036bba000-7f9036bbd000 ---p 00000000 00:00 0 
7f9036bbd000-7f9036cbb000 rw-p 00000000 00:00 0 
7f9036cbb000-7f90377f8000 r--p 00000000 08:01 1055535                    /usr/lib/locale/locale-archive
7f90377f8000-7f90377fb000 ---p 00000000 00:00 0 
7f90377fb000-7f90378f9000 rw-p 00000000 00:00 0 
7f90378f9000-7f90378fc000 ---p 00000000 00:00 0 
7f90378fc000-7f90379fa000 rw-p 00000000 00:00 0 
7f90379fa000-7f90379fb000 ---p 00000000 00:00 0 
7f90379fb000-7f9038000000 rw-p 00000000 00:00 0 
7f9038000000-7f9038021000 rw-p 00000000 00:00 0 
7f9038021000-7f903c000000 ---p 00000000 00:00 0 
7f903c000000-7f903c021000 rw-p 00000000 00:00 0 
7f903c021000-7f9040000000 ---p 00000000 00:00 0 
7f9040000000-7f9040021000 rw-p 00000000 00:00 0 
7f9040021000-7f9044000000 ---p 00000000 00:00 0 
7f9044093000-7f90440a7000 r--s 000d8000 08:01 4330787                    /home/vlad/Documents/Projects/revert/platforms/android/build/intermediates/exploded-aar/com.google.android.gms/play-services-ads/11.0.4/jars/classes.jar
7f90440a8000-7f9044b36000 rw-p 00000000 00:00 0 
7f9044b36000-7f9044d05000 r--s 03c1b000 08:01 25956489                   /usr/local/android-studio/jre/jre/lib/rt.jar
7f9044d08000-7f90453fe000 rw-p 00000000 00:00 0 
7f90453fe000-7f904557e000 ---p 00000000 00:00 0 
7f904557e000-7f904777e000 rw-p 00000000 00:00 0 
7f904777e000-7f904777f000 ---p 00000000 00:00 0 
7f904777f000-7f904787f000 rw-p 00000000 00:00 0 
7f904787f000-7f9047880000 ---p 00000000 00:00 0 
7f9047880000-7f9047980000 rw-p 00000000 00:00 0 
7f9047980000-7f9047981000 ---p 00000000 00:00 0 
7f9047981000-7f9047a81000 rw-p 00000000 00:00 0 
7f9047a81000-7f9047a82000 ---p 00000000 00:00 0 
7f9047a82000-7f9047c0d000 rw-p 00000000 00:00 0 
7f9047c0d000-7f9047cd7000 ---p 00000000 00:00 0 
7f9047cd7000-7f9047d82000 rw-p 00000000 00:00 0 
7f9047d82000-7f9047da6000 rw-p 00000000 00:00 0 
7f9047da6000-7f9048143000 ---p 00000000 00:00 0 
7f9048143000-7f9048a03000 rwxp 00000000 00:00 0 
7f9048a03000-7f9057143000 ---p 00000000 00:00 0 
7f9057143000-7f905715d000 r-xp 00000000 08:01 25956516                   /usr/local/android-studio/jre/jre/lib/amd64/libzip.so
7f905715d000-7f905735d000 ---p 0001a000 08:01 25956516                   /usr/local/android-studio/jre/jre/lib/amd64/libzip.so
7f905735d000-7f905735e000 r--p 0001a000 08:01 25956516                   /usr/local/android-studio/jre/jre/lib/amd64/libzip.so
7f905735e000-7f905735f000 rw-p 0001b000 08:01 25956516                   /usr/local/android-studio/jre/jre/lib/amd64/libzip.so
7f9057363000-7f905736e000 r-xp 00000000 08:01 11407910                   /lib/x86_64-linux-gnu/libnss_files-2.23.so
7f905736e000-7f905756d000 ---p 0000b000 08:01 11407910                   /lib/x86_64-linux-gnu/libnss_files-2.23.so
7f905756d000-7f905756e000 r--p 0000a000 08:01 11407910                   /lib/x86_64-linux-gnu/libnss_files-2.23.so
7f905756e000-7f905756f000 rw-p 0000b000 08:01 11407910                   /lib/x86_64-linux-gnu/libnss_files-2.23.so
7f905756f000-7f9057575000 rw-p 00000000 00:00 0 
7f905757b000-7f9057586000 r-xp 00000000 08:01 11407920                   /lib/x86_64-linux-gnu/libnss_nis-2.23.so
7f9057586000-7f9057785000 ---p 0000b000 08:01 11407920                   /lib/x86_64-linux-gnu/libnss_nis-2.23.so
7f9057785000-7f9057786000 r--p 0000a000 08:01 11407920                   /lib/x86_64-linux-gnu/libnss_nis-2.23.so
7f9057786000-7f9057787000 rw-p 0000b000 08:01 11407920                   /lib/x86_64-linux-gnu/libnss_nis-2.23.so
7f905778b000-7f90577a1000 r-xp 00000000 08:01 11407904                   /lib/x86_64-linux-gnu/libnsl-2.23.so
7f90577a1000-7f90579a0000 ---p 00016000 08:01 11407904                   /lib/x86_64-linux-gnu/libnsl-2.23.so
7f90579a0000-7f90579a1000 r--p 00015000 08:01 11407904                   /lib/x86_64-linux-gnu/libnsl-2.23.so
7f90579a1000-7f90579a2000 rw-p 00016000 08:01 11407904                   /lib/x86_64-linux-gnu/libnsl-2.23.so
7f90579a2000-7f90579a4000 rw-p 00000000 00:00 0 
7f90579ab000-7f90579b3000 r-xp 00000000 08:01 11407906                   /lib/x86_64-linux-gnu/libnss_compat-2.23.so
7f90579b3000-7f9057bb2000 ---p 00008000 08:01 11407906                   /lib/x86_64-linux-gnu/libnss_compat-2.23.so
7f9057bb2000-7f9057bb3000 r--p 00007000 08:01 11407906                   /lib/x86_64-linux-gnu/libnss_compat-2.23.so
7f9057bb3000-7f9057bb4000 rw-p 00008000 08:01 11407906                   /lib/x86_64-linux-gnu/libnss_compat-2.23.so
7f9057bbb000-7f9057be8000 r-xp 00000000 08:01 25956526                   /usr/local/android-studio/jre/jre/lib/amd64/libjava.so
7f9057be8000-7f9057de7000 ---p 0002d000 08:01 25956526                   /usr/local/android-studio/jre/jre/lib/amd64/libjava.so
7f9057de7000-7f9057de8000 r--p 0002c000 08:01 25956526                   /usr/local/android-studio/jre/jre/lib/amd64/libjava.so
7f9057de8000-7f9057dea000 rw-p 0002d000 08:01 25956526                   /usr/local/android-studio/jre/jre/lib/amd64/libjava.so
7f9057deb000-7f9057dfb000 r-xp 00000000 08:01 25956542                   /usr/local/android-studio/jre/jre/lib/amd64/libverify.so
7f9057dfb000-7f9057ffa000 ---p 00010000 08:01 25956542                   /usr/local/android-studio/jre/jre/lib/amd64/libverify.so
7f9057ffa000-7f9057ffc000 r--p 0000f000 08:01 25956542                   /usr/local/android-studio/jre/jre/lib/amd64/libverify.so
7f9057ffc000-7f9057ffd000 rw-p 00011000 08:01 25956542                   /usr/local/android-studio/jre/jre/lib/amd64/libverify.so
7f9058000000-7f9058394000 rw-p 00000000 00:00 0 
7f9058394000-7f905c000000 ---p 00000000 00:00 0 
7f905c007000-7f905c016000 r--s 000e4000 08:01 7213429                    /home/vlad/Android/Sdk/build-tools/26.0.1/lib/dx.jar
7f905c01c000-7f905c0c8000 rw-p 00000000 00:00 0 
7f905c0c8000-7f905c193000 ---p 00000000 00:00 0 
7f905c193000-7f905c19a000 r-xp 00000000 08:01 11407965                   /lib/x86_64-linux-gnu/librt-2.23.so
7f905c19a000-7f905c399000 ---p 00007000 08:01 11407965                   /lib/x86_64-linux-gnu/librt-2.23.so
7f905c399000-7f905c39a000 r--p 00006000 08:01 11407965                   /lib/x86_64-linux-gnu/librt-2.23.so
7f905c39a000-7f905c39b000 rw-p 00007000 08:01 11407965                   /lib/x86_64-linux-gnu/librt-2.23.so
7f905c39b000-7f905c4a3000 r-xp 00000000 08:01 11407881                   /lib/x86_64-linux-gnu/libm-2.23.so
7f905c4a3000-7f905c6a2000 ---p 00108000 08:01 11407881                   /lib/x86_64-linux-gnu/libm-2.23.so
7f905c6a2000-7f905c6a3000 r--p 00107000 08:01 11407881                   /lib/x86_64-linux-gnu/libm-2.23.so
7f905c6a3000-7f905c6a4000 rw-p 00108000 08:01 11407881                   /lib/x86_64-linux-gnu/libm-2.23.so
7f905c6ab000-7f905d29c000 r-xp 00000000 08:01 25956546                   /usr/local/android-studio/jre/jre/lib/amd64/server/libjvm.so
7f905d29c000-7f905d49c000 ---p 00bf1000 08:01 25956546                   /usr/local/android-studio/jre/jre/lib/amd64/server/libjvm.so
7f905d49c000-7f905d53b000 r--p 00bf1000 08:01 25956546                   /usr/local/android-studio/jre/jre/lib/amd64/server/libjvm.so
7f905d53b000-7f905d564000 rw-p 00c90000 08:01 25956546                   /usr/local/android-studio/jre/jre/lib/amd64/server/libjvm.so
7f905d564000-7f905d5a8000 rw-p 00000000 00:00 0 
7f905d5ab000-7f905d5c3000 r-xp 00000000 08:01 11407957                   /lib/x86_64-linux-gnu/libpthread-2.23.so
7f905d5c3000-7f905d7c2000 ---p 00018000 08:01 11407957                   /lib/x86_64-linux-gnu/libpthread-2.23.so
7f905d7c2000-7f905d7c3000 r--p 00017000 08:01 11407957                   /lib/x86_64-linux-gnu/libpthread-2.23.so
7f905d7c3000-7f905d7c4000 rw-p 00018000 08:01 11407957                   /lib/x86_64-linux-gnu/libpthread-2.23.so
7f905d7c4000-7f905d7c8000 rw-p 00000000 00:00 0 
7f905d7cb000-7f905d7ce000 r-xp 00000000 08:01 11407835                   /lib/x86_64-linux-gnu/libdl-2.23.so
7f905d7ce000-7f905d9cd000 ---p 00003000 08:01 11407835                   /lib/x86_64-linux-gnu/libdl-2.23.so
7f905d9cd000-7f905d9ce000 r--p 00002000 08:01 11407835                   /lib/x86_64-linux-gnu/libdl-2.23.so
7f905d9ce000-7f905d9cf000 rw-p 00003000 08:01 11407835                   /lib/x86_64-linux-gnu/libdl-2.23.so
7f905d9d3000-7f905db93000 r-xp 00000000 08:01 11407811                   /lib/x86_64-linux-gnu/libc-2.23.so
7f905db93000-7f905dd93000 ---p 001c0000 08:01 11407811                   /lib/x86_64-linux-gnu/libc-2.23.so
7f905dd93000-7f905dd97000 r--p 001c0000 08:01 11407811                   /lib/x86_64-linux-gnu/libc-2.23.so
7f905dd97000-7f905dd99000 rw-p 001c4000 08:01 11407811                   /lib/x86_64-linux-gnu/libc-2.23.so
7f905dd99000-7f905dd9d000 rw-p 00000000 00:00 0 
7f905dda3000-7f905ddb9000 r-xp 00000000 08:01 25956406                   /usr/local/android-studio/jre/lib/amd64/jli/libjli.so
7f905ddb9000-7f905dfb8000 ---p 00016000 08:01 25956406                   /usr/local/android-studio/jre/lib/amd64/jli/libjli.so
7f905dfb8000-7f905dfb9000 r--p 00015000 08:01 25956406                   /usr/local/android-studio/jre/lib/amd64/jli/libjli.so
7f905dfb9000-7f905dfba000 rw-p 00016000 08:01 25956406                   /usr/local/android-studio/jre/lib/amd64/jli/libjli.so
7f905dfbb000-7f905dfe1000 r-xp 00000000 08:01 11407783                   /lib/x86_64-linux-gnu/ld-2.23.so
7f905dfee000-7f905e0d3000 rw-p 00000000 00:00 0 
7f905e0d3000-7f905e0db000 rw-s 00000000 08:01 6690264                    /tmp/hsperfdata_vlad/12937
7f905e0dc000-7f905e0dd000 rw-p 00000000 00:00 0 
7f905e0dd000-7f905e0de000 ---p 00000000 00:00 0 
7f905e0de000-7f905e0e1000 ---p 00000000 00:00 0 
7f905e0e1000-7f905e1e0000 rw-p 00000000 00:00 0 
7f905e1e0000-7f905e1e1000 r--p 00025000 08:01 11407783                   /lib/x86_64-linux-gnu/ld-2.23.so
7f905e1e1000-7f905e1e2000 rw-p 00026000 08:01 11407783                   /lib/x86_64-linux-gnu/ld-2.23.so
7f905e1e2000-7f905e1e4000 rw-p 00000000 00:00 0 
7f905e1e4000-7f905e1e8000 rw-p 00000000 00:00 0 
7fff1585c000-7fff1587d000 rw-p 00000000 00:00 0                          [stack]
7fff159e3000-7fff159e5000 r--p 00000000 00:00 0                          [vvar]
7fff159e5000-7fff159e7000 r-xp 00000000 00:00 0                          [vdso]
ffffffffff600000-ffffffffff601000 r-xp 00000000 00:00 0                  [vsyscall]

VM Arguments:
jvm_args: -Djava.awt.headless=true -Xmx1024M -Dfile.encoding=UTF-8 -Duser.country=US -Duser.language=en -Duser.variant 
java_command: com.android.dx.command.Main --dex --num-threads=4 --output /home/vlad/Documents/Projects/revert/platforms/android/build/intermediates/pre-dexed/debug/com.google.android.gms-play-services-ads-11.0.4_3cbcdfdfcccf7c0a77ff333620d331e0ad8b6771.jar /home/vlad/Documents/Projects/revert/platforms/android/build/intermediates/exploded-aar/com.google.android.gms/play-services-ads/11.0.4/jars/classes.jar
java_class_path (initial): /home/vlad/Android/Sdk/build-tools/26.0.1/lib/dx.jar
Launcher Type: SUN_STANDARD

Environment Variables:
PATH=/home/vlad/bin:/home/vlad/.local/bin:/usr/local/sbin:/usr/local/bin:/usr/sbin:/usr/bin:/sbin:/bin:/usr/games:/usr/local/games:/snap/bin
LD_LIBRARY_PATH=/usr/local/android-studio/bin:
SHELL=/bin/bash
DISPLAY=:0

Signal Handlers:
SIGSEGV: [libjvm.so+0x9e5150], sa_mask[0]=11111111011111111101111111111110, sa_flags=SA_RESTART|SA_SIGINFO
SIGBUS: [libjvm.so+0x9e5150], sa_mask[0]=11111111011111111101111111111110, sa_flags=SA_RESTART|SA_SIGINFO
SIGFPE: [libjvm.so+0x848450], sa_mask[0]=11111111011111111101111111111110, sa_flags=SA_RESTART|SA_SIGINFO
SIGPIPE: [libjvm.so+0x848450], sa_mask[0]=11111111011111111101111111111110, sa_flags=SA_RESTART|SA_SIGINFO
SIGXFSZ: [libjvm.so+0x848450], sa_mask[0]=11111111011111111101111111111110, sa_flags=SA_RESTART|SA_SIGINFO
SIGILL: [libjvm.so+0x848450], sa_mask[0]=11111111011111111101111111111110, sa_flags=SA_RESTART|SA_SIGINFO
SIGUSR1: SIG_DFL, sa_mask[0]=00000000000000000000000000000000, sa_flags=none
SIGUSR2: [libjvm.so+0x848320], sa_mask[0]=00100000000000000000000000000000, sa_flags=SA_RESTART|SA_SIGINFO
SIGHUP: [libjvm.so+0x848510], sa_mask[0]=11111111011111111101111111111110, sa_flags=SA_RESTART|SA_SIGINFO
SIGINT: [libjvm.so+0x848510], sa_mask[0]=11111111011111111101111111111110, sa_flags=SA_RESTART|SA_SIGINFO
SIGTERM: [libjvm.so+0x848510], sa_mask[0]=11111111011111111101111111111110, sa_flags=SA_RESTART|SA_SIGINFO
SIGQUIT: [libjvm.so+0x848510], sa_mask[0]=11111111011111111101111111111110, sa_flags=SA_RESTART|SA_SIGINFO


---------------  S Y S T E M  ---------------

OS:DISTRIB_ID=Ubuntu
DISTRIB_RELEASE=16.04
DISTRIB_CODENAME=xenial
DISTRIB_DESCRIPTION="Ubuntu 16.04.3 LTS"

uname:Linux 4.10.0-37-generic #41~16.04.1-Ubuntu SMP Fri Oct 6 22:42:59 UTC 2017 x86_64
libc:glibc 2.23 NPTL 2.23 
rlimit: STACK 8192k, CORE 0k, NPROC 31581, NOFILE 1048576, AS infinity
load average:11,77 9,71 8,70

/proc/meminfo:
MemTotal:        8202820 kB
MemFree:          123028 kB
MemAvailable:      25336 kB
Buffers:            1132 kB
Cached:            93548 kB
SwapCached:            0 kB
Active:          7626044 kB
Inactive:          78784 kB
Active(anon):    7614156 kB
Inactive(anon):    58400 kB
Active(file):      11888 kB
Inactive(file):    20384 kB
Unevictable:         488 kB
Mlocked:             488 kB
SwapTotal:             0 kB
SwapFree:              0 kB
Dirty:                64 kB
Writeback:             0 kB
AnonPages:       7611256 kB
Mapped:           146716 kB
Shmem:             61868 kB
Slab:             110744 kB
SReclaimable:      46284 kB
SUnreclaim:        64460 kB
KernelStack:       18752 kB
PageTables:        78692 kB
NFS_Unstable:          0 kB
Bounce:                0 kB
WritebackTmp:          0 kB
CommitLimit:     4101408 kB
Committed_AS:   16576696 kB
VmallocTotal:   34359738367 kB
VmallocUsed:           0 kB
VmallocChunk:          0 kB
HardwareCorrupted:     0 kB
AnonHugePages:   3397632 kB
ShmemHugePages:        0 kB
ShmemPmdMapped:        0 kB
CmaTotal:              0 kB
CmaFree:               0 kB
HugePages_Total:       0
HugePages_Free:        0
HugePages_Rsvd:        0
HugePages_Surp:        0
Hugepagesize:       2048 kB
DirectMap4k:      350656 kB
DirectMap2M:     8067072 kB
DirectMap1G:           0 kB


CPU:total 4 (4 cores per cpu, 1 threads per core) family 21 model 2 stepping 0, cmov, cx8, fxsr, mmx, sse, sse2, sse3, ssse3, sse4.1, sse4.2, popcnt, avx, aes, clmul, mmxext, 3dnowpref, lzcnt, sse4a, tsc, tscinvbit, tscinv, bmi1

/proc/cpuinfo:
processor	: 0
vendor_id	: AuthenticAMD
cpu family	: 21
model		: 2
model name	: AMD FX(tm)-4300 Quad-Core Processor
stepping	: 0
microcode	: 0x600081f
cpu MHz		: 3800.000
cache size	: 2048 KB
physical id	: 0
siblings	: 4
core id		: 0
cpu cores	: 2
apicid		: 16
initial apicid	: 0
fpu		: yes
fpu_exception	: yes
cpuid level	: 13
wp		: yes
flags		: fpu vme de pse tsc msr pae mce cx8 apic sep mtrr pge mca cmov pat pse36 clflush mmx fxsr sse sse2 ht syscall nx mmxext fxsr_opt pdpe1gb rdtscp lm constant_tsc rep_good nopl nonstop_tsc extd_apicid aperfmperf pni pclmulqdq monitor ssse3 fma cx16 sse4_1 sse4_2 popcnt aes xsave avx f16c lahf_lm cmp_legacy svm extapic cr8_legacy abm sse4a misalignsse 3dnowprefetch osvw ibs xop skinit wdt lwp fma4 tce nodeid_msr tbm topoext perfctr_core perfctr_nb cpb hw_pstate vmmcall bmi1 arat npt lbrv svm_lock nrip_save tsc_scale vmcb_clean flushbyasid decodeassists pausefilter pfthreshold
bugs		: fxsave_leak sysret_ss_attrs null_seg
bogomips	: 7634.87
TLB size	: 1536 4K pages
clflush size	: 64
cache_alignment	: 64
address sizes	: 48 bits physical, 48 bits virtual
power management: ts ttp tm 100mhzsteps hwpstate cpb eff_freq_ro

processor	: 1
vendor_id	: AuthenticAMD
cpu family	: 21
model		: 2
model name	: AMD FX(tm)-4300 Quad-Core Processor
stepping	: 0
microcode	: 0x600081f
cpu MHz		: 1400.000
cache size	: 2048 KB
physical id	: 0
siblings	: 4
core id		: 1
cpu cores	: 2
apicid		: 17
initial apicid	: 1
fpu		: yes
fpu_exception	: yes
cpuid level	: 13
wp		: yes
flags		: fpu vme de pse tsc msr pae mce cx8 apic sep mtrr pge mca cmov pat pse36 clflush mmx fxsr sse sse2 ht syscall nx mmxext fxsr_opt pdpe1gb rdtscp lm constant_tsc rep_good nopl nonstop_tsc extd_apicid aperfmperf pni pclmulqdq monitor ssse3 fma cx16 sse4_1 sse4_2 popcnt aes xsave avx f16c lahf_lm cmp_legacy svm extapic cr8_legacy abm sse4a misalignsse 3dnowprefetch osvw ibs xop skinit wdt lwp fma4 tce nodeid_msr tbm topoext perfctr_core perfctr_nb cpb hw_pstate vmmcall bmi1 arat npt lbrv svm_lock nrip_save tsc_scale vmcb_clean flushbyasid decodeassists pausefilter pfthreshold
bugs		: fxsave_leak sysret_ss_attrs null_seg
bogomips	: 7634.87
TLB size	: 1536 4K pages
clflush size	: 64
cache_alignment	: 64
address sizes	: 48 bits physical, 48 bits virtual
power management: ts ttp tm 100mhzsteps hwpstate cpb eff_freq_ro

processor	: 2
vendor_id	: AuthenticAMD
cpu family	: 21
model		: 2
model name	: AMD FX(tm)-4300 Quad-Core Processor
stepping	: 0
microcode	: 0x600081f
cpu MHz		: 1400.000
cache size	: 2048 KB
physical id	: 0
siblings	: 4
core id		: 2
cpu cores	: 2
apicid		: 18
initial apicid	: 2
fpu		: yes
fpu_exception	: yes
cpuid level	: 13
wp		: yes
flags		: fpu vme de pse tsc msr pae mce cx8 apic sep mtrr pge mca cmov pat pse36 clflush mmx fxsr sse sse2 ht syscall nx mmxext fxsr_opt pdpe1gb rdtscp lm constant_tsc rep_good nopl nonstop_tsc extd_apicid aperfmperf pni pclmulqdq monitor ssse3 fma cx16 sse4_1 sse4_2 popcnt aes xsave avx f16c lahf_lm cmp_legacy svm extapic cr8_legacy abm sse4a misalignsse 3dnowprefetch osvw ibs xop skinit wdt lwp fma4 tce nodeid_msr tbm topoext perfctr_core perfctr_nb cpb hw_pstate vmmcall bmi1 arat npt lbrv svm_lock nrip_save tsc_scale vmcb_clean flushbyasid decodeassists pausefilter pfthreshold
bugs		: fxsave_leak sysret_ss_attrs null_seg
bogomips	: 7634.87
TLB size	: 1536 4K pages
clflush size	: 64
cache_alignment	: 64
address sizes	: 48 bits physical, 48 bits virtual
power management: ts ttp tm 100mhzsteps hwpstate cpb eff_freq_ro

processor	: 3
vendor_id	: AuthenticAMD
cpu family	: 21
model		: 2
model name	: AMD FX(tm)-4300 Quad-Core Processor
stepping	: 0
microcode	: 0x600081f
cpu MHz		: 1400.000
cache size	: 2048 KB
physical id	: 0
siblings	: 4
core id		: 3
cpu cores	: 2
apicid		: 19
initial apicid	: 3
fpu		: yes
fpu_exception	: yes
cpuid level	: 13
wp		: yes
flags		: fpu vme de pse tsc msr pae mce cx8 apic sep mtrr pge mca cmov pat pse36 clflush mmx fxsr sse sse2 ht syscall nx mmxext fxsr_opt pdpe1gb rdtscp lm constant_tsc rep_good nopl nonstop_tsc extd_apicid aperfmperf pni pclmulqdq monitor ssse3 fma cx16 sse4_1 sse4_2 popcnt aes xsave avx f16c lahf_lm cmp_legacy svm extapic cr8_legacy abm sse4a misalignsse 3dnowprefetch osvw ibs xop skinit wdt lwp fma4 tce nodeid_msr tbm topoext perfctr_core perfctr_nb cpb hw_pstate vmmcall bmi1 arat npt lbrv svm_lock nrip_save tsc_scale vmcb_clean flushbyasid decodeassists pausefilter pfthreshold
bugs		: fxsave_leak sysret_ss_attrs null_seg
bogomips	: 7634.87
TLB size	: 1536 4K pages
clflush size	: 64
cache_alignment	: 64
address sizes	: 48 bits physical, 48 bits virtual
power management: ts ttp tm 100mhzsteps hwpstate cpb eff_freq_ro



Memory: 4k page, physical 8202820k(123028k free), swap 0k(0k free)

vm_info: OpenJDK 64-Bit Server VM (25.112-b06) for linux-amd64 JRE (1.8.0_112-release-b06), built on Dec  6 2016 12:11:18 by "builder" with gcc 4.8.4

time: Thu Oct 26 08:01:58 2017
elapsed time: 14 seconds (0d 0h 0m 14s)

