#
# There is insufficient memory for the Java Runtime Environment to continue.
# Native memory allocation (mmap) failed to map 100139008 bytes for committing reserved memory.
# Possible reasons:
#   The system is out of physical RAM or swap space
#   In 32 bit mode, the process size limit was hit
# Possible solutions:
#   Reduce memory load on the system
#   Increase physical memory or swap space
#   Check if swap backing store is full
#   Use 64 bit Java on a 64 bit OS
#   Decrease Java heap size (-Xmx/-Xms)
#   Decrease number of Java threads
#   Decrease Java thread stack sizes (-Xss)
#   Set larger code cache with -XX:ReservedCodeCacheSize=
# This output file may be truncated or incomplete.
#
#  Out of Memory Error (os_linux.cpp:2627), pid=24364, tid=0x00007f0830c91700
#
# JRE version: OpenJDK Runtime Environment (8.0_112-b06) (build 1.8.0_112-release-b06)
# Java VM: OpenJDK 64-Bit Server VM (25.112-b06 mixed mode linux-amd64 compressed oops)
# Failed to write core dump. Core dumps have been disabled. To enable core dumping, try "ulimit -c unlimited" before starting Java again
#

---------------  T H R E A D  ---------------

Current thread (0x00007f0848077800):  VMThread [stack: 0x00007f0830b91000,0x00007f0830c92000] [id=24373]

Stack: [0x00007f0830b91000,0x00007f0830c92000],  sp=0x00007f0830c904d0,  free space=1021k
Native frames: (J=compiled Java code, j=interpreted, Vv=VM code, C=native code)
V  [libjvm.so+0x9e465d]  VMError::report_and_die()+0x15d
V  [libjvm.so+0x4b6ada]  report_vm_out_of_memory(char const*, int, unsigned long, VMErrorType, char const*)+0x8a
V  [libjvm.so+0x84c860]  os::pd_commit_memory(char*, unsigned long, unsigned long, bool)+0xf0
V  [libjvm.so+0x84737f]  os::commit_memory(char*, unsigned long, unsigned long, bool)+0x1f
V  [libjvm.so+0x8bd3db]  PSVirtualSpace::expand_by(unsigned long)+0x5b
V  [libjvm.so+0x8ae1bb]  PSOldGen::expand_by(unsigned long) [clone .part.109]+0x1b
V  [libjvm.so+0x8ae37b]  PSOldGen::expand(unsigned long) [clone .part.111]+0xdb
V  [libjvm.so+0x8aec58]  PSOldGen::resize(unsigned long)+0x188
V  [libjvm.so+0x8b426c]  PSParallelCompact::invoke_no_policy(bool)+0x97c
V  [libjvm.so+0x8bb37d]  PSScavenge::invoke()+0x17d
V  [libjvm.so+0x86fcf3]  ParallelScavengeHeap::failed_mem_allocate(unsigned long)+0x63
V  [libjvm.so+0x9e6124]  VM_ParallelGCFailedAllocation::doit()+0x84
V  [libjvm.so+0x9ea537]  VM_Operation::evaluate()+0x47
V  [libjvm.so+0x9e8ff8]  VMThread::evaluate_operation(VM_Operation*)+0x2c8
V  [libjvm.so+0x9e9479]  VMThread::loop()+0x219
V  [libjvm.so+0x9e98c2]  VMThread::run()+0x72
V  [libjvm.so+0x849c82]  java_start(Thread*)+0xf2

VM_Operation (0x00007f081b4c0fb0): ParallelGCFailedAllocation, mode: safepoint, requested by thread 0x00007f0848153000


---------------  P R O C E S S  ---------------

Java Threads: ( => current thread )
  0x00007f0848153000 JavaThread "pool-1-thread-3" [_thread_blocked, id=24385, stack(0x00007f081b3c2000,0x00007f081b4c3000)]
  0x00007f0848144000 JavaThread "pool-2-thread-1" [_thread_blocked, id=24383, stack(0x00007f0830171000,0x00007f0830272000)]
  0x00007f0848142800 JavaThread "pool-1-thread-1" [_thread_blocked, id=24382, stack(0x00007f0830272000,0x00007f0830373000)]
  0x00007f08480c0800 JavaThread "Service Thread" daemon [_thread_blocked, id=24380, stack(0x00007f083048a000,0x00007f083058b000)]
  0x00007f08480bd800 JavaThread "C1 CompilerThread2" daemon [_thread_blocked, id=24379, stack(0x00007f083058b000,0x00007f083068c000)]
  0x00007f08480bc000 JavaThread "C2 CompilerThread1" daemon [_thread_blocked, id=24378, stack(0x00007f083068c000,0x00007f083078d000)]
  0x00007f08480b9000 JavaThread "C2 CompilerThread0" daemon [_thread_blocked, id=24377, stack(0x00007f083078d000,0x00007f083088e000)]
  0x00007f08480b7800 JavaThread "Signal Dispatcher" daemon [_thread_blocked, id=24376, stack(0x00007f083088e000,0x00007f083098f000)]
  0x00007f0848083800 JavaThread "Finalizer" daemon [_thread_blocked, id=24375, stack(0x00007f083098f000,0x00007f0830a90000)]
  0x00007f084807f000 JavaThread "Reference Handler" daemon [_thread_blocked, id=24374, stack(0x00007f0830a90000,0x00007f0830b91000)]
  0x00007f084800a000 JavaThread "main" [_thread_blocked, id=24366, stack(0x00007f084f1ca000,0x00007f084f2cb000)]

Other Threads:
=>0x00007f0848077800 VMThread [stack: 0x00007f0830b91000,0x00007f0830c92000] [id=24373]
  0x00007f08480c3000 WatcherThread [stack: 0x00007f0830389000,0x00007f083048a000] [id=24381]

VM state:at safepoint (normal execution)

VM Mutex/Monitor currently owned by a thread:  ([mutex/lock_event])
[0x00007f0848005fb0] ExpandHeap_lock - owner thread: 0x00007f0848077800
[0x00007f0848006630] Threads_lock - owner thread: 0x00007f0848077800
[0x00007f0848006b30] Heap_lock - owner thread: 0x00007f0848153000

Heap:
 PSYoungGen      total 232960K, used 0K [0x00000000eab00000, 0x0000000100000000, 0x0000000100000000)
  eden space 116736K, 0% used [0x00000000eab00000,0x00000000eab00000,0x00000000f1d00000)
  from space 116224K, 0% used [0x00000000f8e80000,0x00000000f8e80000,0x0000000100000000)
  to   space 116224K, 0% used [0x00000000f1d00000,0x00000000f1d00000,0x00000000f8e80000)
 ParOldGen       total 274432K, used 149789K [0x00000000c0000000, 0x00000000d0c00000, 0x00000000eab00000)
  object space 274432K, 54% used [0x00000000c0000000,0x00000000c9247678,0x00000000d0c00000)
 Metaspace       used 6453K, capacity 7216K, committed 7296K, reserved 1056768K
  class space    used 594K, capacity 616K, committed 640K, reserved 1048576K

Card table byte_map: [0x00007f0838dff000,0x00007f0839000000] byte_map_base: 0x00007f08387ff000

Marking Bits: (ParMarkBitMap*) 0x00007f084e669340
 Begin Bits: [0x00007f0832000000, 0x00007f0833000000)
 End Bits:   [0x00007f0833000000, 0x00007f0834000000)

Polling page: 0x00007f084f1c9000

CodeCache: size=245760Kb used=9653Kb max_used=9667Kb free=236106Kb
 bounds [0x00007f0839000000, 0x00007f0839990000, 0x00007f0848000000]
 total_blobs=2400 nmethods=2133 adapters=182
 compilation: enabled

Compilation events (10 events):
Event: 14,490 Thread 0x00007f08480bc000 nmethod 2298 0x00007f08391c4d90 code [0x00007f08391c4ee0, 0x00007f08391c4f78]
Event: 14,490 Thread 0x00007f08480bc000 2274       4       com.android.dx.cf.code.LocalVariableList::pcAndIndexToLocal (51 bytes)
Event: 14,491 Thread 0x00007f08480bc000 nmethod 2274 0x00007f08391fd050 code [0x00007f08391fd1a0, 0x00007f08391fd238]
Event: 14,491 Thread 0x00007f08480bc000 2219       4       com.android.dx.util.BitIntSet::iterator (9 bytes)
Event: 14,493 Thread 0x00007f08480bc000 nmethod 2219 0x00007f08391ddb50 code [0x00007f08391ddca0, 0x00007f08391dddf8]
Event: 14,493 Thread 0x00007f08480bc000 2123       4       com.android.dx.rop.code.LocalVariableInfo::mergeStarts (75 bytes)
Event: 14,512 Thread 0x00007f08480bc000 nmethod 2123 0x00007f083918a690 code [0x00007f083918a840, 0x00007f083918b438]
Event: 14,512 Thread 0x00007f08480bc000 2278       4       com.android.dx.rop.code.RegisterSpec::<init> (48 bytes)
Event: 14,513 Thread 0x00007f08480bc000 nmethod 2278 0x00007f08391fffd0 code [0x00007f0839200120, 0x00007f08392001f8]
Event: 14,513 Thread 0x00007f08480bc000 2311       4       com.android.dx.cf.code.Simulator$SimVisitor::visitLocal (329 bytes)

GC Heap History (10 events):
Event: 12,511 GC heap after
Heap after GC invocations=15 (full 3):
 PSYoungGen      total 225792K, used 30500K [0x00000000eab00000, 0x00000000ff200000, 0x0000000100000000)
  eden space 136192K, 0% used [0x00000000eab00000,0x00000000eab00000,0x00000000f3000000)
  from space 89600K, 34% used [0x00000000f9a80000,0x00000000fb849378,0x00000000ff200000)
  to   space 99328K, 0% used [0x00000000f3000000,0x00000000f3000000,0x00000000f9100000)
 ParOldGen       total 274432K, used 104327K [0x00000000c0000000, 0x00000000d0c00000, 0x00000000eab00000)
  object space 274432K, 38% used [0x00000000c0000000,0x00000000c65e1db0,0x00000000d0c00000)
 Metaspace       used 6444K, capacity 7216K, committed 7296K, reserved 1056768K
  class space    used 593K, capacity 616K, committed 640K, reserved 1048576K
}
Event: 13,250 GC heap before
{Heap before GC invocations=16 (full 3):
 PSYoungGen      total 225792K, used 166692K [0x00000000eab00000, 0x00000000ff200000, 0x0000000100000000)
  eden space 136192K, 100% used [0x00000000eab00000,0x00000000f3000000,0x00000000f3000000)
  from space 89600K, 34% used [0x00000000f9a80000,0x00000000fb849378,0x00000000ff200000)
  to   space 99328K, 0% used [0x00000000f3000000,0x00000000f3000000,0x00000000f9100000)
 ParOldGen       total 274432K, used 104327K [0x00000000c0000000, 0x00000000d0c00000, 0x00000000eab00000)
  object space 274432K, 38% used [0x00000000c0000000,0x00000000c65e1db0,0x00000000d0c00000)
 Metaspace       used 6447K, capacity 7216K, committed 7296K, reserved 1056768K
  class space    used 593K, capacity 616K, committed 640K, reserved 1048576K
Event: 13,294 GC heap after
Heap after GC invocations=16 (full 3):
 PSYoungGen      total 235520K, used 68367K [0x00000000eab00000, 0x0000000100000000, 0x0000000100000000)
  eden space 136192K, 0% used [0x00000000eab00000,0x00000000eab00000,0x00000000f3000000)
  from space 99328K, 68% used [0x00000000f3000000,0x00000000f72c3f58,0x00000000f9100000)
  to   space 103936K, 0% used [0x00000000f9a80000,0x00000000f9a80000,0x0000000100000000)
 ParOldGen       total 274432K, used 104327K [0x00000000c0000000, 0x00000000d0c00000, 0x00000000eab00000)
  object space 274432K, 38% used [0x00000000c0000000,0x00000000c65e1db0,0x00000000d0c00000)
 Metaspace       used 6447K, capacity 7216K, committed 7296K, reserved 1056768K
  class space    used 593K, capacity 616K, committed 640K, reserved 1048576K
}
Event: 13,554 GC heap before
{Heap before GC invocations=17 (full 3):
 PSYoungGen      total 235520K, used 204559K [0x00000000eab00000, 0x0000000100000000, 0x0000000100000000)
  eden space 136192K, 100% used [0x00000000eab00000,0x00000000f3000000,0x00000000f3000000)
  from space 99328K, 68% used [0x00000000f3000000,0x00000000f72c3f58,0x00000000f9100000)
  to   space 103936K, 0% used [0x00000000f9a80000,0x00000000f9a80000,0x0000000100000000)
 ParOldGen       total 274432K, used 104327K [0x00000000c0000000, 0x00000000d0c00000, 0x00000000eab00000)
  object space 274432K, 38% used [0x00000000c0000000,0x00000000c65e1db0,0x00000000d0c00000)
 Metaspace       used 6451K, capacity 7216K, committed 7296K, reserved 1056768K
  class space    used 594K, capacity 616K, committed 640K, reserved 1048576K
Event: 13,631 GC heap after
Heap after GC invocations=17 (full 3):
 PSYoungGen      total 220672K, used 101710K [0x00000000eab00000, 0x0000000100000000, 0x0000000100000000)
  eden space 116736K, 0% used [0x00000000eab00000,0x00000000eab00000,0x00000000f1d00000)
  from space 103936K, 97% used [0x00000000f9a80000,0x00000000ffdd3aa0,0x0000000100000000)
  to   space 116224K, 0% used [0x00000000f1d00000,0x00000000f1d00000,0x00000000f8e80000)
 ParOldGen       total 274432K, used 104327K [0x00000000c0000000, 0x00000000d0c00000, 0x00000000eab00000)
  object space 274432K, 38% used [0x00000000c0000000,0x00000000c65e1db0,0x00000000d0c00000)
 Metaspace       used 6451K, capacity 7216K, committed 7296K, reserved 1056768K
  class space    used 594K, capacity 616K, committed 640K, reserved 1048576K
}
Event: 13,775 GC heap before
{Heap before GC invocations=18 (full 3):
 PSYoungGen      total 220672K, used 218446K [0x00000000eab00000, 0x0000000100000000, 0x0000000100000000)
  eden space 116736K, 100% used [0x00000000eab00000,0x00000000f1d00000,0x00000000f1d00000)
  from space 103936K, 97% used [0x00000000f9a80000,0x00000000ffdd3aa0,0x0000000100000000)
  to   space 116224K, 0% used [0x00000000f1d00000,0x00000000f1d00000,0x00000000f8e80000)
 ParOldGen       total 274432K, used 104327K [0x00000000c0000000, 0x00000000d0c00000, 0x00000000eab00000)
  object space 274432K, 38% used [0x00000000c0000000,0x00000000c65e1db0,0x00000000d0c00000)
 Metaspace       used 6453K, capacity 7216K, committed 7296K, reserved 1056768K
  class space    used 594K, capacity 616K, committed 640K, reserved 1048576K
Event: 13,851 GC heap after
Heap after GC invocations=18 (full 3):
 PSYoungGen      total 232960K, used 116220K [0x00000000eab00000, 0x0000000100000000, 0x0000000100000000)
  eden space 116736K, 0% used [0x00000000eab00000,0x00000000eab00000,0x00000000f1d00000)
  from space 116224K, 99% used [0x00000000f1d00000,0x00000000f8e7f0a0,0x00000000f8e80000)
  to   space 116224K, 0% used [0x00000000f8e80000,0x00000000f8e80000,0x0000000100000000)
 ParOldGen       total 274432K, used 141037K [0x00000000c0000000, 0x00000000d0c00000, 0x00000000eab00000)
  object space 274432K, 51% used [0x00000000c0000000,0x00000000c89bb5c8,0x00000000d0c00000)
 Metaspace       used 6453K, capacity 7216K, committed 7296K, reserved 1056768K
  class space    used 594K, capacity 616K, committed 640K, reserved 1048576K
}
Event: 14,521 GC heap before
{Heap before GC invocations=19 (full 3):
 PSYoungGen      total 232960K, used 232956K [0x00000000eab00000, 0x0000000100000000, 0x0000000100000000)
  eden space 116736K, 100% used [0x00000000eab00000,0x00000000f1d00000,0x00000000f1d00000)
  from space 116224K, 99% used [0x00000000f1d00000,0x00000000f8e7f0a0,0x00000000f8e80000)
  to   space 116224K, 0% used [0x00000000f8e80000,0x00000000f8e80000,0x0000000100000000)
 ParOldGen       total 274432K, used 141037K [0x00000000c0000000, 0x00000000d0c00000, 0x00000000eab00000)
  object space 274432K, 51% used [0x00000000c0000000,0x00000000c89bb5c8,0x00000000d0c00000)
 Metaspace       used 6453K, capacity 7216K, committed 7296K, reserved 1056768K
  class space    used 594K, capacity 616K, committed 640K, reserved 1048576K
Event: 14,588 GC heap after
Heap after GC invocations=19 (full 3):
 PSYoungGen      total 232960K, used 32461K [0x00000000eab00000, 0x0000000100000000, 0x0000000100000000)
  eden space 116736K, 0% used [0x00000000eab00000,0x00000000eab00000,0x00000000f1d00000)
  from space 116224K, 27% used [0x00000000f8e80000,0x00000000fae337e0,0x0000000100000000)
  to   space 116224K, 0% used [0x00000000f1d00000,0x00000000f1d00000,0x00000000f8e80000)
 ParOldGen       total 274432K, used 213713K [0x00000000c0000000, 0x00000000d0c00000, 0x00000000eab00000)
  object space 274432K, 77% used [0x00000000c0000000,0x00000000cd0b4728,0x00000000d0c00000)
 Metaspace       used 6453K, capacity 7216K, committed 7296K, reserved 1056768K
  class space    used 594K, capacity 616K, committed 640K, reserved 1048576K
}
Event: 14,860 GC heap before
{Heap before GC invocations=20 (full 4):
 PSYoungGen      total 232960K, used 32461K [0x00000000eab00000, 0x0000000100000000, 0x0000000100000000)
  eden space 116736K, 0% used [0x00000000eab00000,0x00000000eab00000,0x00000000f1d00000)
  from space 116224K, 27% used [0x00000000f8e80000,0x00000000fae337e0,0x0000000100000000)
  to   space 116224K, 0% used [0x00000000f1d00000,0x00000000f1d00000,0x00000000f8e80000)
 ParOldGen       total 274432K, used 213713K [0x00000000c0000000, 0x00000000d0c00000, 0x00000000eab00000)
  object space 274432K, 77% used [0x00000000c0000000,0x00000000cd0b4728,0x00000000d0c00000)
 Metaspace       used 6453K, capacity 7216K, committed 7296K, reserved 1056768K
  class space    used 594K, capacity 616K, committed 640K, reserved 1048576K

Deoptimization events (10 events):
Event: 9,838 Thread 0x00007f084800a000 Uncommon trap: reason=unstable_if action=reinterpret pc=0x00007f083934435c method=com.android.dx.ssa.SetFactory.makeLivenessSet(I)Lcom/android/dx/util/IntSet; @ 4
Event: 9,845 Thread 0x00007f084800a000 Uncommon trap: reason=class_check action=maybe_recompile pc=0x00007f08392fc284 method=com.android.dx.ssa.back.InterferenceGraph.add(II)V @ 19
Event: 9,845 Thread 0x00007f084800a000 Uncommon trap: reason=class_check action=maybe_recompile pc=0x00007f08392fc284 method=com.android.dx.ssa.back.InterferenceGraph.add(II)V @ 19
Event: 9,845 Thread 0x00007f084800a000 Uncommon trap: reason=class_check action=maybe_recompile pc=0x00007f08392fc284 method=com.android.dx.ssa.back.InterferenceGraph.add(II)V @ 19
Event: 9,845 Thread 0x00007f084800a000 Uncommon trap: reason=class_check action=maybe_recompile pc=0x00007f08392fc284 method=com.android.dx.ssa.back.InterferenceGraph.add(II)V @ 19
Event: 10,090 Thread 0x00007f084800a000 Uncommon trap: reason=unstable_if action=reinterpret pc=0x00007f08397798a0 method=com.android.dx.cf.code.Merger.mergeStack(Lcom/android/dx/cf/code/ExecutionStack;Lcom/android/dx/cf/code/ExecutionStack;)Lcom/android/dx/cf/code/ExecutionStack; @ 2
Event: 10,121 Thread 0x00007f084800a000 Uncommon trap: reason=unstable_if action=reinterpret pc=0x00007f083972eed8 method=java.util.HashMap.putVal(ILjava/lang/Object;Ljava/lang/Object;ZZ)Ljava/lang/Object; @ 109
Event: 10,749 Thread 0x00007f084800a000 Uncommon trap: reason=unstable_if action=reinterpret pc=0x00007f083974ecac method=java.util.HashMap.putVal(ILjava/lang/Object;Ljava/lang/Object;ZZ)Ljava/lang/Object; @ 109
Event: 11,588 Thread 0x00007f084800a000 Uncommon trap: reason=unstable_if action=reinterpret pc=0x00007f08397aae80 method=com.android.dx.ssa.MoveParamCombiner$1.visitNonMoveInsn(Lcom/android/dx/ssa/NormalSsaInsn;)V @ 27
Event: 12,560 Thread 0x00007f084800a000 Uncommon trap: reason=unstable_if action=reinterpret pc=0x00007f0839842388 method=com.android.dx.ssa.back.IdenticalBlockCombiner.replaceSucc(Lcom/android/dx/rop/code/BasicBlock;II)V @ 30

Internal exceptions (5 events):
Event: 0,093 Thread 0x00007f084800a000 Exception <a 'java/lang/NoSuchMethodError': Method sun.misc.Unsafe.defineClass(Ljava/lang/String;[BII)Ljava/lang/Class; name or signature does not match> (0x00000000eab07c78) thrown at [/ssd/Android/AOSP-openjdk/external/jetbrains/jdk/hotspot/src/share/vm
Event: 0,093 Thread 0x00007f084800a000 Exception <a 'java/lang/NoSuchMethodError': Method sun.misc.Unsafe.prefetchRead(Ljava/lang/Object;J)V name or signature does not match> (0x00000000eab07f60) thrown at [/ssd/Android/AOSP-openjdk/external/jetbrains/jdk/hotspot/src/share/vm/prims/jni.cpp, li
Event: 3,992 Thread 0x00007f0848154800 Exception <a 'java/lang/ArrayIndexOutOfBoundsException': 18> (0x00000000ee550ab0) thrown at [/ssd/Android/AOSP-openjdk/external/jetbrains/jdk/hotspot/src/share/vm/interpreter/interpreterRuntime.cpp, line 366]
Event: 3,992 Thread 0x00007f0848154800 Exception <a 'java/lang/ArrayIndexOutOfBoundsException': 145> (0x00000000ee552630) thrown at [/ssd/Android/AOSP-openjdk/external/jetbrains/jdk/hotspot/src/share/vm/interpreter/interpreterRuntime.cpp, line 366]
Event: 3,993 Thread 0x00007f0848154800 Exception <a 'java/lang/ArrayIndexOutOfBoundsException': 40> (0x00000000ee553918) thrown at [/ssd/Android/AOSP-openjdk/external/jetbrains/jdk/hotspot/src/share/vm/interpreter/interpreterRuntime.cpp, line 366]

Events (10 events):
Event: 14,076 Thread 0x00007f0848154800 DEOPT UNPACKING pc=0x00007f0839046f73 sp=0x00007f081b3bfec0 mode 0
Event: 14,099 Thread 0x00007f0848154800 DEOPT PACKING pc=0x00007f08393ee3ac sp=0x00007f081b3c0240
Event: 14,099 Thread 0x00007f0848154800 DEOPT UNPACKING pc=0x00007f0839046f73 sp=0x00007f081b3bff40 mode 0
Event: 14,108 Thread 0x00007f0848154800 DEOPT PACKING pc=0x00007f08393ee3ac sp=0x00007f081b3c0140
Event: 14,108 Thread 0x00007f0848154800 DEOPT UNPACKING pc=0x00007f0839046f73 sp=0x00007f081b3bfe40 mode 0
Event: 14,130 Thread 0x00007f0848154800 Thread exited: 0x00007f0848154800
Event: 14,130 Thread 0x00007f0848151000 Thread exited: 0x00007f0848151000
Event: 14,520 Thread 0x00007f0848153000 DEOPT PACKING pc=0x00007f08393ee3ac sp=0x00007f081b4c1180
Event: 14,520 Thread 0x00007f0848153000 DEOPT UNPACKING pc=0x00007f0839046f73 sp=0x00007f081b4c0e80 mode 0
Event: 14,521 Executing VM operation: ParallelGCFailedAllocation


Dynamic libraries:
00400000-00401000 r-xp 00000000 08:01 25956432                           /usr/local/android-studio/jre/bin/java
00600000-00601000 r--p 00000000 08:01 25956432                           /usr/local/android-studio/jre/bin/java
00601000-00602000 rw-p 00001000 08:01 25956432                           /usr/local/android-studio/jre/bin/java
01e29000-01e4a000 rw-p 00000000 00:00 0                                  [heap]
c0000000-d0c00000 rw-p 00000000 00:00 0 
d6b80000-eab00000 ---p 00000000 00:00 0 
eab00000-100000000 rw-p 00000000 00:00 0 
100000000-1000a0000 rw-p 00000000 00:00 0 
1000a0000-140000000 ---p 00000000 00:00 0 
7f07e4000000-7f07e402a000 rw-p 00000000 00:00 0 
7f07e402a000-7f07e8000000 ---p 00000000 00:00 0 
7f07ec000000-7f07ec02a000 rw-p 00000000 00:00 0 
7f07ec02a000-7f07f0000000 ---p 00000000 00:00 0 
7f07f0000000-7f07f0021000 rw-p 00000000 00:00 0 
7f07f0021000-7f07f4000000 ---p 00000000 00:00 0 
7f07f4000000-7f07f4033000 rw-p 00000000 00:00 0 
7f07f4033000-7f07f8000000 ---p 00000000 00:00 0 
7f07f8000000-7f07f8021000 rw-p 00000000 00:00 0 
7f07f8021000-7f07fc000000 ---p 00000000 00:00 0 
7f07fc000000-7f07fc021000 rw-p 00000000 00:00 0 
7f07fc021000-7f0800000000 ---p 00000000 00:00 0 
7f0800000000-7f0800021000 rw-p 00000000 00:00 0 
7f0800021000-7f0804000000 ---p 00000000 00:00 0 
7f0804000000-7f0805cd6000 rw-p 00000000 00:00 0 
7f0805cd6000-7f0808000000 ---p 00000000 00:00 0 
7f0808000000-7f0808ac7000 rw-p 00000000 00:00 0 
7f0808ac7000-7f080c000000 ---p 00000000 00:00 0 
7f080c000000-7f080c021000 rw-p 00000000 00:00 0 
7f080c021000-7f0810000000 ---p 00000000 00:00 0 
7f0810000000-7f0810e71000 rw-p 00000000 00:00 0 
7f0810e71000-7f0814000000 ---p 00000000 00:00 0 
7f0814000000-7f0814021000 rw-p 00000000 00:00 0 
7f0814021000-7f0818000000 ---p 00000000 00:00 0 
7f081b2c1000-7f081b2c4000 ---p 00000000 00:00 0 
7f081b2c4000-7f081b3c2000 rw-p 00000000 00:00 0 
7f081b3c2000-7f081b3c5000 ---p 00000000 00:00 0 
7f081b3c5000-7f081b4c3000 rw-p 00000000 00:00 0 
7f081b4c3000-7f081c000000 r--p 00000000 08:01 1055535                    /usr/lib/locale/locale-archive
7f081c000000-7f081c28f000 rw-p 00000000 00:00 0 
7f081c28f000-7f0820000000 ---p 00000000 00:00 0 
7f0820000000-7f0820021000 rw-p 00000000 00:00 0 
7f0820021000-7f0824000000 ---p 00000000 00:00 0 
7f0824000000-7f0824021000 rw-p 00000000 00:00 0 
7f0824021000-7f0828000000 ---p 00000000 00:00 0 
7f0828000000-7f0828021000 rw-p 00000000 00:00 0 
7f0828021000-7f082c000000 ---p 00000000 00:00 0 
7f082c000000-7f082c021000 rw-p 00000000 00:00 0 
7f082c021000-7f0830000000 ---p 00000000 00:00 0 
7f0830070000-7f0830073000 ---p 00000000 00:00 0 
7f0830073000-7f0830171000 rw-p 00000000 00:00 0 
7f0830171000-7f0830174000 ---p 00000000 00:00 0 
7f0830174000-7f0830272000 rw-p 00000000 00:00 0 
7f0830272000-7f0830275000 ---p 00000000 00:00 0 
7f0830275000-7f0830373000 rw-p 00000000 00:00 0 
7f0830389000-7f083038a000 ---p 00000000 00:00 0 
7f083038a000-7f083048a000 rw-p 00000000 00:00 0 
7f083048a000-7f083048d000 ---p 00000000 00:00 0 
7f083048d000-7f083058b000 rw-p 00000000 00:00 0 
7f083058b000-7f083058e000 ---p 00000000 00:00 0 
7f083058e000-7f083068c000 rw-p 00000000 00:00 0 
7f083068c000-7f083068f000 ---p 00000000 00:00 0 
7f083068f000-7f083078d000 rw-p 00000000 00:00 0 
7f083078d000-7f0830790000 ---p 00000000 00:00 0 
7f0830790000-7f083088e000 rw-p 00000000 00:00 0 
7f083088e000-7f0830891000 ---p 00000000 00:00 0 
7f0830891000-7f083098f000 rw-p 00000000 00:00 0 
7f083098f000-7f0830992000 ---p 00000000 00:00 0 
7f0830992000-7f0830a90000 rw-p 00000000 00:00 0 
7f0830a90000-7f0830a93000 ---p 00000000 00:00 0 
7f0830a93000-7f0830b91000 rw-p 00000000 00:00 0 
7f0830b91000-7f0830b92000 ---p 00000000 00:00 0 
7f0830b92000-7f0831e80000 rw-p 00000000 00:00 0 
7f0831e80000-7f0832000000 ---p 00000000 00:00 0 
7f0832000000-7f0834000000 rw-p 00000000 00:00 0 
7f0834000000-7f0834021000 rw-p 00000000 00:00 0 
7f0834021000-7f0838000000 ---p 00000000 00:00 0 
7f0838007000-7f0838016000 r--s 000e4000 08:01 7213429                    /home/vlad/Android/Sdk/build-tools/26.0.1/lib/dx.jar
7f0838018000-7f083845e000 rw-p 00000000 00:00 0 
7f083845e000-7f083862d000 r--s 03c1b000 08:01 25956489                   /usr/local/android-studio/jre/jre/lib/rt.jar
7f083862f000-7f08388a5000 rw-p 00000000 00:00 0 
7f08388a5000-7f08388a6000 ---p 00000000 00:00 0 
7f08388a6000-7f08389a6000 rw-p 00000000 00:00 0 
7f08389a6000-7f08389a7000 ---p 00000000 00:00 0 
7f08389a7000-7f0838aa7000 rw-p 00000000 00:00 0 
7f0838aa7000-7f0838aa8000 ---p 00000000 00:00 0 
7f0838aa8000-7f0838ba8000 rw-p 00000000 00:00 0 
7f0838ba8000-7f0838ba9000 ---p 00000000 00:00 0 
7f0838ba9000-7f0838d2f000 rw-p 00000000 00:00 0 
7f0838d2f000-7f0838dff000 ---p 00000000 00:00 0 
7f0838dff000-7f0838e85000 rw-p 00000000 00:00 0 
7f0838e85000-7f0838f54000 ---p 00000000 00:00 0 
7f0838f54000-7f0838fff000 rw-p 00000000 00:00 0 
7f0838fff000-7f0839000000 rw-p 00000000 00:00 0 
7f0839000000-7f0839990000 rwxp 00000000 00:00 0 
7f0839990000-7f0848000000 ---p 00000000 00:00 0 
7f0848000000-7f084837f000 rw-p 00000000 00:00 0 
7f084837f000-7f084c000000 ---p 00000000 00:00 0 
7f084c003000-7f084c02a000 rw-p 00000000 00:00 0 
7f084c02a000-7f084c3c3000 ---p 00000000 00:00 0 
7f084c3c3000-7f084c3dd000 r-xp 00000000 08:01 25956516                   /usr/local/android-studio/jre/jre/lib/amd64/libzip.so
7f084c3dd000-7f084c5dd000 ---p 0001a000 08:01 25956516                   /usr/local/android-studio/jre/jre/lib/amd64/libzip.so
7f084c5dd000-7f084c5de000 r--p 0001a000 08:01 25956516                   /usr/local/android-studio/jre/jre/lib/amd64/libzip.so
7f084c5de000-7f084c5df000 rw-p 0001b000 08:01 25956516                   /usr/local/android-studio/jre/jre/lib/amd64/libzip.so
7f084c5e3000-7f084c5ee000 r-xp 00000000 08:01 11407910                   /lib/x86_64-linux-gnu/libnss_files-2.23.so
7f084c5ee000-7f084c7ed000 ---p 0000b000 08:01 11407910                   /lib/x86_64-linux-gnu/libnss_files-2.23.so
7f084c7ed000-7f084c7ee000 r--p 0000a000 08:01 11407910                   /lib/x86_64-linux-gnu/libnss_files-2.23.so
7f084c7ee000-7f084c7ef000 rw-p 0000b000 08:01 11407910                   /lib/x86_64-linux-gnu/libnss_files-2.23.so
7f084c7ef000-7f084c7f5000 rw-p 00000000 00:00 0 
7f084c7fb000-7f084c806000 r-xp 00000000 08:01 11407920                   /lib/x86_64-linux-gnu/libnss_nis-2.23.so
7f084c806000-7f084ca05000 ---p 0000b000 08:01 11407920                   /lib/x86_64-linux-gnu/libnss_nis-2.23.so
7f084ca05000-7f084ca06000 r--p 0000a000 08:01 11407920                   /lib/x86_64-linux-gnu/libnss_nis-2.23.so
7f084ca06000-7f084ca07000 rw-p 0000b000 08:01 11407920                   /lib/x86_64-linux-gnu/libnss_nis-2.23.so
7f084ca0b000-7f084ca21000 r-xp 00000000 08:01 11407904                   /lib/x86_64-linux-gnu/libnsl-2.23.so
7f084ca21000-7f084cc20000 ---p 00016000 08:01 11407904                   /lib/x86_64-linux-gnu/libnsl-2.23.so
7f084cc20000-7f084cc21000 r--p 00015000 08:01 11407904                   /lib/x86_64-linux-gnu/libnsl-2.23.so
7f084cc21000-7f084cc22000 rw-p 00016000 08:01 11407904                   /lib/x86_64-linux-gnu/libnsl-2.23.so
7f084cc22000-7f084cc24000 rw-p 00000000 00:00 0 
7f084cc2b000-7f084cc33000 r-xp 00000000 08:01 11407906                   /lib/x86_64-linux-gnu/libnss_compat-2.23.so
7f084cc33000-7f084ce32000 ---p 00008000 08:01 11407906                   /lib/x86_64-linux-gnu/libnss_compat-2.23.so
7f084ce32000-7f084ce33000 r--p 00007000 08:01 11407906                   /lib/x86_64-linux-gnu/libnss_compat-2.23.so
7f084ce33000-7f084ce34000 rw-p 00008000 08:01 11407906                   /lib/x86_64-linux-gnu/libnss_compat-2.23.so
7f084ce3b000-7f084ce68000 r-xp 00000000 08:01 25956526                   /usr/local/android-studio/jre/jre/lib/amd64/libjava.so
7f084ce68000-7f084d067000 ---p 0002d000 08:01 25956526                   /usr/local/android-studio/jre/jre/lib/amd64/libjava.so
7f084d067000-7f084d068000 r--p 0002c000 08:01 25956526                   /usr/local/android-studio/jre/jre/lib/amd64/libjava.so
7f084d068000-7f084d06a000 rw-p 0002d000 08:01 25956526                   /usr/local/android-studio/jre/jre/lib/amd64/libjava.so
7f084d06b000-7f084d07b000 r-xp 00000000 08:01 25956542                   /usr/local/android-studio/jre/jre/lib/amd64/libverify.so
7f084d07b000-7f084d27a000 ---p 00010000 08:01 25956542                   /usr/local/android-studio/jre/jre/lib/amd64/libverify.so
7f084d27a000-7f084d27c000 r--p 0000f000 08:01 25956542                   /usr/local/android-studio/jre/jre/lib/amd64/libverify.so
7f084d27c000-7f084d27d000 rw-p 00011000 08:01 25956542                   /usr/local/android-studio/jre/jre/lib/amd64/libverify.so
7f084d283000-7f084d28a000 r-xp 00000000 08:01 11407965                   /lib/x86_64-linux-gnu/librt-2.23.so
7f084d28a000-7f084d489000 ---p 00007000 08:01 11407965                   /lib/x86_64-linux-gnu/librt-2.23.so
7f084d489000-7f084d48a000 r--p 00006000 08:01 11407965                   /lib/x86_64-linux-gnu/librt-2.23.so
7f084d48a000-7f084d48b000 rw-p 00007000 08:01 11407965                   /lib/x86_64-linux-gnu/librt-2.23.so
7f084d48b000-7f084d593000 r-xp 00000000 08:01 11407881                   /lib/x86_64-linux-gnu/libm-2.23.so
7f084d593000-7f084d792000 ---p 00108000 08:01 11407881                   /lib/x86_64-linux-gnu/libm-2.23.so
7f084d792000-7f084d793000 r--p 00107000 08:01 11407881                   /lib/x86_64-linux-gnu/libm-2.23.so
7f084d793000-7f084d794000 rw-p 00108000 08:01 11407881                   /lib/x86_64-linux-gnu/libm-2.23.so
7f084d79b000-7f084e38c000 r-xp 00000000 08:01 25956546                   /usr/local/android-studio/jre/jre/lib/amd64/server/libjvm.so
7f084e38c000-7f084e58c000 ---p 00bf1000 08:01 25956546                   /usr/local/android-studio/jre/jre/lib/amd64/server/libjvm.so
7f084e58c000-7f084e62b000 r--p 00bf1000 08:01 25956546                   /usr/local/android-studio/jre/jre/lib/amd64/server/libjvm.so
7f084e62b000-7f084e654000 rw-p 00c90000 08:01 25956546                   /usr/local/android-studio/jre/jre/lib/amd64/server/libjvm.so
7f084e654000-7f084e698000 rw-p 00000000 00:00 0 
7f084e69b000-7f084e6b3000 r-xp 00000000 08:01 11407957                   /lib/x86_64-linux-gnu/libpthread-2.23.so
7f084e6b3000-7f084e8b2000 ---p 00018000 08:01 11407957                   /lib/x86_64-linux-gnu/libpthread-2.23.so
7f084e8b2000-7f084e8b3000 r--p 00017000 08:01 11407957                   /lib/x86_64-linux-gnu/libpthread-2.23.so
7f084e8b3000-7f084e8b4000 rw-p 00018000 08:01 11407957                   /lib/x86_64-linux-gnu/libpthread-2.23.so
7f084e8b4000-7f084e8b8000 rw-p 00000000 00:00 0 
7f084e8bb000-7f084e8be000 r-xp 00000000 08:01 11407835                   /lib/x86_64-linux-gnu/libdl-2.23.so
7f084e8be000-7f084eabd000 ---p 00003000 08:01 11407835                   /lib/x86_64-linux-gnu/libdl-2.23.so
7f084eabd000-7f084eabe000 r--p 00002000 08:01 11407835                   /lib/x86_64-linux-gnu/libdl-2.23.so
7f084eabe000-7f084eabf000 rw-p 00003000 08:01 11407835                   /lib/x86_64-linux-gnu/libdl-2.23.so
7f084eac3000-7f084ec83000 r-xp 00000000 08:01 11407811                   /lib/x86_64-linux-gnu/libc-2.23.so
7f084ec83000-7f084ee83000 ---p 001c0000 08:01 11407811                   /lib/x86_64-linux-gnu/libc-2.23.so
7f084ee83000-7f084ee87000 r--p 001c0000 08:01 11407811                   /lib/x86_64-linux-gnu/libc-2.23.so
7f084ee87000-7f084ee89000 rw-p 001c4000 08:01 11407811                   /lib/x86_64-linux-gnu/libc-2.23.so
7f084ee89000-7f084ee8d000 rw-p 00000000 00:00 0 
7f084ee93000-7f084eea9000 r-xp 00000000 08:01 25956406                   /usr/local/android-studio/jre/lib/amd64/jli/libjli.so
7f084eea9000-7f084f0a8000 ---p 00016000 08:01 25956406                   /usr/local/android-studio/jre/lib/amd64/jli/libjli.so
7f084f0a8000-7f084f0a9000 r--p 00015000 08:01 25956406                   /usr/local/android-studio/jre/lib/amd64/jli/libjli.so
7f084f0a9000-7f084f0aa000 rw-p 00016000 08:01 25956406                   /usr/local/android-studio/jre/lib/amd64/jli/libjli.so
7f084f0ab000-7f084f0d1000 r-xp 00000000 08:01 11407783                   /lib/x86_64-linux-gnu/ld-2.23.so
7f084f0d6000-7f084f1bb000 rw-p 00000000 00:00 0 
7f084f1bb000-7f084f1c3000 rw-s 00000000 08:01 6690313                    /tmp/hsperfdata_vlad/24364
7f084f1c8000-7f084f1c9000 rw-p 00000000 00:00 0 
7f084f1c9000-7f084f1ca000 ---p 00000000 00:00 0 
7f084f1ca000-7f084f1cd000 ---p 00000000 00:00 0 
7f084f1cd000-7f084f2d0000 rw-p 00000000 00:00 0 
7f084f2d0000-7f084f2d1000 r--p 00025000 08:01 11407783                   /lib/x86_64-linux-gnu/ld-2.23.so
7f084f2d1000-7f084f2d2000 rw-p 00026000 08:01 11407783                   /lib/x86_64-linux-gnu/ld-2.23.so
7f084f2d2000-7f084f2d4000 rw-p 00000000 00:00 0 
7ffd50bea000-7ffd50c0b000 rw-p 00000000 00:00 0                          [stack]
7ffd50d33000-7ffd50d35000 r--p 00000000 00:00 0                          [vvar]
7ffd50d35000-7ffd50d37000 r-xp 00000000 00:00 0                          [vdso]
ffffffffff600000-ffffffffff601000 r-xp 00000000 00:00 0                  [vsyscall]

VM Arguments:
jvm_args: -Djava.awt.headless=true -Xmx1024M -Dfile.encoding=UTF-8 -Duser.country=US -Duser.language=en -Duser.variant 
java_command: com.android.dx.command.Main --dex --num-threads=4 --output /home/vlad/Documents/Projects/revert/platforms/android/build/intermediates/pre-dexed/debug/com.google.android.gms-play-services-ads-11.0.4_3cbcdfdfcccf7c0a77ff333620d331e0ad8b6771.jar /home/vlad/Documents/Projects/revert/platforms/android/build/intermediates/exploded-aar/com.google.android.gms/play-services-ads/11.0.4/jars/classes.jar
java_class_path (initial): /home/vlad/Android/Sdk/build-tools/26.0.1/lib/dx.jar
Launcher Type: SUN_STANDARD

Environment Variables:
PATH=/home/vlad/bin:/home/vlad/.local/bin:/usr/local/sbin:/usr/local/bin:/usr/sbin:/usr/bin:/sbin:/bin:/usr/games:/usr/local/games:/snap/bin
LD_LIBRARY_PATH=/usr/local/android-studio/bin:
SHELL=/bin/bash
DISPLAY=:0

Signal Handlers:
SIGSEGV: [libjvm.so+0x9e5150], sa_mask[0]=11111111011111111101111111111110, sa_flags=SA_RESTART|SA_SIGINFO
SIGBUS: [libjvm.so+0x9e5150], sa_mask[0]=11111111011111111101111111111110, sa_flags=SA_RESTART|SA_SIGINFO
SIGFPE: [libjvm.so+0x848450], sa_mask[0]=11111111011111111101111111111110, sa_flags=SA_RESTART|SA_SIGINFO
SIGPIPE: [libjvm.so+0x848450], sa_mask[0]=11111111011111111101111111111110, sa_flags=SA_RESTART|SA_SIGINFO
SIGXFSZ: [libjvm.so+0x848450], sa_mask[0]=11111111011111111101111111111110, sa_flags=SA_RESTART|SA_SIGINFO
SIGILL: [libjvm.so+0x848450], sa_mask[0]=11111111011111111101111111111110, sa_flags=SA_RESTART|SA_SIGINFO
SIGUSR1: SIG_DFL, sa_mask[0]=00000000000000000000000000000000, sa_flags=none
SIGUSR2: [libjvm.so+0x848320], sa_mask[0]=00100000000000000000000000000000, sa_flags=SA_RESTART|SA_SIGINFO
SIGHUP: [libjvm.so+0x848510], sa_mask[0]=11111111011111111101111111111110, sa_flags=SA_RESTART|SA_SIGINFO
SIGINT: [libjvm.so+0x848510], sa_mask[0]=11111111011111111101111111111110, sa_flags=SA_RESTART|SA_SIGINFO
SIGTERM: [libjvm.so+0x848510], sa_mask[0]=11111111011111111101111111111110, sa_flags=SA_RESTART|SA_SIGINFO
SIGQUIT: [libjvm.so+0x848510], sa_mask[0]=11111111011111111101111111111110, sa_flags=SA_RESTART|SA_SIGINFO


---------------  S Y S T E M  ---------------

OS:DISTRIB_ID=Ubuntu
DISTRIB_RELEASE=16.04
DISTRIB_CODENAME=xenial
DISTRIB_DESCRIPTION="Ubuntu 16.04.3 LTS"

uname:Linux 4.10.0-37-generic #41~16.04.1-Ubuntu SMP Fri Oct 6 22:42:59 UTC 2017 x86_64
libc:glibc 2.23 NPTL 2.23 
rlimit: STACK 8192k, CORE 0k, NPROC 31581, NOFILE 1048576, AS infinity
load average:8,53 3,83 3,57

/proc/meminfo:
MemTotal:        8202820 kB
MemFree:          103660 kB
MemAvailable:      14964 kB
Buffers:            1956 kB
Cached:           125120 kB
SwapCached:            0 kB
Active:          7626680 kB
Inactive:          98040 kB
Active(anon):    7601212 kB
Inactive(anon):    72108 kB
Active(file):      25468 kB
Inactive(file):    25932 kB
Unevictable:         520 kB
Mlocked:             520 kB
SwapTotal:             0 kB
SwapFree:              0 kB
Dirty:                84 kB
Writeback:          5124 kB
AnonPages:       7598676 kB
Mapped:           177536 kB
Shmem:             75164 kB
Slab:             110000 kB
SReclaimable:      45148 kB
SUnreclaim:        64852 kB
KernelStack:       18192 kB
PageTables:        77224 kB
NFS_Unstable:          0 kB
Bounce:                0 kB
WritebackTmp:          0 kB
CommitLimit:     4101408 kB
Committed_AS:   16476668 kB
VmallocTotal:   34359738367 kB
VmallocUsed:           0 kB
VmallocChunk:          0 kB
HardwareCorrupted:     0 kB
AnonHugePages:   3119104 kB
ShmemHugePages:        0 kB
ShmemPmdMapped:        0 kB
CmaTotal:              0 kB
CmaFree:               0 kB
HugePages_Total:       0
HugePages_Free:        0
HugePages_Rsvd:        0
HugePages_Surp:        0
Hugepagesize:       2048 kB
DirectMap4k:      364992 kB
DirectMap2M:     8052736 kB
DirectMap1G:           0 kB


CPU:total 4 (4 cores per cpu, 1 threads per core) family 21 model 2 stepping 0, cmov, cx8, fxsr, mmx, sse, sse2, sse3, ssse3, sse4.1, sse4.2, popcnt, avx, aes, clmul, mmxext, 3dnowpref, lzcnt, sse4a, tsc, tscinvbit, tscinv, bmi1

/proc/cpuinfo:
processor	: 0
vendor_id	: AuthenticAMD
cpu family	: 21
model		: 2
model name	: AMD FX(tm)-4300 Quad-Core Processor
stepping	: 0
microcode	: 0x600081f
cpu MHz		: 1400.000
cache size	: 2048 KB
physical id	: 0
siblings	: 4
core id		: 0
cpu cores	: 2
apicid		: 16
initial apicid	: 0
fpu		: yes
fpu_exception	: yes
cpuid level	: 13
wp		: yes
flags		: fpu vme de pse tsc msr pae mce cx8 apic sep mtrr pge mca cmov pat pse36 clflush mmx fxsr sse sse2 ht syscall nx mmxext fxsr_opt pdpe1gb rdtscp lm constant_tsc rep_good nopl nonstop_tsc extd_apicid aperfmperf pni pclmulqdq monitor ssse3 fma cx16 sse4_1 sse4_2 popcnt aes xsave avx f16c lahf_lm cmp_legacy svm extapic cr8_legacy abm sse4a misalignsse 3dnowprefetch osvw ibs xop skinit wdt lwp fma4 tce nodeid_msr tbm topoext perfctr_core perfctr_nb cpb hw_pstate vmmcall bmi1 arat npt lbrv svm_lock nrip_save tsc_scale vmcb_clean flushbyasid decodeassists pausefilter pfthreshold
bugs		: fxsave_leak sysret_ss_attrs null_seg
bogomips	: 7634.87
TLB size	: 1536 4K pages
clflush size	: 64
cache_alignment	: 64
address sizes	: 48 bits physical, 48 bits virtual
power management: ts ttp tm 100mhzsteps hwpstate cpb eff_freq_ro

processor	: 1
vendor_id	: AuthenticAMD
cpu family	: 21
model		: 2
model name	: AMD FX(tm)-4300 Quad-Core Processor
stepping	: 0
microcode	: 0x600081f
cpu MHz		: 1800.000
cache size	: 2048 KB
physical id	: 0
siblings	: 4
core id		: 1
cpu cores	: 2
apicid		: 17
initial apicid	: 1
fpu		: yes
fpu_exception	: yes
cpuid level	: 13
wp		: yes
flags		: fpu vme de pse tsc msr pae mce cx8 apic sep mtrr pge mca cmov pat pse36 clflush mmx fxsr sse sse2 ht syscall nx mmxext fxsr_opt pdpe1gb rdtscp lm constant_tsc rep_good nopl nonstop_tsc extd_apicid aperfmperf pni pclmulqdq monitor ssse3 fma cx16 sse4_1 sse4_2 popcnt aes xsave avx f16c lahf_lm cmp_legacy svm extapic cr8_legacy abm sse4a misalignsse 3dnowprefetch osvw ibs xop skinit wdt lwp fma4 tce nodeid_msr tbm topoext perfctr_core perfctr_nb cpb hw_pstate vmmcall bmi1 arat npt lbrv svm_lock nrip_save tsc_scale vmcb_clean flushbyasid decodeassists pausefilter pfthreshold
bugs		: fxsave_leak sysret_ss_attrs null_seg
bogomips	: 7634.87
TLB size	: 1536 4K pages
clflush size	: 64
cache_alignment	: 64
address sizes	: 48 bits physical, 48 bits virtual
power management: ts ttp tm 100mhzsteps hwpstate cpb eff_freq_ro

processor	: 2
vendor_id	: AuthenticAMD
cpu family	: 21
model		: 2
model name	: AMD FX(tm)-4300 Quad-Core Processor
stepping	: 0
microcode	: 0x600081f
cpu MHz		: 1400.000
cache size	: 2048 KB
physical id	: 0
siblings	: 4
core id		: 2
cpu cores	: 2
apicid		: 18
initial apicid	: 2
fpu		: yes
fpu_exception	: yes
cpuid level	: 13
wp		: yes
flags		: fpu vme de pse tsc msr pae mce cx8 apic sep mtrr pge mca cmov pat pse36 clflush mmx fxsr sse sse2 ht syscall nx mmxext fxsr_opt pdpe1gb rdtscp lm constant_tsc rep_good nopl nonstop_tsc extd_apicid aperfmperf pni pclmulqdq monitor ssse3 fma cx16 sse4_1 sse4_2 popcnt aes xsave avx f16c lahf_lm cmp_legacy svm extapic cr8_legacy abm sse4a misalignsse 3dnowprefetch osvw ibs xop skinit wdt lwp fma4 tce nodeid_msr tbm topoext perfctr_core perfctr_nb cpb hw_pstate vmmcall bmi1 arat npt lbrv svm_lock nrip_save tsc_scale vmcb_clean flushbyasid decodeassists pausefilter pfthreshold
bugs		: fxsave_leak sysret_ss_attrs null_seg
bogomips	: 7634.87
TLB size	: 1536 4K pages
clflush size	: 64
cache_alignment	: 64
address sizes	: 48 bits physical, 48 bits virtual
power management: ts ttp tm 100mhzsteps hwpstate cpb eff_freq_ro

processor	: 3
vendor_id	: AuthenticAMD
cpu family	: 21
model		: 2
model name	: AMD FX(tm)-4300 Quad-Core Processor
stepping	: 0
microcode	: 0x600081f
cpu MHz		: 1400.000
cache size	: 2048 KB
physical id	: 0
siblings	: 4
core id		: 3
cpu cores	: 2
apicid		: 19
initial apicid	: 3
fpu		: yes
fpu_exception	: yes
cpuid level	: 13
wp		: yes
flags		: fpu vme de pse tsc msr pae mce cx8 apic sep mtrr pge mca cmov pat pse36 clflush mmx fxsr sse sse2 ht syscall nx mmxext fxsr_opt pdpe1gb rdtscp lm constant_tsc rep_good nopl nonstop_tsc extd_apicid aperfmperf pni pclmulqdq monitor ssse3 fma cx16 sse4_1 sse4_2 popcnt aes xsave avx f16c lahf_lm cmp_legacy svm extapic cr8_legacy abm sse4a misalignsse 3dnowprefetch osvw ibs xop skinit wdt lwp fma4 tce nodeid_msr tbm topoext perfctr_core perfctr_nb cpb hw_pstate vmmcall bmi1 arat npt lbrv svm_lock nrip_save tsc_scale vmcb_clean flushbyasid decodeassists pausefilter pfthreshold
bugs		: fxsave_leak sysret_ss_attrs null_seg
bogomips	: 7634.87
TLB size	: 1536 4K pages
clflush size	: 64
cache_alignment	: 64
address sizes	: 48 bits physical, 48 bits virtual
power management: ts ttp tm 100mhzsteps hwpstate cpb eff_freq_ro



Memory: 4k page, physical 8202820k(103412k free), swap 0k(0k free)

vm_info: OpenJDK 64-Bit Server VM (25.112-b06) for linux-amd64 JRE (1.8.0_112-release-b06), built on Dec  6 2016 12:11:18 by "builder" with gcc 4.8.4

time: Thu Oct 26 09:14:24 2017
elapsed time: 20 seconds (0d 0h 0m 20s)

