#
# There is insufficient memory for the Java Runtime Environment to continue.
# Native memory allocation (mmap) failed to map 153616384 bytes for committing reserved memory.
# Possible reasons:
#   The system is out of physical RAM or swap space
#   In 32 bit mode, the process size limit was hit
# Possible solutions:
#   Reduce memory load on the system
#   Increase physical memory or swap space
#   Check if swap backing store is full
#   Use 64 bit Java on a 64 bit OS
#   Decrease Java heap size (-Xmx/-Xms)
#   Decrease number of Java threads
#   Decrease Java thread stack sizes (-Xss)
#   Set larger code cache with -XX:ReservedCodeCacheSize=
# This output file may be truncated or incomplete.
#
#  Out of Memory Error (os_linux.cpp:2627), pid=9548, tid=0x00007f9765b90700
#
# JRE version: OpenJDK Runtime Environment (8.0_112-b06) (build 1.8.0_112-release-b06)
# Java VM: OpenJDK 64-Bit Server VM (25.112-b06 mixed mode linux-amd64 compressed oops)
# Failed to write core dump. Core dumps have been disabled. To enable core dumping, try "ulimit -c unlimited" before starting Java again
#

---------------  T H R E A D  ---------------

Current thread (0x00007f9778077800):  VMThread [stack: 0x00007f9765a90000,0x00007f9765b91000] [id=9557]

Stack: [0x00007f9765a90000,0x00007f9765b91000],  sp=0x00007f9765b8f4d0,  free space=1021k
Native frames: (J=compiled Java code, j=interpreted, Vv=VM code, C=native code)
V  [libjvm.so+0x9e465d]  VMError::report_and_die()+0x15d
V  [libjvm.so+0x4b6ada]  report_vm_out_of_memory(char const*, int, unsigned long, VMErrorType, char const*)+0x8a
V  [libjvm.so+0x84c860]  os::pd_commit_memory(char*, unsigned long, unsigned long, bool)+0xf0
V  [libjvm.so+0x84737f]  os::commit_memory(char*, unsigned long, unsigned long, bool)+0x1f
V  [libjvm.so+0x8bd3db]  PSVirtualSpace::expand_by(unsigned long)+0x5b
V  [libjvm.so+0x8ae1bb]  PSOldGen::expand_by(unsigned long) [clone .part.109]+0x1b
V  [libjvm.so+0x8ae37b]  PSOldGen::expand(unsigned long) [clone .part.111]+0xdb
V  [libjvm.so+0x8aec58]  PSOldGen::resize(unsigned long)+0x188
V  [libjvm.so+0x8b426c]  PSParallelCompact::invoke_no_policy(bool)+0x97c
V  [libjvm.so+0x8bb37d]  PSScavenge::invoke()+0x17d
V  [libjvm.so+0x86fcf3]  ParallelScavengeHeap::failed_mem_allocate(unsigned long)+0x63
V  [libjvm.so+0x9e6124]  VM_ParallelGCFailedAllocation::doit()+0x84
V  [libjvm.so+0x9ea537]  VM_Operation::evaluate()+0x47
V  [libjvm.so+0x9e8ff8]  VMThread::evaluate_operation(VM_Operation*)+0x2c8
V  [libjvm.so+0x9e9479]  VMThread::loop()+0x219
V  [libjvm.so+0x9e98c2]  VMThread::run()+0x72
V  [libjvm.so+0x849c82]  java_start(Thread*)+0xf2

VM_Operation (0x00007f9764728eb0): ParallelGCFailedAllocation, mode: safepoint, requested by thread 0x00007f977813a000


---------------  P R O C E S S  ---------------

Java Threads: ( => current thread )
  0x00007f9778142000 JavaThread "pool-1-thread-4" [_thread_blocked, id=9579, stack(0x00007f9764226000,0x00007f9764327000)]
  0x00007f9778140800 JavaThread "pool-1-thread-3" [_thread_blocked, id=9578, stack(0x00007f9764327000,0x00007f9764428000)]
  0x00007f977813f000 JavaThread "pool-1-thread-2" [_thread_blocked, id=9577, stack(0x00007f9764428000,0x00007f9764529000)]
  0x00007f977813b800 JavaThread "pool-2-thread-1" [_thread_blocked, id=9575, stack(0x00007f9764529000,0x00007f976462a000)]
  0x00007f977813a000 JavaThread "pool-1-thread-1" [_thread_blocked, id=9573, stack(0x00007f976462a000,0x00007f976472b000)]
  0x00007f97780c0800 JavaThread "Service Thread" daemon [_thread_blocked, id=9564, stack(0x00007f9764846000,0x00007f9764947000)]
  0x00007f97780bd800 JavaThread "C1 CompilerThread2" daemon [_thread_blocked, id=9563, stack(0x00007f9764947000,0x00007f9764a48000)]
  0x00007f97780bc000 JavaThread "C2 CompilerThread1" daemon [_thread_blocked, id=9562, stack(0x00007f9764a48000,0x00007f9764b49000)]
  0x00007f97780b9000 JavaThread "C2 CompilerThread0" daemon [_thread_blocked, id=9561, stack(0x00007f9764b49000,0x00007f9764c4a000)]
  0x00007f97780b7800 JavaThread "Signal Dispatcher" daemon [_thread_blocked, id=9560, stack(0x00007f9764c4a000,0x00007f9764d4b000)]
  0x00007f9778083800 JavaThread "Finalizer" daemon [_thread_blocked, id=9559, stack(0x00007f976588e000,0x00007f976598f000)]
  0x00007f977807f000 JavaThread "Reference Handler" daemon [_thread_blocked, id=9558, stack(0x00007f976598f000,0x00007f9765a90000)]
  0x00007f977800a000 JavaThread "main" [_thread_blocked, id=9550, stack(0x00007f97800ca000,0x00007f97801cb000)]

Other Threads:
=>0x00007f9778077800 VMThread [stack: 0x00007f9765a90000,0x00007f9765b91000] [id=9557]
  0x00007f97780c3000 WatcherThread [stack: 0x00007f9764745000,0x00007f9764846000] [id=9565]

VM state:at safepoint (normal execution)

VM Mutex/Monitor currently owned by a thread:  ([mutex/lock_event])
[0x00007f9778005fb0] ExpandHeap_lock - owner thread: 0x00007f9778077800
[0x00007f9778006630] Threads_lock - owner thread: 0x00007f9778077800
[0x00007f9778006b30] Heap_lock - owner thread: 0x00007f977813a000

Heap:
 PSYoungGen      total 291328K, used 28618K [0x00000000eab00000, 0x0000000100000000, 0x0000000100000000)
  eden space 235520K, 0% used [0x00000000eab00000,0x00000000eab00000,0x00000000f9100000)
  from space 55808K, 51% used [0x00000000f9100000,0x00000000facf29f8,0x00000000fc780000)
  to   space 57856K, 0% used [0x00000000fc780000,0x00000000fc780000,0x0000000100000000)
 ParOldGen       total 177152K, used 176996K [0x00000000c0000000, 0x00000000cad00000, 0x00000000eab00000)
  object space 177152K, 99% used [0x00000000c0000000,0x00000000cacd9190,0x00000000cad00000)
 Metaspace       used 6365K, capacity 7216K, committed 7296K, reserved 1056768K
  class space    used 591K, capacity 616K, committed 640K, reserved 1048576K

Card table byte_map: [0x00007f977cd02000,0x00007f977cf03000] byte_map_base: 0x00007f977c702000

Marking Bits: (ParMarkBitMap*) 0x00007f977f569340
 Begin Bits: [0x00007f9767000000, 0x00007f9768000000)
 End Bits:   [0x00007f9768000000, 0x00007f9769000000)

Polling page: 0x00007f97800c9000

CodeCache: size=245760Kb used=7763Kb max_used=7783Kb free=237996Kb
 bounds [0x00007f9769000000, 0x00007f97697b0000, 0x00007f9778000000]
 total_blobs=2216 nmethods=1949 adapters=182
 compilation: enabled

Compilation events (10 events):
Event: 10,122 Thread 0x00007f97780b9000 nmethod 2015 0x00007f976978d9d0 code [0x00007f976978df20, 0x00007f9769791480]
Event: 10,122 Thread 0x00007f97780b9000 1366       4       com.android.dx.rop.code.BasicBlockList$RegCountVisitor::visitPlainInsn (6 bytes)
Event: 10,126 Thread 0x00007f97780b9000 nmethod 1366 0x00007f9769764750 code [0x00007f97697648c0, 0x00007f9769764b58]
Event: 10,126 Thread 0x00007f97780b9000 1424       4       com.android.dx.ssa.SsaRenamer$BlockRenamer::processResultReg (56 bytes)
Event: 10,185 Thread 0x00007f97780b9000 nmethod 1424 0x00007f9769768f10 code [0x00007f97697691a0, 0x00007f976976a540]
Event: 10,185 Thread 0x00007f97780b9000 2074       4       com.android.dx.ssa.SsaMethod::indexListFromLabelList (47 bytes)
Event: 10,229 Thread 0x00007f97780b9000 nmethod 2074 0x00007f9769732590 code [0x00007f9769732720, 0x00007f9769732dd8]
Event: 10,229 Thread 0x00007f97780b9000 1819   !   4       java.util.BitSet::clone (49 bytes)
Event: 10,287 Thread 0x00007f97780bc000 nmethod 2073 0x00007f976979dc10 code [0x00007f976979df60, 0x00007f97697a02a8]
Event: 10,287 Thread 0x00007f97780bc000 2087 %     4       com.android.dx.ssa.SsaMethod::forEachBlockDepthFirst @ 129 (194 bytes)

GC Heap History (10 events):
Event: 4,003 GC heap after
Heap after GC invocations=4 (full 0):
 PSYoungGen      total 136192K, used 5103K [0x00000000eab00000, 0x00000000f3500000, 0x0000000100000000)
  eden space 131072K, 0% used [0x00000000eab00000,0x00000000eab00000,0x00000000f2b00000)
  from space 5120K, 99% used [0x00000000f3000000,0x00000000f34fbe28,0x00000000f3500000)
  to   space 5120K, 0% used [0x00000000f2b00000,0x00000000f2b00000,0x00000000f3000000)
 ParOldGen       total 86016K, used 22683K [0x00000000c0000000, 0x00000000c5400000, 0x00000000eab00000)
  object space 86016K, 26% used [0x00000000c0000000,0x00000000c1626d80,0x00000000c5400000)
 Metaspace       used 6136K, capacity 7024K, committed 7296K, reserved 1056768K
  class space    used 591K, capacity 616K, committed 640K, reserved 1048576K
}
Event: 4,899 GC heap before
{Heap before GC invocations=5 (full 0):
 PSYoungGen      total 136192K, used 136175K [0x00000000eab00000, 0x00000000f3500000, 0x0000000100000000)
  eden space 131072K, 100% used [0x00000000eab00000,0x00000000f2b00000,0x00000000f2b00000)
  from space 5120K, 99% used [0x00000000f3000000,0x00000000f34fbe28,0x00000000f3500000)
  to   space 5120K, 0% used [0x00000000f2b00000,0x00000000f2b00000,0x00000000f3000000)
 ParOldGen       total 86016K, used 22683K [0x00000000c0000000, 0x00000000c5400000, 0x00000000eab00000)
  object space 86016K, 26% used [0x00000000c0000000,0x00000000c1626d80,0x00000000c5400000)
 Metaspace       used 6317K, capacity 7152K, committed 7296K, reserved 1056768K
  class space    used 591K, capacity 616K, committed 640K, reserved 1048576K
Event: 4,972 GC heap after
Heap after GC invocations=5 (full 0):
 PSYoungGen      total 136192K, used 5114K [0x00000000eab00000, 0x00000000fe400000, 0x0000000100000000)
  eden space 131072K, 0% used [0x00000000eab00000,0x00000000eab00000,0x00000000f2b00000)
  from space 5120K, 99% used [0x00000000f2b00000,0x00000000f2ffe810,0x00000000f3000000)
  to   space 29184K, 0% used [0x00000000fc780000,0x00000000fc780000,0x00000000fe400000)
 ParOldGen       total 86016K, used 46564K [0x00000000c0000000, 0x00000000c5400000, 0x00000000eab00000)
  object space 86016K, 54% used [0x00000000c0000000,0x00000000c2d79278,0x00000000c5400000)
 Metaspace       used 6317K, capacity 7152K, committed 7296K, reserved 1056768K
  class space    used 591K, capacity 616K, committed 640K, reserved 1048576K
}
Event: 8,774 GC heap before
{Heap before GC invocations=6 (full 0):
 PSYoungGen      total 136192K, used 136186K [0x00000000eab00000, 0x00000000fe400000, 0x0000000100000000)
  eden space 131072K, 100% used [0x00000000eab00000,0x00000000f2b00000,0x00000000f2b00000)
  from space 5120K, 99% used [0x00000000f2b00000,0x00000000f2ffe810,0x00000000f3000000)
  to   space 29184K, 0% used [0x00000000fc780000,0x00000000fc780000,0x00000000fe400000)
 ParOldGen       total 86016K, used 46564K [0x00000000c0000000, 0x00000000c5400000, 0x00000000eab00000)
  object space 86016K, 54% used [0x00000000c0000000,0x00000000c2d79278,0x00000000c5400000)
 Metaspace       used 6365K, capacity 7216K, committed 7296K, reserved 1056768K
  class space    used 591K, capacity 616K, committed 640K, reserved 1048576K
Event: 8,936 GC heap after
Heap after GC invocations=6 (full 0):
 PSYoungGen      total 264704K, used 29181K [0x00000000eab00000, 0x0000000100000000, 0x0000000100000000)
  eden space 235520K, 0% used [0x00000000eab00000,0x00000000eab00000,0x00000000f9100000)
  from space 29184K, 99% used [0x00000000fc780000,0x00000000fe3ff740,0x00000000fe400000)
  to   space 55808K, 0% used [0x00000000f9100000,0x00000000f9100000,0x00000000fc780000)
 ParOldGen       total 86016K, used 83693K [0x00000000c0000000, 0x00000000c5400000, 0x00000000eab00000)
  object space 86016K, 97% used [0x00000000c0000000,0x00000000c51bb600,0x00000000c5400000)
 Metaspace       used 6365K, capacity 7216K, committed 7296K, reserved 1056768K
  class space    used 591K, capacity 616K, committed 640K, reserved 1048576K
}
Event: 8,936 GC heap before
{Heap before GC invocations=7 (full 1):
 PSYoungGen      total 264704K, used 29181K [0x00000000eab00000, 0x0000000100000000, 0x0000000100000000)
  eden space 235520K, 0% used [0x00000000eab00000,0x00000000eab00000,0x00000000f9100000)
  from space 29184K, 99% used [0x00000000fc780000,0x00000000fe3ff740,0x00000000fe400000)
  to   space 55808K, 0% used [0x00000000f9100000,0x00000000f9100000,0x00000000fc780000)
 ParOldGen       total 86016K, used 83693K [0x00000000c0000000, 0x00000000c5400000, 0x00000000eab00000)
  object space 86016K, 97% used [0x00000000c0000000,0x00000000c51bb600,0x00000000c5400000)
 Metaspace       used 6365K, capacity 7216K, committed 7296K, reserved 1056768K
  class space    used 591K, capacity 616K, committed 640K, reserved 1048576K
Event: 10,044 GC heap after
Heap after GC invocations=7 (full 1):
 PSYoungGen      total 264704K, used 10737K [0x00000000eab00000, 0x0000000100000000, 0x0000000100000000)
  eden space 235520K, 0% used [0x00000000eab00000,0x00000000eab00000,0x00000000f9100000)
  from space 29184K, 36% used [0x00000000fc780000,0x00000000fd1fc580,0x00000000fe400000)
  to   space 55808K, 0% used [0x00000000f9100000,0x00000000f9100000,0x00000000fc780000)
 ParOldGen       total 177152K, used 85991K [0x00000000c0000000, 0x00000000cad00000, 0x00000000eab00000)
  object space 177152K, 48% used [0x00000000c0000000,0x00000000c53f9d48,0x00000000cad00000)
 Metaspace       used 6365K, capacity 7216K, committed 7296K, reserved 1056768K
  class space    used 591K, capacity 616K, committed 640K, reserved 1048576K
}
Event: 10,352 GC heap before
{Heap before GC invocations=8 (full 1):
 PSYoungGen      total 264704K, used 246257K [0x00000000eab00000, 0x0000000100000000, 0x0000000100000000)
  eden space 235520K, 100% used [0x00000000eab00000,0x00000000f9100000,0x00000000f9100000)
  from space 29184K, 36% used [0x00000000fc780000,0x00000000fd1fc580,0x00000000fe400000)
  to   space 55808K, 0% used [0x00000000f9100000,0x00000000f9100000,0x00000000fc780000)
 ParOldGen       total 177152K, used 85991K [0x00000000c0000000, 0x00000000cad00000, 0x00000000eab00000)
  object space 177152K, 48% used [0x00000000c0000000,0x00000000c53f9d48,0x00000000cad00000)
 Metaspace       used 6365K, capacity 7216K, committed 7296K, reserved 1056768K
  class space    used 591K, capacity 616K, committed 640K, reserved 1048576K
Event: 11,513 GC heap after
Heap after GC invocations=8 (full 1):
 PSYoungGen      total 291328K, used 55803K [0x00000000eab00000, 0x0000000100000000, 0x0000000100000000)
  eden space 235520K, 0% used [0x00000000eab00000,0x00000000eab00000,0x00000000f9100000)
  from space 55808K, 99% used [0x00000000f9100000,0x00000000fc77ee70,0x00000000fc780000)
  to   space 57856K, 0% used [0x00000000fc780000,0x00000000fc780000,0x0000000100000000)
 ParOldGen       total 177152K, used 160900K [0x00000000c0000000, 0x00000000cad00000, 0x00000000eab00000)
  object space 177152K, 90% used [0x00000000c0000000,0x00000000c9d21248,0x00000000cad00000)
 Metaspace       used 6365K, capacity 7216K, committed 7296K, reserved 1056768K
  class space    used 591K, capacity 616K, committed 640K, reserved 1048576K
}
Event: 12,110 GC heap before
{Heap before GC invocations=9 (full 2):
 PSYoungGen      total 291328K, used 55803K [0x00000000eab00000, 0x0000000100000000, 0x0000000100000000)
  eden space 235520K, 0% used [0x00000000eab00000,0x00000000eab00000,0x00000000f9100000)
  from space 55808K, 99% used [0x00000000f9100000,0x00000000fc77ee70,0x00000000fc780000)
  to   space 57856K, 0% used [0x00000000fc780000,0x00000000fc780000,0x0000000100000000)
 ParOldGen       total 177152K, used 160900K [0x00000000c0000000, 0x00000000cad00000, 0x00000000eab00000)
  object space 177152K, 90% used [0x00000000c0000000,0x00000000c9d21248,0x00000000cad00000)
 Metaspace       used 6365K, capacity 7216K, committed 7296K, reserved 1056768K
  class space    used 591K, capacity 616K, committed 640K, reserved 1048576K

Deoptimization events (10 events):
Event: 1,812 Thread 0x00007f977813a000 Uncommon trap: reason=bimorphic action=maybe_recompile pc=0x00007f976922b908 method=java.util.HashMap.getNode(ILjava/lang/Object;)Ljava/util/HashMap$Node; @ 126
Event: 2,258 Thread 0x00007f977813a000 Uncommon trap: reason=unstable_if action=reinterpret pc=0x00007f9769365704 method=com.android.dx.util.IntList.binarysearch(I)I @ 105
Event: 2,309 Thread 0x00007f977800a000 Uncommon trap: reason=unstable_if action=reinterpret pc=0x00007f97691cdf3c method=java.lang.String.<init>([CII)V @ 18
Event: 3,888 Thread 0x00007f977813a000 Uncommon trap: reason=unstable_if action=reinterpret pc=0x00007f97692da96c method=java.util.HashMap.putVal(ILjava/lang/Object;Ljava/lang/Object;ZZ)Ljava/lang/Object; @ 162
Event: 3,898 Thread 0x00007f977813a000 Uncommon trap: reason=unstable_if action=reinterpret pc=0x00007f9769357050 method=java.util.HashMap.getNode(ILjava/lang/Object;)Ljava/util/HashMap$Node; @ 84
Event: 4,603 Thread 0x00007f9778140800 Uncommon trap: reason=unstable_if action=reinterpret pc=0x00007f9769609f18 method=com.android.dx.cf.code.Merger.mergeType(Lcom/android/dx/rop/type/TypeBearer;Lcom/android/dx/rop/type/TypeBearer;)Lcom/android/dx/rop/type/TypeBearer; @ 133
Event: 4,765 Thread 0x00007f977813a000 Uncommon trap: reason=bimorphic action=maybe_recompile pc=0x00007f97695cca4c method=com.android.dx.cf.code.BytecodeArray.parseInstruction(ILcom/android/dx/cf/code/BytecodeArray$Visitor;)I @ 1597
Event: 4,765 Thread 0x00007f977813a000 Uncommon trap: reason=bimorphic action=maybe_recompile pc=0x00007f97695cca4c method=com.android.dx.cf.code.BytecodeArray.parseInstruction(ILcom/android/dx/cf/code/BytecodeArray$Visitor;)I @ 1597
Event: 4,766 Thread 0x00007f977813a000 Uncommon trap: reason=bimorphic action=maybe_recompile pc=0x00007f97695d03a0 method=com.android.dx.cf.code.BytecodeArray.parseInstruction(ILcom/android/dx/cf/code/BytecodeArray$Visitor;)I @ 2484
Event: 4,766 Thread 0x00007f977813a000 Uncommon trap: reason=bimorphic action=maybe_recompile pc=0x00007f97695d03a0 method=com.android.dx.cf.code.BytecodeArray.parseInstruction(ILcom/android/dx/cf/code/BytecodeArray$Visitor;)I @ 2484

Internal exceptions (5 events):
Event: 0,101 Thread 0x00007f977800a000 Exception <a 'java/lang/NoSuchMethodError': Method sun.misc.Unsafe.defineClass(Ljava/lang/String;[BII)Ljava/lang/Class; name or signature does not match> (0x00000000eab07c78) thrown at [/ssd/Android/AOSP-openjdk/external/jetbrains/jdk/hotspot/src/share/vm
Event: 0,101 Thread 0x00007f977800a000 Exception <a 'java/lang/NoSuchMethodError': Method sun.misc.Unsafe.prefetchRead(Ljava/lang/Object;J)V name or signature does not match> (0x00000000eab07f60) thrown at [/ssd/Android/AOSP-openjdk/external/jetbrains/jdk/hotspot/src/share/vm/prims/jni.cpp, li
Event: 3,896 Thread 0x00007f977813a000 Exception <a 'java/lang/ArrayIndexOutOfBoundsException': 18> (0x00000000ee66ab50) thrown at [/ssd/Android/AOSP-openjdk/external/jetbrains/jdk/hotspot/src/share/vm/interpreter/interpreterRuntime.cpp, line 366]
Event: 3,897 Thread 0x00007f977813a000 Exception <a 'java/lang/ArrayIndexOutOfBoundsException': 145> (0x00000000ee66c6d0) thrown at [/ssd/Android/AOSP-openjdk/external/jetbrains/jdk/hotspot/src/share/vm/interpreter/interpreterRuntime.cpp, line 366]
Event: 3,898 Thread 0x00007f977813a000 Exception <a 'java/lang/ArrayIndexOutOfBoundsException': 40> (0x00000000ee66d9b8) thrown at [/ssd/Android/AOSP-openjdk/external/jetbrains/jdk/hotspot/src/share/vm/interpreter/interpreterRuntime.cpp, line 366]

Events (10 events):
Event: 8,716 Thread 0x00007f977800a000 DEOPT UNPACKING pc=0x00007f9769046f73 sp=0x00007f97801c8308 mode 0
Event: 8,742 Thread 0x00007f9778142000 DEOPT PACKING pc=0x00007f97693e6da0 sp=0x00007f9764324e40
Event: 8,742 Thread 0x00007f9778142000 DEOPT UNPACKING pc=0x00007f9769046f73 sp=0x00007f9764324bf8 mode 0
Event: 8,758 Executing VM operation: ParallelGCFailedAllocation
Event: 10,044 Executing VM operation: ParallelGCFailedAllocation done
Event: 10,266 loading class com/android/dx/util/ListIntSet
Event: 10,266 loading class com/android/dx/util/ListIntSet done
Event: 10,293 Executing VM operation: RevokeBias
Event: 10,294 Executing VM operation: RevokeBias done
Event: 10,350 Executing VM operation: ParallelGCFailedAllocation


Dynamic libraries:
00400000-00401000 r-xp 00000000 08:01 25956432                           /usr/local/android-studio/jre/bin/java
00600000-00601000 r--p 00000000 08:01 25956432                           /usr/local/android-studio/jre/bin/java
00601000-00602000 rw-p 00001000 08:01 25956432                           /usr/local/android-studio/jre/bin/java
01ca8000-01cc9000 rw-p 00000000 00:00 0                                  [heap]
c0000000-cad00000 rw-p 00000000 00:00 0 
d3f80000-eab00000 ---p 00000000 00:00 0 
eab00000-100000000 rw-p 00000000 00:00 0 
100000000-1000a0000 rw-p 00000000 00:00 0 
1000a0000-140000000 ---p 00000000 00:00 0 
7f9718000000-7f9718021000 rw-p 00000000 00:00 0 
7f9718021000-7f971c000000 ---p 00000000 00:00 0 
7f9720000000-7f9720035000 rw-p 00000000 00:00 0 
7f9720035000-7f9724000000 ---p 00000000 00:00 0 
7f9724000000-7f9724030000 rw-p 00000000 00:00 0 
7f9724030000-7f9728000000 ---p 00000000 00:00 0 
7f9728000000-7f972802e000 rw-p 00000000 00:00 0 
7f972802e000-7f972c000000 ---p 00000000 00:00 0 
7f972c000000-7f972c021000 rw-p 00000000 00:00 0 
7f972c021000-7f9730000000 ---p 00000000 00:00 0 
7f9730000000-7f9730021000 rw-p 00000000 00:00 0 
7f9730021000-7f9734000000 ---p 00000000 00:00 0 
7f9734000000-7f9734021000 rw-p 00000000 00:00 0 
7f9734021000-7f9738000000 ---p 00000000 00:00 0 
7f9738000000-7f9738f9c000 rw-p 00000000 00:00 0 
7f9738f9c000-7f973c000000 ---p 00000000 00:00 0 
7f973c000000-7f973ca44000 rw-p 00000000 00:00 0 
7f973ca44000-7f9740000000 ---p 00000000 00:00 0 
7f9740000000-7f9740021000 rw-p 00000000 00:00 0 
7f9740021000-7f9744000000 ---p 00000000 00:00 0 
7f9744000000-7f9745521000 rw-p 00000000 00:00 0 
7f9745521000-7f9748000000 ---p 00000000 00:00 0 
7f9748000000-7f9748021000 rw-p 00000000 00:00 0 
7f9748021000-7f974c000000 ---p 00000000 00:00 0 
7f974c000000-7f974c021000 rw-p 00000000 00:00 0 
7f974c021000-7f9750000000 ---p 00000000 00:00 0 
7f9750000000-7f9750021000 rw-p 00000000 00:00 0 
7f9750021000-7f9754000000 ---p 00000000 00:00 0 
7f9754000000-7f975427f000 rw-p 00000000 00:00 0 
7f975427f000-7f9758000000 ---p 00000000 00:00 0 
7f9758000000-7f9758021000 rw-p 00000000 00:00 0 
7f9758021000-7f975c000000 ---p 00000000 00:00 0 
7f975c000000-7f975c021000 rw-p 00000000 00:00 0 
7f975c021000-7f9760000000 ---p 00000000 00:00 0 
7f9760000000-7f9760021000 rw-p 00000000 00:00 0 
7f9760021000-7f9764000000 ---p 00000000 00:00 0 
7f9764226000-7f9764229000 ---p 00000000 00:00 0 
7f9764229000-7f9764327000 rw-p 00000000 00:00 0 
7f9764327000-7f976432a000 ---p 00000000 00:00 0 
7f976432a000-7f9764428000 rw-p 00000000 00:00 0 
7f9764428000-7f976442b000 ---p 00000000 00:00 0 
7f976442b000-7f9764529000 rw-p 00000000 00:00 0 
7f9764529000-7f976452c000 ---p 00000000 00:00 0 
7f976452c000-7f976462a000 rw-p 00000000 00:00 0 
7f976462a000-7f976462d000 ---p 00000000 00:00 0 
7f976462d000-7f976472b000 rw-p 00000000 00:00 0 
7f976472b000-7f976473f000 r--s 000d8000 08:01 4330787                    /home/vlad/Documents/Projects/revert/platforms/android/build/intermediates/exploded-aar/com.google.android.gms/play-services-ads/11.0.4/jars/classes.jar
7f9764745000-7f9764746000 ---p 00000000 00:00 0 
7f9764746000-7f9764846000 rw-p 00000000 00:00 0 
7f9764846000-7f9764849000 ---p 00000000 00:00 0 
7f9764849000-7f9764947000 rw-p 00000000 00:00 0 
7f9764947000-7f976494a000 ---p 00000000 00:00 0 
7f976494a000-7f9764a48000 rw-p 00000000 00:00 0 
7f9764a48000-7f9764a4b000 ---p 00000000 00:00 0 
7f9764a4b000-7f9764b49000 rw-p 00000000 00:00 0 
7f9764b49000-7f9764b4c000 ---p 00000000 00:00 0 
7f9764b4c000-7f9764c4a000 rw-p 00000000 00:00 0 
7f9764c4a000-7f9764c4d000 ---p 00000000 00:00 0 
7f9764c4d000-7f9764d4b000 rw-p 00000000 00:00 0 
7f9764d4b000-7f9765888000 r--p 00000000 08:01 1055535                    /usr/lib/locale/locale-archive
7f976588e000-7f9765891000 ---p 00000000 00:00 0 
7f9765891000-7f976598f000 rw-p 00000000 00:00 0 
7f976598f000-7f9765992000 ---p 00000000 00:00 0 
7f9765992000-7f9765a90000 rw-p 00000000 00:00 0 
7f9765a90000-7f9765a91000 ---p 00000000 00:00 0 
7f9765a91000-7f9766e80000 rw-p 00000000 00:00 0 
7f9766e80000-7f9767000000 ---p 00000000 00:00 0 
7f9767000000-7f9769000000 rw-p 00000000 00:00 0 
7f9769000000-7f97697b0000 rwxp 00000000 00:00 0 
7f97697b0000-7f9778000000 ---p 00000000 00:00 0 
7f9778000000-7f977837f000 rw-p 00000000 00:00 0 
7f977837f000-7f977c000000 ---p 00000000 00:00 0 
7f977c007000-7f977c016000 r--s 000e4000 08:01 7213429                    /home/vlad/Android/Sdk/build-tools/26.0.1/lib/dx.jar
7f977c019000-7f977c35e000 rw-p 00000000 00:00 0 
7f977c35e000-7f977c52d000 r--s 03c1b000 08:01 25956489                   /usr/local/android-studio/jre/jre/lib/rt.jar
7f977c532000-7f977c7a8000 rw-p 00000000 00:00 0 
7f977c7a8000-7f977c7a9000 ---p 00000000 00:00 0 
7f977c7a9000-7f977c8a9000 rw-p 00000000 00:00 0 
7f977c8a9000-7f977c8aa000 ---p 00000000 00:00 0 
7f977c8aa000-7f977c9aa000 rw-p 00000000 00:00 0 
7f977c9aa000-7f977c9ab000 ---p 00000000 00:00 0 
7f977c9ab000-7f977caab000 rw-p 00000000 00:00 0 
7f977caab000-7f977caac000 ---p 00000000 00:00 0 
7f977caac000-7f977cc03000 rw-p 00000000 00:00 0 
7f977cc03000-7f977cd02000 ---p 00000000 00:00 0 
7f977cd02000-7f977cd59000 rw-p 00000000 00:00 0 
7f977cd59000-7f977ce57000 ---p 00000000 00:00 0 
7f977ce57000-7f977cf02000 rw-p 00000000 00:00 0 
7f977cf02000-7f977cf22000 rw-p 00000000 00:00 0 
7f977cf22000-7f977d2c3000 ---p 00000000 00:00 0 
7f977d2c3000-7f977d2dd000 r-xp 00000000 08:01 25956516                   /usr/local/android-studio/jre/jre/lib/amd64/libzip.so
7f977d2dd000-7f977d4dd000 ---p 0001a000 08:01 25956516                   /usr/local/android-studio/jre/jre/lib/amd64/libzip.so
7f977d4dd000-7f977d4de000 r--p 0001a000 08:01 25956516                   /usr/local/android-studio/jre/jre/lib/amd64/libzip.so
7f977d4de000-7f977d4df000 rw-p 0001b000 08:01 25956516                   /usr/local/android-studio/jre/jre/lib/amd64/libzip.so
7f977d4e3000-7f977d4ee000 r-xp 00000000 08:01 11407910                   /lib/x86_64-linux-gnu/libnss_files-2.23.so
7f977d4ee000-7f977d6ed000 ---p 0000b000 08:01 11407910                   /lib/x86_64-linux-gnu/libnss_files-2.23.so
7f977d6ed000-7f977d6ee000 r--p 0000a000 08:01 11407910                   /lib/x86_64-linux-gnu/libnss_files-2.23.so
7f977d6ee000-7f977d6ef000 rw-p 0000b000 08:01 11407910                   /lib/x86_64-linux-gnu/libnss_files-2.23.so
7f977d6ef000-7f977d6f5000 rw-p 00000000 00:00 0 
7f977d6fb000-7f977d706000 r-xp 00000000 08:01 11407920                   /lib/x86_64-linux-gnu/libnss_nis-2.23.so
7f977d706000-7f977d905000 ---p 0000b000 08:01 11407920                   /lib/x86_64-linux-gnu/libnss_nis-2.23.so
7f977d905000-7f977d906000 r--p 0000a000 08:01 11407920                   /lib/x86_64-linux-gnu/libnss_nis-2.23.so
7f977d906000-7f977d907000 rw-p 0000b000 08:01 11407920                   /lib/x86_64-linux-gnu/libnss_nis-2.23.so
7f977d90b000-7f977d921000 r-xp 00000000 08:01 11407904                   /lib/x86_64-linux-gnu/libnsl-2.23.so
7f977d921000-7f977db20000 ---p 00016000 08:01 11407904                   /lib/x86_64-linux-gnu/libnsl-2.23.so
7f977db20000-7f977db21000 r--p 00015000 08:01 11407904                   /lib/x86_64-linux-gnu/libnsl-2.23.so
7f977db21000-7f977db22000 rw-p 00016000 08:01 11407904                   /lib/x86_64-linux-gnu/libnsl-2.23.so
7f977db22000-7f977db24000 rw-p 00000000 00:00 0 
7f977db2b000-7f977db33000 r-xp 00000000 08:01 11407906                   /lib/x86_64-linux-gnu/libnss_compat-2.23.so
7f977db33000-7f977dd32000 ---p 00008000 08:01 11407906                   /lib/x86_64-linux-gnu/libnss_compat-2.23.so
7f977dd32000-7f977dd33000 r--p 00007000 08:01 11407906                   /lib/x86_64-linux-gnu/libnss_compat-2.23.so
7f977dd33000-7f977dd34000 rw-p 00008000 08:01 11407906                   /lib/x86_64-linux-gnu/libnss_compat-2.23.so
7f977dd3b000-7f977dd68000 r-xp 00000000 08:01 25956526                   /usr/local/android-studio/jre/jre/lib/amd64/libjava.so
7f977dd68000-7f977df67000 ---p 0002d000 08:01 25956526                   /usr/local/android-studio/jre/jre/lib/amd64/libjava.so
7f977df67000-7f977df68000 r--p 0002c000 08:01 25956526                   /usr/local/android-studio/jre/jre/lib/amd64/libjava.so
7f977df68000-7f977df6a000 rw-p 0002d000 08:01 25956526                   /usr/local/android-studio/jre/jre/lib/amd64/libjava.so
7f977df6b000-7f977df7b000 r-xp 00000000 08:01 25956542                   /usr/local/android-studio/jre/jre/lib/amd64/libverify.so
7f977df7b000-7f977e17a000 ---p 00010000 08:01 25956542                   /usr/local/android-studio/jre/jre/lib/amd64/libverify.so
7f977e17a000-7f977e17c000 r--p 0000f000 08:01 25956542                   /usr/local/android-studio/jre/jre/lib/amd64/libverify.so
7f977e17c000-7f977e17d000 rw-p 00011000 08:01 25956542                   /usr/local/android-studio/jre/jre/lib/amd64/libverify.so
7f977e183000-7f977e18a000 r-xp 00000000 08:01 11407965                   /lib/x86_64-linux-gnu/librt-2.23.so
7f977e18a000-7f977e389000 ---p 00007000 08:01 11407965                   /lib/x86_64-linux-gnu/librt-2.23.so
7f977e389000-7f977e38a000 r--p 00006000 08:01 11407965                   /lib/x86_64-linux-gnu/librt-2.23.so
7f977e38a000-7f977e38b000 rw-p 00007000 08:01 11407965                   /lib/x86_64-linux-gnu/librt-2.23.so
7f977e38b000-7f977e493000 r-xp 00000000 08:01 11407881                   /lib/x86_64-linux-gnu/libm-2.23.so
7f977e493000-7f977e692000 ---p 00108000 08:01 11407881                   /lib/x86_64-linux-gnu/libm-2.23.so
7f977e692000-7f977e693000 r--p 00107000 08:01 11407881                   /lib/x86_64-linux-gnu/libm-2.23.so
7f977e693000-7f977e694000 rw-p 00108000 08:01 11407881                   /lib/x86_64-linux-gnu/libm-2.23.so
7f977e69b000-7f977f28c000 r-xp 00000000 08:01 25956546                   /usr/local/android-studio/jre/jre/lib/amd64/server/libjvm.so
7f977f28c000-7f977f48c000 ---p 00bf1000 08:01 25956546                   /usr/local/android-studio/jre/jre/lib/amd64/server/libjvm.so
7f977f48c000-7f977f52b000 r--p 00bf1000 08:01 25956546                   /usr/local/android-studio/jre/jre/lib/amd64/server/libjvm.so
7f977f52b000-7f977f554000 rw-p 00c90000 08:01 25956546                   /usr/local/android-studio/jre/jre/lib/amd64/server/libjvm.so
7f977f554000-7f977f598000 rw-p 00000000 00:00 0 
7f977f59b000-7f977f5b3000 r-xp 00000000 08:01 11407957                   /lib/x86_64-linux-gnu/libpthread-2.23.so
7f977f5b3000-7f977f7b2000 ---p 00018000 08:01 11407957                   /lib/x86_64-linux-gnu/libpthread-2.23.so
7f977f7b2000-7f977f7b3000 r--p 00017000 08:01 11407957                   /lib/x86_64-linux-gnu/libpthread-2.23.so
7f977f7b3000-7f977f7b4000 rw-p 00018000 08:01 11407957                   /lib/x86_64-linux-gnu/libpthread-2.23.so
7f977f7b4000-7f977f7b8000 rw-p 00000000 00:00 0 
7f977f7bb000-7f977f7be000 r-xp 00000000 08:01 11407835                   /lib/x86_64-linux-gnu/libdl-2.23.so
7f977f7be000-7f977f9bd000 ---p 00003000 08:01 11407835                   /lib/x86_64-linux-gnu/libdl-2.23.so
7f977f9bd000-7f977f9be000 r--p 00002000 08:01 11407835                   /lib/x86_64-linux-gnu/libdl-2.23.so
7f977f9be000-7f977f9bf000 rw-p 00003000 08:01 11407835                   /lib/x86_64-linux-gnu/libdl-2.23.so
7f977f9c3000-7f977fb83000 r-xp 00000000 08:01 11407811                   /lib/x86_64-linux-gnu/libc-2.23.so
7f977fb83000-7f977fd83000 ---p 001c0000 08:01 11407811                   /lib/x86_64-linux-gnu/libc-2.23.so
7f977fd83000-7f977fd87000 r--p 001c0000 08:01 11407811                   /lib/x86_64-linux-gnu/libc-2.23.so
7f977fd87000-7f977fd89000 rw-p 001c4000 08:01 11407811                   /lib/x86_64-linux-gnu/libc-2.23.so
7f977fd89000-7f977fd8d000 rw-p 00000000 00:00 0 
7f977fd93000-7f977fda9000 r-xp 00000000 08:01 25956406                   /usr/local/android-studio/jre/lib/amd64/jli/libjli.so
7f977fda9000-7f977ffa8000 ---p 00016000 08:01 25956406                   /usr/local/android-studio/jre/lib/amd64/jli/libjli.so
7f977ffa8000-7f977ffa9000 r--p 00015000 08:01 25956406                   /usr/local/android-studio/jre/lib/amd64/jli/libjli.so
7f977ffa9000-7f977ffaa000 rw-p 00016000 08:01 25956406                   /usr/local/android-studio/jre/lib/amd64/jli/libjli.so
7f977ffab000-7f977ffd1000 r-xp 00000000 08:01 11407783                   /lib/x86_64-linux-gnu/ld-2.23.so
7f977ffd6000-7f97800bb000 rw-p 00000000 00:00 0 
7f97800bb000-7f97800c3000 rw-s 00000000 08:01 6690122                    /tmp/hsperfdata_vlad/9548
7f97800c8000-7f97800c9000 rw-p 00000000 00:00 0 
7f97800c9000-7f97800ca000 ---p 00000000 00:00 0 
7f97800ca000-7f97800cd000 ---p 00000000 00:00 0 
7f97800cd000-7f97801d0000 rw-p 00000000 00:00 0 
7f97801d0000-7f97801d1000 r--p 00025000 08:01 11407783                   /lib/x86_64-linux-gnu/ld-2.23.so
7f97801d1000-7f97801d2000 rw-p 00026000 08:01 11407783                   /lib/x86_64-linux-gnu/ld-2.23.so
7f97801d2000-7f97801d4000 rw-p 00000000 00:00 0 
7ffcf6a4b000-7ffcf6a6c000 rw-p 00000000 00:00 0                          [stack]
7ffcf6ae3000-7ffcf6ae5000 r--p 00000000 00:00 0                          [vvar]
7ffcf6ae5000-7ffcf6ae7000 r-xp 00000000 00:00 0                          [vdso]
ffffffffff600000-ffffffffff601000 r-xp 00000000 00:00 0                  [vsyscall]

VM Arguments:
jvm_args: -Djava.awt.headless=true -Xmx1024M -Dfile.encoding=UTF-8 -Duser.country=US -Duser.language=en -Duser.variant 
java_command: com.android.dx.command.Main --dex --num-threads=4 --output /home/vlad/Documents/Projects/revert/platforms/android/build/intermediates/pre-dexed/debug/com.google.android.gms-play-services-ads-11.0.4_3cbcdfdfcccf7c0a77ff333620d331e0ad8b6771.jar /home/vlad/Documents/Projects/revert/platforms/android/build/intermediates/exploded-aar/com.google.android.gms/play-services-ads/11.0.4/jars/classes.jar
java_class_path (initial): /home/vlad/Android/Sdk/build-tools/26.0.1/lib/dx.jar
Launcher Type: SUN_STANDARD

Environment Variables:
PATH=/home/vlad/bin:/home/vlad/.local/bin:/usr/local/sbin:/usr/local/bin:/usr/sbin:/usr/bin:/sbin:/bin:/usr/games:/usr/local/games:/snap/bin
LD_LIBRARY_PATH=/usr/local/android-studio/bin:
SHELL=/bin/bash
DISPLAY=:0

Signal Handlers:
SIGSEGV: [libjvm.so+0x9e5150], sa_mask[0]=11111111011111111101111111111110, sa_flags=SA_RESTART|SA_SIGINFO
SIGBUS: [libjvm.so+0x9e5150], sa_mask[0]=11111111011111111101111111111110, sa_flags=SA_RESTART|SA_SIGINFO
SIGFPE: [libjvm.so+0x848450], sa_mask[0]=11111111011111111101111111111110, sa_flags=SA_RESTART|SA_SIGINFO
SIGPIPE: [libjvm.so+0x848450], sa_mask[0]=11111111011111111101111111111110, sa_flags=SA_RESTART|SA_SIGINFO
SIGXFSZ: [libjvm.so+0x848450], sa_mask[0]=11111111011111111101111111111110, sa_flags=SA_RESTART|SA_SIGINFO
SIGILL: [libjvm.so+0x848450], sa_mask[0]=11111111011111111101111111111110, sa_flags=SA_RESTART|SA_SIGINFO
SIGUSR1: SIG_DFL, sa_mask[0]=00000000000000000000000000000000, sa_flags=none
SIGUSR2: [libjvm.so+0x848320], sa_mask[0]=00100000000000000000000000000000, sa_flags=SA_RESTART|SA_SIGINFO
SIGHUP: [libjvm.so+0x848510], sa_mask[0]=11111111011111111101111111111110, sa_flags=SA_RESTART|SA_SIGINFO
SIGINT: [libjvm.so+0x848510], sa_mask[0]=11111111011111111101111111111110, sa_flags=SA_RESTART|SA_SIGINFO
SIGTERM: [libjvm.so+0x848510], sa_mask[0]=11111111011111111101111111111110, sa_flags=SA_RESTART|SA_SIGINFO
SIGQUIT: [libjvm.so+0x848510], sa_mask[0]=11111111011111111101111111111110, sa_flags=SA_RESTART|SA_SIGINFO


---------------  S Y S T E M  ---------------

OS:DISTRIB_ID=Ubuntu
DISTRIB_RELEASE=16.04
DISTRIB_CODENAME=xenial
DISTRIB_DESCRIPTION="Ubuntu 16.04.3 LTS"

uname:Linux 4.10.0-37-generic #41~16.04.1-Ubuntu SMP Fri Oct 6 22:42:59 UTC 2017 x86_64
libc:glibc 2.23 NPTL 2.23 
rlimit: STACK 8192k, CORE 0k, NPROC 31581, NOFILE 1048576, AS infinity
load average:26,86 16,45 10,18

/proc/meminfo:
MemTotal:        8202820 kB
MemFree:          145968 kB
MemAvailable:      85004 kB
Buffers:            2124 kB
Cached:           173420 kB
SwapCached:            0 kB
Active:          7530540 kB
Inactive:         154860 kB
Active(anon):    7513616 kB
Inactive(anon):    64992 kB
Active(file):      16924 kB
Inactive(file):    89868 kB
Unevictable:         488 kB
Mlocked:             488 kB
SwapTotal:             0 kB
SwapFree:              0 kB
Dirty:               208 kB
Writeback:             0 kB
AnonPages:       7510608 kB
Mapped:           201648 kB
Shmem:             68456 kB
Slab:             109688 kB
SReclaimable:      45224 kB
SUnreclaim:        64464 kB
KernelStack:       18496 kB
PageTables:        77596 kB
NFS_Unstable:          0 kB
Bounce:                0 kB
WritebackTmp:          0 kB
CommitLimit:     4101408 kB
Committed_AS:   16534280 kB
VmallocTotal:   34359738367 kB
VmallocUsed:           0 kB
VmallocChunk:          0 kB
HardwareCorrupted:     0 kB
AnonHugePages:   3225600 kB
ShmemHugePages:        0 kB
ShmemPmdMapped:        0 kB
CmaTotal:              0 kB
CmaFree:               0 kB
HugePages_Total:       0
HugePages_Free:        0
HugePages_Rsvd:        0
HugePages_Surp:        0
Hugepagesize:       2048 kB
DirectMap4k:      299456 kB
DirectMap2M:     8118272 kB
DirectMap1G:           0 kB


CPU:total 4 (4 cores per cpu, 1 threads per core) family 21 model 2 stepping 0, cmov, cx8, fxsr, mmx, sse, sse2, sse3, ssse3, sse4.1, sse4.2, popcnt, avx, aes, clmul, mmxext, 3dnowpref, lzcnt, sse4a, tsc, tscinvbit, tscinv, bmi1

/proc/cpuinfo:
processor	: 0
vendor_id	: AuthenticAMD
cpu family	: 21
model		: 2
model name	: AMD FX(tm)-4300 Quad-Core Processor
stepping	: 0
microcode	: 0x600081f
cpu MHz		: 1400.000
cache size	: 2048 KB
physical id	: 0
siblings	: 4
core id		: 0
cpu cores	: 2
apicid		: 16
initial apicid	: 0
fpu		: yes
fpu_exception	: yes
cpuid level	: 13
wp		: yes
flags		: fpu vme de pse tsc msr pae mce cx8 apic sep mtrr pge mca cmov pat pse36 clflush mmx fxsr sse sse2 ht syscall nx mmxext fxsr_opt pdpe1gb rdtscp lm constant_tsc rep_good nopl nonstop_tsc extd_apicid aperfmperf pni pclmulqdq monitor ssse3 fma cx16 sse4_1 sse4_2 popcnt aes xsave avx f16c lahf_lm cmp_legacy svm extapic cr8_legacy abm sse4a misalignsse 3dnowprefetch osvw ibs xop skinit wdt lwp fma4 tce nodeid_msr tbm topoext perfctr_core perfctr_nb cpb hw_pstate vmmcall bmi1 arat npt lbrv svm_lock nrip_save tsc_scale vmcb_clean flushbyasid decodeassists pausefilter pfthreshold
bugs		: fxsave_leak sysret_ss_attrs null_seg
bogomips	: 7634.87
TLB size	: 1536 4K pages
clflush size	: 64
cache_alignment	: 64
address sizes	: 48 bits physical, 48 bits virtual
power management: ts ttp tm 100mhzsteps hwpstate cpb eff_freq_ro

processor	: 1
vendor_id	: AuthenticAMD
cpu family	: 21
model		: 2
model name	: AMD FX(tm)-4300 Quad-Core Processor
stepping	: 0
microcode	: 0x600081f
cpu MHz		: 1400.000
cache size	: 2048 KB
physical id	: 0
siblings	: 4
core id		: 1
cpu cores	: 2
apicid		: 17
initial apicid	: 1
fpu		: yes
fpu_exception	: yes
cpuid level	: 13
wp		: yes
flags		: fpu vme de pse tsc msr pae mce cx8 apic sep mtrr pge mca cmov pat pse36 clflush mmx fxsr sse sse2 ht syscall nx mmxext fxsr_opt pdpe1gb rdtscp lm constant_tsc rep_good nopl nonstop_tsc extd_apicid aperfmperf pni pclmulqdq monitor ssse3 fma cx16 sse4_1 sse4_2 popcnt aes xsave avx f16c lahf_lm cmp_legacy svm extapic cr8_legacy abm sse4a misalignsse 3dnowprefetch osvw ibs xop skinit wdt lwp fma4 tce nodeid_msr tbm topoext perfctr_core perfctr_nb cpb hw_pstate vmmcall bmi1 arat npt lbrv svm_lock nrip_save tsc_scale vmcb_clean flushbyasid decodeassists pausefilter pfthreshold
bugs		: fxsave_leak sysret_ss_attrs null_seg
bogomips	: 7634.87
TLB size	: 1536 4K pages
clflush size	: 64
cache_alignment	: 64
address sizes	: 48 bits physical, 48 bits virtual
power management: ts ttp tm 100mhzsteps hwpstate cpb eff_freq_ro

processor	: 2
vendor_id	: AuthenticAMD
cpu family	: 21
model		: 2
model name	: AMD FX(tm)-4300 Quad-Core Processor
stepping	: 0
microcode	: 0x600081f
cpu MHz		: 1400.000
cache size	: 2048 KB
physical id	: 0
siblings	: 4
core id		: 2
cpu cores	: 2
apicid		: 18
initial apicid	: 2
fpu		: yes
fpu_exception	: yes
cpuid level	: 13
wp		: yes
flags		: fpu vme de pse tsc msr pae mce cx8 apic sep mtrr pge mca cmov pat pse36 clflush mmx fxsr sse sse2 ht syscall nx mmxext fxsr_opt pdpe1gb rdtscp lm constant_tsc rep_good nopl nonstop_tsc extd_apicid aperfmperf pni pclmulqdq monitor ssse3 fma cx16 sse4_1 sse4_2 popcnt aes xsave avx f16c lahf_lm cmp_legacy svm extapic cr8_legacy abm sse4a misalignsse 3dnowprefetch osvw ibs xop skinit wdt lwp fma4 tce nodeid_msr tbm topoext perfctr_core perfctr_nb cpb hw_pstate vmmcall bmi1 arat npt lbrv svm_lock nrip_save tsc_scale vmcb_clean flushbyasid decodeassists pausefilter pfthreshold
bugs		: fxsave_leak sysret_ss_attrs null_seg
bogomips	: 7634.87
TLB size	: 1536 4K pages
clflush size	: 64
cache_alignment	: 64
address sizes	: 48 bits physical, 48 bits virtual
power management: ts ttp tm 100mhzsteps hwpstate cpb eff_freq_ro

processor	: 3
vendor_id	: AuthenticAMD
cpu family	: 21
model		: 2
model name	: AMD FX(tm)-4300 Quad-Core Processor
stepping	: 0
microcode	: 0x600081f
cpu MHz		: 1400.000
cache size	: 2048 KB
physical id	: 0
siblings	: 4
core id		: 3
cpu cores	: 2
apicid		: 19
initial apicid	: 3
fpu		: yes
fpu_exception	: yes
cpuid level	: 13
wp		: yes
flags		: fpu vme de pse tsc msr pae mce cx8 apic sep mtrr pge mca cmov pat pse36 clflush mmx fxsr sse sse2 ht syscall nx mmxext fxsr_opt pdpe1gb rdtscp lm constant_tsc rep_good nopl nonstop_tsc extd_apicid aperfmperf pni pclmulqdq monitor ssse3 fma cx16 sse4_1 sse4_2 popcnt aes xsave avx f16c lahf_lm cmp_legacy svm extapic cr8_legacy abm sse4a misalignsse 3dnowprefetch osvw ibs xop skinit wdt lwp fma4 tce nodeid_msr tbm topoext perfctr_core perfctr_nb cpb hw_pstate vmmcall bmi1 arat npt lbrv svm_lock nrip_save tsc_scale vmcb_clean flushbyasid decodeassists pausefilter pfthreshold
bugs		: fxsave_leak sysret_ss_attrs null_seg
bogomips	: 7634.87
TLB size	: 1536 4K pages
clflush size	: 64
cache_alignment	: 64
address sizes	: 48 bits physical, 48 bits virtual
power management: ts ttp tm 100mhzsteps hwpstate cpb eff_freq_ro



Memory: 4k page, physical 8202820k(145968k free), swap 0k(0k free)

vm_info: OpenJDK 64-Bit Server VM (25.112-b06) for linux-amd64 JRE (1.8.0_112-release-b06), built on Dec  6 2016 12:11:18 by "builder" with gcc 4.8.4

time: Thu Oct 26 07:49:45 2017
elapsed time: 49 seconds (0d 0h 0m 49s)

