#
# There is insufficient memory for the Java Runtime Environment to continue.
# Native memory allocation (mmap) failed to map 51380224 bytes for committing reserved memory.
# Possible reasons:
#   The system is out of physical RAM or swap space
#   In 32 bit mode, the process size limit was hit
# Possible solutions:
#   Reduce memory load on the system
#   Increase physical memory or swap space
#   Check if swap backing store is full
#   Use 64 bit Java on a 64 bit OS
#   Decrease Java heap size (-Xmx/-Xms)
#   Decrease number of Java threads
#   Decrease Java thread stack sizes (-Xss)
#   Set larger code cache with -XX:ReservedCodeCacheSize=
# This output file may be truncated or incomplete.
#
#  Out of Memory Error (os_linux.cpp:2627), pid=21952, tid=0x00007f68c50b3700
#
# JRE version: OpenJDK Runtime Environment (8.0_112-b06) (build 1.8.0_112-release-b06)
# Java VM: OpenJDK 64-Bit Server VM (25.112-b06 mixed mode linux-amd64 compressed oops)
# Failed to write core dump. Core dumps have been disabled. To enable core dumping, try "ulimit -c unlimited" before starting Java again
#

---------------  T H R E A D  ---------------

Current thread (0x00007f68d8077800):  VMThread [stack: 0x00007f68c4fb3000,0x00007f68c50b4000] [id=21961]

Stack: [0x00007f68c4fb3000,0x00007f68c50b4000],  sp=0x00007f68c50b24d0,  free space=1021k
Native frames: (J=compiled Java code, j=interpreted, Vv=VM code, C=native code)
V  [libjvm.so+0x9e465d]  VMError::report_and_die()+0x15d
V  [libjvm.so+0x4b6ada]  report_vm_out_of_memory(char const*, int, unsigned long, VMErrorType, char const*)+0x8a
V  [libjvm.so+0x84c860]  os::pd_commit_memory(char*, unsigned long, unsigned long, bool)+0xf0
V  [libjvm.so+0x84737f]  os::commit_memory(char*, unsigned long, unsigned long, bool)+0x1f
V  [libjvm.so+0x8bd3db]  PSVirtualSpace::expand_by(unsigned long)+0x5b
V  [libjvm.so+0x8ae1bb]  PSOldGen::expand_by(unsigned long) [clone .part.109]+0x1b
V  [libjvm.so+0x8ae37b]  PSOldGen::expand(unsigned long) [clone .part.111]+0xdb
V  [libjvm.so+0x8aec58]  PSOldGen::resize(unsigned long)+0x188
V  [libjvm.so+0x8b426c]  PSParallelCompact::invoke_no_policy(bool)+0x97c
V  [libjvm.so+0x8bb37d]  PSScavenge::invoke()+0x17d
V  [libjvm.so+0x86fcf3]  ParallelScavengeHeap::failed_mem_allocate(unsigned long)+0x63
V  [libjvm.so+0x9e6124]  VM_ParallelGCFailedAllocation::doit()+0x84
V  [libjvm.so+0x9ea537]  VM_Operation::evaluate()+0x47
V  [libjvm.so+0x9e8ff8]  VMThread::evaluate_operation(VM_Operation*)+0x2c8
V  [libjvm.so+0x9e9479]  VMThread::loop()+0x219
V  [libjvm.so+0x9e98c2]  VMThread::run()+0x72
V  [libjvm.so+0x849c82]  java_start(Thread*)+0xf2

VM_Operation (0x00007f68a79f7fd0): ParallelGCFailedAllocation, mode: safepoint, requested by thread 0x00007f68d813e800


---------------  P R O C E S S  ---------------

Java Threads: ( => current thread )
  0x00007f68d8142000 JavaThread "pool-1-thread-4" [_thread_blocked, id=21975, stack(0x00007f68a76f7000,0x00007f68a77f8000)]
  0x00007f68d8140800 JavaThread "pool-1-thread-3" [_thread_blocked, id=21973, stack(0x00007f68a77f8000,0x00007f68a78f9000)]
  0x00007f68d813e800 JavaThread "pool-1-thread-2" [_thread_blocked, id=21972, stack(0x00007f68a78f9000,0x00007f68a79fa000)]
  0x00007f68d813b800 JavaThread "pool-2-thread-1" [_thread_blocked, id=21971, stack(0x00007f68a79fa000,0x00007f68a7afb000)]
  0x00007f68d813a000 JavaThread "pool-1-thread-1" [_thread_blocked, id=21970, stack(0x00007f68a7afb000,0x00007f68a7bfc000)]
  0x00007f68d80c0800 JavaThread "Service Thread" daemon [_thread_blocked, id=21968, stack(0x00007f68a7cfd000,0x00007f68a7dfe000)]
  0x00007f68d80bd800 JavaThread "C1 CompilerThread2" daemon [_thread_blocked, id=21967, stack(0x00007f68a7dfe000,0x00007f68a7eff000)]
  0x00007f68d80bc000 JavaThread "C2 CompilerThread1" daemon [_thread_blocked, id=21966, stack(0x00007f68a7eff000,0x00007f68a8000000)]
  0x00007f68d80b9000 JavaThread "C2 CompilerThread0" daemon [_thread_blocked, id=21965, stack(0x00007f68c4071000,0x00007f68c4172000)]
  0x00007f68d80b7800 JavaThread "Signal Dispatcher" daemon [_thread_blocked, id=21964, stack(0x00007f68c4172000,0x00007f68c4273000)]
  0x00007f68d8083800 JavaThread "Finalizer" daemon [_thread_blocked, id=21963, stack(0x00007f68c4db1000,0x00007f68c4eb2000)]
  0x00007f68d807f000 JavaThread "Reference Handler" daemon [_thread_blocked, id=21962, stack(0x00007f68c4eb2000,0x00007f68c4fb3000)]
  0x00007f68d800a000 JavaThread "main" [_thread_blocked, id=21954, stack(0x00007f68df5eb000,0x00007f68df6ec000)]

Other Threads:
=>0x00007f68d8077800 VMThread [stack: 0x00007f68c4fb3000,0x00007f68c50b4000] [id=21961]
  0x00007f68d80c3000 WatcherThread [stack: 0x00007f68a7bfc000,0x00007f68a7cfd000] [id=21969]

VM state:at safepoint (normal execution)

VM Mutex/Monitor currently owned by a thread:  ([mutex/lock_event])
[0x00007f68d8005fb0] ExpandHeap_lock - owner thread: 0x00007f68d8077800
[0x00007f68d8006630] Threads_lock - owner thread: 0x00007f68d8077800
[0x00007f68d8006b30] Heap_lock - owner thread: 0x00007f68d813e800

Heap:
 PSYoungGen      total 232960K, used 0K [0x00000000eab00000, 0x0000000100000000, 0x0000000100000000)
  eden space 116736K, 0% used [0x00000000eab00000,0x00000000eab00000,0x00000000f1d00000)
  from space 116224K, 0% used [0x00000000f8e80000,0x00000000f8e80000,0x0000000100000000)
  to   space 116224K, 0% used [0x00000000f1d00000,0x00000000f1d00000,0x00000000f8e80000)
 ParOldGen       total 274944K, used 168250K [0x00000000c0000000, 0x00000000d0c80000, 0x00000000eab00000)
  object space 274944K, 61% used [0x00000000c0000000,0x00000000ca44e898,0x00000000d0c80000)
 Metaspace       used 6475K, capacity 7216K, committed 7296K, reserved 1056768K
  class space    used 596K, capacity 616K, committed 640K, reserved 1048576K

Card table byte_map: [0x00007f68dc222000,0x00007f68dc423000] byte_map_base: 0x00007f68dbc22000

Marking Bits: (ParMarkBitMap*) 0x00007f68dea89340
 Begin Bits: [0x00007f68c6bfc000, 0x00007f68c7bfc000)
 End Bits:   [0x00007f68c7bfc000, 0x00007f68c8bfc000)

Polling page: 0x00007f68df5ea000

CodeCache: size=245760Kb used=8685Kb max_used=8695Kb free=237074Kb
 bounds [0x00007f68c9000000, 0x00007f68c98b0000, 0x00007f68d8000000]
 total_blobs=2330 nmethods=2060 adapters=185
 compilation: enabled

Compilation events (10 events):
Event: 13,990 Thread 0x00007f68d80b9000 nmethod 1850 0x00007f68c92a72d0 code [0x00007f68c92a7420, 0x00007f68c92a7518]
Event: 13,990 Thread 0x00007f68d80b9000 2049       4       com.android.dx.cf.code.Ropper::mergeAndWorkAsNecessary (102 bytes)
Event: 13,996 Thread 0x00007f68d80b9000 nmethod 2049 0x00007f68c91c1e10 code [0x00007f68c91c1fc0, 0x00007f68c91c2558]
Event: 13,996 Thread 0x00007f68d80b9000 2048       4       com.android.dx.cf.code.ExecutionStack::copy (59 bytes)
Event: 14,000 Thread 0x00007f68d80b9000 nmethod 2048 0x00007f68c9889e90 code [0x00007f68c988a000, 0x00007f68c988a438]
Event: 14,000 Thread 0x00007f68d80b9000 2071       4       com.android.dx.ssa.SCCP::setLatticeValueTo (67 bytes)
Event: 14,002 Thread 0x00007f68d80b9000 nmethod 2071 0x00007f68c9110210 code [0x00007f68c9110380, 0x00007f68c91105b8]
Event: 14,003 Thread 0x00007f68d80b9000 1992   !   4       com.android.dx.cf.cst.ConstantPoolParser::parse0 (731 bytes)
Event: 14,158 Thread 0x00007f68d80bd800 2322 %     3       com.android.dx.util.Bits::isEmpty @ 5 (26 bytes)
Event: 14,159 Thread 0x00007f68d80bd800 nmethod 2322% 0x00007f68c918ce10 code [0x00007f68c918cf80, 0x00007f68c918d230]

GC Heap History (10 events):
Event: 11,379 GC heap after
Heap after GC invocations=10 (full 2):
 PSYoungGen      total 197120K, used 65005K [0x00000000eab00000, 0x0000000100000000, 0x0000000100000000)
  eden space 132096K, 0% used [0x00000000eab00000,0x00000000eab00000,0x00000000f2c00000)
  from space 65024K, 99% used [0x00000000fc080000,0x00000000ffffb770,0x0000000100000000)
  to   space 108544K, 0% used [0x00000000f2c00000,0x00000000f2c00000,0x00000000f9600000)
 ParOldGen       total 274944K, used 173234K [0x00000000c0000000, 0x00000000d0c80000, 0x00000000eab00000)
  object space 274944K, 63% used [0x00000000c0000000,0x00000000ca92c9c0,0x00000000d0c80000)
 Metaspace       used 6382K, capacity 7152K, committed 7296K, reserved 1056768K
  class space    used 594K, capacity 616K, committed 640K, reserved 1048576K
}
Event: 11,890 GC heap before
{Heap before GC invocations=11 (full 2):
 PSYoungGen      total 197120K, used 197101K [0x00000000eab00000, 0x0000000100000000, 0x0000000100000000)
  eden space 132096K, 100% used [0x00000000eab00000,0x00000000f2c00000,0x00000000f2c00000)
  from space 65024K, 99% used [0x00000000fc080000,0x00000000ffffb770,0x0000000100000000)
  to   space 108544K, 0% used [0x00000000f2c00000,0x00000000f2c00000,0x00000000f9600000)
 ParOldGen       total 274944K, used 173234K [0x00000000c0000000, 0x00000000d0c80000, 0x00000000eab00000)
  object space 274944K, 63% used [0x00000000c0000000,0x00000000ca92c9c0,0x00000000d0c80000)
 Metaspace       used 6446K, capacity 7216K, committed 7296K, reserved 1056768K
  class space    used 594K, capacity 616K, committed 640K, reserved 1048576K
Event: 11,953 GC heap after
Heap after GC invocations=11 (full 2):
 PSYoungGen      total 191488K, used 59011K [0x00000000eab00000, 0x0000000100000000, 0x0000000100000000)
  eden space 132096K, 0% used [0x00000000eab00000,0x00000000eab00000,0x00000000f2c00000)
  from space 59392K, 99% used [0x00000000f2c00000,0x00000000f65a0ff0,0x00000000f6600000)
  to   space 109056K, 0% used [0x00000000f9580000,0x00000000f9580000,0x0000000100000000)
 ParOldGen       total 274944K, used 173234K [0x00000000c0000000, 0x00000000d0c80000, 0x00000000eab00000)
  object space 274944K, 63% used [0x00000000c0000000,0x00000000ca92c9c0,0x00000000d0c80000)
 Metaspace       used 6446K, capacity 7216K, committed 7296K, reserved 1056768K
  class space    used 594K, capacity 616K, committed 640K, reserved 1048576K
}
Event: 12,995 GC heap before
{Heap before GC invocations=12 (full 2):
 PSYoungGen      total 191488K, used 191107K [0x00000000eab00000, 0x0000000100000000, 0x0000000100000000)
  eden space 132096K, 100% used [0x00000000eab00000,0x00000000f2c00000,0x00000000f2c00000)
  from space 59392K, 99% used [0x00000000f2c00000,0x00000000f65a0ff0,0x00000000f6600000)
  to   space 109056K, 0% used [0x00000000f9580000,0x00000000f9580000,0x0000000100000000)
 ParOldGen       total 274944K, used 173234K [0x00000000c0000000, 0x00000000d0c80000, 0x00000000eab00000)
  object space 274944K, 63% used [0x00000000c0000000,0x00000000ca92c9c0,0x00000000d0c80000)
 Metaspace       used 6467K, capacity 7216K, committed 7296K, reserved 1056768K
  class space    used 594K, capacity 616K, committed 640K, reserved 1048576K
Event: 13,074 GC heap after
Heap after GC invocations=12 (full 2):
 PSYoungGen      total 225792K, used 80977K [0x00000000eab00000, 0x0000000100000000, 0x0000000100000000)
  eden space 116736K, 0% used [0x00000000eab00000,0x00000000eab00000,0x00000000f1d00000)
  from space 109056K, 74% used [0x00000000f9580000,0x00000000fe4944c8,0x0000000100000000)
  to   space 116224K, 0% used [0x00000000f1d00000,0x00000000f1d00000,0x00000000f8e80000)
 ParOldGen       total 274944K, used 173234K [0x00000000c0000000, 0x00000000d0c80000, 0x00000000eab00000)
  object space 274944K, 63% used [0x00000000c0000000,0x00000000ca92c9c0,0x00000000d0c80000)
 Metaspace       used 6467K, capacity 7216K, committed 7296K, reserved 1056768K
  class space    used 594K, capacity 616K, committed 640K, reserved 1048576K
}
Event: 13,642 GC heap before
{Heap before GC invocations=13 (full 2):
 PSYoungGen      total 225792K, used 197713K [0x00000000eab00000, 0x0000000100000000, 0x0000000100000000)
  eden space 116736K, 100% used [0x00000000eab00000,0x00000000f1d00000,0x00000000f1d00000)
  from space 109056K, 74% used [0x00000000f9580000,0x00000000fe4944c8,0x0000000100000000)
  to   space 116224K, 0% used [0x00000000f1d00000,0x00000000f1d00000,0x00000000f8e80000)
 ParOldGen       total 274944K, used 173234K [0x00000000c0000000, 0x00000000d0c80000, 0x00000000eab00000)
  object space 274944K, 63% used [0x00000000c0000000,0x00000000ca92c9c0,0x00000000d0c80000)
 Metaspace       used 6475K, capacity 7216K, committed 7296K, reserved 1056768K
  class space    used 596K, capacity 616K, committed 640K, reserved 1048576K
Event: 13,787 GC heap after
Heap after GC invocations=13 (full 2):
 PSYoungGen      total 232960K, used 98433K [0x00000000eab00000, 0x0000000100000000, 0x0000000100000000)
  eden space 116736K, 0% used [0x00000000eab00000,0x00000000eab00000,0x00000000f1d00000)
  from space 116224K, 84% used [0x00000000f1d00000,0x00000000f7d20588,0x00000000f8e80000)
  to   space 116224K, 0% used [0x00000000f8e80000,0x00000000f8e80000,0x0000000100000000)
 ParOldGen       total 274944K, used 199643K [0x00000000c0000000, 0x00000000d0c80000, 0x00000000eab00000)
  object space 274944K, 72% used [0x00000000c0000000,0x00000000cc2f6f28,0x00000000d0c80000)
 Metaspace       used 6475K, capacity 7216K, committed 7296K, reserved 1056768K
  class space    used 596K, capacity 616K, committed 640K, reserved 1048576K
}
Event: 14,220 GC heap before
{Heap before GC invocations=14 (full 2):
 PSYoungGen      total 232960K, used 215169K [0x00000000eab00000, 0x0000000100000000, 0x0000000100000000)
  eden space 116736K, 100% used [0x00000000eab00000,0x00000000f1d00000,0x00000000f1d00000)
  from space 116224K, 84% used [0x00000000f1d00000,0x00000000f7d20588,0x00000000f8e80000)
  to   space 116224K, 0% used [0x00000000f8e80000,0x00000000f8e80000,0x0000000100000000)
 ParOldGen       total 274944K, used 199643K [0x00000000c0000000, 0x00000000d0c80000, 0x00000000eab00000)
  object space 274944K, 72% used [0x00000000c0000000,0x00000000cc2f6f28,0x00000000d0c80000)
 Metaspace       used 6475K, capacity 7216K, committed 7296K, reserved 1056768K
  class space    used 596K, capacity 616K, committed 640K, reserved 1048576K
Event: 25,580 GC heap after
Heap after GC invocations=14 (full 2):
 PSYoungGen      total 232960K, used 54006K [0x00000000eab00000, 0x0000000100000000, 0x0000000100000000)
  eden space 116736K, 0% used [0x00000000eab00000,0x00000000eab00000,0x00000000f1d00000)
  from space 116224K, 46% used [0x00000000f8e80000,0x00000000fc33db08,0x0000000100000000)
  to   space 116224K, 0% used [0x00000000f1d00000,0x00000000f1d00000,0x00000000f8e80000)
 ParOldGen       total 274944K, used 253646K [0x00000000c0000000, 0x00000000d0c80000, 0x00000000eab00000)
  object space 274944K, 92% used [0x00000000c0000000,0x00000000cf7b3910,0x00000000d0c80000)
 Metaspace       used 6475K, capacity 7216K, committed 7296K, reserved 1056768K
  class space    used 596K, capacity 616K, committed 640K, reserved 1048576K
}
Event: 25,580 GC heap before
{Heap before GC invocations=15 (full 3):
 PSYoungGen      total 232960K, used 54006K [0x00000000eab00000, 0x0000000100000000, 0x0000000100000000)
  eden space 116736K, 0% used [0x00000000eab00000,0x00000000eab00000,0x00000000f1d00000)
  from space 116224K, 46% used [0x00000000f8e80000,0x00000000fc33db08,0x0000000100000000)
  to   space 116224K, 0% used [0x00000000f1d00000,0x00000000f1d00000,0x00000000f8e80000)
 ParOldGen       total 274944K, used 253646K [0x00000000c0000000, 0x00000000d0c80000, 0x00000000eab00000)
  object space 274944K, 92% used [0x00000000c0000000,0x00000000cf7b3910,0x00000000d0c80000)
 Metaspace       used 6475K, capacity 7216K, committed 7296K, reserved 1056768K
  class space    used 596K, capacity 616K, committed 640K, reserved 1048576K

Deoptimization events (10 events):
Event: 10,246 Thread 0x00007f68d8140800 Uncommon trap: reason=class_check action=maybe_recompile pc=0x00007f68c935cc5c method=com.android.dx.ssa.back.InterferenceGraph.add(II)V @ 19
Event: 11,135 Thread 0x00007f68d8142000 Uncommon trap: reason=class_check action=maybe_recompile pc=0x00007f68c97a9198 method=com.android.dx.ssa.SsaConverter.placePhiFunctions(Lcom/android/dx/ssa/SsaMethod;Lcom/android/dx/ssa/LocalVariableInfo;I)V @ 257
Event: 11,193 Thread 0x00007f68d813a000 Uncommon trap: reason=class_check action=maybe_recompile pc=0x00007f68c97a9198 method=com.android.dx.ssa.SsaConverter.placePhiFunctions(Lcom/android/dx/ssa/SsaMethod;Lcom/android/dx/ssa/LocalVariableInfo;I)V @ 257
Event: 11,577 Thread 0x00007f68d800a000 Uncommon trap: reason=bimorphic action=maybe_recompile pc=0x00007f68c975dfdc method=com.android.dx.cf.code.BytecodeArray.parseInstruction(ILcom/android/dx/cf/code/BytecodeArray$Visitor;)I @ 1357
Event: 11,578 Thread 0x00007f68d800a000 Uncommon trap: reason=bimorphic action=maybe_recompile pc=0x00007f68c975dfdc method=com.android.dx.cf.code.BytecodeArray.parseInstruction(ILcom/android/dx/cf/code/BytecodeArray$Visitor;)I @ 1357
Event: 11,688 Thread 0x00007f68d800a000 Uncommon trap: reason=bimorphic action=maybe_recompile pc=0x00007f68c975d514 method=com.android.dx.cf.code.BytecodeArray.parseInstruction(ILcom/android/dx/cf/code/BytecodeArray$Visitor;)I @ 1987
Event: 11,688 Thread 0x00007f68d800a000 Uncommon trap: reason=bimorphic action=maybe_recompile pc=0x00007f68c975d514 method=com.android.dx.cf.code.BytecodeArray.parseInstruction(ILcom/android/dx/cf/code/BytecodeArray$Visitor;)I @ 1987
Event: 12,046 Thread 0x00007f68d800a000 Uncommon trap: reason=unstable_if action=reinterpret pc=0x00007f68c973b5d0 method=com.android.dx.rop.code.DexTranslationAdvice.hasConstantOperation(Lcom/android/dx/rop/code/Rop;Lcom/android/dx/rop/code/RegisterSpec;Lcom/android/dx/rop/code/RegisterSpec;)Z
Event: 12,101 Thread 0x00007f68d800a000 Uncommon trap: reason=unstable_if action=reinterpret pc=0x00007f68c95970c0 method=com.android.dx.ssa.MoveParamCombiner$1.visitNonMoveInsn(Lcom/android/dx/ssa/NormalSsaInsn;)V @ 27
Event: 13,144 Thread 0x00007f68d800a000 Uncommon trap: reason=unstable_if action=reinterpret pc=0x00007f68c9838b00 method=com.android.dx.ssa.back.IdenticalBlockCombiner.replaceSucc(Lcom/android/dx/rop/code/BasicBlock;II)V @ 30

Internal exceptions (5 events):
Event: 0,128 Thread 0x00007f68d800a000 Exception <a 'java/lang/NoSuchMethodError': Method sun.misc.Unsafe.defineClass(Ljava/lang/String;[BII)Ljava/lang/Class; name or signature does not match> (0x00000000eab07c78) thrown at [/ssd/Android/AOSP-openjdk/external/jetbrains/jdk/hotspot/src/share/vm
Event: 0,128 Thread 0x00007f68d800a000 Exception <a 'java/lang/NoSuchMethodError': Method sun.misc.Unsafe.prefetchRead(Ljava/lang/Object;J)V name or signature does not match> (0x00000000eab07f60) thrown at [/ssd/Android/AOSP-openjdk/external/jetbrains/jdk/hotspot/src/share/vm/prims/jni.cpp, li
Event: 3,763 Thread 0x00007f68d8142000 Exception <a 'java/lang/ArrayIndexOutOfBoundsException': 18> (0x00000000edd58710) thrown at [/ssd/Android/AOSP-openjdk/external/jetbrains/jdk/hotspot/src/share/vm/interpreter/interpreterRuntime.cpp, line 366]
Event: 3,764 Thread 0x00007f68d8142000 Exception <a 'java/lang/ArrayIndexOutOfBoundsException': 145> (0x00000000edd5a290) thrown at [/ssd/Android/AOSP-openjdk/external/jetbrains/jdk/hotspot/src/share/vm/interpreter/interpreterRuntime.cpp, line 366]
Event: 3,765 Thread 0x00007f68d8142000 Exception <a 'java/lang/ArrayIndexOutOfBoundsException': 40> (0x00000000edd5b578) thrown at [/ssd/Android/AOSP-openjdk/external/jetbrains/jdk/hotspot/src/share/vm/interpreter/interpreterRuntime.cpp, line 366]

Events (10 events):
Event: 14,218 Thread 0x00007f68d8140800 DEOPT UNPACKING pc=0x00007f68c9046f73 sp=0x00007f68a78f6ca8 mode 0
Event: 14,218 Thread 0x00007f68d813a000 DEOPT PACKING pc=0x00007f68c92e942d sp=0x00007f68a7bf9db0
Event: 14,218 Thread 0x00007f68d813a000 DEOPT UNPACKING pc=0x00007f68c9046f73 sp=0x00007f68a7bf9b38 mode 0
Event: 14,219 Thread 0x00007f68d8140800 DEOPT PACKING pc=0x00007f68c9354a08 sp=0x00007f68a78f6f20
Event: 14,219 Thread 0x00007f68d8140800 DEOPT UNPACKING pc=0x00007f68c9046f73 sp=0x00007f68a78f6ca8 mode 0
Event: 14,219 Thread 0x00007f68d813a000 DEOPT PACKING pc=0x00007f68c92e942d sp=0x00007f68a7bf9db0
Event: 14,219 Thread 0x00007f68d813a000 DEOPT UNPACKING pc=0x00007f68c9046f73 sp=0x00007f68a7bf9b38 mode 0
Event: 14,219 Thread 0x00007f68d8140800 DEOPT PACKING pc=0x00007f68c9354a08 sp=0x00007f68a78f6f20
Event: 14,219 Thread 0x00007f68d8140800 DEOPT UNPACKING pc=0x00007f68c9046f73 sp=0x00007f68a78f6ca8 mode 0
Event: 14,219 Executing VM operation: ParallelGCFailedAllocation


Dynamic libraries:
00400000-00401000 r-xp 00000000 08:01 25956432                           /usr/local/android-studio/jre/bin/java
00600000-00601000 r--p 00000000 08:01 25956432                           /usr/local/android-studio/jre/bin/java
00601000-00602000 rw-p 00001000 08:01 25956432                           /usr/local/android-studio/jre/bin/java
016fb000-0171c000 rw-p 00000000 00:00 0                                  [heap]
c0000000-d0c80000 rw-p 00000000 00:00 0 
d3d80000-eab00000 ---p 00000000 00:00 0 
eab00000-100000000 rw-p 00000000 00:00 0 
100000000-1000a0000 rw-p 00000000 00:00 0 
1000a0000-140000000 ---p 00000000 00:00 0 
7f6874000000-7f68741ce000 rw-p 00000000 00:00 0 
7f68741ce000-7f6878000000 ---p 00000000 00:00 0 
7f687c000000-7f687c10b000 rw-p 00000000 00:00 0 
7f687c10b000-7f6880000000 ---p 00000000 00:00 0 
7f6880000000-7f6880183000 rw-p 00000000 00:00 0 
7f6880183000-7f6884000000 ---p 00000000 00:00 0 
7f6884000000-7f688420b000 rw-p 00000000 00:00 0 
7f688420b000-7f6888000000 ---p 00000000 00:00 0 
7f6888000000-7f6888021000 rw-p 00000000 00:00 0 
7f6888021000-7f688c000000 ---p 00000000 00:00 0 
7f688c000000-7f688c021000 rw-p 00000000 00:00 0 
7f688c021000-7f6890000000 ---p 00000000 00:00 0 
7f6890000000-7f6890021000 rw-p 00000000 00:00 0 
7f6890021000-7f6894000000 ---p 00000000 00:00 0 
7f6894000000-7f6894688000 rw-p 00000000 00:00 0 
7f6894688000-7f6898000000 ---p 00000000 00:00 0 
7f6898000000-7f689873b000 rw-p 00000000 00:00 0 
7f689873b000-7f689c000000 ---p 00000000 00:00 0 
7f689c000000-7f689cfab000 rw-p 00000000 00:00 0 
7f689cfab000-7f68a0000000 ---p 00000000 00:00 0 
7f68a0000000-7f68a0021000 rw-p 00000000 00:00 0 
7f68a0021000-7f68a4000000 ---p 00000000 00:00 0 
7f68a76f7000-7f68a76fa000 ---p 00000000 00:00 0 
7f68a76fa000-7f68a77f8000 rw-p 00000000 00:00 0 
7f68a77f8000-7f68a77fb000 ---p 00000000 00:00 0 
7f68a77fb000-7f68a78f9000 rw-p 00000000 00:00 0 
7f68a78f9000-7f68a78fc000 ---p 00000000 00:00 0 
7f68a78fc000-7f68a79fa000 rw-p 00000000 00:00 0 
7f68a79fa000-7f68a79fd000 ---p 00000000 00:00 0 
7f68a79fd000-7f68a7afb000 rw-p 00000000 00:00 0 
7f68a7afb000-7f68a7afe000 ---p 00000000 00:00 0 
7f68a7afe000-7f68a7bfc000 rw-p 00000000 00:00 0 
7f68a7bfc000-7f68a7bfd000 ---p 00000000 00:00 0 
7f68a7bfd000-7f68a7cfd000 rw-p 00000000 00:00 0 
7f68a7cfd000-7f68a7d00000 ---p 00000000 00:00 0 
7f68a7d00000-7f68a7dfe000 rw-p 00000000 00:00 0 
7f68a7dfe000-7f68a7e01000 ---p 00000000 00:00 0 
7f68a7e01000-7f68a7eff000 rw-p 00000000 00:00 0 
7f68a7eff000-7f68a7f02000 ---p 00000000 00:00 0 
7f68a7f02000-7f68a8000000 rw-p 00000000 00:00 0 
7f68a8000000-7f68a8021000 rw-p 00000000 00:00 0 
7f68a8021000-7f68ac000000 ---p 00000000 00:00 0 
7f68ac000000-7f68ac021000 rw-p 00000000 00:00 0 
7f68ac021000-7f68b0000000 ---p 00000000 00:00 0 
7f68b0000000-7f68b0021000 rw-p 00000000 00:00 0 
7f68b0021000-7f68b4000000 ---p 00000000 00:00 0 
7f68b4000000-7f68b4289000 rw-p 00000000 00:00 0 
7f68b4289000-7f68b8000000 ---p 00000000 00:00 0 
7f68b8000000-7f68b8021000 rw-p 00000000 00:00 0 
7f68b8021000-7f68bc000000 ---p 00000000 00:00 0 
7f68bc000000-7f68bc021000 rw-p 00000000 00:00 0 
7f68bc021000-7f68c0000000 ---p 00000000 00:00 0 
7f68c0000000-7f68c0021000 rw-p 00000000 00:00 0 
7f68c0021000-7f68c4000000 ---p 00000000 00:00 0 
7f68c405f000-7f68c406e000 r--s 000e4000 08:01 7213429                    /home/vlad/Android/Sdk/build-tools/26.0.1/lib/dx.jar
7f68c4071000-7f68c4074000 ---p 00000000 00:00 0 
7f68c4074000-7f68c4172000 rw-p 00000000 00:00 0 
7f68c4172000-7f68c4175000 ---p 00000000 00:00 0 
7f68c4175000-7f68c4273000 rw-p 00000000 00:00 0 
7f68c4273000-7f68c4db0000 r--p 00000000 08:01 1055535                    /usr/lib/locale/locale-archive
7f68c4db1000-7f68c4db4000 ---p 00000000 00:00 0 
7f68c4db4000-7f68c4eb2000 rw-p 00000000 00:00 0 
7f68c4eb2000-7f68c4eb5000 ---p 00000000 00:00 0 
7f68c4eb5000-7f68c4fb3000 rw-p 00000000 00:00 0 
7f68c4fb3000-7f68c4fb4000 ---p 00000000 00:00 0 
7f68c4fb4000-7f68c6026000 rw-p 00000000 00:00 0 
7f68c6026000-7f68c61f5000 r--s 03c1b000 08:01 25956489                   /usr/local/android-studio/jre/jre/lib/rt.jar
7f68c61fc000-7f68c687c000 rw-p 00000000 00:00 0 
7f68c687c000-7f68c69fc000 ---p 00000000 00:00 0 
7f68c69fc000-7f68c8bfc000 rw-p 00000000 00:00 0 
7f68c8bfc000-7f68c8bfd000 ---p 00000000 00:00 0 
7f68c8bfd000-7f68c8cfd000 rw-p 00000000 00:00 0 
7f68c8cfd000-7f68c8cfe000 ---p 00000000 00:00 0 
7f68c8cfe000-7f68c8dfe000 rw-p 00000000 00:00 0 
7f68c8dfe000-7f68c8dff000 ---p 00000000 00:00 0 
7f68c8dff000-7f68c8eff000 rw-p 00000000 00:00 0 
7f68c8eff000-7f68c8f00000 ---p 00000000 00:00 0 
7f68c8f00000-7f68c9000000 rw-p 00000000 00:00 0 
7f68c9000000-7f68c98b0000 rwxp 00000000 00:00 0 
7f68c98b0000-7f68d8000000 ---p 00000000 00:00 0 
7f68d8000000-7f68d837f000 rw-p 00000000 00:00 0 
7f68d837f000-7f68dc000000 ---p 00000000 00:00 0 
7f68dc014000-7f68dc153000 rw-p 00000000 00:00 0 
7f68dc153000-7f68dc222000 ---p 00000000 00:00 0 
7f68dc222000-7f68dc2a9000 rw-p 00000000 00:00 0 
7f68dc2a9000-7f68dc377000 ---p 00000000 00:00 0 
7f68dc377000-7f68dc422000 rw-p 00000000 00:00 0 
7f68dc422000-7f68dc446000 rw-p 00000000 00:00 0 
7f68dc446000-7f68dc7e3000 ---p 00000000 00:00 0 
7f68dc7e3000-7f68dc7fd000 r-xp 00000000 08:01 25956516                   /usr/local/android-studio/jre/jre/lib/amd64/libzip.so
7f68dc7fd000-7f68dc9fd000 ---p 0001a000 08:01 25956516                   /usr/local/android-studio/jre/jre/lib/amd64/libzip.so
7f68dc9fd000-7f68dc9fe000 r--p 0001a000 08:01 25956516                   /usr/local/android-studio/jre/jre/lib/amd64/libzip.so
7f68dc9fe000-7f68dc9ff000 rw-p 0001b000 08:01 25956516                   /usr/local/android-studio/jre/jre/lib/amd64/libzip.so
7f68dca03000-7f68dca0e000 r-xp 00000000 08:01 11407910                   /lib/x86_64-linux-gnu/libnss_files-2.23.so
7f68dca0e000-7f68dcc0d000 ---p 0000b000 08:01 11407910                   /lib/x86_64-linux-gnu/libnss_files-2.23.so
7f68dcc0d000-7f68dcc0e000 r--p 0000a000 08:01 11407910                   /lib/x86_64-linux-gnu/libnss_files-2.23.so
7f68dcc0e000-7f68dcc0f000 rw-p 0000b000 08:01 11407910                   /lib/x86_64-linux-gnu/libnss_files-2.23.so
7f68dcc0f000-7f68dcc15000 rw-p 00000000 00:00 0 
7f68dcc1b000-7f68dcc26000 r-xp 00000000 08:01 11407920                   /lib/x86_64-linux-gnu/libnss_nis-2.23.so
7f68dcc26000-7f68dce25000 ---p 0000b000 08:01 11407920                   /lib/x86_64-linux-gnu/libnss_nis-2.23.so
7f68dce25000-7f68dce26000 r--p 0000a000 08:01 11407920                   /lib/x86_64-linux-gnu/libnss_nis-2.23.so
7f68dce26000-7f68dce27000 rw-p 0000b000 08:01 11407920                   /lib/x86_64-linux-gnu/libnss_nis-2.23.so
7f68dce2b000-7f68dce41000 r-xp 00000000 08:01 11407904                   /lib/x86_64-linux-gnu/libnsl-2.23.so
7f68dce41000-7f68dd040000 ---p 00016000 08:01 11407904                   /lib/x86_64-linux-gnu/libnsl-2.23.so
7f68dd040000-7f68dd041000 r--p 00015000 08:01 11407904                   /lib/x86_64-linux-gnu/libnsl-2.23.so
7f68dd041000-7f68dd042000 rw-p 00016000 08:01 11407904                   /lib/x86_64-linux-gnu/libnsl-2.23.so
7f68dd042000-7f68dd044000 rw-p 00000000 00:00 0 
7f68dd04b000-7f68dd053000 r-xp 00000000 08:01 11407906                   /lib/x86_64-linux-gnu/libnss_compat-2.23.so
7f68dd053000-7f68dd252000 ---p 00008000 08:01 11407906                   /lib/x86_64-linux-gnu/libnss_compat-2.23.so
7f68dd252000-7f68dd253000 r--p 00007000 08:01 11407906                   /lib/x86_64-linux-gnu/libnss_compat-2.23.so
7f68dd253000-7f68dd254000 rw-p 00008000 08:01 11407906                   /lib/x86_64-linux-gnu/libnss_compat-2.23.so
7f68dd25b000-7f68dd288000 r-xp 00000000 08:01 25956526                   /usr/local/android-studio/jre/jre/lib/amd64/libjava.so
7f68dd288000-7f68dd487000 ---p 0002d000 08:01 25956526                   /usr/local/android-studio/jre/jre/lib/amd64/libjava.so
7f68dd487000-7f68dd488000 r--p 0002c000 08:01 25956526                   /usr/local/android-studio/jre/jre/lib/amd64/libjava.so
7f68dd488000-7f68dd48a000 rw-p 0002d000 08:01 25956526                   /usr/local/android-studio/jre/jre/lib/amd64/libjava.so
7f68dd48b000-7f68dd49b000 r-xp 00000000 08:01 25956542                   /usr/local/android-studio/jre/jre/lib/amd64/libverify.so
7f68dd49b000-7f68dd69a000 ---p 00010000 08:01 25956542                   /usr/local/android-studio/jre/jre/lib/amd64/libverify.so
7f68dd69a000-7f68dd69c000 r--p 0000f000 08:01 25956542                   /usr/local/android-studio/jre/jre/lib/amd64/libverify.so
7f68dd69c000-7f68dd69d000 rw-p 00011000 08:01 25956542                   /usr/local/android-studio/jre/jre/lib/amd64/libverify.so
7f68dd6a3000-7f68dd6aa000 r-xp 00000000 08:01 11407965                   /lib/x86_64-linux-gnu/librt-2.23.so
7f68dd6aa000-7f68dd8a9000 ---p 00007000 08:01 11407965                   /lib/x86_64-linux-gnu/librt-2.23.so
7f68dd8a9000-7f68dd8aa000 r--p 00006000 08:01 11407965                   /lib/x86_64-linux-gnu/librt-2.23.so
7f68dd8aa000-7f68dd8ab000 rw-p 00007000 08:01 11407965                   /lib/x86_64-linux-gnu/librt-2.23.so
7f68dd8ab000-7f68dd9b3000 r-xp 00000000 08:01 11407881                   /lib/x86_64-linux-gnu/libm-2.23.so
7f68dd9b3000-7f68ddbb2000 ---p 00108000 08:01 11407881                   /lib/x86_64-linux-gnu/libm-2.23.so
7f68ddbb2000-7f68ddbb3000 r--p 00107000 08:01 11407881                   /lib/x86_64-linux-gnu/libm-2.23.so
7f68ddbb3000-7f68ddbb4000 rw-p 00108000 08:01 11407881                   /lib/x86_64-linux-gnu/libm-2.23.so
7f68ddbbb000-7f68de7ac000 r-xp 00000000 08:01 25956546                   /usr/local/android-studio/jre/jre/lib/amd64/server/libjvm.so
7f68de7ac000-7f68de9ac000 ---p 00bf1000 08:01 25956546                   /usr/local/android-studio/jre/jre/lib/amd64/server/libjvm.so
7f68de9ac000-7f68dea4b000 r--p 00bf1000 08:01 25956546                   /usr/local/android-studio/jre/jre/lib/amd64/server/libjvm.so
7f68dea4b000-7f68dea74000 rw-p 00c90000 08:01 25956546                   /usr/local/android-studio/jre/jre/lib/amd64/server/libjvm.so
7f68dea74000-7f68deab8000 rw-p 00000000 00:00 0 
7f68deabb000-7f68dead3000 r-xp 00000000 08:01 11407957                   /lib/x86_64-linux-gnu/libpthread-2.23.so
7f68dead3000-7f68decd2000 ---p 00018000 08:01 11407957                   /lib/x86_64-linux-gnu/libpthread-2.23.so
7f68decd2000-7f68decd3000 r--p 00017000 08:01 11407957                   /lib/x86_64-linux-gnu/libpthread-2.23.so
7f68decd3000-7f68decd4000 rw-p 00018000 08:01 11407957                   /lib/x86_64-linux-gnu/libpthread-2.23.so
7f68decd4000-7f68decd8000 rw-p 00000000 00:00 0 
7f68decdb000-7f68decde000 r-xp 00000000 08:01 11407835                   /lib/x86_64-linux-gnu/libdl-2.23.so
7f68decde000-7f68deedd000 ---p 00003000 08:01 11407835                   /lib/x86_64-linux-gnu/libdl-2.23.so
7f68deedd000-7f68deede000 r--p 00002000 08:01 11407835                   /lib/x86_64-linux-gnu/libdl-2.23.so
7f68deede000-7f68deedf000 rw-p 00003000 08:01 11407835                   /lib/x86_64-linux-gnu/libdl-2.23.so
7f68deee3000-7f68df0a3000 r-xp 00000000 08:01 11407811                   /lib/x86_64-linux-gnu/libc-2.23.so
7f68df0a3000-7f68df2a3000 ---p 001c0000 08:01 11407811                   /lib/x86_64-linux-gnu/libc-2.23.so
7f68df2a3000-7f68df2a7000 r--p 001c0000 08:01 11407811                   /lib/x86_64-linux-gnu/libc-2.23.so
7f68df2a7000-7f68df2a9000 rw-p 001c4000 08:01 11407811                   /lib/x86_64-linux-gnu/libc-2.23.so
7f68df2a9000-7f68df2ad000 rw-p 00000000 00:00 0 
7f68df2b3000-7f68df2c9000 r-xp 00000000 08:01 25956406                   /usr/local/android-studio/jre/lib/amd64/jli/libjli.so
7f68df2c9000-7f68df4c8000 ---p 00016000 08:01 25956406                   /usr/local/android-studio/jre/lib/amd64/jli/libjli.so
7f68df4c8000-7f68df4c9000 r--p 00015000 08:01 25956406                   /usr/local/android-studio/jre/lib/amd64/jli/libjli.so
7f68df4c9000-7f68df4ca000 rw-p 00016000 08:01 25956406                   /usr/local/android-studio/jre/lib/amd64/jli/libjli.so
7f68df4cb000-7f68df4f1000 r-xp 00000000 08:01 11407783                   /lib/x86_64-linux-gnu/ld-2.23.so
7f68df4f6000-7f68df5db000 rw-p 00000000 00:00 0 
7f68df5db000-7f68df5e3000 rw-s 00000000 08:01 6690308                    /tmp/hsperfdata_vlad/21952
7f68df5e9000-7f68df5ea000 rw-p 00000000 00:00 0 
7f68df5ea000-7f68df5eb000 ---p 00000000 00:00 0 
7f68df5eb000-7f68df5ee000 ---p 00000000 00:00 0 
7f68df5ee000-7f68df6f0000 rw-p 00000000 00:00 0 
7f68df6f0000-7f68df6f1000 r--p 00025000 08:01 11407783                   /lib/x86_64-linux-gnu/ld-2.23.so
7f68df6f1000-7f68df6f2000 rw-p 00026000 08:01 11407783                   /lib/x86_64-linux-gnu/ld-2.23.so
7f68df6f2000-7f68df6f5000 rw-p 00000000 00:00 0 
7ffc472d0000-7ffc472f1000 rw-p 00000000 00:00 0                          [stack]
7ffc473cb000-7ffc473cd000 r--p 00000000 00:00 0                          [vvar]
7ffc473cd000-7ffc473cf000 r-xp 00000000 00:00 0                          [vdso]
ffffffffff600000-ffffffffff601000 r-xp 00000000 00:00 0                  [vsyscall]

VM Arguments:
jvm_args: -Djava.awt.headless=true -Xmx1024M -Dfile.encoding=UTF-8 -Duser.country=US -Duser.language=en -Duser.variant 
java_command: com.android.dx.command.Main --dex --num-threads=4 --output /home/vlad/Documents/Projects/revert/platforms/android/build/intermediates/pre-dexed/debug/com.google.android.gms-play-services-ads-11.0.4_3cbcdfdfcccf7c0a77ff333620d331e0ad8b6771.jar /home/vlad/Documents/Projects/revert/platforms/android/build/intermediates/exploded-aar/com.google.android.gms/play-services-ads/11.0.4/jars/classes.jar
java_class_path (initial): /home/vlad/Android/Sdk/build-tools/26.0.1/lib/dx.jar
Launcher Type: SUN_STANDARD

Environment Variables:
PATH=/home/vlad/bin:/home/vlad/.local/bin:/usr/local/sbin:/usr/local/bin:/usr/sbin:/usr/bin:/sbin:/bin:/usr/games:/usr/local/games:/snap/bin
LD_LIBRARY_PATH=/usr/local/android-studio/bin:
SHELL=/bin/bash
DISPLAY=:0

Signal Handlers:
SIGSEGV: [libjvm.so+0x9e5150], sa_mask[0]=11111111011111111101111111111110, sa_flags=SA_RESTART|SA_SIGINFO
SIGBUS: [libjvm.so+0x9e5150], sa_mask[0]=11111111011111111101111111111110, sa_flags=SA_RESTART|SA_SIGINFO
SIGFPE: [libjvm.so+0x848450], sa_mask[0]=11111111011111111101111111111110, sa_flags=SA_RESTART|SA_SIGINFO
SIGPIPE: [libjvm.so+0x848450], sa_mask[0]=11111111011111111101111111111110, sa_flags=SA_RESTART|SA_SIGINFO
SIGXFSZ: [libjvm.so+0x848450], sa_mask[0]=11111111011111111101111111111110, sa_flags=SA_RESTART|SA_SIGINFO
SIGILL: [libjvm.so+0x848450], sa_mask[0]=11111111011111111101111111111110, sa_flags=SA_RESTART|SA_SIGINFO
SIGUSR1: SIG_DFL, sa_mask[0]=00000000000000000000000000000000, sa_flags=none
SIGUSR2: [libjvm.so+0x848320], sa_mask[0]=00100000000000000000000000000000, sa_flags=SA_RESTART|SA_SIGINFO
SIGHUP: [libjvm.so+0x848510], sa_mask[0]=11111111011111111101111111111110, sa_flags=SA_RESTART|SA_SIGINFO
SIGINT: [libjvm.so+0x848510], sa_mask[0]=11111111011111111101111111111110, sa_flags=SA_RESTART|SA_SIGINFO
SIGTERM: [libjvm.so+0x848510], sa_mask[0]=11111111011111111101111111111110, sa_flags=SA_RESTART|SA_SIGINFO
SIGQUIT: [libjvm.so+0x848510], sa_mask[0]=11111111011111111101111111111110, sa_flags=SA_RESTART|SA_SIGINFO


---------------  S Y S T E M  ---------------

OS:DISTRIB_ID=Ubuntu
DISTRIB_RELEASE=16.04
DISTRIB_CODENAME=xenial
DISTRIB_DESCRIPTION="Ubuntu 16.04.3 LTS"

uname:Linux 4.10.0-37-generic #41~16.04.1-Ubuntu SMP Fri Oct 6 22:42:59 UTC 2017 x86_64
libc:glibc 2.23 NPTL 2.23 
rlimit: STACK 8192k, CORE 0k, NPROC 31581, NOFILE 1048576, AS infinity
load average:13,52 5,58 3,58

/proc/meminfo:
MemTotal:        8202820 kB
MemFree:          103188 kB
MemAvailable:          0 kB
Buffers:             812 kB
Cached:            99296 kB
SwapCached:            0 kB
Active:          7644348 kB
Inactive:          84916 kB
Active(anon):    7632256 kB
Inactive(anon):    73348 kB
Active(file):      12092 kB
Inactive(file):    11568 kB
Unevictable:         488 kB
Mlocked:             488 kB
SwapTotal:             0 kB
SwapFree:              0 kB
Dirty:                60 kB
Writeback:           740 kB
AnonPages:       7629688 kB
Mapped:           158112 kB
Shmem:             76404 kB
Slab:             107524 kB
SReclaimable:      43280 kB
SUnreclaim:        64244 kB
KernelStack:       18224 kB
PageTables:        77144 kB
NFS_Unstable:          0 kB
Bounce:                0 kB
WritebackTmp:          0 kB
CommitLimit:     4101408 kB
Committed_AS:   16488548 kB
VmallocTotal:   34359738367 kB
VmallocUsed:           0 kB
VmallocChunk:          0 kB
HardwareCorrupted:     0 kB
AnonHugePages:   3063808 kB
ShmemHugePages:        0 kB
ShmemPmdMapped:        0 kB
CmaTotal:              0 kB
CmaFree:               0 kB
HugePages_Total:       0
HugePages_Free:        0
HugePages_Rsvd:        0
HugePages_Surp:        0
Hugepagesize:       2048 kB
DirectMap4k:      362944 kB
DirectMap2M:     8054784 kB
DirectMap1G:           0 kB


CPU:total 4 (4 cores per cpu, 1 threads per core) family 21 model 2 stepping 0, cmov, cx8, fxsr, mmx, sse, sse2, sse3, ssse3, sse4.1, sse4.2, popcnt, avx, aes, clmul, mmxext, 3dnowpref, lzcnt, sse4a, tsc, tscinvbit, tscinv, bmi1

/proc/cpuinfo:
processor	: 0
vendor_id	: AuthenticAMD
cpu family	: 21
model		: 2
model name	: AMD FX(tm)-4300 Quad-Core Processor
stepping	: 0
microcode	: 0x600081f
cpu MHz		: 3800.000
cache size	: 2048 KB
physical id	: 0
siblings	: 4
core id		: 0
cpu cores	: 2
apicid		: 16
initial apicid	: 0
fpu		: yes
fpu_exception	: yes
cpuid level	: 13
wp		: yes
flags		: fpu vme de pse tsc msr pae mce cx8 apic sep mtrr pge mca cmov pat pse36 clflush mmx fxsr sse sse2 ht syscall nx mmxext fxsr_opt pdpe1gb rdtscp lm constant_tsc rep_good nopl nonstop_tsc extd_apicid aperfmperf pni pclmulqdq monitor ssse3 fma cx16 sse4_1 sse4_2 popcnt aes xsave avx f16c lahf_lm cmp_legacy svm extapic cr8_legacy abm sse4a misalignsse 3dnowprefetch osvw ibs xop skinit wdt lwp fma4 tce nodeid_msr tbm topoext perfctr_core perfctr_nb cpb hw_pstate vmmcall bmi1 arat npt lbrv svm_lock nrip_save tsc_scale vmcb_clean flushbyasid decodeassists pausefilter pfthreshold
bugs		: fxsave_leak sysret_ss_attrs null_seg
bogomips	: 7634.87
TLB size	: 1536 4K pages
clflush size	: 64
cache_alignment	: 64
address sizes	: 48 bits physical, 48 bits virtual
power management: ts ttp tm 100mhzsteps hwpstate cpb eff_freq_ro

processor	: 1
vendor_id	: AuthenticAMD
cpu family	: 21
model		: 2
model name	: AMD FX(tm)-4300 Quad-Core Processor
stepping	: 0
microcode	: 0x600081f
cpu MHz		: 1400.000
cache size	: 2048 KB
physical id	: 0
siblings	: 4
core id		: 1
cpu cores	: 2
apicid		: 17
initial apicid	: 1
fpu		: yes
fpu_exception	: yes
cpuid level	: 13
wp		: yes
flags		: fpu vme de pse tsc msr pae mce cx8 apic sep mtrr pge mca cmov pat pse36 clflush mmx fxsr sse sse2 ht syscall nx mmxext fxsr_opt pdpe1gb rdtscp lm constant_tsc rep_good nopl nonstop_tsc extd_apicid aperfmperf pni pclmulqdq monitor ssse3 fma cx16 sse4_1 sse4_2 popcnt aes xsave avx f16c lahf_lm cmp_legacy svm extapic cr8_legacy abm sse4a misalignsse 3dnowprefetch osvw ibs xop skinit wdt lwp fma4 tce nodeid_msr tbm topoext perfctr_core perfctr_nb cpb hw_pstate vmmcall bmi1 arat npt lbrv svm_lock nrip_save tsc_scale vmcb_clean flushbyasid decodeassists pausefilter pfthreshold
bugs		: fxsave_leak sysret_ss_attrs null_seg
bogomips	: 7634.87
TLB size	: 1536 4K pages
clflush size	: 64
cache_alignment	: 64
address sizes	: 48 bits physical, 48 bits virtual
power management: ts ttp tm 100mhzsteps hwpstate cpb eff_freq_ro

processor	: 2
vendor_id	: AuthenticAMD
cpu family	: 21
model		: 2
model name	: AMD FX(tm)-4300 Quad-Core Processor
stepping	: 0
microcode	: 0x600081f
cpu MHz		: 1400.000
cache size	: 2048 KB
physical id	: 0
siblings	: 4
core id		: 2
cpu cores	: 2
apicid		: 18
initial apicid	: 2
fpu		: yes
fpu_exception	: yes
cpuid level	: 13
wp		: yes
flags		: fpu vme de pse tsc msr pae mce cx8 apic sep mtrr pge mca cmov pat pse36 clflush mmx fxsr sse sse2 ht syscall nx mmxext fxsr_opt pdpe1gb rdtscp lm constant_tsc rep_good nopl nonstop_tsc extd_apicid aperfmperf pni pclmulqdq monitor ssse3 fma cx16 sse4_1 sse4_2 popcnt aes xsave avx f16c lahf_lm cmp_legacy svm extapic cr8_legacy abm sse4a misalignsse 3dnowprefetch osvw ibs xop skinit wdt lwp fma4 tce nodeid_msr tbm topoext perfctr_core perfctr_nb cpb hw_pstate vmmcall bmi1 arat npt lbrv svm_lock nrip_save tsc_scale vmcb_clean flushbyasid decodeassists pausefilter pfthreshold
bugs		: fxsave_leak sysret_ss_attrs null_seg
bogomips	: 7634.87
TLB size	: 1536 4K pages
clflush size	: 64
cache_alignment	: 64
address sizes	: 48 bits physical, 48 bits virtual
power management: ts ttp tm 100mhzsteps hwpstate cpb eff_freq_ro

processor	: 3
vendor_id	: AuthenticAMD
cpu family	: 21
model		: 2
model name	: AMD FX(tm)-4300 Quad-Core Processor
stepping	: 0
microcode	: 0x600081f
cpu MHz		: 1800.000
cache size	: 2048 KB
physical id	: 0
siblings	: 4
core id		: 3
cpu cores	: 2
apicid		: 19
initial apicid	: 3
fpu		: yes
fpu_exception	: yes
cpuid level	: 13
wp		: yes
flags		: fpu vme de pse tsc msr pae mce cx8 apic sep mtrr pge mca cmov pat pse36 clflush mmx fxsr sse sse2 ht syscall nx mmxext fxsr_opt pdpe1gb rdtscp lm constant_tsc rep_good nopl nonstop_tsc extd_apicid aperfmperf pni pclmulqdq monitor ssse3 fma cx16 sse4_1 sse4_2 popcnt aes xsave avx f16c lahf_lm cmp_legacy svm extapic cr8_legacy abm sse4a misalignsse 3dnowprefetch osvw ibs xop skinit wdt lwp fma4 tce nodeid_msr tbm topoext perfctr_core perfctr_nb cpb hw_pstate vmmcall bmi1 arat npt lbrv svm_lock nrip_save tsc_scale vmcb_clean flushbyasid decodeassists pausefilter pfthreshold
bugs		: fxsave_leak sysret_ss_attrs null_seg
bogomips	: 7634.87
TLB size	: 1536 4K pages
clflush size	: 64
cache_alignment	: 64
address sizes	: 48 bits physical, 48 bits virtual
power management: ts ttp tm 100mhzsteps hwpstate cpb eff_freq_ro



Memory: 4k page, physical 8202820k(103264k free), swap 0k(0k free)

vm_info: OpenJDK 64-Bit Server VM (25.112-b06) for linux-amd64 JRE (1.8.0_112-release-b06), built on Dec  6 2016 12:11:18 by "builder" with gcc 4.8.4

time: Thu Oct 26 09:00:06 2017
elapsed time: 35 seconds (0d 0h 0m 35s)

