#
# There is insufficient memory for the Java Runtime Environment to continue.
# Native memory allocation (mmap) failed to map 143130624 bytes for committing reserved memory.
# Possible reasons:
#   The system is out of physical RAM or swap space
#   In 32 bit mode, the process size limit was hit
# Possible solutions:
#   Reduce memory load on the system
#   Increase physical memory or swap space
#   Check if swap backing store is full
#   Use 64 bit Java on a 64 bit OS
#   Decrease Java heap size (-Xmx/-Xms)
#   Decrease number of Java threads
#   Decrease Java thread stack sizes (-Xss)
#   Set larger code cache with -XX:ReservedCodeCacheSize=
# This output file may be truncated or incomplete.
#
#  Out of Memory Error (os_linux.cpp:2627), pid=5872, tid=0x00007f0c6cfa9700
#
# JRE version: OpenJDK Runtime Environment (8.0_112-b06) (build 1.8.0_112-release-b06)
# Java VM: OpenJDK 64-Bit Server VM (25.112-b06 mixed mode linux-amd64 compressed oops)
# Failed to write core dump. Core dumps have been disabled. To enable core dumping, try "ulimit -c unlimited" before starting Java again
#

---------------  T H R E A D  ---------------

Current thread (0x00007f0c80077800):  VMThread [stack: 0x00007f0c6cea9000,0x00007f0c6cfaa000] [id=5897]

Stack: [0x00007f0c6cea9000,0x00007f0c6cfaa000],  sp=0x00007f0c6cfa84d0,  free space=1021k
Native frames: (J=compiled Java code, j=interpreted, Vv=VM code, C=native code)
V  [libjvm.so+0x9e465d]  VMError::report_and_die()+0x15d
V  [libjvm.so+0x4b6ada]  report_vm_out_of_memory(char const*, int, unsigned long, VMErrorType, char const*)+0x8a
V  [libjvm.so+0x84c860]  os::pd_commit_memory(char*, unsigned long, unsigned long, bool)+0xf0
V  [libjvm.so+0x84737f]  os::commit_memory(char*, unsigned long, unsigned long, bool)+0x1f
V  [libjvm.so+0x8bd3db]  PSVirtualSpace::expand_by(unsigned long)+0x5b
V  [libjvm.so+0x8ae1bb]  PSOldGen::expand_by(unsigned long) [clone .part.109]+0x1b
V  [libjvm.so+0x8ae37b]  PSOldGen::expand(unsigned long) [clone .part.111]+0xdb
V  [libjvm.so+0x8aec58]  PSOldGen::resize(unsigned long)+0x188
V  [libjvm.so+0x8b426c]  PSParallelCompact::invoke_no_policy(bool)+0x97c
V  [libjvm.so+0x8bb37d]  PSScavenge::invoke()+0x17d
V  [libjvm.so+0x86fcf3]  ParallelScavengeHeap::failed_mem_allocate(unsigned long)+0x63
V  [libjvm.so+0x9e6124]  VM_ParallelGCFailedAllocation::doit()+0x84
V  [libjvm.so+0x9ea537]  VM_Operation::evaluate()+0x47
V  [libjvm.so+0x9e8ff8]  VMThread::evaluate_operation(VM_Operation*)+0x2c8
V  [libjvm.so+0x9e9479]  VMThread::loop()+0x219
V  [libjvm.so+0x9e98c2]  VMThread::run()+0x72
V  [libjvm.so+0x849c82]  java_start(Thread*)+0xf2

VM_Operation (0x00007f0c4faf9080): ParallelGCFailedAllocation, mode: safepoint, requested by thread 0x00007f0c80148800


---------------  P R O C E S S  ---------------

Java Threads: ( => current thread )
  0x00007f0c80150800 JavaThread "pool-1-thread-4" [_thread_blocked, id=5924, stack(0x00007f0c4f5f6000,0x00007f0c4f6f7000)]
  0x00007f0c8014f000 JavaThread "pool-1-thread-3" [_thread_blocked, id=5923, stack(0x00007f0c4f6f7000,0x00007f0c4f7f8000)]
  0x00007f0c8014d000 JavaThread "pool-1-thread-2" [_thread_blocked, id=5921, stack(0x00007f0c4f7f8000,0x00007f0c4f8f9000)]
  0x00007f0c8014a000 JavaThread "pool-2-thread-1" [_thread_blocked, id=5920, stack(0x00007f0c4f8f9000,0x00007f0c4f9fa000)]
  0x00007f0c80148800 JavaThread "pool-1-thread-1" [_thread_blocked, id=5918, stack(0x00007f0c4f9fa000,0x00007f0c4fafb000)]
  0x00007f0c800c0800 JavaThread "Service Thread" daemon [_thread_blocked, id=5904, stack(0x00007f0c4fbfc000,0x00007f0c4fcfd000)]
  0x00007f0c800bd800 JavaThread "C1 CompilerThread2" daemon [_thread_blocked, id=5903, stack(0x00007f0c4fcfd000,0x00007f0c4fdfe000)]
  0x00007f0c800bc000 JavaThread "C2 CompilerThread1" daemon [_thread_blocked, id=5902, stack(0x00007f0c4fdfe000,0x00007f0c4feff000)]
  0x00007f0c800b9000 JavaThread "C2 CompilerThread0" daemon [_thread_blocked, id=5901, stack(0x00007f0c4feff000,0x00007f0c50000000)]
  0x00007f0c800b7800 JavaThread "Signal Dispatcher" daemon [_thread_blocked, id=5900, stack(0x00007f0c6c062000,0x00007f0c6c163000)]
  0x00007f0c80083800 JavaThread "Finalizer" daemon [_thread_blocked, id=5899, stack(0x00007f0c6cca7000,0x00007f0c6cda8000)]
  0x00007f0c8007f000 JavaThread "Reference Handler" daemon [_thread_blocked, id=5898, stack(0x00007f0c6cda8000,0x00007f0c6cea9000)]
  0x00007f0c8000a000 JavaThread "main" [_thread_blocked, id=5874, stack(0x00007f0c874e5000,0x00007f0c875e6000)]

Other Threads:
=>0x00007f0c80077800 VMThread [stack: 0x00007f0c6cea9000,0x00007f0c6cfaa000] [id=5897]
  0x00007f0c800c3000 WatcherThread [stack: 0x00007f0c4fafb000,0x00007f0c4fbfc000] [id=5905]

VM state:at safepoint (normal execution)

VM Mutex/Monitor currently owned by a thread:  ([mutex/lock_event])
[0x00007f0c80005fb0] ExpandHeap_lock - owner thread: 0x00007f0c80077800
[0x00007f0c80006630] Threads_lock - owner thread: 0x00007f0c80077800
[0x00007f0c80006b30] Heap_lock - owner thread: 0x00007f0c80148800

Heap:
 PSYoungGen      total 210944K, used 39290K [0x00000000eab00000, 0x0000000100000000, 0x0000000100000000)
  eden space 157696K, 0% used [0x00000000eab00000,0x00000000eab00000,0x00000000f4500000)
  from space 53248K, 73% used [0x00000000fcc00000,0x00000000ff25e8b8,0x0000000100000000)
  to   space 95744K, 0% used [0x00000000f4500000,0x00000000f4500000,0x00000000fa280000)
 ParOldGen       total 178688K, used 178189K [0x00000000c0000000, 0x00000000cae80000, 0x00000000eab00000)
  object space 178688K, 99% used [0x00000000c0000000,0x00000000cae03638,0x00000000cae80000)
 Metaspace       used 6459K, capacity 7216K, committed 7296K, reserved 1056768K
  class space    used 594K, capacity 616K, committed 640K, reserved 1048576K

Card table byte_map: [0x00007f0c8411a000,0x00007f0c8431b000] byte_map_base: 0x00007f0c83b1a000

Marking Bits: (ParMarkBitMap*) 0x00007f0c86981340
 Begin Bits: [0x00007f0c6eba7000, 0x00007f0c6fba7000)
 End Bits:   [0x00007f0c6fba7000, 0x00007f0c70ba7000)

Polling page: 0x00007f0c874e4000

CodeCache: size=245760Kb used=8893Kb max_used=8893Kb free=236866Kb
 bounds [0x00007f0c71000000, 0x00007f0c718c0000, 0x00007f0c80000000]
 total_blobs=2440 nmethods=2173 adapters=182
 compilation: enabled

Compilation events (10 events):
Event: 11,610 Thread 0x00007f0c800b9000 nmethod 2235 0x00007f0c718b2750 code [0x00007f0c718b28c0, 0x00007f0c718b2c58]
Event: 11,610 Thread 0x00007f0c800b9000 2252       4       com.android.dx.ssa.back.FirstFitLocalCombiningAllocator::getParameterIndexForReg (55 bytes)
Event: 11,614 Thread 0x00007f0c800b9000 nmethod 2252 0x00007f0c718b1f50 code [0x00007f0c718b20e0, 0x00007f0c718b23e8]
Event: 11,614 Thread 0x00007f0c800b9000 2160       4       com.android.dx.rop.code.Rop::hashCode (54 bytes)
Event: 11,627 Thread 0x00007f0c800b9000 nmethod 2160 0x00007f0c7189d450 code [0x00007f0c7189d600, 0x00007f0c7189dd38]
Event: 11,627 Thread 0x00007f0c800b9000 2187       4       com.android.dx.dex.code.RopToDop::dopFor (800 bytes)
Event: 11,702 Thread 0x00007f0c800bd800 2355 %     2       com.android.dx.ssa.DomFront::run @ 27 (60 bytes)
Event: 11,702 Thread 0x00007f0c800bd800 nmethod 2355% 0x00007f0c718b12d0 code [0x00007f0c718b14a0, 0x00007f0c718b1ab8]
Event: 11,720 Thread 0x00007f0c800bd800 2357       2       com.android.dx.ssa.SsaConverter::placePhiFunctions (394 bytes)
Event: 11,722 Thread 0x00007f0c800bd800 nmethod 2357 0x00007f0c718b4d50 code [0x00007f0c718b5120, 0x00007f0c718b6698]

GC Heap History (10 events):
Event: 7,894 GC heap after
Heap after GC invocations=7 (full 0):
 PSYoungGen      total 145920K, used 17909K [0x00000000eab00000, 0x00000000fdf00000, 0x0000000100000000)
  eden space 128000K, 0% used [0x00000000eab00000,0x00000000eab00000,0x00000000f2800000)
  from space 17920K, 99% used [0x00000000f2800000,0x00000000f397d730,0x00000000f3980000)
  to   space 29696K, 0% used [0x00000000fc200000,0x00000000fc200000,0x00000000fdf00000)
 ParOldGen       total 86016K, used 41688K [0x00000000c0000000, 0x00000000c5400000, 0x00000000eab00000)
  object space 86016K, 48% used [0x00000000c0000000,0x00000000c28b62d8,0x00000000c5400000)
 Metaspace       used 6371K, capacity 7152K, committed 7296K, reserved 1056768K
  class space    used 591K, capacity 616K, committed 640K, reserved 1048576K
}
Event: 8,388 GC heap before
{Heap before GC invocations=8 (full 0):
 PSYoungGen      total 145920K, used 145909K [0x00000000eab00000, 0x00000000fdf00000, 0x0000000100000000)
  eden space 128000K, 100% used [0x00000000eab00000,0x00000000f2800000,0x00000000f2800000)
  from space 17920K, 99% used [0x00000000f2800000,0x00000000f397d730,0x00000000f3980000)
  to   space 29696K, 0% used [0x00000000fc200000,0x00000000fc200000,0x00000000fdf00000)
 ParOldGen       total 86016K, used 41688K [0x00000000c0000000, 0x00000000c5400000, 0x00000000eab00000)
  object space 86016K, 48% used [0x00000000c0000000,0x00000000c28b62d8,0x00000000c5400000)
 Metaspace       used 6381K, capacity 7152K, committed 7296K, reserved 1056768K
  class space    used 592K, capacity 616K, committed 640K, reserved 1048576K
Event: 8,424 GC heap after
Heap after GC invocations=8 (full 0):
 PSYoungGen      total 282112K, used 26838K [0x00000000eab00000, 0x00000000fe600000, 0x0000000100000000)
  eden space 252416K, 0% used [0x00000000eab00000,0x00000000eab00000,0x00000000fa180000)
  from space 29696K, 90% used [0x00000000fc200000,0x00000000fdc35b08,0x00000000fdf00000)
  to   space 33280K, 0% used [0x00000000fa180000,0x00000000fa180000,0x00000000fc200000)
 ParOldGen       total 86016K, used 43160K [0x00000000c0000000, 0x00000000c5400000, 0x00000000eab00000)
  object space 86016K, 50% used [0x00000000c0000000,0x00000000c2a260d0,0x00000000c5400000)
 Metaspace       used 6381K, capacity 7152K, committed 7296K, reserved 1056768K
  class space    used 592K, capacity 616K, committed 640K, reserved 1048576K
}
Event: 10,436 GC heap before
{Heap before GC invocations=9 (full 0):
 PSYoungGen      total 282112K, used 279254K [0x00000000eab00000, 0x00000000fe600000, 0x0000000100000000)
  eden space 252416K, 100% used [0x00000000eab00000,0x00000000fa180000,0x00000000fa180000)
  from space 29696K, 90% used [0x00000000fc200000,0x00000000fdc35b08,0x00000000fdf00000)
  to   space 33280K, 0% used [0x00000000fa180000,0x00000000fa180000,0x00000000fc200000)
 ParOldGen       total 86016K, used 43160K [0x00000000c0000000, 0x00000000c5400000, 0x00000000eab00000)
  object space 86016K, 50% used [0x00000000c0000000,0x00000000c2a260d0,0x00000000c5400000)
 Metaspace       used 6453K, capacity 7216K, committed 7296K, reserved 1056768K
  class space    used 592K, capacity 616K, committed 640K, reserved 1048576K
Event: 10,543 GC heap after
Heap after GC invocations=9 (full 0):
 PSYoungGen      total 285696K, used 33267K [0x00000000eab00000, 0x0000000100000000, 0x0000000100000000)
  eden space 252416K, 0% used [0x00000000eab00000,0x00000000eab00000,0x00000000fa180000)
  from space 33280K, 99% used [0x00000000fa180000,0x00000000fc1fcca8,0x00000000fc200000)
  to   space 53248K, 0% used [0x00000000fcc00000,0x00000000fcc00000,0x0000000100000000)
 ParOldGen       total 86016K, used 78951K [0x00000000c0000000, 0x00000000c5400000, 0x00000000eab00000)
  object space 86016K, 91% used [0x00000000c0000000,0x00000000c4d19f00,0x00000000c5400000)
 Metaspace       used 6453K, capacity 7216K, committed 7296K, reserved 1056768K
  class space    used 592K, capacity 616K, committed 640K, reserved 1048576K
}
Event: 10,543 GC heap before
{Heap before GC invocations=10 (full 1):
 PSYoungGen      total 285696K, used 33267K [0x00000000eab00000, 0x0000000100000000, 0x0000000100000000)
  eden space 252416K, 0% used [0x00000000eab00000,0x00000000eab00000,0x00000000fa180000)
  from space 33280K, 99% used [0x00000000fa180000,0x00000000fc1fcca8,0x00000000fc200000)
  to   space 53248K, 0% used [0x00000000fcc00000,0x00000000fcc00000,0x0000000100000000)
 ParOldGen       total 86016K, used 78951K [0x00000000c0000000, 0x00000000c5400000, 0x00000000eab00000)
  object space 86016K, 91% used [0x00000000c0000000,0x00000000c4d19f00,0x00000000c5400000)
 Metaspace       used 6453K, capacity 7216K, committed 7296K, reserved 1056768K
  class space    used 592K, capacity 616K, committed 640K, reserved 1048576K
Event: 11,145 GC heap after
Heap after GC invocations=10 (full 1):
 PSYoungGen      total 285696K, used 15326K [0x00000000eab00000, 0x0000000100000000, 0x0000000100000000)
  eden space 252416K, 0% used [0x00000000eab00000,0x00000000eab00000,0x00000000fa180000)
  from space 33280K, 46% used [0x00000000fa180000,0x00000000fb077810,0x00000000fc200000)
  to   space 53248K, 0% used [0x00000000fcc00000,0x00000000fcc00000,0x0000000100000000)
 ParOldGen       total 160768K, used 85902K [0x00000000c0000000, 0x00000000c9d00000, 0x00000000eab00000)
  object space 160768K, 53% used [0x00000000c0000000,0x00000000c53e3950,0x00000000c9d00000)
 Metaspace       used 6453K, capacity 7216K, committed 7296K, reserved 1056768K
  class space    used 592K, capacity 616K, committed 640K, reserved 1048576K
}
Event: 11,810 GC heap before
{Heap before GC invocations=11 (full 1):
 PSYoungGen      total 285696K, used 267742K [0x00000000eab00000, 0x0000000100000000, 0x0000000100000000)
  eden space 252416K, 100% used [0x00000000eab00000,0x00000000fa180000,0x00000000fa180000)
  from space 33280K, 46% used [0x00000000fa180000,0x00000000fb077810,0x00000000fc200000)
  to   space 53248K, 0% used [0x00000000fcc00000,0x00000000fcc00000,0x0000000100000000)
 ParOldGen       total 160768K, used 85902K [0x00000000c0000000, 0x00000000c9d00000, 0x00000000eab00000)
  object space 160768K, 53% used [0x00000000c0000000,0x00000000c53e3950,0x00000000c9d00000)
 Metaspace       used 6459K, capacity 7216K, committed 7296K, reserved 1056768K
  class space    used 594K, capacity 616K, committed 640K, reserved 1048576K
Event: 12,006 GC heap after
Heap after GC invocations=11 (full 1):
 PSYoungGen      total 210944K, used 53216K [0x00000000eab00000, 0x0000000100000000, 0x0000000100000000)
  eden space 157696K, 0% used [0x00000000eab00000,0x00000000eab00000,0x00000000f4500000)
  from space 53248K, 99% used [0x00000000fcc00000,0x00000000ffff81f0,0x0000000100000000)
  to   space 95744K, 0% used [0x00000000f4500000,0x00000000f4500000,0x00000000fa280000)
 ParOldGen       total 178688K, used 177467K [0x00000000c0000000, 0x00000000cae80000, 0x00000000eab00000)
  object space 178688K, 99% used [0x00000000c0000000,0x00000000cad4ed10,0x00000000cae80000)
 Metaspace       used 6459K, capacity 7216K, committed 7296K, reserved 1056768K
  class space    used 594K, capacity 616K, committed 640K, reserved 1048576K
}
Event: 12,014 GC heap before
{Heap before GC invocations=12 (full 2):
 PSYoungGen      total 210944K, used 53216K [0x00000000eab00000, 0x0000000100000000, 0x0000000100000000)
  eden space 157696K, 0% used [0x00000000eab00000,0x00000000eab00000,0x00000000f4500000)
  from space 53248K, 99% used [0x00000000fcc00000,0x00000000ffff81f0,0x0000000100000000)
  to   space 95744K, 0% used [0x00000000f4500000,0x00000000f4500000,0x00000000fa280000)
 ParOldGen       total 178688K, used 177467K [0x00000000c0000000, 0x00000000cae80000, 0x00000000eab00000)
  object space 178688K, 99% used [0x00000000c0000000,0x00000000cad4ed10,0x00000000cae80000)
 Metaspace       used 6459K, capacity 7216K, committed 7296K, reserved 1056768K
  class space    used 594K, capacity 616K, committed 640K, reserved 1048576K

Deoptimization events (10 events):
Event: 4,729 Thread 0x00007f0c80150800 Uncommon trap: reason=bimorphic action=maybe_recompile pc=0x00007f0c715b40cc method=com.android.dx.cf.code.BytecodeArray.parseInstruction(ILcom/android/dx/cf/code/BytecodeArray$Visitor;)I @ 2484
Event: 4,729 Thread 0x00007f0c80150800 Uncommon trap: reason=bimorphic action=maybe_recompile pc=0x00007f0c715b40cc method=com.android.dx.cf.code.BytecodeArray.parseInstruction(ILcom/android/dx/cf/code/BytecodeArray$Visitor;)I @ 2484
Event: 8,149 Thread 0x00007f0c8000a000 Uncommon trap: reason=unstable_if action=reinterpret pc=0x00007f0c71308a78 method=com.android.dx.ssa.SetFactory.makeLivenessSet(I)Lcom/android/dx/util/IntSet; @ 4
Event: 8,149 Thread 0x00007f0c8000a000 Uncommon trap: reason=unstable_if action=reinterpret pc=0x00007f0c7132d4a0 method=com.android.dx.ssa.SetFactory.makeLivenessSet(I)Lcom/android/dx/util/IntSet; @ 4
Event: 8,156 Thread 0x00007f0c8000a000 Uncommon trap: reason=unstable_if action=reinterpret pc=0x00007f0c713715fc method=com.android.dx.ssa.SetFactory.makeLivenessSet(I)Lcom/android/dx/util/IntSet; @ 4
Event: 8,578 Thread 0x00007f0c8000a000 Uncommon trap: reason=bimorphic action=maybe_recompile pc=0x00007f0c71716f40 method=com.android.dx.cf.code.BytecodeArray.parseInstruction(ILcom/android/dx/cf/code/BytecodeArray$Visitor;)I @ 1357
Event: 8,578 Thread 0x00007f0c8000a000 Uncommon trap: reason=bimorphic action=maybe_recompile pc=0x00007f0c71716f40 method=com.android.dx.cf.code.BytecodeArray.parseInstruction(ILcom/android/dx/cf/code/BytecodeArray$Visitor;)I @ 1357
Event: 8,980 Thread 0x00007f0c8000a000 Uncommon trap: reason=unstable_if action=reinterpret pc=0x00007f0c714e313c method=com.android.dx.ssa.SCCP.simulateStmt(Lcom/android/dx/ssa/SsaInsn;)V @ 59
Event: 8,990 Thread 0x00007f0c8000a000 Uncommon trap: reason=class_check action=maybe_recompile pc=0x00007f0c71756598 method=com.android.dx.cf.code.RopperMachine.run(Lcom/android/dx/cf/code/Frame;II)V @ 1024
Event: 11,701 Thread 0x00007f0c8014f000 Uncommon trap: reason=predicate action=maybe_recompile pc=0x00007f0c7184b14c method=com.android.dx.ssa.DomFront.run()[Lcom/android/dx/ssa/DomFront$DomInfo; @ 32

Internal exceptions (5 events):
Event: 0,130 Thread 0x00007f0c8000a000 Exception <a 'java/lang/NoSuchMethodError': Method sun.misc.Unsafe.defineClass(Ljava/lang/String;[BII)Ljava/lang/Class; name or signature does not match> (0x00000000eab07c78) thrown at [/ssd/Android/AOSP-openjdk/external/jetbrains/jdk/hotspot/src/share/vm
Event: 0,130 Thread 0x00007f0c8000a000 Exception <a 'java/lang/NoSuchMethodError': Method sun.misc.Unsafe.prefetchRead(Ljava/lang/Object;J)V name or signature does not match> (0x00000000eab07f60) thrown at [/ssd/Android/AOSP-openjdk/external/jetbrains/jdk/hotspot/src/share/vm/prims/jni.cpp, li
Event: 3,773 Thread 0x00007f0c8014f000 Exception <a 'java/lang/ArrayIndexOutOfBoundsException': 18> (0x00000000ee662ec0) thrown at [/ssd/Android/AOSP-openjdk/external/jetbrains/jdk/hotspot/src/share/vm/interpreter/interpreterRuntime.cpp, line 366]
Event: 3,773 Thread 0x00007f0c8014f000 Exception <a 'java/lang/ArrayIndexOutOfBoundsException': 145> (0x00000000ee664a40) thrown at [/ssd/Android/AOSP-openjdk/external/jetbrains/jdk/hotspot/src/share/vm/interpreter/interpreterRuntime.cpp, line 366]
Event: 3,785 Thread 0x00007f0c8014f000 Exception <a 'java/lang/ArrayIndexOutOfBoundsException': 40> (0x00000000ee665d28) thrown at [/ssd/Android/AOSP-openjdk/external/jetbrains/jdk/hotspot/src/share/vm/interpreter/interpreterRuntime.cpp, line 366]

Events (10 events):
Event: 11,786 Thread 0x00007f0c8014d000 DEOPT UNPACKING pc=0x00007f0c71046f73 sp=0x00007f0c4f8f6be8 mode 0
Event: 11,787 Thread 0x00007f0c8014d000 DEOPT PACKING pc=0x00007f0c713223ed sp=0x00007f0c4f8f6e60
Event: 11,787 Thread 0x00007f0c8014d000 DEOPT UNPACKING pc=0x00007f0c71046f73 sp=0x00007f0c4f8f6be8 mode 0
Event: 11,788 Thread 0x00007f0c8014d000 DEOPT PACKING pc=0x00007f0c713223ed sp=0x00007f0c4f8f6e60
Event: 11,788 Thread 0x00007f0c8014d000 DEOPT UNPACKING pc=0x00007f0c71046f73 sp=0x00007f0c4f8f6be8 mode 0
Event: 11,788 Thread 0x00007f0c8014d000 DEOPT PACKING pc=0x00007f0c713223ed sp=0x00007f0c4f8f6e60
Event: 11,788 Thread 0x00007f0c8014d000 DEOPT UNPACKING pc=0x00007f0c71046f73 sp=0x00007f0c4f8f6be8 mode 0
Event: 11,789 Thread 0x00007f0c8014d000 DEOPT PACKING pc=0x00007f0c713223ed sp=0x00007f0c4f8f6e60
Event: 11,789 Thread 0x00007f0c8014d000 DEOPT UNPACKING pc=0x00007f0c71046f73 sp=0x00007f0c4f8f6be8 mode 0
Event: 11,809 Executing VM operation: ParallelGCFailedAllocation


Dynamic libraries:
00400000-00401000 r-xp 00000000 08:01 25956432                           /usr/local/android-studio/jre/bin/java
00600000-00601000 r--p 00000000 08:01 25956432                           /usr/local/android-studio/jre/bin/java
00601000-00602000 rw-p 00001000 08:01 25956432                           /usr/local/android-studio/jre/bin/java
01367000-01388000 rw-p 00000000 00:00 0                                  [heap]
c0000000-cae80000 rw-p 00000000 00:00 0 
d3700000-eab00000 ---p 00000000 00:00 0 
eab00000-100000000 rw-p 00000000 00:00 0 
100000000-1000a0000 rw-p 00000000 00:00 0 
1000a0000-140000000 ---p 00000000 00:00 0 
7f0c20000000-7f0c2011d000 rw-p 00000000 00:00 0 
7f0c2011d000-7f0c24000000 ---p 00000000 00:00 0 
7f0c24000000-7f0c240b5000 rw-p 00000000 00:00 0 
7f0c240b5000-7f0c28000000 ---p 00000000 00:00 0 
7f0c28000000-7f0c28021000 rw-p 00000000 00:00 0 
7f0c28021000-7f0c2c000000 ---p 00000000 00:00 0 
7f0c2c000000-7f0c2c0eb000 rw-p 00000000 00:00 0 
7f0c2c0eb000-7f0c30000000 ---p 00000000 00:00 0 
7f0c30000000-7f0c30021000 rw-p 00000000 00:00 0 
7f0c30021000-7f0c34000000 ---p 00000000 00:00 0 
7f0c34000000-7f0c34101000 rw-p 00000000 00:00 0 
7f0c34101000-7f0c38000000 ---p 00000000 00:00 0 
7f0c38000000-7f0c387fa000 rw-p 00000000 00:00 0 
7f0c387fa000-7f0c3c000000 ---p 00000000 00:00 0 
7f0c3c000000-7f0c3c021000 rw-p 00000000 00:00 0 
7f0c3c021000-7f0c40000000 ---p 00000000 00:00 0 
7f0c40000000-7f0c4147f000 rw-p 00000000 00:00 0 
7f0c4147f000-7f0c44000000 ---p 00000000 00:00 0 
7f0c44000000-7f0c44d9e000 rw-p 00000000 00:00 0 
7f0c44d9e000-7f0c48000000 ---p 00000000 00:00 0 
7f0c48000000-7f0c48021000 rw-p 00000000 00:00 0 
7f0c48021000-7f0c4c000000 ---p 00000000 00:00 0 
7f0c4f5f6000-7f0c4f5f9000 ---p 00000000 00:00 0 
7f0c4f5f9000-7f0c4f6f7000 rw-p 00000000 00:00 0 
7f0c4f6f7000-7f0c4f6fa000 ---p 00000000 00:00 0 
7f0c4f6fa000-7f0c4f7f8000 rw-p 00000000 00:00 0 
7f0c4f7f8000-7f0c4f7fb000 ---p 00000000 00:00 0 
7f0c4f7fb000-7f0c4f8f9000 rw-p 00000000 00:00 0 
7f0c4f8f9000-7f0c4f8fc000 ---p 00000000 00:00 0 
7f0c4f8fc000-7f0c4f9fa000 rw-p 00000000 00:00 0 
7f0c4f9fa000-7f0c4f9fd000 ---p 00000000 00:00 0 
7f0c4f9fd000-7f0c4fafb000 rw-p 00000000 00:00 0 
7f0c4fafb000-7f0c4fafc000 ---p 00000000 00:00 0 
7f0c4fafc000-7f0c4fbfc000 rw-p 00000000 00:00 0 
7f0c4fbfc000-7f0c4fbff000 ---p 00000000 00:00 0 
7f0c4fbff000-7f0c4fcfd000 rw-p 00000000 00:00 0 
7f0c4fcfd000-7f0c4fd00000 ---p 00000000 00:00 0 
7f0c4fd00000-7f0c4fdfe000 rw-p 00000000 00:00 0 
7f0c4fdfe000-7f0c4fe01000 ---p 00000000 00:00 0 
7f0c4fe01000-7f0c4feff000 rw-p 00000000 00:00 0 
7f0c4feff000-7f0c4ff02000 ---p 00000000 00:00 0 
7f0c4ff02000-7f0c50000000 rw-p 00000000 00:00 0 
7f0c50000000-7f0c50021000 rw-p 00000000 00:00 0 
7f0c50021000-7f0c54000000 ---p 00000000 00:00 0 
7f0c54000000-7f0c54021000 rw-p 00000000 00:00 0 
7f0c54021000-7f0c58000000 ---p 00000000 00:00 0 
7f0c58000000-7f0c58021000 rw-p 00000000 00:00 0 
7f0c58021000-7f0c5c000000 ---p 00000000 00:00 0 
7f0c5c000000-7f0c5c27f000 rw-p 00000000 00:00 0 
7f0c5c27f000-7f0c60000000 ---p 00000000 00:00 0 
7f0c60000000-7f0c60021000 rw-p 00000000 00:00 0 
7f0c60021000-7f0c64000000 ---p 00000000 00:00 0 
7f0c64000000-7f0c64021000 rw-p 00000000 00:00 0 
7f0c64021000-7f0c68000000 ---p 00000000 00:00 0 
7f0c68000000-7f0c68021000 rw-p 00000000 00:00 0 
7f0c68021000-7f0c6c000000 ---p 00000000 00:00 0 
7f0c6c062000-7f0c6c065000 ---p 00000000 00:00 0 
7f0c6c065000-7f0c6c163000 rw-p 00000000 00:00 0 
7f0c6c163000-7f0c6cca0000 r--p 00000000 08:01 1055535                    /usr/lib/locale/locale-archive
7f0c6cca7000-7f0c6ccaa000 ---p 00000000 00:00 0 
7f0c6ccaa000-7f0c6cda8000 rw-p 00000000 00:00 0 
7f0c6cda8000-7f0c6cdab000 ---p 00000000 00:00 0 
7f0c6cdab000-7f0c6cea9000 rw-p 00000000 00:00 0 
7f0c6cea9000-7f0c6ceaa000 ---p 00000000 00:00 0 
7f0c6ceaa000-7f0c6df5e000 rw-p 00000000 00:00 0 
7f0c6df5e000-7f0c6e12d000 r--s 03c1b000 08:01 25956489                   /usr/local/android-studio/jre/jre/lib/rt.jar
7f0c6e131000-7f0c6e827000 rw-p 00000000 00:00 0 
7f0c6e827000-7f0c6e9a7000 ---p 00000000 00:00 0 
7f0c6e9a7000-7f0c70ba7000 rw-p 00000000 00:00 0 
7f0c70ba7000-7f0c70ba8000 ---p 00000000 00:00 0 
7f0c70ba8000-7f0c70ca8000 rw-p 00000000 00:00 0 
7f0c70ca8000-7f0c70ca9000 ---p 00000000 00:00 0 
7f0c70ca9000-7f0c70da9000 rw-p 00000000 00:00 0 
7f0c70da9000-7f0c70daa000 ---p 00000000 00:00 0 
7f0c70daa000-7f0c70f02000 rw-p 00000000 00:00 0 
7f0c70f02000-7f0c71000000 ---p 00000000 00:00 0 
7f0c71000000-7f0c718c0000 rwxp 00000000 00:00 0 
7f0c718c0000-7f0c80000000 ---p 00000000 00:00 0 
7f0c80000000-7f0c80394000 rw-p 00000000 00:00 0 
7f0c80394000-7f0c84000000 ---p 00000000 00:00 0 
7f0c84007000-7f0c84016000 r--s 000e4000 08:01 7213429                    /home/vlad/Android/Sdk/build-tools/26.0.1/lib/dx.jar
7f0c84019000-7f0c8401a000 ---p 00000000 00:00 0 
7f0c8401a000-7f0c84172000 rw-p 00000000 00:00 0 
7f0c84172000-7f0c8426f000 ---p 00000000 00:00 0 
7f0c8426f000-7f0c8431a000 rw-p 00000000 00:00 0 
7f0c8431a000-7f0c8433e000 rw-p 00000000 00:00 0 
7f0c8433e000-7f0c846db000 ---p 00000000 00:00 0 
7f0c846db000-7f0c846f5000 r-xp 00000000 08:01 25956516                   /usr/local/android-studio/jre/jre/lib/amd64/libzip.so
7f0c846f5000-7f0c848f5000 ---p 0001a000 08:01 25956516                   /usr/local/android-studio/jre/jre/lib/amd64/libzip.so
7f0c848f5000-7f0c848f6000 r--p 0001a000 08:01 25956516                   /usr/local/android-studio/jre/jre/lib/amd64/libzip.so
7f0c848f6000-7f0c848f7000 rw-p 0001b000 08:01 25956516                   /usr/local/android-studio/jre/jre/lib/amd64/libzip.so
7f0c848fb000-7f0c84906000 r-xp 00000000 08:01 11407910                   /lib/x86_64-linux-gnu/libnss_files-2.23.so
7f0c84906000-7f0c84b05000 ---p 0000b000 08:01 11407910                   /lib/x86_64-linux-gnu/libnss_files-2.23.so
7f0c84b05000-7f0c84b06000 r--p 0000a000 08:01 11407910                   /lib/x86_64-linux-gnu/libnss_files-2.23.so
7f0c84b06000-7f0c84b07000 rw-p 0000b000 08:01 11407910                   /lib/x86_64-linux-gnu/libnss_files-2.23.so
7f0c84b07000-7f0c84b0d000 rw-p 00000000 00:00 0 
7f0c84b13000-7f0c84b1e000 r-xp 00000000 08:01 11407920                   /lib/x86_64-linux-gnu/libnss_nis-2.23.so
7f0c84b1e000-7f0c84d1d000 ---p 0000b000 08:01 11407920                   /lib/x86_64-linux-gnu/libnss_nis-2.23.so
7f0c84d1d000-7f0c84d1e000 r--p 0000a000 08:01 11407920                   /lib/x86_64-linux-gnu/libnss_nis-2.23.so
7f0c84d1e000-7f0c84d1f000 rw-p 0000b000 08:01 11407920                   /lib/x86_64-linux-gnu/libnss_nis-2.23.so
7f0c84d23000-7f0c84d39000 r-xp 00000000 08:01 11407904                   /lib/x86_64-linux-gnu/libnsl-2.23.so
7f0c84d39000-7f0c84f38000 ---p 00016000 08:01 11407904                   /lib/x86_64-linux-gnu/libnsl-2.23.so
7f0c84f38000-7f0c84f39000 r--p 00015000 08:01 11407904                   /lib/x86_64-linux-gnu/libnsl-2.23.so
7f0c84f39000-7f0c84f3a000 rw-p 00016000 08:01 11407904                   /lib/x86_64-linux-gnu/libnsl-2.23.so
7f0c84f3a000-7f0c84f3c000 rw-p 00000000 00:00 0 
7f0c84f43000-7f0c84f4b000 r-xp 00000000 08:01 11407906                   /lib/x86_64-linux-gnu/libnss_compat-2.23.so
7f0c84f4b000-7f0c8514a000 ---p 00008000 08:01 11407906                   /lib/x86_64-linux-gnu/libnss_compat-2.23.so
7f0c8514a000-7f0c8514b000 r--p 00007000 08:01 11407906                   /lib/x86_64-linux-gnu/libnss_compat-2.23.so
7f0c8514b000-7f0c8514c000 rw-p 00008000 08:01 11407906                   /lib/x86_64-linux-gnu/libnss_compat-2.23.so
7f0c85153000-7f0c85180000 r-xp 00000000 08:01 25956526                   /usr/local/android-studio/jre/jre/lib/amd64/libjava.so
7f0c85180000-7f0c8537f000 ---p 0002d000 08:01 25956526                   /usr/local/android-studio/jre/jre/lib/amd64/libjava.so
7f0c8537f000-7f0c85380000 r--p 0002c000 08:01 25956526                   /usr/local/android-studio/jre/jre/lib/amd64/libjava.so
7f0c85380000-7f0c85382000 rw-p 0002d000 08:01 25956526                   /usr/local/android-studio/jre/jre/lib/amd64/libjava.so
7f0c85383000-7f0c85393000 r-xp 00000000 08:01 25956542                   /usr/local/android-studio/jre/jre/lib/amd64/libverify.so
7f0c85393000-7f0c85592000 ---p 00010000 08:01 25956542                   /usr/local/android-studio/jre/jre/lib/amd64/libverify.so
7f0c85592000-7f0c85594000 r--p 0000f000 08:01 25956542                   /usr/local/android-studio/jre/jre/lib/amd64/libverify.so
7f0c85594000-7f0c85595000 rw-p 00011000 08:01 25956542                   /usr/local/android-studio/jre/jre/lib/amd64/libverify.so
7f0c8559b000-7f0c855a2000 r-xp 00000000 08:01 11407965                   /lib/x86_64-linux-gnu/librt-2.23.so
7f0c855a2000-7f0c857a1000 ---p 00007000 08:01 11407965                   /lib/x86_64-linux-gnu/librt-2.23.so
7f0c857a1000-7f0c857a2000 r--p 00006000 08:01 11407965                   /lib/x86_64-linux-gnu/librt-2.23.so
7f0c857a2000-7f0c857a3000 rw-p 00007000 08:01 11407965                   /lib/x86_64-linux-gnu/librt-2.23.so
7f0c857a3000-7f0c858ab000 r-xp 00000000 08:01 11407881                   /lib/x86_64-linux-gnu/libm-2.23.so
7f0c858ab000-7f0c85aaa000 ---p 00108000 08:01 11407881                   /lib/x86_64-linux-gnu/libm-2.23.so
7f0c85aaa000-7f0c85aab000 r--p 00107000 08:01 11407881                   /lib/x86_64-linux-gnu/libm-2.23.so
7f0c85aab000-7f0c85aac000 rw-p 00108000 08:01 11407881                   /lib/x86_64-linux-gnu/libm-2.23.so
7f0c85ab3000-7f0c866a4000 r-xp 00000000 08:01 25956546                   /usr/local/android-studio/jre/jre/lib/amd64/server/libjvm.so
7f0c866a4000-7f0c868a4000 ---p 00bf1000 08:01 25956546                   /usr/local/android-studio/jre/jre/lib/amd64/server/libjvm.so
7f0c868a4000-7f0c86943000 r--p 00bf1000 08:01 25956546                   /usr/local/android-studio/jre/jre/lib/amd64/server/libjvm.so
7f0c86943000-7f0c8696c000 rw-p 00c90000 08:01 25956546                   /usr/local/android-studio/jre/jre/lib/amd64/server/libjvm.so
7f0c8696c000-7f0c869b0000 rw-p 00000000 00:00 0 
7f0c869b3000-7f0c869cb000 r-xp 00000000 08:01 11407957                   /lib/x86_64-linux-gnu/libpthread-2.23.so
7f0c869cb000-7f0c86bca000 ---p 00018000 08:01 11407957                   /lib/x86_64-linux-gnu/libpthread-2.23.so
7f0c86bca000-7f0c86bcb000 r--p 00017000 08:01 11407957                   /lib/x86_64-linux-gnu/libpthread-2.23.so
7f0c86bcb000-7f0c86bcc000 rw-p 00018000 08:01 11407957                   /lib/x86_64-linux-gnu/libpthread-2.23.so
7f0c86bcc000-7f0c86bd0000 rw-p 00000000 00:00 0 
7f0c86bd3000-7f0c86bd6000 r-xp 00000000 08:01 11407835                   /lib/x86_64-linux-gnu/libdl-2.23.so
7f0c86bd6000-7f0c86dd5000 ---p 00003000 08:01 11407835                   /lib/x86_64-linux-gnu/libdl-2.23.so
7f0c86dd5000-7f0c86dd6000 r--p 00002000 08:01 11407835                   /lib/x86_64-linux-gnu/libdl-2.23.so
7f0c86dd6000-7f0c86dd7000 rw-p 00003000 08:01 11407835                   /lib/x86_64-linux-gnu/libdl-2.23.so
7f0c86ddb000-7f0c86f9b000 r-xp 00000000 08:01 11407811                   /lib/x86_64-linux-gnu/libc-2.23.so
7f0c86f9b000-7f0c8719b000 ---p 001c0000 08:01 11407811                   /lib/x86_64-linux-gnu/libc-2.23.so
7f0c8719b000-7f0c8719f000 r--p 001c0000 08:01 11407811                   /lib/x86_64-linux-gnu/libc-2.23.so
7f0c8719f000-7f0c871a1000 rw-p 001c4000 08:01 11407811                   /lib/x86_64-linux-gnu/libc-2.23.so
7f0c871a1000-7f0c871a5000 rw-p 00000000 00:00 0 
7f0c871ab000-7f0c871c1000 r-xp 00000000 08:01 25956406                   /usr/local/android-studio/jre/lib/amd64/jli/libjli.so
7f0c871c1000-7f0c873c0000 ---p 00016000 08:01 25956406                   /usr/local/android-studio/jre/lib/amd64/jli/libjli.so
7f0c873c0000-7f0c873c1000 r--p 00015000 08:01 25956406                   /usr/local/android-studio/jre/lib/amd64/jli/libjli.so
7f0c873c1000-7f0c873c2000 rw-p 00016000 08:01 25956406                   /usr/local/android-studio/jre/lib/amd64/jli/libjli.so
7f0c873c3000-7f0c873e9000 r-xp 00000000 08:01 11407783                   /lib/x86_64-linux-gnu/ld-2.23.so
7f0c873f6000-7f0c874db000 rw-p 00000000 00:00 0 
7f0c874db000-7f0c874e3000 rw-s 00000000 08:01 6690128                    /tmp/hsperfdata_vlad/5872
7f0c874e3000-7f0c874e4000 rw-p 00000000 00:00 0 
7f0c874e4000-7f0c874e5000 ---p 00000000 00:00 0 
7f0c874e5000-7f0c874e8000 ---p 00000000 00:00 0 
7f0c874e8000-7f0c875e8000 rw-p 00000000 00:00 0 
7f0c875e8000-7f0c875e9000 r--p 00025000 08:01 11407783                   /lib/x86_64-linux-gnu/ld-2.23.so
7f0c875e9000-7f0c875ea000 rw-p 00026000 08:01 11407783                   /lib/x86_64-linux-gnu/ld-2.23.so
7f0c875ea000-7f0c875ec000 rw-p 00000000 00:00 0 
7f0c875ec000-7f0c875ef000 rw-p 00000000 00:00 0 
7ffe6fef1000-7ffe6ff12000 rw-p 00000000 00:00 0                          [stack]
7ffe6ff5b000-7ffe6ff5d000 r--p 00000000 00:00 0                          [vvar]
7ffe6ff5d000-7ffe6ff5f000 r-xp 00000000 00:00 0                          [vdso]
ffffffffff600000-ffffffffff601000 r-xp 00000000 00:00 0                  [vsyscall]

VM Arguments:
jvm_args: -Djava.awt.headless=true -Xmx1024M -Dfile.encoding=UTF-8 -Duser.country=US -Duser.language=en -Duser.variant 
java_command: com.android.dx.command.Main --dex --num-threads=4 --output /home/vlad/Documents/Projects/revert/platforms/android/build/intermediates/pre-dexed/debug/com.google.android.gms-play-services-ads-11.0.4_3cbcdfdfcccf7c0a77ff333620d331e0ad8b6771.jar /home/vlad/Documents/Projects/revert/platforms/android/build/intermediates/exploded-aar/com.google.android.gms/play-services-ads/11.0.4/jars/classes.jar
java_class_path (initial): /home/vlad/Android/Sdk/build-tools/26.0.1/lib/dx.jar
Launcher Type: SUN_STANDARD

Environment Variables:
PATH=/home/vlad/bin:/home/vlad/.local/bin:/usr/local/sbin:/usr/local/bin:/usr/sbin:/usr/bin:/sbin:/bin:/usr/games:/usr/local/games:/snap/bin
LD_LIBRARY_PATH=/usr/local/android-studio/bin:
SHELL=/bin/bash
DISPLAY=:0

Signal Handlers:
SIGSEGV: [libjvm.so+0x9e5150], sa_mask[0]=11111111011111111101111111111110, sa_flags=SA_RESTART|SA_SIGINFO
SIGBUS: [libjvm.so+0x9e5150], sa_mask[0]=11111111011111111101111111111110, sa_flags=SA_RESTART|SA_SIGINFO
SIGFPE: [libjvm.so+0x848450], sa_mask[0]=11111111011111111101111111111110, sa_flags=SA_RESTART|SA_SIGINFO
SIGPIPE: [libjvm.so+0x848450], sa_mask[0]=11111111011111111101111111111110, sa_flags=SA_RESTART|SA_SIGINFO
SIGXFSZ: [libjvm.so+0x848450], sa_mask[0]=11111111011111111101111111111110, sa_flags=SA_RESTART|SA_SIGINFO
SIGILL: [libjvm.so+0x848450], sa_mask[0]=11111111011111111101111111111110, sa_flags=SA_RESTART|SA_SIGINFO
SIGUSR1: SIG_DFL, sa_mask[0]=00000000000000000000000000000000, sa_flags=none
SIGUSR2: [libjvm.so+0x848320], sa_mask[0]=00100000000000000000000000000000, sa_flags=SA_RESTART|SA_SIGINFO
SIGHUP: [libjvm.so+0x848510], sa_mask[0]=11111111011111111101111111111110, sa_flags=SA_RESTART|SA_SIGINFO
SIGINT: [libjvm.so+0x848510], sa_mask[0]=11111111011111111101111111111110, sa_flags=SA_RESTART|SA_SIGINFO
SIGTERM: [libjvm.so+0x848510], sa_mask[0]=11111111011111111101111111111110, sa_flags=SA_RESTART|SA_SIGINFO
SIGQUIT: [libjvm.so+0x848510], sa_mask[0]=11111111011111111101111111111110, sa_flags=SA_RESTART|SA_SIGINFO


---------------  S Y S T E M  ---------------

OS:DISTRIB_ID=Ubuntu
DISTRIB_RELEASE=16.04
DISTRIB_CODENAME=xenial
DISTRIB_DESCRIPTION="Ubuntu 16.04.3 LTS"

uname:Linux 4.10.0-37-generic #41~16.04.1-Ubuntu SMP Fri Oct 6 22:42:59 UTC 2017 x86_64
libc:glibc 2.23 NPTL 2.23 
rlimit: STACK 8192k, CORE 0k, NPROC 31584, NOFILE 1048576, AS infinity
load average:33,58 15,52 7,05

/proc/meminfo:
MemTotal:        8202820 kB
MemFree:          103080 kB
MemAvailable:       5636 kB
Buffers:             848 kB
Cached:           146276 kB
SwapCached:            0 kB
Active:          7623664 kB
Inactive:         130184 kB
Active(anon):    7610324 kB
Inactive(anon):   116524 kB
Active(file):      13340 kB
Inactive(file):    13660 kB
Unevictable:         488 kB
Mlocked:             488 kB
SwapTotal:             0 kB
SwapFree:              0 kB
Dirty:                64 kB
Writeback:           536 kB
AnonPages:       7607412 kB
Mapped:           180632 kB
Shmem:            119924 kB
Slab:             108988 kB
SReclaimable:      51884 kB
SUnreclaim:        57104 kB
KernelStack:       18416 kB
PageTables:        80388 kB
NFS_Unstable:          0 kB
Bounce:                0 kB
WritebackTmp:          0 kB
CommitLimit:     4101408 kB
Committed_AS:   17231804 kB
VmallocTotal:   34359738367 kB
VmallocUsed:           0 kB
VmallocChunk:          0 kB
HardwareCorrupted:     0 kB
AnonHugePages:   2809856 kB
ShmemHugePages:        0 kB
ShmemPmdMapped:        0 kB
CmaTotal:              0 kB
CmaFree:               0 kB
HugePages_Total:       0
HugePages_Free:        0
HugePages_Rsvd:        0
HugePages_Surp:        0
Hugepagesize:       2048 kB
DirectMap4k:      321984 kB
DirectMap2M:     8095744 kB
DirectMap1G:           0 kB


CPU:total 4 (4 cores per cpu, 1 threads per core) family 21 model 2 stepping 0, cmov, cx8, fxsr, mmx, sse, sse2, sse3, ssse3, sse4.1, sse4.2, popcnt, avx, aes, clmul, mmxext, 3dnowpref, lzcnt, sse4a, tsc, tscinvbit, tscinv, bmi1

/proc/cpuinfo:
processor	: 0
vendor_id	: AuthenticAMD
cpu family	: 21
model		: 2
model name	: AMD FX(tm)-4300 Quad-Core Processor
stepping	: 0
microcode	: 0x600081f
cpu MHz		: 1400.000
cache size	: 2048 KB
physical id	: 0
siblings	: 4
core id		: 0
cpu cores	: 2
apicid		: 16
initial apicid	: 0
fpu		: yes
fpu_exception	: yes
cpuid level	: 13
wp		: yes
flags		: fpu vme de pse tsc msr pae mce cx8 apic sep mtrr pge mca cmov pat pse36 clflush mmx fxsr sse sse2 ht syscall nx mmxext fxsr_opt pdpe1gb rdtscp lm constant_tsc rep_good nopl nonstop_tsc extd_apicid aperfmperf pni pclmulqdq monitor ssse3 fma cx16 sse4_1 sse4_2 popcnt aes xsave avx f16c lahf_lm cmp_legacy svm extapic cr8_legacy abm sse4a misalignsse 3dnowprefetch osvw ibs xop skinit wdt lwp fma4 tce nodeid_msr tbm topoext perfctr_core perfctr_nb cpb hw_pstate vmmcall bmi1 arat npt lbrv svm_lock nrip_save tsc_scale vmcb_clean flushbyasid decodeassists pausefilter pfthreshold
bugs		: fxsave_leak sysret_ss_attrs null_seg
bogomips	: 7635.52
TLB size	: 1536 4K pages
clflush size	: 64
cache_alignment	: 64
address sizes	: 48 bits physical, 48 bits virtual
power management: ts ttp tm 100mhzsteps hwpstate cpb eff_freq_ro

processor	: 1
vendor_id	: AuthenticAMD
cpu family	: 21
model		: 2
model name	: AMD FX(tm)-4300 Quad-Core Processor
stepping	: 0
microcode	: 0x600081f
cpu MHz		: 1400.000
cache size	: 2048 KB
physical id	: 0
siblings	: 4
core id		: 1
cpu cores	: 2
apicid		: 17
initial apicid	: 1
fpu		: yes
fpu_exception	: yes
cpuid level	: 13
wp		: yes
flags		: fpu vme de pse tsc msr pae mce cx8 apic sep mtrr pge mca cmov pat pse36 clflush mmx fxsr sse sse2 ht syscall nx mmxext fxsr_opt pdpe1gb rdtscp lm constant_tsc rep_good nopl nonstop_tsc extd_apicid aperfmperf pni pclmulqdq monitor ssse3 fma cx16 sse4_1 sse4_2 popcnt aes xsave avx f16c lahf_lm cmp_legacy svm extapic cr8_legacy abm sse4a misalignsse 3dnowprefetch osvw ibs xop skinit wdt lwp fma4 tce nodeid_msr tbm topoext perfctr_core perfctr_nb cpb hw_pstate vmmcall bmi1 arat npt lbrv svm_lock nrip_save tsc_scale vmcb_clean flushbyasid decodeassists pausefilter pfthreshold
bugs		: fxsave_leak sysret_ss_attrs null_seg
bogomips	: 7635.52
TLB size	: 1536 4K pages
clflush size	: 64
cache_alignment	: 64
address sizes	: 48 bits physical, 48 bits virtual
power management: ts ttp tm 100mhzsteps hwpstate cpb eff_freq_ro

processor	: 2
vendor_id	: AuthenticAMD
cpu family	: 21
model		: 2
model name	: AMD FX(tm)-4300 Quad-Core Processor
stepping	: 0
microcode	: 0x600081f
cpu MHz		: 1400.000
cache size	: 2048 KB
physical id	: 0
siblings	: 4
core id		: 2
cpu cores	: 2
apicid		: 18
initial apicid	: 2
fpu		: yes
fpu_exception	: yes
cpuid level	: 13
wp		: yes
flags		: fpu vme de pse tsc msr pae mce cx8 apic sep mtrr pge mca cmov pat pse36 clflush mmx fxsr sse sse2 ht syscall nx mmxext fxsr_opt pdpe1gb rdtscp lm constant_tsc rep_good nopl nonstop_tsc extd_apicid aperfmperf pni pclmulqdq monitor ssse3 fma cx16 sse4_1 sse4_2 popcnt aes xsave avx f16c lahf_lm cmp_legacy svm extapic cr8_legacy abm sse4a misalignsse 3dnowprefetch osvw ibs xop skinit wdt lwp fma4 tce nodeid_msr tbm topoext perfctr_core perfctr_nb cpb hw_pstate vmmcall bmi1 arat npt lbrv svm_lock nrip_save tsc_scale vmcb_clean flushbyasid decodeassists pausefilter pfthreshold
bugs		: fxsave_leak sysret_ss_attrs null_seg
bogomips	: 7635.52
TLB size	: 1536 4K pages
clflush size	: 64
cache_alignment	: 64
address sizes	: 48 bits physical, 48 bits virtual
power management: ts ttp tm 100mhzsteps hwpstate cpb eff_freq_ro

processor	: 3
vendor_id	: AuthenticAMD
cpu family	: 21
model		: 2
model name	: AMD FX(tm)-4300 Quad-Core Processor
stepping	: 0
microcode	: 0x600081f
cpu MHz		: 1400.000
cache size	: 2048 KB
physical id	: 0
siblings	: 4
core id		: 3
cpu cores	: 2
apicid		: 19
initial apicid	: 3
fpu		: yes
fpu_exception	: yes
cpuid level	: 13
wp		: yes
flags		: fpu vme de pse tsc msr pae mce cx8 apic sep mtrr pge mca cmov pat pse36 clflush mmx fxsr sse sse2 ht syscall nx mmxext fxsr_opt pdpe1gb rdtscp lm constant_tsc rep_good nopl nonstop_tsc extd_apicid aperfmperf pni pclmulqdq monitor ssse3 fma cx16 sse4_1 sse4_2 popcnt aes xsave avx f16c lahf_lm cmp_legacy svm extapic cr8_legacy abm sse4a misalignsse 3dnowprefetch osvw ibs xop skinit wdt lwp fma4 tce nodeid_msr tbm topoext perfctr_core perfctr_nb cpb hw_pstate vmmcall bmi1 arat npt lbrv svm_lock nrip_save tsc_scale vmcb_clean flushbyasid decodeassists pausefilter pfthreshold
bugs		: fxsave_leak sysret_ss_attrs null_seg
bogomips	: 7635.52
TLB size	: 1536 4K pages
clflush size	: 64
cache_alignment	: 64
address sizes	: 48 bits physical, 48 bits virtual
power management: ts ttp tm 100mhzsteps hwpstate cpb eff_freq_ro



Memory: 4k page, physical 8202820k(103088k free), swap 0k(0k free)

vm_info: OpenJDK 64-Bit Server VM (25.112-b06) for linux-amd64 JRE (1.8.0_112-release-b06), built on Dec  6 2016 12:11:18 by "builder" with gcc 4.8.4

time: Thu Oct 26 07:08:51 2017
elapsed time: 135 seconds (0d 0h 2m 15s)
