#
# There is insufficient memory for the Java Runtime Environment to continue.
# Native memory allocation (mmap) failed to map 149946368 bytes for committing reserved memory.
# Possible reasons:
#   The system is out of physical RAM or swap space
#   In 32 bit mode, the process size limit was hit
# Possible solutions:
#   Reduce memory load on the system
#   Increase physical memory or swap space
#   Check if swap backing store is full
#   Use 64 bit Java on a 64 bit OS
#   Decrease Java heap size (-Xmx/-Xms)
#   Decrease number of Java threads
#   Decrease Java thread stack sizes (-Xss)
#   Set larger code cache with -XX:ReservedCodeCacheSize=
# This output file may be truncated or incomplete.
#
#  Out of Memory Error (os_linux.cpp:2627), pid=29351, tid=0x00007f19139b7700
#
# JRE version: OpenJDK Runtime Environment (8.0_112-b06) (build 1.8.0_112-release-b06)
# Java VM: OpenJDK 64-Bit Server VM (25.112-b06 mixed mode linux-amd64 compressed oops)
# Failed to write core dump. Core dumps have been disabled. To enable core dumping, try "ulimit -c unlimited" before starting Java again
#

---------------  T H R E A D  ---------------

Current thread (0x00007f1934077800):  VMThread [stack: 0x00007f19138b7000,0x00007f19139b8000] [id=29364]

Stack: [0x00007f19138b7000,0x00007f19139b8000],  sp=0x00007f19139b64d0,  free space=1021k
Native frames: (J=compiled Java code, j=interpreted, Vv=VM code, C=native code)
V  [libjvm.so+0x9e465d]  VMError::report_and_die()+0x15d
V  [libjvm.so+0x4b6ada]  report_vm_out_of_memory(char const*, int, unsigned long, VMErrorType, char const*)+0x8a
V  [libjvm.so+0x84c860]  os::pd_commit_memory(char*, unsigned long, unsigned long, bool)+0xf0
V  [libjvm.so+0x84737f]  os::commit_memory(char*, unsigned long, unsigned long, bool)+0x1f
V  [libjvm.so+0x8bd3db]  PSVirtualSpace::expand_by(unsigned long)+0x5b
V  [libjvm.so+0x8ae1bb]  PSOldGen::expand_by(unsigned long) [clone .part.109]+0x1b
V  [libjvm.so+0x8ae37b]  PSOldGen::expand(unsigned long) [clone .part.111]+0xdb
V  [libjvm.so+0x8aec58]  PSOldGen::resize(unsigned long)+0x188
V  [libjvm.so+0x8b426c]  PSParallelCompact::invoke_no_policy(bool)+0x97c
V  [libjvm.so+0x8bb37d]  PSScavenge::invoke()+0x17d
V  [libjvm.so+0x86fcf3]  ParallelScavengeHeap::failed_mem_allocate(unsigned long)+0x63
V  [libjvm.so+0x9e6124]  VM_ParallelGCFailedAllocation::doit()+0x84
V  [libjvm.so+0x9ea537]  VM_Operation::evaluate()+0x47
V  [libjvm.so+0x9e8ff8]  VMThread::evaluate_operation(VM_Operation*)+0x2c8
V  [libjvm.so+0x9e9479]  VMThread::loop()+0x219
V  [libjvm.so+0x9e98c2]  VMThread::run()+0x72
V  [libjvm.so+0x849c82]  java_start(Thread*)+0xf2

VM_Operation (0x00007f191214d060): ParallelGCFailedAllocation, mode: safepoint, requested by thread 0x00007f1934141800


---------------  P R O C E S S  ---------------

Java Threads: ( => current thread )
  0x00007f1934141800 JavaThread "pool-1-thread-4" [_thread_blocked, id=29392, stack(0x00007f191204e000,0x00007f191214f000)]
  0x00007f1934140800 JavaThread "pool-1-thread-3" [_thread_blocked, id=29390, stack(0x00007f191214f000,0x00007f1912250000)]
  0x00007f193413e800 JavaThread "pool-1-thread-2" [_thread_blocked, id=29389, stack(0x00007f1912250000,0x00007f1912351000)]
  0x00007f193413b000 JavaThread "pool-2-thread-1" [_thread_blocked, id=29387, stack(0x00007f1912351000,0x00007f1912452000)]
  0x00007f193413a000 JavaThread "pool-1-thread-1" [_thread_blocked, id=29386, stack(0x00007f1912452000,0x00007f1912553000)]
  0x00007f19340c0800 JavaThread "Service Thread" daemon [_thread_blocked, id=29371, stack(0x00007f191266e000,0x00007f191276f000)]
  0x00007f19340bd800 JavaThread "C1 CompilerThread2" daemon [_thread_blocked, id=29370, stack(0x00007f191276f000,0x00007f1912870000)]
  0x00007f19340bc000 JavaThread "C2 CompilerThread1" daemon [_thread_blocked, id=29369, stack(0x00007f1912870000,0x00007f1912971000)]
  0x00007f19340b9000 JavaThread "C2 CompilerThread0" daemon [_thread_blocked, id=29368, stack(0x00007f1912971000,0x00007f1912a72000)]
  0x00007f19340b7800 JavaThread "Signal Dispatcher" daemon [_thread_blocked, id=29367, stack(0x00007f1912a72000,0x00007f1912b73000)]
  0x00007f1934083800 JavaThread "Finalizer" daemon [_thread_blocked, id=29366, stack(0x00007f19136b5000,0x00007f19137b6000)]
  0x00007f193407f000 JavaThread "Reference Handler" daemon [_thread_blocked, id=29365, stack(0x00007f19137b6000,0x00007f19138b7000)]
  0x00007f193400a000 JavaThread "main" [_thread_blocked, id=29355, stack(0x00007f1939efa000,0x00007f1939ffb000)]

Other Threads:
=>0x00007f1934077800 VMThread [stack: 0x00007f19138b7000,0x00007f19139b8000] [id=29364]
  0x00007f19340c3000 WatcherThread [stack: 0x00007f191256d000,0x00007f191266e000] [id=29372]

VM state:at safepoint (normal execution)

VM Mutex/Monitor currently owned by a thread:  ([mutex/lock_event])
[0x00007f1934005fb0] ExpandHeap_lock - owner thread: 0x00007f1934077800
[0x00007f1934006630] Threads_lock - owner thread: 0x00007f1934077800
[0x00007f1934006b30] Heap_lock - owner thread: 0x00007f1934141800

Heap:
 PSYoungGen      total 284672K, used 20195K [0x00000000eab00000, 0x0000000100000000, 0x0000000100000000)
  eden space 234496K, 0% used [0x00000000eab00000,0x00000000eab00000,0x00000000f9000000)
  from space 50176K, 40% used [0x00000000f9000000,0x00000000fa3b8f00,0x00000000fc100000)
  to   space 64512K, 0% used [0x00000000fc100000,0x00000000fc100000,0x0000000100000000)
 ParOldGen       total 174080K, used 173870K [0x00000000c0000000, 0x00000000caa00000, 0x00000000eab00000)
  object space 174080K, 99% used [0x00000000c0000000,0x00000000ca9cba68,0x00000000caa00000)
 Metaspace       used 6400K, capacity 7216K, committed 7296K, reserved 1056768K
  class space    used 594K, capacity 616K, committed 640K, reserved 1048576K

Card table byte_map: [0x00007f1923972000,0x00007f1923b73000] byte_map_base: 0x00007f1923372000

Marking Bits: (ParMarkBitMap*) 0x00007f1939399340
 Begin Bits: [0x00007f192156e000, 0x00007f192256e000)
 End Bits:   [0x00007f192256e000, 0x00007f192356e000)

Polling page: 0x00007f1939ef9000

CodeCache: size=245760Kb used=7971Kb max_used=7971Kb free=237788Kb
 bounds [0x00007f1923f33000, 0x00007f1924713000, 0x00007f1932f33000]
 total_blobs=2257 nmethods=1987 adapters=185
 compilation: enabled

Compilation events (10 events):
Event: 11,939 Thread 0x00007f19340bd800 nmethod 2170 0x00007f19246c1090 code [0x00007f19246c1240, 0x00007f19246c1588]
Event: 11,939 Thread 0x00007f19340bd800 2171       2       com.android.dx.ssa.back.InterferenceGraph::add (46 bytes)
Event: 11,940 Thread 0x00007f19340bd800 nmethod 2171 0x00007f19246c0510 code [0x00007f19246c0700, 0x00007f19246c0ba8]
Event: 11,942 Thread 0x00007f19340bd800 2174 %     3       com.android.dx.ssa.back.LivenessAnalyzer::handleTailRecursion @ 0 (94 bytes)
Event: 11,942 Thread 0x00007f19340bd800 nmethod 2174% 0x00007f19246bfb90 code [0x00007f19246bfd60, 0x00007f19246c02e8]
Event: 11,942 Thread 0x00007f19340bd800 2175       3       com.android.dx.ssa.back.LivenessAnalyzer::handleTailRecursion (94 bytes)
Event: 11,942 Thread 0x00007f19340bd800 nmethod 2175 0x00007f19246bf250 code [0x00007f19246bf420, 0x00007f19246bf968]
Event: 12,055 Thread 0x00007f19340bd800 2179       2       com.android.dx.util.BitIntSet::merge (148 bytes)
Event: 12,056 Thread 0x00007f19340bd800 nmethod 2179 0x00007f19246be550 code [0x00007f19246be760, 0x00007f19246becf8]
Event: 12,060 Thread 0x00007f19340bd800 2181 %     3       com.android.dx.ssa.back.FirstFitLocalCombiningAllocator::handleCheckCastResults @ 8 (413 bytes)

GC Heap History (10 events):
Event: 4,845 GC heap after
Heap after GC invocations=4 (full 0):
 PSYoungGen      total 136192K, used 5103K [0x00000000eab00000, 0x00000000f3500000, 0x0000000100000000)
  eden space 131072K, 0% used [0x00000000eab00000,0x00000000eab00000,0x00000000f2b00000)
  from space 5120K, 99% used [0x00000000f3000000,0x00000000f34fbe50,0x00000000f3500000)
  to   space 5120K, 0% used [0x00000000f2b00000,0x00000000f2b00000,0x00000000f3000000)
 ParOldGen       total 86016K, used 21289K [0x00000000c0000000, 0x00000000c5400000, 0x00000000eab00000)
  object space 86016K, 24% used [0x00000000c0000000,0x00000000c14ca470,0x00000000c5400000)
 Metaspace       used 6216K, capacity 7088K, committed 7296K, reserved 1056768K
  class space    used 593K, capacity 616K, committed 640K, reserved 1048576K
}
Event: 6,235 GC heap before
{Heap before GC invocations=5 (full 0):
 PSYoungGen      total 136192K, used 136175K [0x00000000eab00000, 0x00000000f3500000, 0x0000000100000000)
  eden space 131072K, 100% used [0x00000000eab00000,0x00000000f2b00000,0x00000000f2b00000)
  from space 5120K, 99% used [0x00000000f3000000,0x00000000f34fbe50,0x00000000f3500000)
  to   space 5120K, 0% used [0x00000000f2b00000,0x00000000f2b00000,0x00000000f3000000)
 ParOldGen       total 86016K, used 21289K [0x00000000c0000000, 0x00000000c5400000, 0x00000000eab00000)
  object space 86016K, 24% used [0x00000000c0000000,0x00000000c14ca470,0x00000000c5400000)
 Metaspace       used 6347K, capacity 7152K, committed 7296K, reserved 1056768K
  class space    used 593K, capacity 616K, committed 640K, reserved 1048576K
Event: 6,365 GC heap after
Heap after GC invocations=5 (full 0):
 PSYoungGen      total 136192K, used 5117K [0x00000000eab00000, 0x00000000fd700000, 0x0000000100000000)
  eden space 131072K, 0% used [0x00000000eab00000,0x00000000eab00000,0x00000000f2b00000)
  from space 5120K, 99% used [0x00000000f2b00000,0x00000000f2fff578,0x00000000f3000000)
  to   space 22528K, 0% used [0x00000000fc100000,0x00000000fc100000,0x00000000fd700000)
 ParOldGen       total 86016K, used 35802K [0x00000000c0000000, 0x00000000c5400000, 0x00000000eab00000)
  object space 86016K, 41% used [0x00000000c0000000,0x00000000c22f69c8,0x00000000c5400000)
 Metaspace       used 6347K, capacity 7152K, committed 7296K, reserved 1056768K
  class space    used 593K, capacity 616K, committed 640K, reserved 1048576K
}
Event: 10,298 GC heap before
{Heap before GC invocations=6 (full 0):
 PSYoungGen      total 136192K, used 136189K [0x00000000eab00000, 0x00000000fd700000, 0x0000000100000000)
  eden space 131072K, 100% used [0x00000000eab00000,0x00000000f2b00000,0x00000000f2b00000)
  from space 5120K, 99% used [0x00000000f2b00000,0x00000000f2fff578,0x00000000f3000000)
  to   space 22528K, 0% used [0x00000000fc100000,0x00000000fc100000,0x00000000fd700000)
 ParOldGen       total 86016K, used 35802K [0x00000000c0000000, 0x00000000c5400000, 0x00000000eab00000)
  object space 86016K, 41% used [0x00000000c0000000,0x00000000c22f69c8,0x00000000c5400000)
 Metaspace       used 6390K, capacity 7152K, committed 7296K, reserved 1056768K
  class space    used 593K, capacity 616K, committed 640K, reserved 1048576K
Event: 10,440 GC heap after
Heap after GC invocations=6 (full 0):
 PSYoungGen      total 257024K, used 22504K [0x00000000eab00000, 0x0000000100000000, 0x0000000100000000)
  eden space 234496K, 0% used [0x00000000eab00000,0x00000000eab00000,0x00000000f9000000)
  from space 22528K, 99% used [0x00000000fc100000,0x00000000fd6fa260,0x00000000fd700000)
  to   space 50176K, 0% used [0x00000000f9000000,0x00000000f9000000,0x00000000fc100000)
 ParOldGen       total 86016K, used 77646K [0x00000000c0000000, 0x00000000c5400000, 0x00000000eab00000)
  object space 86016K, 90% used [0x00000000c0000000,0x00000000c4bd3a10,0x00000000c5400000)
 Metaspace       used 6390K, capacity 7152K, committed 7296K, reserved 1056768K
  class space    used 593K, capacity 616K, committed 640K, reserved 1048576K
}
Event: 10,440 GC heap before
{Heap before GC invocations=7 (full 1):
 PSYoungGen      total 257024K, used 22504K [0x00000000eab00000, 0x0000000100000000, 0x0000000100000000)
  eden space 234496K, 0% used [0x00000000eab00000,0x00000000eab00000,0x00000000f9000000)
  from space 22528K, 99% used [0x00000000fc100000,0x00000000fd6fa260,0x00000000fd700000)
  to   space 50176K, 0% used [0x00000000f9000000,0x00000000f9000000,0x00000000fc100000)
 ParOldGen       total 86016K, used 77646K [0x00000000c0000000, 0x00000000c5400000, 0x00000000eab00000)
  object space 86016K, 90% used [0x00000000c0000000,0x00000000c4bd3a10,0x00000000c5400000)
 Metaspace       used 6390K, capacity 7152K, committed 7296K, reserved 1056768K
  class space    used 593K, capacity 616K, committed 640K, reserved 1048576K
Event: 11,429 GC heap after
Heap after GC invocations=7 (full 1):
 PSYoungGen      total 257024K, used 9170K [0x00000000eab00000, 0x0000000100000000, 0x0000000100000000)
  eden space 234496K, 0% used [0x00000000eab00000,0x00000000eab00000,0x00000000f9000000)
  from space 22528K, 40% used [0x00000000fc100000,0x00000000fc9f4958,0x00000000fd700000)
  to   space 50176K, 0% used [0x00000000f9000000,0x00000000f9000000,0x00000000fc100000)
 ParOldGen       total 174080K, used 85501K [0x00000000c0000000, 0x00000000caa00000, 0x00000000eab00000)
  object space 174080K, 49% used [0x00000000c0000000,0x00000000c537f7c8,0x00000000caa00000)
 Metaspace       used 6390K, capacity 7152K, committed 7296K, reserved 1056768K
  class space    used 593K, capacity 616K, committed 640K, reserved 1048576K
}
Event: 12,076 GC heap before
{Heap before GC invocations=8 (full 1):
 PSYoungGen      total 257024K, used 243666K [0x00000000eab00000, 0x0000000100000000, 0x0000000100000000)
  eden space 234496K, 100% used [0x00000000eab00000,0x00000000f9000000,0x00000000f9000000)
  from space 22528K, 40% used [0x00000000fc100000,0x00000000fc9f4958,0x00000000fd700000)
  to   space 50176K, 0% used [0x00000000f9000000,0x00000000f9000000,0x00000000fc100000)
 ParOldGen       total 174080K, used 85501K [0x00000000c0000000, 0x00000000caa00000, 0x00000000eab00000)
  object space 174080K, 49% used [0x00000000c0000000,0x00000000c537f7c8,0x00000000caa00000)
 Metaspace       used 6400K, capacity 7216K, committed 7296K, reserved 1056768K
  class space    used 594K, capacity 616K, committed 640K, reserved 1048576K
Event: 12,686 GC heap after
Heap after GC invocations=8 (full 1):
 PSYoungGen      total 284672K, used 50166K [0x00000000eab00000, 0x0000000100000000, 0x0000000100000000)
  eden space 234496K, 0% used [0x00000000eab00000,0x00000000eab00000,0x00000000f9000000)
  from space 50176K, 99% used [0x00000000f9000000,0x00000000fc0fda00,0x00000000fc100000)
  to   space 64512K, 0% used [0x00000000fc100000,0x00000000fc100000,0x0000000100000000)
 ParOldGen       total 174080K, used 155206K [0x00000000c0000000, 0x00000000caa00000, 0x00000000eab00000)
  object space 174080K, 89% used [0x00000000c0000000,0x00000000c9791a88,0x00000000caa00000)
 Metaspace       used 6400K, capacity 7216K, committed 7296K, reserved 1056768K
  class space    used 594K, capacity 616K, committed 640K, reserved 1048576K
}
Event: 12,686 GC heap before
{Heap before GC invocations=9 (full 2):
 PSYoungGen      total 284672K, used 50166K [0x00000000eab00000, 0x0000000100000000, 0x0000000100000000)
  eden space 234496K, 0% used [0x00000000eab00000,0x00000000eab00000,0x00000000f9000000)
  from space 50176K, 99% used [0x00000000f9000000,0x00000000fc0fda00,0x00000000fc100000)
  to   space 64512K, 0% used [0x00000000fc100000,0x00000000fc100000,0x0000000100000000)
 ParOldGen       total 174080K, used 155206K [0x00000000c0000000, 0x00000000caa00000, 0x00000000eab00000)
  object space 174080K, 89% used [0x00000000c0000000,0x00000000c9791a88,0x00000000caa00000)
 Metaspace       used 6400K, capacity 7216K, committed 7296K, reserved 1056768K
  class space    used 594K, capacity 616K, committed 640K, reserved 1048576K

Deoptimization events (10 events):
Event: 6,158 Thread 0x00007f1934140800 Uncommon trap: reason=bimorphic action=maybe_recompile pc=0x00007f192453e8f0 method=com.android.dx.cf.code.BytecodeArray.parseInstruction(ILcom/android/dx/cf/code/BytecodeArray$Visitor;)I @ 1501
Event: 6,158 Thread 0x00007f1934140800 Uncommon trap: reason=bimorphic action=maybe_recompile pc=0x00007f192453e8f0 method=com.android.dx.cf.code.BytecodeArray.parseInstruction(ILcom/android/dx/cf/code/BytecodeArray$Visitor;)I @ 1501
Event: 6,166 Thread 0x00007f193413e800 Uncommon trap: reason=bimorphic action=maybe_recompile pc=0x00007f19245425b8 method=com.android.dx.cf.code.BytecodeArray.parseInstruction(ILcom/android/dx/cf/code/BytecodeArray$Visitor;)I @ 2484
Event: 6,166 Thread 0x00007f193413e800 Uncommon trap: reason=bimorphic action=maybe_recompile pc=0x00007f19245425b8 method=com.android.dx.cf.code.BytecodeArray.parseInstruction(ILcom/android/dx/cf/code/BytecodeArray$Visitor;)I @ 2484
Event: 11,930 Thread 0x00007f193400a000 Uncommon trap: reason=unstable_if action=reinterpret pc=0x00007f192426c12c method=com.android.dx.ssa.SetFactory.makeLivenessSet(I)Lcom/android/dx/util/IntSet; @ 4
Event: 11,930 Thread 0x00007f193400a000 Uncommon trap: reason=unstable_if action=reinterpret pc=0x00007f192426a2dc method=com.android.dx.ssa.SetFactory.makeLivenessSet(I)Lcom/android/dx/util/IntSet; @ 4
Event: 11,938 Thread 0x00007f193400a000 Uncommon trap: reason=class_check action=maybe_recompile pc=0x00007f192421492c method=com.android.dx.ssa.back.InterferenceGraph.add(II)V @ 19
Event: 11,938 Thread 0x00007f193400a000 Uncommon trap: reason=class_check action=maybe_recompile pc=0x00007f192421492c method=com.android.dx.ssa.back.InterferenceGraph.add(II)V @ 19
Event: 11,938 Thread 0x00007f193400a000 Uncommon trap: reason=class_check action=maybe_recompile pc=0x00007f192421492c method=com.android.dx.ssa.back.InterferenceGraph.add(II)V @ 19
Event: 11,938 Thread 0x00007f193400a000 Uncommon trap: reason=class_check action=maybe_recompile pc=0x00007f192421492c method=com.android.dx.ssa.back.InterferenceGraph.add(II)V @ 19

Internal exceptions (5 events):
Event: 0,082 Thread 0x00007f193400a000 Exception <a 'java/lang/NoSuchMethodError': Method sun.misc.Unsafe.defineClass(Ljava/lang/String;[BII)Ljava/lang/Class; name or signature does not match> (0x00000000eab07c78) thrown at [/ssd/Android/AOSP-openjdk/external/jetbrains/jdk/hotspot/src/share/vm
Event: 0,082 Thread 0x00007f193400a000 Exception <a 'java/lang/NoSuchMethodError': Method sun.misc.Unsafe.prefetchRead(Ljava/lang/Object;J)V name or signature does not match> (0x00000000eab07f60) thrown at [/ssd/Android/AOSP-openjdk/external/jetbrains/jdk/hotspot/src/share/vm/prims/jni.cpp, li
Event: 4,360 Thread 0x00007f193400a000 Exception <a 'java/lang/ArrayIndexOutOfBoundsException': 18> (0x00000000ed0da1b0) thrown at [/ssd/Android/AOSP-openjdk/external/jetbrains/jdk/hotspot/src/share/vm/interpreter/interpreterRuntime.cpp, line 366]
Event: 4,361 Thread 0x00007f193400a000 Exception <a 'java/lang/ArrayIndexOutOfBoundsException'> (0x00000000ed0dbd30) thrown at [/ssd/Android/AOSP-openjdk/external/jetbrains/jdk/hotspot/src/share/vm/runtime/sharedRuntime.cpp, line 605]
Event: 4,362 Thread 0x00007f193400a000 Exception <a 'java/lang/ArrayIndexOutOfBoundsException'> (0x00000000ed0dd018) thrown at [/ssd/Android/AOSP-openjdk/external/jetbrains/jdk/hotspot/src/share/vm/runtime/sharedRuntime.cpp, line 605]

Events (10 events):
Event: 11,938 Thread 0x00007f193400a000 DEOPT UNPACKING pc=0x00007f1923f37f69 sp=0x00007f1939ff8848 mode 2
Event: 11,938 Thread 0x00007f193400a000 Uncommon trap: trap_request=0xffffffde fr.pc=0x00007f192421492c
Event: 11,938 Thread 0x00007f193400a000 DEOPT PACKING pc=0x00007f192421492c sp=0x00007f1939ff88c0
Event: 11,938 Thread 0x00007f193400a000 DEOPT UNPACKING pc=0x00007f1923f37f69 sp=0x00007f1939ff8848 mode 2
Event: 11,938 Thread 0x00007f193400a000 Uncommon trap: trap_request=0xffffffde fr.pc=0x00007f192421492c
Event: 11,938 Thread 0x00007f193400a000 DEOPT PACKING pc=0x00007f192421492c sp=0x00007f1939ff88c0
Event: 11,938 Thread 0x00007f193400a000 DEOPT UNPACKING pc=0x00007f1923f37f69 sp=0x00007f1939ff8848 mode 2
Event: 11,942 Thread 0x00007f193400a000 DEOPT PACKING pc=0x00007f192468f58b sp=0x00007f1939ff8930
Event: 11,942 Thread 0x00007f193400a000 DEOPT UNPACKING pc=0x00007f1923f79f73 sp=0x00007f1939ff8688 mode 0
Event: 12,061 Executing VM operation: ParallelGCFailedAllocation


Dynamic libraries:
00400000-00401000 r-xp 00000000 08:01 25956432                           /usr/local/android-studio/jre/bin/java
00600000-00601000 r--p 00000000 08:01 25956432                           /usr/local/android-studio/jre/bin/java
00601000-00602000 rw-p 00001000 08:01 25956432                           /usr/local/android-studio/jre/bin/java
02325000-02346000 rw-p 00000000 00:00 0                                  [heap]
c0000000-caa00000 rw-p 00000000 00:00 0 
d3900000-eab00000 ---p 00000000 00:00 0 
eab00000-100000000 rw-p 00000000 00:00 0 
100000000-1000a0000 rw-p 00000000 00:00 0 
1000a0000-140000000 ---p 00000000 00:00 0 
7f18d0000000-7f18d0024000 rw-p 00000000 00:00 0 
7f18d0024000-7f18d4000000 ---p 00000000 00:00 0 
7f18d8000000-7f18d802a000 rw-p 00000000 00:00 0 
7f18d802a000-7f18dc000000 ---p 00000000 00:00 0 
7f18dc000000-7f18dc021000 rw-p 00000000 00:00 0 
7f18dc021000-7f18e0000000 ---p 00000000 00:00 0 
7f18e0000000-7f18e0038000 rw-p 00000000 00:00 0 
7f18e0038000-7f18e4000000 ---p 00000000 00:00 0 
7f18e4000000-7f18e4021000 rw-p 00000000 00:00 0 
7f18e4021000-7f18e8000000 ---p 00000000 00:00 0 
7f18e8000000-7f18e8021000 rw-p 00000000 00:00 0 
7f18e8021000-7f18ec000000 ---p 00000000 00:00 0 
7f18ec000000-7f18ec021000 rw-p 00000000 00:00 0 
7f18ec021000-7f18f0000000 ---p 00000000 00:00 0 
7f18f0000000-7f18f1179000 rw-p 00000000 00:00 0 
7f18f1179000-7f18f4000000 ---p 00000000 00:00 0 
7f18f4000000-7f18f487a000 rw-p 00000000 00:00 0 
7f18f487a000-7f18f8000000 ---p 00000000 00:00 0 
7f18f8000000-7f18f8021000 rw-p 00000000 00:00 0 
7f18f8021000-7f18fc000000 ---p 00000000 00:00 0 
7f18fc000000-7f18fcf51000 rw-p 00000000 00:00 0 
7f18fcf51000-7f1900000000 ---p 00000000 00:00 0 
7f1900000000-7f1900021000 rw-p 00000000 00:00 0 
7f1900021000-7f1904000000 ---p 00000000 00:00 0 
7f1904000000-7f1904021000 rw-p 00000000 00:00 0 
7f1904021000-7f1908000000 ---p 00000000 00:00 0 
7f1908000000-7f190828f000 rw-p 00000000 00:00 0 
7f190828f000-7f190c000000 ---p 00000000 00:00 0 
7f190c000000-7f190c021000 rw-p 00000000 00:00 0 
7f190c021000-7f1910000000 ---p 00000000 00:00 0 
7f191204e000-7f1912051000 ---p 00000000 00:00 0 
7f1912051000-7f191214f000 rw-p 00000000 00:00 0 
7f191214f000-7f1912152000 ---p 00000000 00:00 0 
7f1912152000-7f1912250000 rw-p 00000000 00:00 0 
7f1912250000-7f1912253000 ---p 00000000 00:00 0 
7f1912253000-7f1912351000 rw-p 00000000 00:00 0 
7f1912351000-7f1912354000 ---p 00000000 00:00 0 
7f1912354000-7f1912452000 rw-p 00000000 00:00 0 
7f1912452000-7f1912455000 ---p 00000000 00:00 0 
7f1912455000-7f1912553000 rw-p 00000000 00:00 0 
7f1912553000-7f1912567000 r--s 000d8000 08:01 4985565                    /home/vlad/Documents/Projects/revert/platforms/android/build/intermediates/exploded-aar/com.google.android.gms/play-services-ads/11.0.4/jars/classes.jar
7f191256d000-7f191256e000 ---p 00000000 00:00 0 
7f191256e000-7f191266e000 rw-p 00000000 00:00 0 
7f191266e000-7f1912671000 ---p 00000000 00:00 0 
7f1912671000-7f191276f000 rw-p 00000000 00:00 0 
7f191276f000-7f1912772000 ---p 00000000 00:00 0 
7f1912772000-7f1912870000 rw-p 00000000 00:00 0 
7f1912870000-7f1912873000 ---p 00000000 00:00 0 
7f1912873000-7f1912971000 rw-p 00000000 00:00 0 
7f1912971000-7f1912974000 ---p 00000000 00:00 0 
7f1912974000-7f1912a72000 rw-p 00000000 00:00 0 
7f1912a72000-7f1912a75000 ---p 00000000 00:00 0 
7f1912a75000-7f1912b73000 rw-p 00000000 00:00 0 
7f1912b73000-7f19136b0000 r--p 00000000 08:01 1055535                    /usr/lib/locale/locale-archive
7f19136b5000-7f19136b8000 ---p 00000000 00:00 0 
7f19136b8000-7f19137b6000 rw-p 00000000 00:00 0 
7f19137b6000-7f19137b9000 ---p 00000000 00:00 0 
7f19137b9000-7f19138b7000 rw-p 00000000 00:00 0 
7f19138b7000-7f19138b8000 ---p 00000000 00:00 0 
7f19138b8000-7f1914000000 rw-p 00000000 00:00 0 
7f1914000000-7f1914021000 rw-p 00000000 00:00 0 
7f1914021000-7f1918000000 ---p 00000000 00:00 0 
7f1918000000-7f1918021000 rw-p 00000000 00:00 0 
7f1918021000-7f191c000000 ---p 00000000 00:00 0 
7f191c000000-7f191c021000 rw-p 00000000 00:00 0 
7f191c021000-7f1920000000 ---p 00000000 00:00 0 
7f1920007000-7f1920016000 r--s 000e4000 08:01 7213429                    /home/vlad/Android/Sdk/build-tools/26.0.1/lib/dx.jar
7f192001d000-7f1920926000 rw-p 00000000 00:00 0 
7f1920926000-7f1920af5000 r--s 03c1b000 08:01 25956489                   /usr/local/android-studio/jre/jre/lib/rt.jar
7f1920af8000-7f19211ee000 rw-p 00000000 00:00 0 
7f19211ee000-7f192136e000 ---p 00000000 00:00 0 
7f192136e000-7f192356e000 rw-p 00000000 00:00 0 
7f192356e000-7f192356f000 ---p 00000000 00:00 0 
7f192356f000-7f192366f000 rw-p 00000000 00:00 0 
7f192366f000-7f1923670000 ---p 00000000 00:00 0 
7f1923670000-7f1923770000 rw-p 00000000 00:00 0 
7f1923770000-7f1923771000 ---p 00000000 00:00 0 
7f1923771000-7f1923871000 rw-p 00000000 00:00 0 
7f1923871000-7f1923872000 ---p 00000000 00:00 0 
7f1923872000-7f19239c7000 rw-p 00000000 00:00 0 
7f19239c7000-7f1923ac7000 ---p 00000000 00:00 0 
7f1923ac7000-7f1923b72000 rw-p 00000000 00:00 0 
7f1923b72000-7f1923b93000 rw-p 00000000 00:00 0 
7f1923b93000-7f1923f33000 ---p 00000000 00:00 0 
7f1923f33000-7f1924713000 rwxp 00000000 00:00 0 
7f1924713000-7f1932f33000 ---p 00000000 00:00 0 
7f1932f33000-7f1932f4d000 r-xp 00000000 08:01 25956516                   /usr/local/android-studio/jre/jre/lib/amd64/libzip.so
7f1932f4d000-7f193314d000 ---p 0001a000 08:01 25956516                   /usr/local/android-studio/jre/jre/lib/amd64/libzip.so
7f193314d000-7f193314e000 r--p 0001a000 08:01 25956516                   /usr/local/android-studio/jre/jre/lib/amd64/libzip.so
7f193314e000-7f193314f000 rw-p 0001b000 08:01 25956516                   /usr/local/android-studio/jre/jre/lib/amd64/libzip.so
7f1933153000-7f193315e000 r-xp 00000000 08:01 11407910                   /lib/x86_64-linux-gnu/libnss_files-2.23.so
7f193315e000-7f193335d000 ---p 0000b000 08:01 11407910                   /lib/x86_64-linux-gnu/libnss_files-2.23.so
7f193335d000-7f193335e000 r--p 0000a000 08:01 11407910                   /lib/x86_64-linux-gnu/libnss_files-2.23.so
7f193335e000-7f193335f000 rw-p 0000b000 08:01 11407910                   /lib/x86_64-linux-gnu/libnss_files-2.23.so
7f193335f000-7f1933365000 rw-p 00000000 00:00 0 
7f193336b000-7f1933376000 r-xp 00000000 08:01 11407920                   /lib/x86_64-linux-gnu/libnss_nis-2.23.so
7f1933376000-7f1933575000 ---p 0000b000 08:01 11407920                   /lib/x86_64-linux-gnu/libnss_nis-2.23.so
7f1933575000-7f1933576000 r--p 0000a000 08:01 11407920                   /lib/x86_64-linux-gnu/libnss_nis-2.23.so
7f1933576000-7f1933577000 rw-p 0000b000 08:01 11407920                   /lib/x86_64-linux-gnu/libnss_nis-2.23.so
7f193357b000-7f1933591000 r-xp 00000000 08:01 11407904                   /lib/x86_64-linux-gnu/libnsl-2.23.so
7f1933591000-7f1933790000 ---p 00016000 08:01 11407904                   /lib/x86_64-linux-gnu/libnsl-2.23.so
7f1933790000-7f1933791000 r--p 00015000 08:01 11407904                   /lib/x86_64-linux-gnu/libnsl-2.23.so
7f1933791000-7f1933792000 rw-p 00016000 08:01 11407904                   /lib/x86_64-linux-gnu/libnsl-2.23.so
7f1933792000-7f1933794000 rw-p 00000000 00:00 0 
7f193379b000-7f19337a3000 r-xp 00000000 08:01 11407906                   /lib/x86_64-linux-gnu/libnss_compat-2.23.so
7f19337a3000-7f19339a2000 ---p 00008000 08:01 11407906                   /lib/x86_64-linux-gnu/libnss_compat-2.23.so
7f19339a2000-7f19339a3000 r--p 00007000 08:01 11407906                   /lib/x86_64-linux-gnu/libnss_compat-2.23.so
7f19339a3000-7f19339a4000 rw-p 00008000 08:01 11407906                   /lib/x86_64-linux-gnu/libnss_compat-2.23.so
7f19339ab000-7f19339d8000 r-xp 00000000 08:01 25956526                   /usr/local/android-studio/jre/jre/lib/amd64/libjava.so
7f19339d8000-7f1933bd7000 ---p 0002d000 08:01 25956526                   /usr/local/android-studio/jre/jre/lib/amd64/libjava.so
7f1933bd7000-7f1933bd8000 r--p 0002c000 08:01 25956526                   /usr/local/android-studio/jre/jre/lib/amd64/libjava.so
7f1933bd8000-7f1933bda000 rw-p 0002d000 08:01 25956526                   /usr/local/android-studio/jre/jre/lib/amd64/libjava.so
7f1933bdb000-7f1933beb000 r-xp 00000000 08:01 25956542                   /usr/local/android-studio/jre/jre/lib/amd64/libverify.so
7f1933beb000-7f1933dea000 ---p 00010000 08:01 25956542                   /usr/local/android-studio/jre/jre/lib/amd64/libverify.so
7f1933dea000-7f1933dec000 r--p 0000f000 08:01 25956542                   /usr/local/android-studio/jre/jre/lib/amd64/libverify.so
7f1933dec000-7f1933ded000 rw-p 00011000 08:01 25956542                   /usr/local/android-studio/jre/jre/lib/amd64/libverify.so
7f1933df3000-7f1933dfa000 r-xp 00000000 08:01 11407965                   /lib/x86_64-linux-gnu/librt-2.23.so
7f1933dfa000-7f1933ff9000 ---p 00007000 08:01 11407965                   /lib/x86_64-linux-gnu/librt-2.23.so
7f1933ff9000-7f1933ffa000 r--p 00006000 08:01 11407965                   /lib/x86_64-linux-gnu/librt-2.23.so
7f1933ffa000-7f1933ffb000 rw-p 00007000 08:01 11407965                   /lib/x86_64-linux-gnu/librt-2.23.so
7f1934000000-7f193437f000 rw-p 00000000 00:00 0 
7f193437f000-7f1938000000 ---p 00000000 00:00 0 
7f1938002000-7f19380ba000 rw-p 00000000 00:00 0 
7f19380ba000-7f19381bb000 ---p 00000000 00:00 0 
7f19381bb000-7f19382c3000 r-xp 00000000 08:01 11407881                   /lib/x86_64-linux-gnu/libm-2.23.so
7f19382c3000-7f19384c2000 ---p 00108000 08:01 11407881                   /lib/x86_64-linux-gnu/libm-2.23.so
7f19384c2000-7f19384c3000 r--p 00107000 08:01 11407881                   /lib/x86_64-linux-gnu/libm-2.23.so
7f19384c3000-7f19384c4000 rw-p 00108000 08:01 11407881                   /lib/x86_64-linux-gnu/libm-2.23.so
7f19384cb000-7f19390bc000 r-xp 00000000 08:01 25956546                   /usr/local/android-studio/jre/jre/lib/amd64/server/libjvm.so
7f19390bc000-7f19392bc000 ---p 00bf1000 08:01 25956546                   /usr/local/android-studio/jre/jre/lib/amd64/server/libjvm.so
7f19392bc000-7f193935b000 r--p 00bf1000 08:01 25956546                   /usr/local/android-studio/jre/jre/lib/amd64/server/libjvm.so
7f193935b000-7f1939384000 rw-p 00c90000 08:01 25956546                   /usr/local/android-studio/jre/jre/lib/amd64/server/libjvm.so
7f1939384000-7f19393c8000 rw-p 00000000 00:00 0 
7f19393cb000-7f19393e3000 r-xp 00000000 08:01 11407957                   /lib/x86_64-linux-gnu/libpthread-2.23.so
7f19393e3000-7f19395e2000 ---p 00018000 08:01 11407957                   /lib/x86_64-linux-gnu/libpthread-2.23.so
7f19395e2000-7f19395e3000 r--p 00017000 08:01 11407957                   /lib/x86_64-linux-gnu/libpthread-2.23.so
7f19395e3000-7f19395e4000 rw-p 00018000 08:01 11407957                   /lib/x86_64-linux-gnu/libpthread-2.23.so
7f19395e4000-7f19395e8000 rw-p 00000000 00:00 0 
7f19395eb000-7f19395ee000 r-xp 00000000 08:01 11407835                   /lib/x86_64-linux-gnu/libdl-2.23.so
7f19395ee000-7f19397ed000 ---p 00003000 08:01 11407835                   /lib/x86_64-linux-gnu/libdl-2.23.so
7f19397ed000-7f19397ee000 r--p 00002000 08:01 11407835                   /lib/x86_64-linux-gnu/libdl-2.23.so
7f19397ee000-7f19397ef000 rw-p 00003000 08:01 11407835                   /lib/x86_64-linux-gnu/libdl-2.23.so
7f19397f3000-7f19399b3000 r-xp 00000000 08:01 11407811                   /lib/x86_64-linux-gnu/libc-2.23.so
7f19399b3000-7f1939bb3000 ---p 001c0000 08:01 11407811                   /lib/x86_64-linux-gnu/libc-2.23.so
7f1939bb3000-7f1939bb7000 r--p 001c0000 08:01 11407811                   /lib/x86_64-linux-gnu/libc-2.23.so
7f1939bb7000-7f1939bb9000 rw-p 001c4000 08:01 11407811                   /lib/x86_64-linux-gnu/libc-2.23.so
7f1939bb9000-7f1939bbd000 rw-p 00000000 00:00 0 
7f1939bc3000-7f1939bd9000 r-xp 00000000 08:01 25956406                   /usr/local/android-studio/jre/lib/amd64/jli/libjli.so
7f1939bd9000-7f1939dd8000 ---p 00016000 08:01 25956406                   /usr/local/android-studio/jre/lib/amd64/jli/libjli.so
7f1939dd8000-7f1939dd9000 r--p 00015000 08:01 25956406                   /usr/local/android-studio/jre/lib/amd64/jli/libjli.so
7f1939dd9000-7f1939dda000 rw-p 00016000 08:01 25956406                   /usr/local/android-studio/jre/lib/amd64/jli/libjli.so
7f1939ddb000-7f1939e01000 r-xp 00000000 08:01 11407783                   /lib/x86_64-linux-gnu/ld-2.23.so
7f1939e06000-7f1939eeb000 rw-p 00000000 00:00 0 
7f1939eeb000-7f1939ef3000 rw-s 00000000 08:01 6690317                    /tmp/hsperfdata_vlad/29351
7f1939ef8000-7f1939ef9000 rw-p 00000000 00:00 0 
7f1939ef9000-7f1939efa000 ---p 00000000 00:00 0 
7f1939efa000-7f1939efd000 ---p 00000000 00:00 0 
7f1939efd000-7f193a000000 rw-p 00000000 00:00 0 
7f193a000000-7f193a001000 r--p 00025000 08:01 11407783                   /lib/x86_64-linux-gnu/ld-2.23.so
7f193a001000-7f193a002000 rw-p 00026000 08:01 11407783                   /lib/x86_64-linux-gnu/ld-2.23.so
7f193a002000-7f193a004000 rw-p 00000000 00:00 0 
7fffabbe5000-7fffabc06000 rw-p 00000000 00:00 0                          [stack]
7fffabc8b000-7fffabc8d000 r--p 00000000 00:00 0                          [vvar]
7fffabc8d000-7fffabc8f000 r-xp 00000000 00:00 0                          [vdso]
ffffffffff600000-ffffffffff601000 r-xp 00000000 00:00 0                  [vsyscall]

VM Arguments:
jvm_args: -Djava.awt.headless=true -Xmx1024M -Dfile.encoding=UTF-8 -Duser.country=US -Duser.language=en -Duser.variant 
java_command: com.android.dx.command.Main --dex --num-threads=4 --output /home/vlad/Documents/Projects/revert/platforms/android/build/intermediates/pre-dexed/debug/com.google.android.gms-play-services-ads-11.0.4_3cbcdfdfcccf7c0a77ff333620d331e0ad8b6771.jar /home/vlad/Documents/Projects/revert/platforms/android/build/intermediates/exploded-aar/com.google.android.gms/play-services-ads/11.0.4/jars/classes.jar
java_class_path (initial): /home/vlad/Android/Sdk/build-tools/26.0.1/lib/dx.jar
Launcher Type: SUN_STANDARD

Environment Variables:
PATH=/home/vlad/bin:/home/vlad/.local/bin:/usr/local/sbin:/usr/local/bin:/usr/sbin:/usr/bin:/sbin:/bin:/usr/games:/usr/local/games:/snap/bin
LD_LIBRARY_PATH=/usr/local/android-studio/bin:
SHELL=/bin/bash
DISPLAY=:0

Signal Handlers:
SIGSEGV: [libjvm.so+0x9e5150], sa_mask[0]=11111111011111111101111111111110, sa_flags=SA_RESTART|SA_SIGINFO
SIGBUS: [libjvm.so+0x9e5150], sa_mask[0]=11111111011111111101111111111110, sa_flags=SA_RESTART|SA_SIGINFO
SIGFPE: [libjvm.so+0x848450], sa_mask[0]=11111111011111111101111111111110, sa_flags=SA_RESTART|SA_SIGINFO
SIGPIPE: [libjvm.so+0x848450], sa_mask[0]=11111111011111111101111111111110, sa_flags=SA_RESTART|SA_SIGINFO
SIGXFSZ: [libjvm.so+0x848450], sa_mask[0]=11111111011111111101111111111110, sa_flags=SA_RESTART|SA_SIGINFO
SIGILL: [libjvm.so+0x848450], sa_mask[0]=11111111011111111101111111111110, sa_flags=SA_RESTART|SA_SIGINFO
SIGUSR1: SIG_DFL, sa_mask[0]=00000000000000000000000000000000, sa_flags=none
SIGUSR2: [libjvm.so+0x848320], sa_mask[0]=00100000000000000000000000000000, sa_flags=SA_RESTART|SA_SIGINFO
SIGHUP: [libjvm.so+0x848510], sa_mask[0]=11111111011111111101111111111110, sa_flags=SA_RESTART|SA_SIGINFO
SIGINT: [libjvm.so+0x848510], sa_mask[0]=11111111011111111101111111111110, sa_flags=SA_RESTART|SA_SIGINFO
SIGTERM: [libjvm.so+0x848510], sa_mask[0]=11111111011111111101111111111110, sa_flags=SA_RESTART|SA_SIGINFO
SIGQUIT: [libjvm.so+0x848510], sa_mask[0]=11111111011111111101111111111110, sa_flags=SA_RESTART|SA_SIGINFO


---------------  S Y S T E M  ---------------

OS:DISTRIB_ID=Ubuntu
DISTRIB_RELEASE=16.04
DISTRIB_CODENAME=xenial
DISTRIB_DESCRIPTION="Ubuntu 16.04.3 LTS"

uname:Linux 4.10.0-37-generic #41~16.04.1-Ubuntu SMP Fri Oct 6 22:42:59 UTC 2017 x86_64
libc:glibc 2.23 NPTL 2.23 
rlimit: STACK 8192k, CORE 0k, NPROC 31581, NOFILE 1048576, AS infinity
load average:7,79 3,48 3,35

/proc/meminfo:
MemTotal:        8202820 kB
MemFree:          131040 kB
MemAvailable:      48452 kB
Buffers:            1288 kB
Cached:           123200 kB
SwapCached:            0 kB
Active:          7595456 kB
Inactive:          91976 kB
Active(anon):    7566136 kB
Inactive(anon):    62680 kB
Active(file):      29320 kB
Inactive(file):    29296 kB
Unevictable:         520 kB
Mlocked:             520 kB
SwapTotal:             0 kB
SwapFree:              0 kB
Dirty:               124 kB
Writeback:          8852 kB
AnonPages:       7563652 kB
Mapped:           172304 kB
Shmem:             65736 kB
Slab:             122720 kB
SReclaimable:      50148 kB
SUnreclaim:        72572 kB
KernelStack:       18256 kB
PageTables:        75616 kB
NFS_Unstable:          0 kB
Bounce:                0 kB
WritebackTmp:          0 kB
CommitLimit:     4101408 kB
Committed_AS:   16324336 kB
VmallocTotal:   34359738367 kB
VmallocUsed:           0 kB
VmallocChunk:          0 kB
HardwareCorrupted:     0 kB
AnonHugePages:   4106240 kB
ShmemHugePages:        0 kB
ShmemPmdMapped:        0 kB
CmaTotal:              0 kB
CmaFree:               0 kB
HugePages_Total:       0
HugePages_Free:        0
HugePages_Rsvd:        0
HugePages_Surp:        0
Hugepagesize:       2048 kB
DirectMap4k:      393664 kB
DirectMap2M:     8024064 kB
DirectMap1G:           0 kB


CPU:total 4 (4 cores per cpu, 1 threads per core) family 21 model 2 stepping 0, cmov, cx8, fxsr, mmx, sse, sse2, sse3, ssse3, sse4.1, sse4.2, popcnt, avx, aes, clmul, mmxext, 3dnowpref, lzcnt, sse4a, tsc, tscinvbit, tscinv, bmi1

/proc/cpuinfo:
processor	: 0
vendor_id	: AuthenticAMD
cpu family	: 21
model		: 2
model name	: AMD FX(tm)-4300 Quad-Core Processor
stepping	: 0
microcode	: 0x600081f
cpu MHz		: 1800.000
cache size	: 2048 KB
physical id	: 0
siblings	: 4
core id		: 0
cpu cores	: 2
apicid		: 16
initial apicid	: 0
fpu		: yes
fpu_exception	: yes
cpuid level	: 13
wp		: yes
flags		: fpu vme de pse tsc msr pae mce cx8 apic sep mtrr pge mca cmov pat pse36 clflush mmx fxsr sse sse2 ht syscall nx mmxext fxsr_opt pdpe1gb rdtscp lm constant_tsc rep_good nopl nonstop_tsc extd_apicid aperfmperf pni pclmulqdq monitor ssse3 fma cx16 sse4_1 sse4_2 popcnt aes xsave avx f16c lahf_lm cmp_legacy svm extapic cr8_legacy abm sse4a misalignsse 3dnowprefetch osvw ibs xop skinit wdt lwp fma4 tce nodeid_msr tbm topoext perfctr_core perfctr_nb cpb hw_pstate vmmcall bmi1 arat npt lbrv svm_lock nrip_save tsc_scale vmcb_clean flushbyasid decodeassists pausefilter pfthreshold
bugs		: fxsave_leak sysret_ss_attrs null_seg
bogomips	: 7634.87
TLB size	: 1536 4K pages
clflush size	: 64
cache_alignment	: 64
address sizes	: 48 bits physical, 48 bits virtual
power management: ts ttp tm 100mhzsteps hwpstate cpb eff_freq_ro

processor	: 1
vendor_id	: AuthenticAMD
cpu family	: 21
model		: 2
model name	: AMD FX(tm)-4300 Quad-Core Processor
stepping	: 0
microcode	: 0x600081f
cpu MHz		: 3800.000
cache size	: 2048 KB
physical id	: 0
siblings	: 4
core id		: 1
cpu cores	: 2
apicid		: 17
initial apicid	: 1
fpu		: yes
fpu_exception	: yes
cpuid level	: 13
wp		: yes
flags		: fpu vme de pse tsc msr pae mce cx8 apic sep mtrr pge mca cmov pat pse36 clflush mmx fxsr sse sse2 ht syscall nx mmxext fxsr_opt pdpe1gb rdtscp lm constant_tsc rep_good nopl nonstop_tsc extd_apicid aperfmperf pni pclmulqdq monitor ssse3 fma cx16 sse4_1 sse4_2 popcnt aes xsave avx f16c lahf_lm cmp_legacy svm extapic cr8_legacy abm sse4a misalignsse 3dnowprefetch osvw ibs xop skinit wdt lwp fma4 tce nodeid_msr tbm topoext perfctr_core perfctr_nb cpb hw_pstate vmmcall bmi1 arat npt lbrv svm_lock nrip_save tsc_scale vmcb_clean flushbyasid decodeassists pausefilter pfthreshold
bugs		: fxsave_leak sysret_ss_attrs null_seg
bogomips	: 7634.87
TLB size	: 1536 4K pages
clflush size	: 64
cache_alignment	: 64
address sizes	: 48 bits physical, 48 bits virtual
power management: ts ttp tm 100mhzsteps hwpstate cpb eff_freq_ro

processor	: 2
vendor_id	: AuthenticAMD
cpu family	: 21
model		: 2
model name	: AMD FX(tm)-4300 Quad-Core Processor
stepping	: 0
microcode	: 0x600081f
cpu MHz		: 1800.000
cache size	: 2048 KB
physical id	: 0
siblings	: 4
core id		: 2
cpu cores	: 2
apicid		: 18
initial apicid	: 2
fpu		: yes
fpu_exception	: yes
cpuid level	: 13
wp		: yes
flags		: fpu vme de pse tsc msr pae mce cx8 apic sep mtrr pge mca cmov pat pse36 clflush mmx fxsr sse sse2 ht syscall nx mmxext fxsr_opt pdpe1gb rdtscp lm constant_tsc rep_good nopl nonstop_tsc extd_apicid aperfmperf pni pclmulqdq monitor ssse3 fma cx16 sse4_1 sse4_2 popcnt aes xsave avx f16c lahf_lm cmp_legacy svm extapic cr8_legacy abm sse4a misalignsse 3dnowprefetch osvw ibs xop skinit wdt lwp fma4 tce nodeid_msr tbm topoext perfctr_core perfctr_nb cpb hw_pstate vmmcall bmi1 arat npt lbrv svm_lock nrip_save tsc_scale vmcb_clean flushbyasid decodeassists pausefilter pfthreshold
bugs		: fxsave_leak sysret_ss_attrs null_seg
bogomips	: 7634.87
TLB size	: 1536 4K pages
clflush size	: 64
cache_alignment	: 64
address sizes	: 48 bits physical, 48 bits virtual
power management: ts ttp tm 100mhzsteps hwpstate cpb eff_freq_ro

processor	: 3
vendor_id	: AuthenticAMD
cpu family	: 21
model		: 2
model name	: AMD FX(tm)-4300 Quad-Core Processor
stepping	: 0
microcode	: 0x600081f
cpu MHz		: 1400.000
cache size	: 2048 KB
physical id	: 0
siblings	: 4
core id		: 3
cpu cores	: 2
apicid		: 19
initial apicid	: 3
fpu		: yes
fpu_exception	: yes
cpuid level	: 13
wp		: yes
flags		: fpu vme de pse tsc msr pae mce cx8 apic sep mtrr pge mca cmov pat pse36 clflush mmx fxsr sse sse2 ht syscall nx mmxext fxsr_opt pdpe1gb rdtscp lm constant_tsc rep_good nopl nonstop_tsc extd_apicid aperfmperf pni pclmulqdq monitor ssse3 fma cx16 sse4_1 sse4_2 popcnt aes xsave avx f16c lahf_lm cmp_legacy svm extapic cr8_legacy abm sse4a misalignsse 3dnowprefetch osvw ibs xop skinit wdt lwp fma4 tce nodeid_msr tbm topoext perfctr_core perfctr_nb cpb hw_pstate vmmcall bmi1 arat npt lbrv svm_lock nrip_save tsc_scale vmcb_clean flushbyasid decodeassists pausefilter pfthreshold
bugs		: fxsave_leak sysret_ss_attrs null_seg
bogomips	: 7634.87
TLB size	: 1536 4K pages
clflush size	: 64
cache_alignment	: 64
address sizes	: 48 bits physical, 48 bits virtual
power management: ts ttp tm 100mhzsteps hwpstate cpb eff_freq_ro



Memory: 4k page, physical 8202820k(131040k free), swap 0k(0k free)

vm_info: OpenJDK 64-Bit Server VM (25.112-b06) for linux-amd64 JRE (1.8.0_112-release-b06), built on Dec  6 2016 12:11:18 by "builder" with gcc 4.8.4

time: Thu Oct 26 09:42:08 2017
elapsed time: 13 seconds (0d 0h 0m 13s)

