#
# There is insufficient memory for the Java Runtime Environment to continue.
# Native memory allocation (mmap) failed to map 157810688 bytes for committing reserved memory.
# Possible reasons:
#   The system is out of physical RAM or swap space
#   In 32 bit mode, the process size limit was hit
# Possible solutions:
#   Reduce memory load on the system
#   Increase physical memory or swap space
#   Check if swap backing store is full
#   Use 64 bit Java on a 64 bit OS
#   Decrease Java heap size (-Xmx/-Xms)
#   Decrease number of Java threads
#   Decrease Java thread stack sizes (-Xss)
#   Set larger code cache with -XX:ReservedCodeCacheSize=
# This output file may be truncated or incomplete.
#
#  Out of Memory Error (os_linux.cpp:2627), pid=12502, tid=0x00007f1c2defe700
#
# JRE version: OpenJDK Runtime Environment (8.0_112-b06) (build 1.8.0_112-release-b06)
# Java VM: OpenJDK 64-Bit Server VM (25.112-b06 mixed mode linux-amd64 compressed oops)
# Failed to write core dump. Core dumps have been disabled. To enable core dumping, try "ulimit -c unlimited" before starting Java again
#

---------------  T H R E A D  ---------------

Current thread (0x00007f1c44077800):  VMThread [stack: 0x00007f1c2ddfe000,0x00007f1c2deff000] [id=12511]

Stack: [0x00007f1c2ddfe000,0x00007f1c2deff000],  sp=0x00007f1c2defd4d0,  free space=1021k
Native frames: (J=compiled Java code, j=interpreted, Vv=VM code, C=native code)
V  [libjvm.so+0x9e465d]  VMError::report_and_die()+0x15d
V  [libjvm.so+0x4b6ada]  report_vm_out_of_memory(char const*, int, unsigned long, VMErrorType, char const*)+0x8a
V  [libjvm.so+0x84c860]  os::pd_commit_memory(char*, unsigned long, unsigned long, bool)+0xf0
V  [libjvm.so+0x84737f]  os::commit_memory(char*, unsigned long, unsigned long, bool)+0x1f
V  [libjvm.so+0x8bd3db]  PSVirtualSpace::expand_by(unsigned long)+0x5b
V  [libjvm.so+0x8ae1bb]  PSOldGen::expand_by(unsigned long) [clone .part.109]+0x1b
V  [libjvm.so+0x8ae37b]  PSOldGen::expand(unsigned long) [clone .part.111]+0xdb
V  [libjvm.so+0x8aec58]  PSOldGen::resize(unsigned long)+0x188
V  [libjvm.so+0x8b426c]  PSParallelCompact::invoke_no_policy(bool)+0x97c
V  [libjvm.so+0x8bb37d]  PSScavenge::invoke()+0x17d
V  [libjvm.so+0x86fcf3]  ParallelScavengeHeap::failed_mem_allocate(unsigned long)+0x63
V  [libjvm.so+0x9e6124]  VM_ParallelGCFailedAllocation::doit()+0x84
V  [libjvm.so+0x9ea537]  VM_Operation::evaluate()+0x47
V  [libjvm.so+0x9e8ff8]  VMThread::evaluate_operation(VM_Operation*)+0x2c8
V  [libjvm.so+0x9e9479]  VMThread::loop()+0x219
V  [libjvm.so+0x9e98c2]  VMThread::run()+0x72
V  [libjvm.so+0x849c82]  java_start(Thread*)+0xf2

VM_Operation (0x00007f1c2c7afef0): ParallelGCFailedAllocation, mode: safepoint, requested by thread 0x00007f1c44158800


---------------  P R O C E S S  ---------------

Java Threads: ( => current thread )
  0x00007f1c4415a000 JavaThread "pool-1-thread-4" [_thread_blocked, id=12543, stack(0x00007f1c2c5b0000,0x00007f1c2c6b1000)]
  0x00007f1c44158800 JavaThread "pool-1-thread-3" [_thread_blocked, id=12542, stack(0x00007f1c2c6b1000,0x00007f1c2c7b2000)]
  0x00007f1c44157000 JavaThread "pool-1-thread-2" [_thread_blocked, id=12541, stack(0x00007f1c2c7b2000,0x00007f1c2c8b3000)]
  0x00007f1c44153800 JavaThread "pool-2-thread-1" [_thread_blocked, id=12540, stack(0x00007f1c2c8b3000,0x00007f1c2c9b4000)]
  0x00007f1c44152000 JavaThread "pool-1-thread-1" [_thread_blocked, id=12539, stack(0x00007f1c2c9b4000,0x00007f1c2cab5000)]
  0x00007f1c440c0800 JavaThread "Service Thread" daemon [_thread_blocked, id=12518, stack(0x00007f1c2cbb6000,0x00007f1c2ccb7000)]
  0x00007f1c440bd800 JavaThread "C1 CompilerThread2" daemon [_thread_blocked, id=12517, stack(0x00007f1c2ccb7000,0x00007f1c2cdb8000)]
  0x00007f1c440bc000 JavaThread "C2 CompilerThread1" daemon [_thread_blocked, id=12516, stack(0x00007f1c2cdb8000,0x00007f1c2ceb9000)]
  0x00007f1c440b9000 JavaThread "C2 CompilerThread0" daemon [_thread_in_native, id=12515, stack(0x00007f1c2ceb9000,0x00007f1c2cfba000)]
  0x00007f1c440b7800 JavaThread "Signal Dispatcher" daemon [_thread_blocked, id=12514, stack(0x00007f1c2cfba000,0x00007f1c2d0bb000)]
  0x00007f1c44083800 JavaThread "Finalizer" daemon [_thread_blocked, id=12513, stack(0x00007f1c2dbfc000,0x00007f1c2dcfd000)]
  0x00007f1c4407f000 JavaThread "Reference Handler" daemon [_thread_blocked, id=12512, stack(0x00007f1c2dcfd000,0x00007f1c2ddfe000)]
  0x00007f1c4400a000 JavaThread "main" [_thread_blocked, id=12503, stack(0x00007f1c4c4fc000,0x00007f1c4c5fd000)]

Other Threads:
=>0x00007f1c44077800 VMThread [stack: 0x00007f1c2ddfe000,0x00007f1c2deff000] [id=12511]
  0x00007f1c440c3000 WatcherThread [stack: 0x00007f1c2cab5000,0x00007f1c2cbb6000] [id=12519]

VM state:at safepoint (normal execution)

VM Mutex/Monitor currently owned by a thread:  ([mutex/lock_event])
[0x00007f1c44005fb0] ExpandHeap_lock - owner thread: 0x00007f1c44077800
[0x00007f1c44006630] Threads_lock - owner thread: 0x00007f1c44077800
[0x00007f1c44006b30] Heap_lock - owner thread: 0x00007f1c44158800

Heap:
 PSYoungGen      total 177152K, used 6067K [0x00000000eab00000, 0x0000000100000000, 0x0000000100000000)
  eden space 118784K, 0% used [0x00000000eab00000,0x00000000eab00000,0x00000000f1f00000)
  from space 58368K, 10% used [0x00000000fc700000,0x00000000fccecec0,0x0000000100000000)
  to   space 115200K, 0% used [0x00000000f1f00000,0x00000000f1f00000,0x00000000f8f80000)
 ParOldGen       total 189952K, used 189846K [0x00000000c0000000, 0x00000000cb980000, 0x00000000eab00000)
  object space 189952K, 99% used [0x00000000c0000000,0x00000000cb965b40,0x00000000cb980000)
 Metaspace       used 6452K, capacity 7216K, committed 7296K, reserved 1056768K
  class space    used 592K, capacity 616K, committed 640K, reserved 1048576K

Card table byte_map: [0x00007f1c49132000,0x00007f1c49333000] byte_map_base: 0x00007f1c48b32000

Marking Bits: (ParMarkBitMap*) 0x00007f1c4b999340
 Begin Bits: [0x00007f1c2e000000, 0x00007f1c2f000000)
 End Bits:   [0x00007f1c2f000000, 0x00007f1c30000000)

Polling page: 0x00007f1c4c4fb000

CodeCache: size=245760Kb used=8997Kb max_used=9011Kb free=236762Kb
 bounds [0x00007f1c35000000, 0x00007f1c358e0000, 0x00007f1c44000000]
 total_blobs=2455 nmethods=2188 adapters=182
 compilation: enabled

Compilation events (10 events):
Event: 10,826 Thread 0x00007f1c440bc000 nmethod 2252% 0x00007f1c358c0b10 code [0x00007f1c358c0ce0, 0x00007f1c358c13a8]
Event: 10,826 Thread 0x00007f1c440bc000 2319       4       java.util.concurrent.ConcurrentHashMap::get (162 bytes)
Event: 10,835 Thread 0x00007f1c440bc000 nmethod 2319 0x00007f1c358bec90 code [0x00007f1c358bee00, 0x00007f1c358bf318]
Event: 10,835 Thread 0x00007f1c440bc000 2346 %     4       com.android.dx.ssa.SCCP::run @ 133 (298 bytes)
Event: 10,869 Thread 0x00007f1c440bd800 2347 %     3       com.android.dx.cf.code.ExecutionStack::clear @ 6 (40 bytes)
Event: 10,870 Thread 0x00007f1c440bd800 nmethod 2347% 0x00007f1c358c0110 code [0x00007f1c358c02c0, 0x00007f1c358c0868]
Event: 10,870 Thread 0x00007f1c440bd800 2348       3       com.android.dx.cf.code.ExecutionStack::clear (40 bytes)
Event: 10,870 Thread 0x00007f1c440bd800 nmethod 2348 0x00007f1c358bf750 code [0x00007f1c358bf900, 0x00007f1c358bfe68]
Event: 10,964 Thread 0x00007f1c440bd800 2352       2       com.android.dx.cf.attrib.AttRuntimeInvisibleAnnotations::<init> (9 bytes)
Event: 10,965 Thread 0x00007f1c440bd800 nmethod 2352 0x00007f1c358be910 code [0x00007f1c358bea80, 0x00007f1c358bec08]

GC Heap History (10 events):
Event: 4,648 GC heap after
Heap after GC invocations=5 (full 0):
 PSYoungGen      total 136192K, used 5114K [0x00000000eab00000, 0x00000000fe300000, 0x0000000100000000)
  eden space 131072K, 0% used [0x00000000eab00000,0x00000000eab00000,0x00000000f2b00000)
  from space 5120K, 99% used [0x00000000f2b00000,0x00000000f2ffe838,0x00000000f3000000)
  to   space 28672K, 0% used [0x00000000fc700000,0x00000000fc700000,0x00000000fe300000)
 ParOldGen       total 86016K, used 45462K [0x00000000c0000000, 0x00000000c5400000, 0x00000000eab00000)
  object space 86016K, 52% used [0x00000000c0000000,0x00000000c2c65bd8,0x00000000c5400000)
 Metaspace       used 6284K, capacity 7152K, committed 7296K, reserved 1056768K
  class space    used 591K, capacity 616K, committed 640K, reserved 1048576K
}
Event: 7,464 GC heap before
{Heap before GC invocations=6 (full 0):
 PSYoungGen      total 136192K, used 136186K [0x00000000eab00000, 0x00000000fe300000, 0x0000000100000000)
  eden space 131072K, 100% used [0x00000000eab00000,0x00000000f2b00000,0x00000000f2b00000)
  from space 5120K, 99% used [0x00000000f2b00000,0x00000000f2ffe838,0x00000000f3000000)
  to   space 28672K, 0% used [0x00000000fc700000,0x00000000fc700000,0x00000000fe300000)
 ParOldGen       total 86016K, used 45462K [0x00000000c0000000, 0x00000000c5400000, 0x00000000eab00000)
  object space 86016K, 52% used [0x00000000c0000000,0x00000000c2c65bd8,0x00000000c5400000)
 Metaspace       used 6328K, capacity 7152K, committed 7296K, reserved 1056768K
  class space    used 592K, capacity 616K, committed 640K, reserved 1048576K
Event: 7,590 GC heap after
Heap after GC invocations=6 (full 0):
 PSYoungGen      total 270336K, used 28645K [0x00000000eab00000, 0x0000000100000000, 0x0000000100000000)
  eden space 241664K, 0% used [0x00000000eab00000,0x00000000eab00000,0x00000000f9700000)
  from space 28672K, 99% used [0x00000000fc700000,0x00000000fe2f9748,0x00000000fe300000)
  to   space 49152K, 0% used [0x00000000f9700000,0x00000000f9700000,0x00000000fc700000)
 ParOldGen       total 86016K, used 71557K [0x00000000c0000000, 0x00000000c5400000, 0x00000000eab00000)
  object space 86016K, 83% used [0x00000000c0000000,0x00000000c45e1640,0x00000000c5400000)
 Metaspace       used 6328K, capacity 7152K, committed 7296K, reserved 1056768K
  class space    used 592K, capacity 616K, committed 640K, reserved 1048576K
}
Event: 7,590 GC heap before
{Heap before GC invocations=7 (full 1):
 PSYoungGen      total 270336K, used 28645K [0x00000000eab00000, 0x0000000100000000, 0x0000000100000000)
  eden space 241664K, 0% used [0x00000000eab00000,0x00000000eab00000,0x00000000f9700000)
  from space 28672K, 99% used [0x00000000fc700000,0x00000000fe2f9748,0x00000000fe300000)
  to   space 49152K, 0% used [0x00000000f9700000,0x00000000f9700000,0x00000000fc700000)
 ParOldGen       total 86016K, used 71557K [0x00000000c0000000, 0x00000000c5400000, 0x00000000eab00000)
  object space 86016K, 83% used [0x00000000c0000000,0x00000000c45e1640,0x00000000c5400000)
 Metaspace       used 6328K, capacity 7152K, committed 7296K, reserved 1056768K
  class space    used 592K, capacity 616K, committed 640K, reserved 1048576K
Event: 8,127 GC heap after
Heap after GC invocations=7 (full 1):
 PSYoungGen      total 270336K, used 0K [0x00000000eab00000, 0x0000000100000000, 0x0000000100000000)
  eden space 241664K, 0% used [0x00000000eab00000,0x00000000eab00000,0x00000000f9700000)
  from space 28672K, 0% used [0x00000000fc700000,0x00000000fc700000,0x00000000fe300000)
  to   space 49152K, 0% used [0x00000000f9700000,0x00000000f9700000,0x00000000fc700000)
 ParOldGen       total 166400K, used 85013K [0x00000000c0000000, 0x00000000ca280000, 0x00000000eab00000)
  object space 166400K, 51% used [0x00000000c0000000,0x00000000c53056e8,0x00000000ca280000)
 Metaspace       used 6328K, capacity 7152K, committed 7296K, reserved 1056768K
  class space    used 592K, capacity 616K, committed 640K, reserved 1048576K
}
Event: 10,216 GC heap before
{Heap before GC invocations=8 (full 1):
 PSYoungGen      total 270336K, used 241664K [0x00000000eab00000, 0x0000000100000000, 0x0000000100000000)
  eden space 241664K, 100% used [0x00000000eab00000,0x00000000f9700000,0x00000000f9700000)
  from space 28672K, 0% used [0x00000000fc700000,0x00000000fc700000,0x00000000fe300000)
  to   space 49152K, 0% used [0x00000000f9700000,0x00000000f9700000,0x00000000fc700000)
 ParOldGen       total 166400K, used 85013K [0x00000000c0000000, 0x00000000ca280000, 0x00000000eab00000)
  object space 166400K, 51% used [0x00000000c0000000,0x00000000c53056e8,0x00000000ca280000)
 Metaspace       used 6442K, capacity 7216K, committed 7296K, reserved 1056768K
  class space    used 592K, capacity 616K, committed 640K, reserved 1048576K
Event: 10,286 GC heap after
Heap after GC invocations=8 (full 1):
 PSYoungGen      total 290816K, used 49121K [0x00000000eab00000, 0x0000000100000000, 0x0000000100000000)
  eden space 241664K, 0% used [0x00000000eab00000,0x00000000eab00000,0x00000000f9700000)
  from space 49152K, 99% used [0x00000000f9700000,0x00000000fc6f8628,0x00000000fc700000)
  to   space 58368K, 0% used [0x00000000fc700000,0x00000000fc700000,0x0000000100000000)
 ParOldGen       total 166400K, used 88131K [0x00000000c0000000, 0x00000000ca280000, 0x00000000eab00000)
  object space 166400K, 52% used [0x00000000c0000000,0x00000000c5610d38,0x00000000ca280000)
 Metaspace       used 6442K, capacity 7216K, committed 7296K, reserved 1056768K
  class space    used 592K, capacity 616K, committed 640K, reserved 1048576K
}
Event: 11,031 GC heap before
{Heap before GC invocations=9 (full 1):
 PSYoungGen      total 290816K, used 290785K [0x00000000eab00000, 0x0000000100000000, 0x0000000100000000)
  eden space 241664K, 100% used [0x00000000eab00000,0x00000000f9700000,0x00000000f9700000)
  from space 49152K, 99% used [0x00000000f9700000,0x00000000fc6f8628,0x00000000fc700000)
  to   space 58368K, 0% used [0x00000000fc700000,0x00000000fc700000,0x0000000100000000)
 ParOldGen       total 166400K, used 88131K [0x00000000c0000000, 0x00000000ca280000, 0x00000000eab00000)
  object space 166400K, 52% used [0x00000000c0000000,0x00000000c5610d38,0x00000000ca280000)
 Metaspace       used 6452K, capacity 7216K, committed 7296K, reserved 1056768K
  class space    used 592K, capacity 616K, committed 640K, reserved 1048576K
Event: 11,320 GC heap after
Heap after GC invocations=9 (full 1):
 PSYoungGen      total 177152K, used 58346K [0x00000000eab00000, 0x0000000100000000, 0x0000000100000000)
  eden space 118784K, 0% used [0x00000000eab00000,0x00000000eab00000,0x00000000f1f00000)
  from space 58368K, 99% used [0x00000000fc700000,0x00000000ffffa8e0,0x0000000100000000)
  to   space 115200K, 0% used [0x00000000f1f00000,0x00000000f1f00000,0x00000000f8f80000)
 ParOldGen       total 189952K, used 188844K [0x00000000c0000000, 0x00000000cb980000, 0x00000000eab00000)
  object space 189952K, 99% used [0x00000000c0000000,0x00000000cb86b3d0,0x00000000cb980000)
 Metaspace       used 6452K, capacity 7216K, committed 7296K, reserved 1056768K
  class space    used 592K, capacity 616K, committed 640K, reserved 1048576K
}
Event: 11,320 GC heap before
{Heap before GC invocations=10 (full 2):
 PSYoungGen      total 177152K, used 58346K [0x00000000eab00000, 0x0000000100000000, 0x0000000100000000)
  eden space 118784K, 0% used [0x00000000eab00000,0x00000000eab00000,0x00000000f1f00000)
  from space 58368K, 99% used [0x00000000fc700000,0x00000000ffffa8e0,0x0000000100000000)
  to   space 115200K, 0% used [0x00000000f1f00000,0x00000000f1f00000,0x00000000f8f80000)
 ParOldGen       total 189952K, used 188844K [0x00000000c0000000, 0x00000000cb980000, 0x00000000eab00000)
  object space 189952K, 99% used [0x00000000c0000000,0x00000000cb86b3d0,0x00000000cb980000)
 Metaspace       used 6452K, capacity 7216K, committed 7296K, reserved 1056768K
  class space    used 592K, capacity 616K, committed 640K, reserved 1048576K

Deoptimization events (10 events):
Event: 8,308 Thread 0x00007f1c4400a000 Uncommon trap: reason=unstable_if action=reinterpret pc=0x00007f1c3537a9b0 method=com.android.dx.ssa.SetFactory.makeLivenessSet(I)Lcom/android/dx/util/IntSet; @ 4
Event: 8,308 Thread 0x00007f1c4400a000 Uncommon trap: reason=unstable_if action=reinterpret pc=0x00007f1c35336adc method=com.android.dx.ssa.SetFactory.makeLivenessSet(I)Lcom/android/dx/util/IntSet; @ 4
Event: 8,313 Thread 0x00007f1c4400a000 Uncommon trap: reason=unstable_if action=reinterpret pc=0x00007f1c3538acbc method=com.android.dx.ssa.SetFactory.makeLivenessSet(I)Lcom/android/dx/util/IntSet; @ 4
Event: 8,314 Thread 0x00007f1c4400a000 Uncommon trap: reason=class_check action=maybe_recompile pc=0x00007f1c35363098 method=com.android.dx.ssa.back.InterferenceGraph.add(II)V @ 19
Event: 8,314 Thread 0x00007f1c4400a000 Uncommon trap: reason=class_check action=maybe_recompile pc=0x00007f1c35363098 method=com.android.dx.ssa.back.InterferenceGraph.add(II)V @ 19
Event: 8,314 Thread 0x00007f1c4400a000 Uncommon trap: reason=class_check action=maybe_recompile pc=0x00007f1c35363098 method=com.android.dx.ssa.back.InterferenceGraph.add(II)V @ 19
Event: 8,314 Thread 0x00007f1c4400a000 Uncommon trap: reason=class_check action=maybe_recompile pc=0x00007f1c35363098 method=com.android.dx.ssa.back.InterferenceGraph.add(II)V @ 19
Event: 9,078 Thread 0x00007f1c4400a000 Uncommon trap: reason=unstable_if action=reinterpret pc=0x00007f1c3557cd0c method=java.util.HashMap.putVal(ILjava/lang/Object;Ljava/lang/Object;ZZ)Ljava/lang/Object; @ 109
Event: 9,234 Thread 0x00007f1c4400a000 Uncommon trap: reason=unstable_if action=reinterpret pc=0x00007f1c3574ae4c method=com.android.dx.rop.code.DexTranslationAdvice.hasConstantOperation(Lcom/android/dx/rop/code/Rop;Lcom/android/dx/rop/code/RegisterSpec;Lcom/android/dx/rop/code/RegisterSpec;)Z
Event: 9,295 Thread 0x00007f1c4400a000 Uncommon trap: reason=unstable_if action=reinterpret pc=0x00007f1c357b8d40 method=com.android.dx.ssa.MoveParamCombiner$1.visitNonMoveInsn(Lcom/android/dx/ssa/NormalSsaInsn;)V @ 27

Internal exceptions (5 events):
Event: 0,093 Thread 0x00007f1c4400a000 Exception <a 'java/lang/NoSuchMethodError': Method sun.misc.Unsafe.defineClass(Ljava/lang/String;[BII)Ljava/lang/Class; name or signature does not match> (0x00000000eab07c78) thrown at [/ssd/Android/AOSP-openjdk/external/jetbrains/jdk/hotspot/src/share/vm
Event: 0,093 Thread 0x00007f1c4400a000 Exception <a 'java/lang/NoSuchMethodError': Method sun.misc.Unsafe.prefetchRead(Ljava/lang/Object;J)V name or signature does not match> (0x00000000eab07f60) thrown at [/ssd/Android/AOSP-openjdk/external/jetbrains/jdk/hotspot/src/share/vm/prims/jni.cpp, li
Event: 3,459 Thread 0x00007f1c44157000 Exception <a 'java/lang/ArrayIndexOutOfBoundsException': 18> (0x00000000ee22b518) thrown at [/ssd/Android/AOSP-openjdk/external/jetbrains/jdk/hotspot/src/share/vm/interpreter/interpreterRuntime.cpp, line 366]
Event: 3,459 Thread 0x00007f1c44157000 Exception <a 'java/lang/ArrayIndexOutOfBoundsException': 145> (0x00000000ee22d098) thrown at [/ssd/Android/AOSP-openjdk/external/jetbrains/jdk/hotspot/src/share/vm/interpreter/interpreterRuntime.cpp, line 366]
Event: 3,460 Thread 0x00007f1c44157000 Exception <a 'java/lang/ArrayIndexOutOfBoundsException': 40> (0x00000000ee22e380) thrown at [/ssd/Android/AOSP-openjdk/external/jetbrains/jdk/hotspot/src/share/vm/interpreter/interpreterRuntime.cpp, line 366]

Events (10 events):
Event: 10,414 Thread 0x00007f1c4400a000 DEOPT UNPACKING pc=0x00007f1c35046f73 sp=0x00007f1c4c5faf90 mode 0
Event: 10,870 Thread 0x00007f1c4400a000 DEOPT PACKING pc=0x00007f1c3551faf5 sp=0x00007f1c4c5fa630
Event: 10,870 Thread 0x00007f1c4400a000 DEOPT UNPACKING pc=0x00007f1c35046f73 sp=0x00007f1c4c5fa3a0 mode 0
Event: 10,896 Thread 0x00007f1c4400a000 DEOPT PACKING pc=0x00007f1c3549d50b sp=0x00007f1c4c5fa870
Event: 10,896 Thread 0x00007f1c4400a000 DEOPT UNPACKING pc=0x00007f1c35046f73 sp=0x00007f1c4c5fa618 mode 0
Event: 10,911 Thread 0x00007f1c4400a000 DEOPT PACKING pc=0x00007f1c3543aea4 sp=0x00007f1c4c5fa880
Event: 10,911 Thread 0x00007f1c4400a000 DEOPT UNPACKING pc=0x00007f1c35046f73 sp=0x00007f1c4c5fa620 mode 0
Event: 10,947 Thread 0x00007f1c4400a000 DEOPT PACKING pc=0x00007f1c3543aea4 sp=0x00007f1c4c5fa880
Event: 10,948 Thread 0x00007f1c4400a000 DEOPT UNPACKING pc=0x00007f1c35046f73 sp=0x00007f1c4c5fa620 mode 0
Event: 11,027 Executing VM operation: ParallelGCFailedAllocation


Dynamic libraries:
00400000-00401000 r-xp 00000000 08:01 25956432                           /usr/local/android-studio/jre/bin/java
00600000-00601000 r--p 00000000 08:01 25956432                           /usr/local/android-studio/jre/bin/java
00601000-00602000 rw-p 00001000 08:01 25956432                           /usr/local/android-studio/jre/bin/java
022bc000-022dd000 rw-p 00000000 00:00 0                                  [heap]
c0000000-cb980000 rw-p 00000000 00:00 0 
d5000000-eab00000 ---p 00000000 00:00 0 
eab00000-100000000 rw-p 00000000 00:00 0 
100000000-1000a0000 rw-p 00000000 00:00 0 
1000a0000-140000000 ---p 00000000 00:00 0 
7f1be0000000-7f1be0021000 rw-p 00000000 00:00 0 
7f1be0021000-7f1be4000000 ---p 00000000 00:00 0 
7f1be8000000-7f1be8026000 rw-p 00000000 00:00 0 
7f1be8026000-7f1bec000000 ---p 00000000 00:00 0 
7f1bec000000-7f1bec021000 rw-p 00000000 00:00 0 
7f1bec021000-7f1bf0000000 ---p 00000000 00:00 0 
7f1bf0000000-7f1bf0047000 rw-p 00000000 00:00 0 
7f1bf0047000-7f1bf4000000 ---p 00000000 00:00 0 
7f1bf4000000-7f1bf4021000 rw-p 00000000 00:00 0 
7f1bf4021000-7f1bf8000000 ---p 00000000 00:00 0 
7f1bf8000000-7f1bf8021000 rw-p 00000000 00:00 0 
7f1bf8021000-7f1bfc000000 ---p 00000000 00:00 0 
7f1bfc000000-7f1bfc021000 rw-p 00000000 00:00 0 
7f1bfc021000-7f1c00000000 ---p 00000000 00:00 0 
7f1c00000000-7f1c00d71000 rw-p 00000000 00:00 0 
7f1c00d71000-7f1c04000000 ---p 00000000 00:00 0 
7f1c04000000-7f1c04a7b000 rw-p 00000000 00:00 0 
7f1c04a7b000-7f1c08000000 ---p 00000000 00:00 0 
7f1c08000000-7f1c08021000 rw-p 00000000 00:00 0 
7f1c08021000-7f1c0c000000 ---p 00000000 00:00 0 
7f1c0c000000-7f1c0c9e3000 rw-p 00000000 00:00 0 
7f1c0c9e3000-7f1c10000000 ---p 00000000 00:00 0 
7f1c10000000-7f1c10021000 rw-p 00000000 00:00 0 
7f1c10021000-7f1c14000000 ---p 00000000 00:00 0 
7f1c14000000-7f1c14021000 rw-p 00000000 00:00 0 
7f1c14021000-7f1c18000000 ---p 00000000 00:00 0 
7f1c18000000-7f1c18021000 rw-p 00000000 00:00 0 
7f1c18021000-7f1c1c000000 ---p 00000000 00:00 0 
7f1c1c000000-7f1c1c2fe000 rw-p 00000000 00:00 0 
7f1c1c2fe000-7f1c20000000 ---p 00000000 00:00 0 
7f1c20000000-7f1c20021000 rw-p 00000000 00:00 0 
7f1c20021000-7f1c24000000 ---p 00000000 00:00 0 
7f1c28000000-7f1c28021000 rw-p 00000000 00:00 0 
7f1c28021000-7f1c2c000000 ---p 00000000 00:00 0 
7f1c2c5b0000-7f1c2c5b3000 ---p 00000000 00:00 0 
7f1c2c5b3000-7f1c2c6b1000 rw-p 00000000 00:00 0 
7f1c2c6b1000-7f1c2c6b4000 ---p 00000000 00:00 0 
7f1c2c6b4000-7f1c2c7b2000 rw-p 00000000 00:00 0 
7f1c2c7b2000-7f1c2c7b5000 ---p 00000000 00:00 0 
7f1c2c7b5000-7f1c2c8b3000 rw-p 00000000 00:00 0 
7f1c2c8b3000-7f1c2c8b6000 ---p 00000000 00:00 0 
7f1c2c8b6000-7f1c2c9b4000 rw-p 00000000 00:00 0 
7f1c2c9b4000-7f1c2c9b7000 ---p 00000000 00:00 0 
7f1c2c9b7000-7f1c2cab5000 rw-p 00000000 00:00 0 
7f1c2cab5000-7f1c2cab6000 ---p 00000000 00:00 0 
7f1c2cab6000-7f1c2cbb6000 rw-p 00000000 00:00 0 
7f1c2cbb6000-7f1c2cbb9000 ---p 00000000 00:00 0 
7f1c2cbb9000-7f1c2ccb7000 rw-p 00000000 00:00 0 
7f1c2ccb7000-7f1c2ccba000 ---p 00000000 00:00 0 
7f1c2ccba000-7f1c2cdb8000 rw-p 00000000 00:00 0 
7f1c2cdb8000-7f1c2cdbb000 ---p 00000000 00:00 0 
7f1c2cdbb000-7f1c2ceb9000 rw-p 00000000 00:00 0 
7f1c2ceb9000-7f1c2cebc000 ---p 00000000 00:00 0 
7f1c2cebc000-7f1c2cfba000 rw-p 00000000 00:00 0 
7f1c2cfba000-7f1c2cfbd000 ---p 00000000 00:00 0 
7f1c2cfbd000-7f1c2d0bb000 rw-p 00000000 00:00 0 
7f1c2d0bb000-7f1c2dbf8000 r--p 00000000 08:01 1055535                    /usr/lib/locale/locale-archive
7f1c2dbfc000-7f1c2dbff000 ---p 00000000 00:00 0 
7f1c2dbff000-7f1c2dcfd000 rw-p 00000000 00:00 0 
7f1c2dcfd000-7f1c2dd00000 ---p 00000000 00:00 0 
7f1c2dd00000-7f1c2ddfe000 rw-p 00000000 00:00 0 
7f1c2ddfe000-7f1c2ddff000 ---p 00000000 00:00 0 
7f1c2ddff000-7f1c30000000 rw-p 00000000 00:00 0 
7f1c30000000-7f1c30021000 rw-p 00000000 00:00 0 
7f1c30021000-7f1c34000000 ---p 00000000 00:00 0 
7f1c340a3000-7f1c340b7000 r--s 000d8000 08:01 4330787                    /home/vlad/Documents/Projects/revert/platforms/android/build/intermediates/exploded-aar/com.google.android.gms/play-services-ads/11.0.4/jars/classes.jar
7f1c340be000-7f1c34e2e000 rw-p 00000000 00:00 0 
7f1c34e2e000-7f1c34ffd000 r--s 03c1b000 08:01 25956489                   /usr/local/android-studio/jre/jre/lib/rt.jar
7f1c35000000-7f1c358e0000 rwxp 00000000 00:00 0 
7f1c358e0000-7f1c44000000 ---p 00000000 00:00 0 
7f1c44000000-7f1c4438f000 rw-p 00000000 00:00 0 
7f1c4438f000-7f1c48000000 ---p 00000000 00:00 0 
7f1c4800f000-7f1c4801e000 r--s 000e4000 08:01 7213429                    /home/vlad/Android/Sdk/build-tools/26.0.1/lib/dx.jar
7f1c4801f000-7f1c48858000 rw-p 00000000 00:00 0 
7f1c48858000-7f1c489d8000 ---p 00000000 00:00 0 
7f1c489d8000-7f1c48bd8000 rw-p 00000000 00:00 0 
7f1c48bd8000-7f1c48bd9000 ---p 00000000 00:00 0 
7f1c48bd9000-7f1c48cd9000 rw-p 00000000 00:00 0 
7f1c48cd9000-7f1c48cda000 ---p 00000000 00:00 0 
7f1c48cda000-7f1c48dda000 rw-p 00000000 00:00 0 
7f1c48dda000-7f1c48ddb000 ---p 00000000 00:00 0 
7f1c48ddb000-7f1c48edb000 rw-p 00000000 00:00 0 
7f1c48edb000-7f1c48edc000 ---p 00000000 00:00 0 
7f1c48edc000-7f1c49039000 rw-p 00000000 00:00 0 
7f1c49039000-7f1c49132000 ---p 00000000 00:00 0 
7f1c49132000-7f1c4918f000 rw-p 00000000 00:00 0 
7f1c4918f000-7f1c49287000 ---p 00000000 00:00 0 
7f1c49287000-7f1c49332000 rw-p 00000000 00:00 0 
7f1c49332000-7f1c49357000 rw-p 00000000 00:00 0 
7f1c49357000-7f1c496f3000 ---p 00000000 00:00 0 
7f1c496f3000-7f1c4970d000 r-xp 00000000 08:01 25956516                   /usr/local/android-studio/jre/jre/lib/amd64/libzip.so
7f1c4970d000-7f1c4990d000 ---p 0001a000 08:01 25956516                   /usr/local/android-studio/jre/jre/lib/amd64/libzip.so
7f1c4990d000-7f1c4990e000 r--p 0001a000 08:01 25956516                   /usr/local/android-studio/jre/jre/lib/amd64/libzip.so
7f1c4990e000-7f1c4990f000 rw-p 0001b000 08:01 25956516                   /usr/local/android-studio/jre/jre/lib/amd64/libzip.so
7f1c49913000-7f1c4991e000 r-xp 00000000 08:01 11407910                   /lib/x86_64-linux-gnu/libnss_files-2.23.so
7f1c4991e000-7f1c49b1d000 ---p 0000b000 08:01 11407910                   /lib/x86_64-linux-gnu/libnss_files-2.23.so
7f1c49b1d000-7f1c49b1e000 r--p 0000a000 08:01 11407910                   /lib/x86_64-linux-gnu/libnss_files-2.23.so
7f1c49b1e000-7f1c49b1f000 rw-p 0000b000 08:01 11407910                   /lib/x86_64-linux-gnu/libnss_files-2.23.so
7f1c49b1f000-7f1c49b25000 rw-p 00000000 00:00 0 
7f1c49b2b000-7f1c49b36000 r-xp 00000000 08:01 11407920                   /lib/x86_64-linux-gnu/libnss_nis-2.23.so
7f1c49b36000-7f1c49d35000 ---p 0000b000 08:01 11407920                   /lib/x86_64-linux-gnu/libnss_nis-2.23.so
7f1c49d35000-7f1c49d36000 r--p 0000a000 08:01 11407920                   /lib/x86_64-linux-gnu/libnss_nis-2.23.so
7f1c49d36000-7f1c49d37000 rw-p 0000b000 08:01 11407920                   /lib/x86_64-linux-gnu/libnss_nis-2.23.so
7f1c49d3b000-7f1c49d51000 r-xp 00000000 08:01 11407904                   /lib/x86_64-linux-gnu/libnsl-2.23.so
7f1c49d51000-7f1c49f50000 ---p 00016000 08:01 11407904                   /lib/x86_64-linux-gnu/libnsl-2.23.so
7f1c49f50000-7f1c49f51000 r--p 00015000 08:01 11407904                   /lib/x86_64-linux-gnu/libnsl-2.23.so
7f1c49f51000-7f1c49f52000 rw-p 00016000 08:01 11407904                   /lib/x86_64-linux-gnu/libnsl-2.23.so
7f1c49f52000-7f1c49f54000 rw-p 00000000 00:00 0 
7f1c49f5b000-7f1c49f63000 r-xp 00000000 08:01 11407906                   /lib/x86_64-linux-gnu/libnss_compat-2.23.so
7f1c49f63000-7f1c4a162000 ---p 00008000 08:01 11407906                   /lib/x86_64-linux-gnu/libnss_compat-2.23.so
7f1c4a162000-7f1c4a163000 r--p 00007000 08:01 11407906                   /lib/x86_64-linux-gnu/libnss_compat-2.23.so
7f1c4a163000-7f1c4a164000 rw-p 00008000 08:01 11407906                   /lib/x86_64-linux-gnu/libnss_compat-2.23.so
7f1c4a16b000-7f1c4a198000 r-xp 00000000 08:01 25956526                   /usr/local/android-studio/jre/jre/lib/amd64/libjava.so
7f1c4a198000-7f1c4a397000 ---p 0002d000 08:01 25956526                   /usr/local/android-studio/jre/jre/lib/amd64/libjava.so
7f1c4a397000-7f1c4a398000 r--p 0002c000 08:01 25956526                   /usr/local/android-studio/jre/jre/lib/amd64/libjava.so
7f1c4a398000-7f1c4a39a000 rw-p 0002d000 08:01 25956526                   /usr/local/android-studio/jre/jre/lib/amd64/libjava.so
7f1c4a39b000-7f1c4a3ab000 r-xp 00000000 08:01 25956542                   /usr/local/android-studio/jre/jre/lib/amd64/libverify.so
7f1c4a3ab000-7f1c4a5aa000 ---p 00010000 08:01 25956542                   /usr/local/android-studio/jre/jre/lib/amd64/libverify.so
7f1c4a5aa000-7f1c4a5ac000 r--p 0000f000 08:01 25956542                   /usr/local/android-studio/jre/jre/lib/amd64/libverify.so
7f1c4a5ac000-7f1c4a5ad000 rw-p 00011000 08:01 25956542                   /usr/local/android-studio/jre/jre/lib/amd64/libverify.so
7f1c4a5b3000-7f1c4a5ba000 r-xp 00000000 08:01 11407965                   /lib/x86_64-linux-gnu/librt-2.23.so
7f1c4a5ba000-7f1c4a7b9000 ---p 00007000 08:01 11407965                   /lib/x86_64-linux-gnu/librt-2.23.so
7f1c4a7b9000-7f1c4a7ba000 r--p 00006000 08:01 11407965                   /lib/x86_64-linux-gnu/librt-2.23.so
7f1c4a7ba000-7f1c4a7bb000 rw-p 00007000 08:01 11407965                   /lib/x86_64-linux-gnu/librt-2.23.so
7f1c4a7bb000-7f1c4a8c3000 r-xp 00000000 08:01 11407881                   /lib/x86_64-linux-gnu/libm-2.23.so
7f1c4a8c3000-7f1c4aac2000 ---p 00108000 08:01 11407881                   /lib/x86_64-linux-gnu/libm-2.23.so
7f1c4aac2000-7f1c4aac3000 r--p 00107000 08:01 11407881                   /lib/x86_64-linux-gnu/libm-2.23.so
7f1c4aac3000-7f1c4aac4000 rw-p 00108000 08:01 11407881                   /lib/x86_64-linux-gnu/libm-2.23.so
7f1c4aacb000-7f1c4b6bc000 r-xp 00000000 08:01 25956546                   /usr/local/android-studio/jre/jre/lib/amd64/server/libjvm.so
7f1c4b6bc000-7f1c4b8bc000 ---p 00bf1000 08:01 25956546                   /usr/local/android-studio/jre/jre/lib/amd64/server/libjvm.so
7f1c4b8bc000-7f1c4b95b000 r--p 00bf1000 08:01 25956546                   /usr/local/android-studio/jre/jre/lib/amd64/server/libjvm.so
7f1c4b95b000-7f1c4b984000 rw-p 00c90000 08:01 25956546                   /usr/local/android-studio/jre/jre/lib/amd64/server/libjvm.so
7f1c4b984000-7f1c4b9c8000 rw-p 00000000 00:00 0 
7f1c4b9cb000-7f1c4b9e3000 r-xp 00000000 08:01 11407957                   /lib/x86_64-linux-gnu/libpthread-2.23.so
7f1c4b9e3000-7f1c4bbe2000 ---p 00018000 08:01 11407957                   /lib/x86_64-linux-gnu/libpthread-2.23.so
7f1c4bbe2000-7f1c4bbe3000 r--p 00017000 08:01 11407957                   /lib/x86_64-linux-gnu/libpthread-2.23.so
7f1c4bbe3000-7f1c4bbe4000 rw-p 00018000 08:01 11407957                   /lib/x86_64-linux-gnu/libpthread-2.23.so
7f1c4bbe4000-7f1c4bbe8000 rw-p 00000000 00:00 0 
7f1c4bbeb000-7f1c4bbee000 r-xp 00000000 08:01 11407835                   /lib/x86_64-linux-gnu/libdl-2.23.so
7f1c4bbee000-7f1c4bded000 ---p 00003000 08:01 11407835                   /lib/x86_64-linux-gnu/libdl-2.23.so
7f1c4bded000-7f1c4bdee000 r--p 00002000 08:01 11407835                   /lib/x86_64-linux-gnu/libdl-2.23.so
7f1c4bdee000-7f1c4bdef000 rw-p 00003000 08:01 11407835                   /lib/x86_64-linux-gnu/libdl-2.23.so
7f1c4bdf3000-7f1c4bfb3000 r-xp 00000000 08:01 11407811                   /lib/x86_64-linux-gnu/libc-2.23.so
7f1c4bfb3000-7f1c4c1b3000 ---p 001c0000 08:01 11407811                   /lib/x86_64-linux-gnu/libc-2.23.so
7f1c4c1b3000-7f1c4c1b7000 r--p 001c0000 08:01 11407811                   /lib/x86_64-linux-gnu/libc-2.23.so
7f1c4c1b7000-7f1c4c1b9000 rw-p 001c4000 08:01 11407811                   /lib/x86_64-linux-gnu/libc-2.23.so
7f1c4c1b9000-7f1c4c1bd000 rw-p 00000000 00:00 0 
7f1c4c1c3000-7f1c4c1d9000 r-xp 00000000 08:01 25956406                   /usr/local/android-studio/jre/lib/amd64/jli/libjli.so
7f1c4c1d9000-7f1c4c3d8000 ---p 00016000 08:01 25956406                   /usr/local/android-studio/jre/lib/amd64/jli/libjli.so
7f1c4c3d8000-7f1c4c3d9000 r--p 00015000 08:01 25956406                   /usr/local/android-studio/jre/lib/amd64/jli/libjli.so
7f1c4c3d9000-7f1c4c3da000 rw-p 00016000 08:01 25956406                   /usr/local/android-studio/jre/lib/amd64/jli/libjli.so
7f1c4c3db000-7f1c4c401000 r-xp 00000000 08:01 11407783                   /lib/x86_64-linux-gnu/ld-2.23.so
7f1c4c406000-7f1c4c4eb000 rw-p 00000000 00:00 0 
7f1c4c4eb000-7f1c4c4f3000 rw-s 00000000 08:01 6690265                    /tmp/hsperfdata_vlad/12502
7f1c4c4fa000-7f1c4c4fb000 rw-p 00000000 00:00 0 
7f1c4c4fb000-7f1c4c4fc000 ---p 00000000 00:00 0 
7f1c4c4fc000-7f1c4c4ff000 ---p 00000000 00:00 0 
7f1c4c4ff000-7f1c4c600000 rw-p 00000000 00:00 0 
7f1c4c600000-7f1c4c601000 r--p 00025000 08:01 11407783                   /lib/x86_64-linux-gnu/ld-2.23.so
7f1c4c601000-7f1c4c602000 rw-p 00026000 08:01 11407783                   /lib/x86_64-linux-gnu/ld-2.23.so
7f1c4c602000-7f1c4c604000 rw-p 00000000 00:00 0 
7f1c4c604000-7f1c4c606000 rw-p 00000000 00:00 0 
7ffec1562000-7ffec1583000 rw-p 00000000 00:00 0                          [stack]
7ffec15e3000-7ffec15e5000 r--p 00000000 00:00 0                          [vvar]
7ffec15e5000-7ffec15e7000 r-xp 00000000 00:00 0                          [vdso]
ffffffffff600000-ffffffffff601000 r-xp 00000000 00:00 0                  [vsyscall]

VM Arguments:
jvm_args: -Djava.awt.headless=true -Xmx1024M -Dfile.encoding=UTF-8 -Duser.country=US -Duser.language=en -Duser.variant 
java_command: com.android.dx.command.Main --dex --num-threads=4 --output /home/vlad/Documents/Projects/revert/platforms/android/build/intermediates/pre-dexed/debug/com.google.android.gms-play-services-ads-11.0.4_3cbcdfdfcccf7c0a77ff333620d331e0ad8b6771.jar /home/vlad/Documents/Projects/revert/platforms/android/build/intermediates/exploded-aar/com.google.android.gms/play-services-ads/11.0.4/jars/classes.jar
java_class_path (initial): /home/vlad/Android/Sdk/build-tools/26.0.1/lib/dx.jar
Launcher Type: SUN_STANDARD

Environment Variables:
PATH=/home/vlad/bin:/home/vlad/.local/bin:/usr/local/sbin:/usr/local/bin:/usr/sbin:/usr/bin:/sbin:/bin:/usr/games:/usr/local/games:/snap/bin
LD_LIBRARY_PATH=/usr/local/android-studio/bin:
SHELL=/bin/bash
DISPLAY=:0

Signal Handlers:
SIGSEGV: [libjvm.so+0x9e5150], sa_mask[0]=11111111011111111101111111111110, sa_flags=SA_RESTART|SA_SIGINFO
SIGBUS: [libjvm.so+0x9e5150], sa_mask[0]=11111111011111111101111111111110, sa_flags=SA_RESTART|SA_SIGINFO
SIGFPE: [libjvm.so+0x848450], sa_mask[0]=11111111011111111101111111111110, sa_flags=SA_RESTART|SA_SIGINFO
SIGPIPE: [libjvm.so+0x848450], sa_mask[0]=11111111011111111101111111111110, sa_flags=SA_RESTART|SA_SIGINFO
SIGXFSZ: [libjvm.so+0x848450], sa_mask[0]=11111111011111111101111111111110, sa_flags=SA_RESTART|SA_SIGINFO
SIGILL: [libjvm.so+0x848450], sa_mask[0]=11111111011111111101111111111110, sa_flags=SA_RESTART|SA_SIGINFO
SIGUSR1: SIG_DFL, sa_mask[0]=00000000000000000000000000000000, sa_flags=none
SIGUSR2: [libjvm.so+0x848320], sa_mask[0]=00100000000000000000000000000000, sa_flags=SA_RESTART|SA_SIGINFO
SIGHUP: [libjvm.so+0x848510], sa_mask[0]=11111111011111111101111111111110, sa_flags=SA_RESTART|SA_SIGINFO
SIGINT: [libjvm.so+0x848510], sa_mask[0]=11111111011111111101111111111110, sa_flags=SA_RESTART|SA_SIGINFO
SIGTERM: [libjvm.so+0x848510], sa_mask[0]=11111111011111111101111111111110, sa_flags=SA_RESTART|SA_SIGINFO
SIGQUIT: [libjvm.so+0x848510], sa_mask[0]=11111111011111111101111111111110, sa_flags=SA_RESTART|SA_SIGINFO


---------------  S Y S T E M  ---------------

OS:DISTRIB_ID=Ubuntu
DISTRIB_RELEASE=16.04
DISTRIB_CODENAME=xenial
DISTRIB_DESCRIPTION="Ubuntu 16.04.3 LTS"

uname:Linux 4.10.0-37-generic #41~16.04.1-Ubuntu SMP Fri Oct 6 22:42:59 UTC 2017 x86_64
libc:glibc 2.23 NPTL 2.23 
rlimit: STACK 8192k, CORE 0k, NPROC 31581, NOFILE 1048576, AS infinity
load average:11,08 9,33 8,54

/proc/meminfo:
MemTotal:        8202820 kB
MemFree:          152636 kB
MemAvailable:      86476 kB
Buffers:            2684 kB
Cached:           155456 kB
SwapCached:            0 kB
Active:          7555924 kB
Inactive:         118796 kB
Active(anon):    7520224 kB
Inactive(anon):    59724 kB
Active(file):      35700 kB
Inactive(file):    59072 kB
Unevictable:         488 kB
Mlocked:             488 kB
SwapTotal:             0 kB
SwapFree:              0 kB
Dirty:               252 kB
Writeback:          1992 kB
AnonPages:       7517244 kB
Mapped:           187680 kB
Shmem:             63192 kB
Slab:             111680 kB
SReclaimable:      46848 kB
SUnreclaim:        64832 kB
KernelStack:       18768 kB
PageTables:        78520 kB
NFS_Unstable:          0 kB
Bounce:                0 kB
WritebackTmp:          0 kB
CommitLimit:     4101408 kB
Committed_AS:   16483712 kB
VmallocTotal:   34359738367 kB
VmallocUsed:           0 kB
VmallocChunk:          0 kB
HardwareCorrupted:     0 kB
AnonHugePages:   3409920 kB
ShmemHugePages:        0 kB
ShmemPmdMapped:        0 kB
CmaTotal:              0 kB
CmaFree:               0 kB
HugePages_Total:       0
HugePages_Free:        0
HugePages_Rsvd:        0
HugePages_Surp:        0
Hugepagesize:       2048 kB
DirectMap4k:      350656 kB
DirectMap2M:     8067072 kB
DirectMap1G:           0 kB


CPU:total 4 (4 cores per cpu, 1 threads per core) family 21 model 2 stepping 0, cmov, cx8, fxsr, mmx, sse, sse2, sse3, ssse3, sse4.1, sse4.2, popcnt, avx, aes, clmul, mmxext, 3dnowpref, lzcnt, sse4a, tsc, tscinvbit, tscinv, bmi1

/proc/cpuinfo:
processor	: 0
vendor_id	: AuthenticAMD
cpu family	: 21
model		: 2
model name	: AMD FX(tm)-4300 Quad-Core Processor
stepping	: 0
microcode	: 0x600081f
cpu MHz		: 3800.000
cache size	: 2048 KB
physical id	: 0
siblings	: 4
core id		: 0
cpu cores	: 2
apicid		: 16
initial apicid	: 0
fpu		: yes
fpu_exception	: yes
cpuid level	: 13
wp		: yes
flags		: fpu vme de pse tsc msr pae mce cx8 apic sep mtrr pge mca cmov pat pse36 clflush mmx fxsr sse sse2 ht syscall nx mmxext fxsr_opt pdpe1gb rdtscp lm constant_tsc rep_good nopl nonstop_tsc extd_apicid aperfmperf pni pclmulqdq monitor ssse3 fma cx16 sse4_1 sse4_2 popcnt aes xsave avx f16c lahf_lm cmp_legacy svm extapic cr8_legacy abm sse4a misalignsse 3dnowprefetch osvw ibs xop skinit wdt lwp fma4 tce nodeid_msr tbm topoext perfctr_core perfctr_nb cpb hw_pstate vmmcall bmi1 arat npt lbrv svm_lock nrip_save tsc_scale vmcb_clean flushbyasid decodeassists pausefilter pfthreshold
bugs		: fxsave_leak sysret_ss_attrs null_seg
bogomips	: 7634.87
TLB size	: 1536 4K pages
clflush size	: 64
cache_alignment	: 64
address sizes	: 48 bits physical, 48 bits virtual
power management: ts ttp tm 100mhzsteps hwpstate cpb eff_freq_ro

processor	: 1
vendor_id	: AuthenticAMD
cpu family	: 21
model		: 2
model name	: AMD FX(tm)-4300 Quad-Core Processor
stepping	: 0
microcode	: 0x600081f
cpu MHz		: 1400.000
cache size	: 2048 KB
physical id	: 0
siblings	: 4
core id		: 1
cpu cores	: 2
apicid		: 17
initial apicid	: 1
fpu		: yes
fpu_exception	: yes
cpuid level	: 13
wp		: yes
flags		: fpu vme de pse tsc msr pae mce cx8 apic sep mtrr pge mca cmov pat pse36 clflush mmx fxsr sse sse2 ht syscall nx mmxext fxsr_opt pdpe1gb rdtscp lm constant_tsc rep_good nopl nonstop_tsc extd_apicid aperfmperf pni pclmulqdq monitor ssse3 fma cx16 sse4_1 sse4_2 popcnt aes xsave avx f16c lahf_lm cmp_legacy svm extapic cr8_legacy abm sse4a misalignsse 3dnowprefetch osvw ibs xop skinit wdt lwp fma4 tce nodeid_msr tbm topoext perfctr_core perfctr_nb cpb hw_pstate vmmcall bmi1 arat npt lbrv svm_lock nrip_save tsc_scale vmcb_clean flushbyasid decodeassists pausefilter pfthreshold
bugs		: fxsave_leak sysret_ss_attrs null_seg
bogomips	: 7634.87
TLB size	: 1536 4K pages
clflush size	: 64
cache_alignment	: 64
address sizes	: 48 bits physical, 48 bits virtual
power management: ts ttp tm 100mhzsteps hwpstate cpb eff_freq_ro

processor	: 2
vendor_id	: AuthenticAMD
cpu family	: 21
model		: 2
model name	: AMD FX(tm)-4300 Quad-Core Processor
stepping	: 0
microcode	: 0x600081f
cpu MHz		: 1800.000
cache size	: 2048 KB
physical id	: 0
siblings	: 4
core id		: 2
cpu cores	: 2
apicid		: 18
initial apicid	: 2
fpu		: yes
fpu_exception	: yes
cpuid level	: 13
wp		: yes
flags		: fpu vme de pse tsc msr pae mce cx8 apic sep mtrr pge mca cmov pat pse36 clflush mmx fxsr sse sse2 ht syscall nx mmxext fxsr_opt pdpe1gb rdtscp lm constant_tsc rep_good nopl nonstop_tsc extd_apicid aperfmperf pni pclmulqdq monitor ssse3 fma cx16 sse4_1 sse4_2 popcnt aes xsave avx f16c lahf_lm cmp_legacy svm extapic cr8_legacy abm sse4a misalignsse 3dnowprefetch osvw ibs xop skinit wdt lwp fma4 tce nodeid_msr tbm topoext perfctr_core perfctr_nb cpb hw_pstate vmmcall bmi1 arat npt lbrv svm_lock nrip_save tsc_scale vmcb_clean flushbyasid decodeassists pausefilter pfthreshold
bugs		: fxsave_leak sysret_ss_attrs null_seg
bogomips	: 7634.87
TLB size	: 1536 4K pages
clflush size	: 64
cache_alignment	: 64
address sizes	: 48 bits physical, 48 bits virtual
power management: ts ttp tm 100mhzsteps hwpstate cpb eff_freq_ro

processor	: 3
vendor_id	: AuthenticAMD
cpu family	: 21
model		: 2
model name	: AMD FX(tm)-4300 Quad-Core Processor
stepping	: 0
microcode	: 0x600081f
cpu MHz		: 1400.000
cache size	: 2048 KB
physical id	: 0
siblings	: 4
core id		: 3
cpu cores	: 2
apicid		: 19
initial apicid	: 3
fpu		: yes
fpu_exception	: yes
cpuid level	: 13
wp		: yes
flags		: fpu vme de pse tsc msr pae mce cx8 apic sep mtrr pge mca cmov pat pse36 clflush mmx fxsr sse sse2 ht syscall nx mmxext fxsr_opt pdpe1gb rdtscp lm constant_tsc rep_good nopl nonstop_tsc extd_apicid aperfmperf pni pclmulqdq monitor ssse3 fma cx16 sse4_1 sse4_2 popcnt aes xsave avx f16c lahf_lm cmp_legacy svm extapic cr8_legacy abm sse4a misalignsse 3dnowprefetch osvw ibs xop skinit wdt lwp fma4 tce nodeid_msr tbm topoext perfctr_core perfctr_nb cpb hw_pstate vmmcall bmi1 arat npt lbrv svm_lock nrip_save tsc_scale vmcb_clean flushbyasid decodeassists pausefilter pfthreshold
bugs		: fxsave_leak sysret_ss_attrs null_seg
bogomips	: 7634.87
TLB size	: 1536 4K pages
clflush size	: 64
cache_alignment	: 64
address sizes	: 48 bits physical, 48 bits virtual
power management: ts ttp tm 100mhzsteps hwpstate cpb eff_freq_ro



Memory: 4k page, physical 8202820k(152636k free), swap 0k(0k free)

vm_info: OpenJDK 64-Bit Server VM (25.112-b06) for linux-amd64 JRE (1.8.0_112-release-b06), built on Dec  6 2016 12:11:18 by "builder" with gcc 4.8.4

time: Thu Oct 26 08:01:13 2017
elapsed time: 16 seconds (0d 0h 0m 16s)

