#
# There is insufficient memory for the Java Runtime Environment to continue.
# Native memory allocation (mmap) failed to map 143654912 bytes for committing reserved memory.
# Possible reasons:
#   The system is out of physical RAM or swap space
#   In 32 bit mode, the process size limit was hit
# Possible solutions:
#   Reduce memory load on the system
#   Increase physical memory or swap space
#   Check if swap backing store is full
#   Use 64 bit Java on a 64 bit OS
#   Decrease Java heap size (-Xmx/-Xms)
#   Decrease number of Java threads
#   Decrease Java thread stack sizes (-Xss)
#   Set larger code cache with -XX:ReservedCodeCacheSize=
# This output file may be truncated or incomplete.
#
#  Out of Memory Error (os_linux.cpp:2627), pid=21490, tid=0x00007fe735afa700
#
# JRE version: OpenJDK Runtime Environment (8.0_112-b06) (build 1.8.0_112-release-b06)
# Java VM: OpenJDK 64-Bit Server VM (25.112-b06 mixed mode linux-amd64 compressed oops)
# Failed to write core dump. Core dumps have been disabled. To enable core dumping, try "ulimit -c unlimited" before starting Java again
#

---------------  T H R E A D  ---------------

Current thread (0x00007fe754077800):  VMThread [stack: 0x00007fe7359fa000,0x00007fe735afb000] [id=21500]

Stack: [0x00007fe7359fa000,0x00007fe735afb000],  sp=0x00007fe735af94d0,  free space=1021k
Native frames: (J=compiled Java code, j=interpreted, Vv=VM code, C=native code)
V  [libjvm.so+0x9e465d]  VMError::report_and_die()+0x15d
V  [libjvm.so+0x4b6ada]  report_vm_out_of_memory(char const*, int, unsigned long, VMErrorType, char const*)+0x8a
V  [libjvm.so+0x84c860]  os::pd_commit_memory(char*, unsigned long, unsigned long, bool)+0xf0
V  [libjvm.so+0x84737f]  os::commit_memory(char*, unsigned long, unsigned long, bool)+0x1f
V  [libjvm.so+0x8bd3db]  PSVirtualSpace::expand_by(unsigned long)+0x5b
V  [libjvm.so+0x8ae1bb]  PSOldGen::expand_by(unsigned long) [clone .part.109]+0x1b
V  [libjvm.so+0x8ae37b]  PSOldGen::expand(unsigned long) [clone .part.111]+0xdb
V  [libjvm.so+0x8aec58]  PSOldGen::resize(unsigned long)+0x188
V  [libjvm.so+0x8b426c]  PSParallelCompact::invoke_no_policy(bool)+0x97c
V  [libjvm.so+0x8bb37d]  PSScavenge::invoke()+0x17d
V  [libjvm.so+0x86fcf3]  ParallelScavengeHeap::failed_mem_allocate(unsigned long)+0x63
V  [libjvm.so+0x9e6124]  VM_ParallelGCFailedAllocation::doit()+0x84
V  [libjvm.so+0x9ea537]  VM_Operation::evaluate()+0x47
V  [libjvm.so+0x9e8ff8]  VMThread::evaluate_operation(VM_Operation*)+0x2c8
V  [libjvm.so+0x9e9479]  VMThread::loop()+0x219
V  [libjvm.so+0x9e98c2]  VMThread::run()+0x72
V  [libjvm.so+0x849c82]  java_start(Thread*)+0xf2

VM_Operation (0x00007fe7346b2f90): ParallelGCFailedAllocation, mode: safepoint, requested by thread 0x00007fe75414a000


---------------  P R O C E S S  ---------------

Java Threads: ( => current thread )
  0x00007fe754152000 JavaThread "pool-1-thread-4" [_thread_blocked, id=21533, stack(0x00007fe7341b0000,0x00007fe7342b1000)]
  0x00007fe754150000 JavaThread "pool-1-thread-3" [_thread_blocked, id=21532, stack(0x00007fe7342b1000,0x00007fe7343b2000)]
  0x00007fe75414e800 JavaThread "pool-1-thread-2" [_thread_blocked, id=21531, stack(0x00007fe7343b2000,0x00007fe7344b3000)]
  0x00007fe75414b800 JavaThread "pool-2-thread-1" [_thread_blocked, id=21528, stack(0x00007fe7344b3000,0x00007fe7345b4000)]
  0x00007fe75414a000 JavaThread "pool-1-thread-1" [_thread_blocked, id=21527, stack(0x00007fe7345b4000,0x00007fe7346b5000)]
  0x00007fe7540c0800 JavaThread "Service Thread" daemon [_thread_blocked, id=21518, stack(0x00007fe7347b6000,0x00007fe7348b7000)]
  0x00007fe7540bd800 JavaThread "C1 CompilerThread2" daemon [_thread_blocked, id=21516, stack(0x00007fe7348b7000,0x00007fe7349b8000)]
  0x00007fe7540bc000 JavaThread "C2 CompilerThread1" daemon [_thread_blocked, id=21514, stack(0x00007fe7349b8000,0x00007fe734ab9000)]
  0x00007fe7540b9000 JavaThread "C2 CompilerThread0" daemon [_thread_blocked, id=21512, stack(0x00007fe734ab9000,0x00007fe734bba000)]
  0x00007fe7540b7800 JavaThread "Signal Dispatcher" daemon [_thread_blocked, id=21511, stack(0x00007fe734bba000,0x00007fe734cbb000)]
  0x00007fe754083800 JavaThread "Finalizer" daemon [_thread_blocked, id=21503, stack(0x00007fe7357f8000,0x00007fe7358f9000)]
  0x00007fe75407f000 JavaThread "Reference Handler" daemon [_thread_blocked, id=21502, stack(0x00007fe7358f9000,0x00007fe7359fa000)]
  0x00007fe75400a000 JavaThread "main" [_thread_blocked, id=21492, stack(0x00007fe75c10f000,0x00007fe75c210000)]

Other Threads:
=>0x00007fe754077800 VMThread [stack: 0x00007fe7359fa000,0x00007fe735afb000] [id=21500]
  0x00007fe7540c3000 WatcherThread [stack: 0x00007fe7346b5000,0x00007fe7347b6000] [id=21519]

VM state:at safepoint (normal execution)

VM Mutex/Monitor currently owned by a thread:  ([mutex/lock_event])
[0x00007fe754005fb0] ExpandHeap_lock - owner thread: 0x00007fe754077800
[0x00007fe754006630] Threads_lock - owner thread: 0x00007fe754077800
[0x00007fe754006b30] Heap_lock - owner thread: 0x00007fe75414a000

Heap:
 PSYoungGen      total 181760K, used 9589K [0x00000000eab00000, 0x0000000100000000, 0x0000000100000000)
  eden space 123904K, 0% used [0x00000000eab00000,0x00000000eab00000,0x00000000f2400000)
  from space 57856K, 16% used [0x00000000fc780000,0x00000000fd0dd4a0,0x0000000100000000)
  to   space 112640K, 0% used [0x00000000f2400000,0x00000000f2400000,0x00000000f9200000)
 ParOldGen       total 182272K, used 182113K [0x00000000c0000000, 0x00000000cb200000, 0x00000000eab00000)
  object space 182272K, 99% used [0x00000000c0000000,0x00000000cb1d86b8,0x00000000cb200000)
 Metaspace       used 6443K, capacity 7216K, committed 7296K, reserved 1056768K
  class space    used 593K, capacity 616K, committed 640K, reserved 1048576K

Card table byte_map: [0x00007fe758d42000,0x00007fe758f43000] byte_map_base: 0x00007fe758742000

Marking Bits: (ParMarkBitMap*) 0x00007fe75b5a9340
 Begin Bits: [0x00007fe736000000, 0x00007fe737000000)
 End Bits:   [0x00007fe737000000, 0x00007fe738000000)

Polling page: 0x00007fe75c10e000

CodeCache: size=245760Kb used=9265Kb max_used=9276Kb free=236494Kb
 bounds [0x00007fe745000000, 0x00007fe745920000, 0x00007fe754000000]
 total_blobs=2421 nmethods=2154 adapters=182
 compilation: enabled

Compilation events (10 events):
Event: 10,543 Thread 0x00007fe7540bc000 nmethod 1873 0x00007fe7458f5a50 code [0x00007fe7458f5bc0, 0x00007fe7458f5e38]
Event: 10,543 Thread 0x00007fe7540bc000 2311 %     4       com.android.dx.ssa.Dominators::run @ 283 (506 bytes)
Event: 10,571 Thread 0x00007fe7540bd800 2315       2       com.android.dx.cf.attrib.AttRuntimeVisibleAnnotations::<init> (9 bytes)
Event: 10,571 Thread 0x00007fe7540bd800 nmethod 2315 0x00007fe7458f92d0 code [0x00007fe7458f9440, 0x00007fe7458f95c8]
Event: 10,620 Thread 0x00007fe7540bc000 nmethod 2311% 0x00007fe745914290 code [0x00007fe7459145a0, 0x00007fe745915b78]
Event: 10,620 Thread 0x00007fe7540bc000 2313       4       com.android.dx.ssa.SsaMethod::mapRegisters (87 bytes)
Event: 10,625 Thread 0x00007fe7540bd800 2316       2       com.android.dx.ssa.back.IdenticalBlockCombiner::combineBlocks (102 bytes)
Event: 10,626 Thread 0x00007fe7540bd800 nmethod 2316 0x00007fe7458f5110 code [0x00007fe7458f52e0, 0x00007fe7458f5658]
Event: 10,630 Thread 0x00007fe7540bd800 2318       2       java.util.HashMap$TreeNode::balanceInsertion (245 bytes)
Event: 10,631 Thread 0x00007fe7540bd800 nmethod 2318 0x00007fe745913510 code [0x00007fe745913700, 0x00007fe745913cd8]

GC Heap History (10 events):
Event: 5,330 GC heap after
Heap after GC invocations=5 (full 0):
 PSYoungGen      total 136192K, used 5103K [0x00000000eab00000, 0x00000000fe400000, 0x0000000100000000)
  eden space 131072K, 0% used [0x00000000eab00000,0x00000000eab00000,0x00000000f2b00000)
  from space 5120K, 99% used [0x00000000f2b00000,0x00000000f2ffbf00,0x00000000f3000000)
  to   space 29184K, 0% used [0x00000000fc780000,0x00000000fc780000,0x00000000fe400000)
 ParOldGen       total 86016K, used 46642K [0x00000000c0000000, 0x00000000c5400000, 0x00000000eab00000)
  object space 86016K, 54% used [0x00000000c0000000,0x00000000c2d8c888,0x00000000c5400000)
 Metaspace       used 6349K, capacity 7152K, committed 7296K, reserved 1056768K
  class space    used 592K, capacity 616K, committed 640K, reserved 1048576K
}
Event: 7,455 GC heap before
{Heap before GC invocations=6 (full 0):
 PSYoungGen      total 136192K, used 136175K [0x00000000eab00000, 0x00000000fe400000, 0x0000000100000000)
  eden space 131072K, 100% used [0x00000000eab00000,0x00000000f2b00000,0x00000000f2b00000)
  from space 5120K, 99% used [0x00000000f2b00000,0x00000000f2ffbf00,0x00000000f3000000)
  to   space 29184K, 0% used [0x00000000fc780000,0x00000000fc780000,0x00000000fe400000)
 ParOldGen       total 86016K, used 46642K [0x00000000c0000000, 0x00000000c5400000, 0x00000000eab00000)
  object space 86016K, 54% used [0x00000000c0000000,0x00000000c2d8c888,0x00000000c5400000)
 Metaspace       used 6378K, capacity 7216K, committed 7296K, reserved 1056768K
  class space    used 592K, capacity 616K, committed 640K, reserved 1048576K
Event: 7,555 GC heap after
Heap after GC invocations=6 (full 0):
 PSYoungGen      total 270848K, used 29182K [0x00000000eab00000, 0x0000000100000000, 0x0000000100000000)
  eden space 241664K, 0% used [0x00000000eab00000,0x00000000eab00000,0x00000000f9700000)
  from space 29184K, 99% used [0x00000000fc780000,0x00000000fe3ffbf8,0x00000000fe400000)
  to   space 49664K, 0% used [0x00000000f9700000,0x00000000f9700000,0x00000000fc780000)
 ParOldGen       total 86016K, used 72615K [0x00000000c0000000, 0x00000000c5400000, 0x00000000eab00000)
  object space 86016K, 84% used [0x00000000c0000000,0x00000000c46e9de8,0x00000000c5400000)
 Metaspace       used 6378K, capacity 7216K, committed 7296K, reserved 1056768K
  class space    used 592K, capacity 616K, committed 640K, reserved 1048576K
}
Event: 7,555 GC heap before
{Heap before GC invocations=7 (full 1):
 PSYoungGen      total 270848K, used 29182K [0x00000000eab00000, 0x0000000100000000, 0x0000000100000000)
  eden space 241664K, 0% used [0x00000000eab00000,0x00000000eab00000,0x00000000f9700000)
  from space 29184K, 99% used [0x00000000fc780000,0x00000000fe3ffbf8,0x00000000fe400000)
  to   space 49664K, 0% used [0x00000000f9700000,0x00000000f9700000,0x00000000fc780000)
 ParOldGen       total 86016K, used 72615K [0x00000000c0000000, 0x00000000c5400000, 0x00000000eab00000)
  object space 86016K, 84% used [0x00000000c0000000,0x00000000c46e9de8,0x00000000c5400000)
 Metaspace       used 6378K, capacity 7216K, committed 7296K, reserved 1056768K
  class space    used 592K, capacity 616K, committed 640K, reserved 1048576K
Event: 8,081 GC heap after
Heap after GC invocations=7 (full 1):
 PSYoungGen      total 270848K, used 0K [0x00000000eab00000, 0x0000000100000000, 0x0000000100000000)
  eden space 241664K, 0% used [0x00000000eab00000,0x00000000eab00000,0x00000000f9700000)
  from space 29184K, 0% used [0x00000000fc780000,0x00000000fc780000,0x00000000fe400000)
  to   space 49664K, 0% used [0x00000000f9700000,0x00000000f9700000,0x00000000fc780000)
 ParOldGen       total 165888K, used 84923K [0x00000000c0000000, 0x00000000ca200000, 0x00000000eab00000)
  object space 165888K, 51% used [0x00000000c0000000,0x00000000c52eeff8,0x00000000ca200000)
 Metaspace       used 6378K, capacity 7216K, committed 7296K, reserved 1056768K
  class space    used 592K, capacity 616K, committed 640K, reserved 1048576K
}
Event: 10,041 GC heap before
{Heap before GC invocations=8 (full 1):
 PSYoungGen      total 270848K, used 241664K [0x00000000eab00000, 0x0000000100000000, 0x0000000100000000)
  eden space 241664K, 100% used [0x00000000eab00000,0x00000000f9700000,0x00000000f9700000)
  from space 29184K, 0% used [0x00000000fc780000,0x00000000fc780000,0x00000000fe400000)
  to   space 49664K, 0% used [0x00000000f9700000,0x00000000f9700000,0x00000000fc780000)
 ParOldGen       total 165888K, used 84923K [0x00000000c0000000, 0x00000000ca200000, 0x00000000eab00000)
  object space 165888K, 51% used [0x00000000c0000000,0x00000000c52eeff8,0x00000000ca200000)
 Metaspace       used 6434K, capacity 7216K, committed 7296K, reserved 1056768K
  class space    used 593K, capacity 616K, committed 640K, reserved 1048576K
Event: 10,107 GC heap after
Heap after GC invocations=8 (full 1):
 PSYoungGen      total 291328K, used 49660K [0x00000000eab00000, 0x0000000100000000, 0x0000000100000000)
  eden space 241664K, 0% used [0x00000000eab00000,0x00000000eab00000,0x00000000f9700000)
  from space 49664K, 99% used [0x00000000f9700000,0x00000000fc77f390,0x00000000fc780000)
  to   space 57856K, 0% used [0x00000000fc780000,0x00000000fc780000,0x0000000100000000)
 ParOldGen       total 165888K, used 88591K [0x00000000c0000000, 0x00000000ca200000, 0x00000000eab00000)
  object space 165888K, 53% used [0x00000000c0000000,0x00000000c5683ee0,0x00000000ca200000)
 Metaspace       used 6434K, capacity 7216K, committed 7296K, reserved 1056768K
  class space    used 593K, capacity 616K, committed 640K, reserved 1048576K
}
Event: 10,634 GC heap before
{Heap before GC invocations=9 (full 1):
 PSYoungGen      total 291328K, used 291324K [0x00000000eab00000, 0x0000000100000000, 0x0000000100000000)
  eden space 241664K, 100% used [0x00000000eab00000,0x00000000f9700000,0x00000000f9700000)
  from space 49664K, 99% used [0x00000000f9700000,0x00000000fc77f390,0x00000000fc780000)
  to   space 57856K, 0% used [0x00000000fc780000,0x00000000fc780000,0x0000000100000000)
 ParOldGen       total 165888K, used 88591K [0x00000000c0000000, 0x00000000ca200000, 0x00000000eab00000)
  object space 165888K, 53% used [0x00000000c0000000,0x00000000c5683ee0,0x00000000ca200000)
 Metaspace       used 6443K, capacity 7216K, committed 7296K, reserved 1056768K
  class space    used 593K, capacity 616K, committed 640K, reserved 1048576K
Event: 10,772 GC heap after
Heap after GC invocations=9 (full 1):
 PSYoungGen      total 181760K, used 57844K [0x00000000eab00000, 0x0000000100000000, 0x0000000100000000)
  eden space 123904K, 0% used [0x00000000eab00000,0x00000000eab00000,0x00000000f2400000)
  from space 57856K, 99% used [0x00000000fc780000,0x00000000ffffd3a0,0x0000000100000000)
  to   space 112640K, 0% used [0x00000000f2400000,0x00000000f2400000,0x00000000f9200000)
 ParOldGen       total 182272K, used 182175K [0x00000000c0000000, 0x00000000cb200000, 0x00000000eab00000)
  object space 182272K, 99% used [0x00000000c0000000,0x00000000cb1e7ce0,0x00000000cb200000)
 Metaspace       used 6443K, capacity 7216K, committed 7296K, reserved 1056768K
  class space    used 593K, capacity 616K, committed 640K, reserved 1048576K
}
Event: 10,772 GC heap before
{Heap before GC invocations=10 (full 2):
 PSYoungGen      total 181760K, used 57844K [0x00000000eab00000, 0x0000000100000000, 0x0000000100000000)
  eden space 123904K, 0% used [0x00000000eab00000,0x00000000eab00000,0x00000000f2400000)
  from space 57856K, 99% used [0x00000000fc780000,0x00000000ffffd3a0,0x0000000100000000)
  to   space 112640K, 0% used [0x00000000f2400000,0x00000000f2400000,0x00000000f9200000)
 ParOldGen       total 182272K, used 182175K [0x00000000c0000000, 0x00000000cb200000, 0x00000000eab00000)
  object space 182272K, 99% used [0x00000000c0000000,0x00000000cb1e7ce0,0x00000000cb200000)
 Metaspace       used 6443K, capacity 7216K, committed 7296K, reserved 1056768K
  class space    used 593K, capacity 616K, committed 640K, reserved 1048576K

Deoptimization events (10 events):
Event: 8,198 Thread 0x00007fe75400a000 Uncommon trap: reason=class_check action=maybe_recompile pc=0x00007fe745347f78 method=com.android.dx.ssa.back.InterferenceGraph.add(II)V @ 19
Event: 8,198 Thread 0x00007fe75400a000 Uncommon trap: reason=class_check action=maybe_recompile pc=0x00007fe745347f78 method=com.android.dx.ssa.back.InterferenceGraph.add(II)V @ 19
Event: 8,198 Thread 0x00007fe75400a000 Uncommon trap: reason=class_check action=maybe_recompile pc=0x00007fe745347f78 method=com.android.dx.ssa.back.InterferenceGraph.add(II)V @ 19
Event: 8,198 Thread 0x00007fe75400a000 Uncommon trap: reason=class_check action=maybe_recompile pc=0x00007fe745347f78 method=com.android.dx.ssa.back.InterferenceGraph.add(II)V @ 19
Event: 8,377 Thread 0x00007fe75400a000 Uncommon trap: reason=unstable_if action=reinterpret pc=0x00007fe745785634 method=com.android.dx.cf.code.Merger.mergeStack(Lcom/android/dx/cf/code/ExecutionStack;Lcom/android/dx/cf/code/ExecutionStack;)Lcom/android/dx/cf/code/ExecutionStack; @ 2
Event: 8,578 Thread 0x00007fe75400a000 Uncommon trap: reason=bimorphic action=maybe_recompile pc=0x00007fe7457229b8 method=com.android.dx.cf.code.BytecodeArray.parseInstruction(ILcom/android/dx/cf/code/BytecodeArray$Visitor;)I @ 1357
Event: 8,579 Thread 0x00007fe75400a000 Uncommon trap: reason=bimorphic action=maybe_recompile pc=0x00007fe7457229b8 method=com.android.dx.cf.code.BytecodeArray.parseInstruction(ILcom/android/dx/cf/code/BytecodeArray$Visitor;)I @ 1357
Event: 8,966 Thread 0x00007fe75400a000 Uncommon trap: reason=unstable_if action=reinterpret pc=0x00007fe7457ef164 method=java.util.HashMap.putVal(ILjava/lang/Object;Ljava/lang/Object;ZZ)Ljava/lang/Object; @ 109
Event: 9,236 Thread 0x00007fe75400a000 Uncommon trap: reason=class_check action=maybe_recompile pc=0x00007fe7457480ec method=com.android.dx.cf.code.RopperMachine.run(Lcom/android/dx/cf/code/Frame;II)V @ 1024
Event: 10,610 Thread 0x00007fe75400a000 Uncommon trap: reason=unstable_if action=reinterpret pc=0x00007fe74590cee0 method=com.android.dx.ssa.back.IdenticalBlockCombiner.replaceSucc(Lcom/android/dx/rop/code/BasicBlock;II)V @ 30

Internal exceptions (5 events):
Event: 0,058 Thread 0x00007fe75400a000 Exception <a 'java/lang/NoSuchMethodError': Method sun.misc.Unsafe.defineClass(Ljava/lang/String;[BII)Ljava/lang/Class; name or signature does not match> (0x00000000eab07c78) thrown at [/ssd/Android/AOSP-openjdk/external/jetbrains/jdk/hotspot/src/share/vm
Event: 0,058 Thread 0x00007fe75400a000 Exception <a 'java/lang/NoSuchMethodError': Method sun.misc.Unsafe.prefetchRead(Ljava/lang/Object;J)V name or signature does not match> (0x00000000eab07f60) thrown at [/ssd/Android/AOSP-openjdk/external/jetbrains/jdk/hotspot/src/share/vm/prims/jni.cpp, li
Event: 4,003 Thread 0x00007fe754150000 Exception <a 'java/lang/ArrayIndexOutOfBoundsException': 18> (0x00000000ee705e50) thrown at [/ssd/Android/AOSP-openjdk/external/jetbrains/jdk/hotspot/src/share/vm/interpreter/interpreterRuntime.cpp, line 366]
Event: 4,004 Thread 0x00007fe754150000 Exception <a 'java/lang/ArrayIndexOutOfBoundsException': 145> (0x00000000ee7079d0) thrown at [/ssd/Android/AOSP-openjdk/external/jetbrains/jdk/hotspot/src/share/vm/interpreter/interpreterRuntime.cpp, line 366]
Event: 4,004 Thread 0x00007fe754150000 Exception <a 'java/lang/ArrayIndexOutOfBoundsException': 40> (0x00000000ee708cb8) thrown at [/ssd/Android/AOSP-openjdk/external/jetbrains/jdk/hotspot/src/share/vm/interpreter/interpreterRuntime.cpp, line 366]

Events (10 events):
Event: 10,524 Thread 0x00007fe754150000 DEOPT PACKING pc=0x00007fe745307dfc sp=0x00007fe7343b0140
Event: 10,524 Thread 0x00007fe754150000 DEOPT UNPACKING pc=0x00007fe745046f73 sp=0x00007fe7343afe78 mode 0
Event: 10,556 Thread 0x00007fe75400a000 DEOPT PACKING pc=0x00007fe7453d1024 sp=0x00007fe75c20d760
Event: 10,556 Thread 0x00007fe75400a000 DEOPT UNPACKING pc=0x00007fe745046f73 sp=0x00007fe75c20d500 mode 0
Event: 10,560 Thread 0x00007fe754150000 DEOPT PACKING pc=0x00007fe745716e6f sp=0x00007fe7343b00d0
Event: 10,560 Thread 0x00007fe754150000 DEOPT UNPACKING pc=0x00007fe745046f73 sp=0x00007fe7343aff20 mode 0
Event: 10,610 Thread 0x00007fe75400a000 Uncommon trap: trap_request=0xffffff65 fr.pc=0x00007fe74590cee0
Event: 10,610 Thread 0x00007fe75400a000 DEOPT PACKING pc=0x00007fe74590cee0 sp=0x00007fe75c20d7b0
Event: 10,610 Thread 0x00007fe75400a000 DEOPT UNPACKING pc=0x00007fe745004f69 sp=0x00007fe75c20d710 mode 2
Event: 10,634 Executing VM operation: ParallelGCFailedAllocation


Dynamic libraries:
00400000-00401000 r-xp 00000000 08:01 25956432                           /usr/local/android-studio/jre/bin/java
00600000-00601000 r--p 00000000 08:01 25956432                           /usr/local/android-studio/jre/bin/java
00601000-00602000 rw-p 00001000 08:01 25956432                           /usr/local/android-studio/jre/bin/java
0181b000-0183c000 rw-p 00000000 00:00 0                                  [heap]
c0000000-cb200000 rw-p 00000000 00:00 0 
d3b00000-eab00000 ---p 00000000 00:00 0 
eab00000-100000000 rw-p 00000000 00:00 0 
100000000-1000a0000 rw-p 00000000 00:00 0 
1000a0000-140000000 ---p 00000000 00:00 0 
7fe6f8000000-7fe6f803b000 rw-p 00000000 00:00 0 
7fe6f803b000-7fe6fc000000 ---p 00000000 00:00 0 
7fe6fc000000-7fe6fc021000 rw-p 00000000 00:00 0 
7fe6fc021000-7fe700000000 ---p 00000000 00:00 0 
7fe700000000-7fe700021000 rw-p 00000000 00:00 0 
7fe700021000-7fe704000000 ---p 00000000 00:00 0 
7fe704000000-7fe704021000 rw-p 00000000 00:00 0 
7fe704021000-7fe708000000 ---p 00000000 00:00 0 
7fe708000000-7fe708021000 rw-p 00000000 00:00 0 
7fe708021000-7fe70c000000 ---p 00000000 00:00 0 
7fe70c000000-7fe70c025000 rw-p 00000000 00:00 0 
7fe70c025000-7fe710000000 ---p 00000000 00:00 0 
7fe710000000-7fe710870000 rw-p 00000000 00:00 0 
7fe710870000-7fe714000000 ---p 00000000 00:00 0 
7fe714000000-7fe714021000 rw-p 00000000 00:00 0 
7fe714021000-7fe718000000 ---p 00000000 00:00 0 
7fe718000000-7fe719662000 rw-p 00000000 00:00 0 
7fe719662000-7fe71c000000 ---p 00000000 00:00 0 
7fe71c000000-7fe71cfa5000 rw-p 00000000 00:00 0 
7fe71cfa5000-7fe720000000 ---p 00000000 00:00 0 
7fe720000000-7fe720021000 rw-p 00000000 00:00 0 
7fe720021000-7fe724000000 ---p 00000000 00:00 0 
7fe724000000-7fe724021000 rw-p 00000000 00:00 0 
7fe724021000-7fe728000000 ---p 00000000 00:00 0 
7fe728000000-7fe72827f000 rw-p 00000000 00:00 0 
7fe72827f000-7fe72c000000 ---p 00000000 00:00 0 
7fe72c000000-7fe72c021000 rw-p 00000000 00:00 0 
7fe72c021000-7fe730000000 ---p 00000000 00:00 0 
7fe730000000-7fe730021000 rw-p 00000000 00:00 0 
7fe730021000-7fe734000000 ---p 00000000 00:00 0 
7fe7341b0000-7fe7341b3000 ---p 00000000 00:00 0 
7fe7341b3000-7fe7342b1000 rw-p 00000000 00:00 0 
7fe7342b1000-7fe7342b4000 ---p 00000000 00:00 0 
7fe7342b4000-7fe7343b2000 rw-p 00000000 00:00 0 
7fe7343b2000-7fe7343b5000 ---p 00000000 00:00 0 
7fe7343b5000-7fe7344b3000 rw-p 00000000 00:00 0 
7fe7344b3000-7fe7344b6000 ---p 00000000 00:00 0 
7fe7344b6000-7fe7345b4000 rw-p 00000000 00:00 0 
7fe7345b4000-7fe7345b7000 ---p 00000000 00:00 0 
7fe7345b7000-7fe7346b5000 rw-p 00000000 00:00 0 
7fe7346b5000-7fe7346b6000 ---p 00000000 00:00 0 
7fe7346b6000-7fe7347b6000 rw-p 00000000 00:00 0 
7fe7347b6000-7fe7347b9000 ---p 00000000 00:00 0 
7fe7347b9000-7fe7348b7000 rw-p 00000000 00:00 0 
7fe7348b7000-7fe7348ba000 ---p 00000000 00:00 0 
7fe7348ba000-7fe7349b8000 rw-p 00000000 00:00 0 
7fe7349b8000-7fe7349bb000 ---p 00000000 00:00 0 
7fe7349bb000-7fe734ab9000 rw-p 00000000 00:00 0 
7fe734ab9000-7fe734abc000 ---p 00000000 00:00 0 
7fe734abc000-7fe734bba000 rw-p 00000000 00:00 0 
7fe734bba000-7fe734bbd000 ---p 00000000 00:00 0 
7fe734bbd000-7fe734cbb000 rw-p 00000000 00:00 0 
7fe734cbb000-7fe7357f8000 r--p 00000000 08:01 1055535                    /usr/lib/locale/locale-archive
7fe7357f8000-7fe7357fb000 ---p 00000000 00:00 0 
7fe7357fb000-7fe7358f9000 rw-p 00000000 00:00 0 
7fe7358f9000-7fe7358fc000 ---p 00000000 00:00 0 
7fe7358fc000-7fe7359fa000 rw-p 00000000 00:00 0 
7fe7359fa000-7fe7359fb000 ---p 00000000 00:00 0 
7fe7359fb000-7fe738000000 rw-p 00000000 00:00 0 
7fe738000000-7fe738021000 rw-p 00000000 00:00 0 
7fe738021000-7fe73c000000 ---p 00000000 00:00 0 
7fe73c000000-7fe73c021000 rw-p 00000000 00:00 0 
7fe73c021000-7fe740000000 ---p 00000000 00:00 0 
7fe740000000-7fe740021000 rw-p 00000000 00:00 0 
7fe740021000-7fe744000000 ---p 00000000 00:00 0 
7fe7440c3000-7fe7440d7000 r--s 000d8000 08:01 9833901                    /home/vlad/Documents/Projects/revert/platforms/android/build/intermediates/exploded-aar/com.google.android.gms/play-services-ads/11.0.4/jars/classes.jar
7fe7440d8000-7fe744e80000 rw-p 00000000 00:00 0 
7fe744e80000-7fe745000000 ---p 00000000 00:00 0 
7fe745000000-7fe745920000 rwxp 00000000 00:00 0 
7fe745920000-7fe754000000 ---p 00000000 00:00 0 
7fe754000000-7fe75438f000 rw-p 00000000 00:00 0 
7fe75438f000-7fe758000000 ---p 00000000 00:00 0 
7fe758007000-7fe758016000 r--s 000e4000 08:01 7213429                    /home/vlad/Android/Sdk/build-tools/26.0.1/lib/dx.jar
7fe758017000-7fe75839e000 rw-p 00000000 00:00 0 
7fe75839e000-7fe75856d000 r--s 03c1b000 08:01 25956489                   /usr/local/android-studio/jre/jre/lib/rt.jar
7fe758572000-7fe7587e8000 rw-p 00000000 00:00 0 
7fe7587e8000-7fe7587e9000 ---p 00000000 00:00 0 
7fe7587e9000-7fe7588e9000 rw-p 00000000 00:00 0 
7fe7588e9000-7fe7588ea000 ---p 00000000 00:00 0 
7fe7588ea000-7fe7589ea000 rw-p 00000000 00:00 0 
7fe7589ea000-7fe7589eb000 ---p 00000000 00:00 0 
7fe7589eb000-7fe758aeb000 rw-p 00000000 00:00 0 
7fe758aeb000-7fe758aec000 ---p 00000000 00:00 0 
7fe758aec000-7fe758c45000 rw-p 00000000 00:00 0 
7fe758c45000-7fe758d42000 ---p 00000000 00:00 0 
7fe758d42000-7fe758d9b000 rw-p 00000000 00:00 0 
7fe758d9b000-7fe758e97000 ---p 00000000 00:00 0 
7fe758e97000-7fe758f42000 rw-p 00000000 00:00 0 
7fe758f42000-7fe758f68000 rw-p 00000000 00:00 0 
7fe758f68000-7fe759303000 ---p 00000000 00:00 0 
7fe759303000-7fe75931d000 r-xp 00000000 08:01 25956516                   /usr/local/android-studio/jre/jre/lib/amd64/libzip.so
7fe75931d000-7fe75951d000 ---p 0001a000 08:01 25956516                   /usr/local/android-studio/jre/jre/lib/amd64/libzip.so
7fe75951d000-7fe75951e000 r--p 0001a000 08:01 25956516                   /usr/local/android-studio/jre/jre/lib/amd64/libzip.so
7fe75951e000-7fe75951f000 rw-p 0001b000 08:01 25956516                   /usr/local/android-studio/jre/jre/lib/amd64/libzip.so
7fe759523000-7fe75952e000 r-xp 00000000 08:01 11407910                   /lib/x86_64-linux-gnu/libnss_files-2.23.so
7fe75952e000-7fe75972d000 ---p 0000b000 08:01 11407910                   /lib/x86_64-linux-gnu/libnss_files-2.23.so
7fe75972d000-7fe75972e000 r--p 0000a000 08:01 11407910                   /lib/x86_64-linux-gnu/libnss_files-2.23.so
7fe75972e000-7fe75972f000 rw-p 0000b000 08:01 11407910                   /lib/x86_64-linux-gnu/libnss_files-2.23.so
7fe75972f000-7fe759735000 rw-p 00000000 00:00 0 
7fe75973b000-7fe759746000 r-xp 00000000 08:01 11407920                   /lib/x86_64-linux-gnu/libnss_nis-2.23.so
7fe759746000-7fe759945000 ---p 0000b000 08:01 11407920                   /lib/x86_64-linux-gnu/libnss_nis-2.23.so
7fe759945000-7fe759946000 r--p 0000a000 08:01 11407920                   /lib/x86_64-linux-gnu/libnss_nis-2.23.so
7fe759946000-7fe759947000 rw-p 0000b000 08:01 11407920                   /lib/x86_64-linux-gnu/libnss_nis-2.23.so
7fe75994b000-7fe759961000 r-xp 00000000 08:01 11407904                   /lib/x86_64-linux-gnu/libnsl-2.23.so
7fe759961000-7fe759b60000 ---p 00016000 08:01 11407904                   /lib/x86_64-linux-gnu/libnsl-2.23.so
7fe759b60000-7fe759b61000 r--p 00015000 08:01 11407904                   /lib/x86_64-linux-gnu/libnsl-2.23.so
7fe759b61000-7fe759b62000 rw-p 00016000 08:01 11407904                   /lib/x86_64-linux-gnu/libnsl-2.23.so
7fe759b62000-7fe759b64000 rw-p 00000000 00:00 0 
7fe759b6b000-7fe759b73000 r-xp 00000000 08:01 11407906                   /lib/x86_64-linux-gnu/libnss_compat-2.23.so
7fe759b73000-7fe759d72000 ---p 00008000 08:01 11407906                   /lib/x86_64-linux-gnu/libnss_compat-2.23.so
7fe759d72000-7fe759d73000 r--p 00007000 08:01 11407906                   /lib/x86_64-linux-gnu/libnss_compat-2.23.so
7fe759d73000-7fe759d74000 rw-p 00008000 08:01 11407906                   /lib/x86_64-linux-gnu/libnss_compat-2.23.so
7fe759d7b000-7fe759da8000 r-xp 00000000 08:01 25956526                   /usr/local/android-studio/jre/jre/lib/amd64/libjava.so
7fe759da8000-7fe759fa7000 ---p 0002d000 08:01 25956526                   /usr/local/android-studio/jre/jre/lib/amd64/libjava.so
7fe759fa7000-7fe759fa8000 r--p 0002c000 08:01 25956526                   /usr/local/android-studio/jre/jre/lib/amd64/libjava.so
7fe759fa8000-7fe759faa000 rw-p 0002d000 08:01 25956526                   /usr/local/android-studio/jre/jre/lib/amd64/libjava.so
7fe759fab000-7fe759fbb000 r-xp 00000000 08:01 25956542                   /usr/local/android-studio/jre/jre/lib/amd64/libverify.so
7fe759fbb000-7fe75a1ba000 ---p 00010000 08:01 25956542                   /usr/local/android-studio/jre/jre/lib/amd64/libverify.so
7fe75a1ba000-7fe75a1bc000 r--p 0000f000 08:01 25956542                   /usr/local/android-studio/jre/jre/lib/amd64/libverify.so
7fe75a1bc000-7fe75a1bd000 rw-p 00011000 08:01 25956542                   /usr/local/android-studio/jre/jre/lib/amd64/libverify.so
7fe75a1c3000-7fe75a1ca000 r-xp 00000000 08:01 11407965                   /lib/x86_64-linux-gnu/librt-2.23.so
7fe75a1ca000-7fe75a3c9000 ---p 00007000 08:01 11407965                   /lib/x86_64-linux-gnu/librt-2.23.so
7fe75a3c9000-7fe75a3ca000 r--p 00006000 08:01 11407965                   /lib/x86_64-linux-gnu/librt-2.23.so
7fe75a3ca000-7fe75a3cb000 rw-p 00007000 08:01 11407965                   /lib/x86_64-linux-gnu/librt-2.23.so
7fe75a3cb000-7fe75a4d3000 r-xp 00000000 08:01 11407881                   /lib/x86_64-linux-gnu/libm-2.23.so
7fe75a4d3000-7fe75a6d2000 ---p 00108000 08:01 11407881                   /lib/x86_64-linux-gnu/libm-2.23.so
7fe75a6d2000-7fe75a6d3000 r--p 00107000 08:01 11407881                   /lib/x86_64-linux-gnu/libm-2.23.so
7fe75a6d3000-7fe75a6d4000 rw-p 00108000 08:01 11407881                   /lib/x86_64-linux-gnu/libm-2.23.so
7fe75a6db000-7fe75b2cc000 r-xp 00000000 08:01 25956546                   /usr/local/android-studio/jre/jre/lib/amd64/server/libjvm.so
7fe75b2cc000-7fe75b4cc000 ---p 00bf1000 08:01 25956546                   /usr/local/android-studio/jre/jre/lib/amd64/server/libjvm.so
7fe75b4cc000-7fe75b56b000 r--p 00bf1000 08:01 25956546                   /usr/local/android-studio/jre/jre/lib/amd64/server/libjvm.so
7fe75b56b000-7fe75b594000 rw-p 00c90000 08:01 25956546                   /usr/local/android-studio/jre/jre/lib/amd64/server/libjvm.so
7fe75b594000-7fe75b5d8000 rw-p 00000000 00:00 0 
7fe75b5db000-7fe75b5f3000 r-xp 00000000 08:01 11407957                   /lib/x86_64-linux-gnu/libpthread-2.23.so
7fe75b5f3000-7fe75b7f2000 ---p 00018000 08:01 11407957                   /lib/x86_64-linux-gnu/libpthread-2.23.so
7fe75b7f2000-7fe75b7f3000 r--p 00017000 08:01 11407957                   /lib/x86_64-linux-gnu/libpthread-2.23.so
7fe75b7f3000-7fe75b7f4000 rw-p 00018000 08:01 11407957                   /lib/x86_64-linux-gnu/libpthread-2.23.so
7fe75b7f4000-7fe75b7f8000 rw-p 00000000 00:00 0 
7fe75b7fb000-7fe75b7fe000 r-xp 00000000 08:01 11407835                   /lib/x86_64-linux-gnu/libdl-2.23.so
7fe75b7fe000-7fe75b9fd000 ---p 00003000 08:01 11407835                   /lib/x86_64-linux-gnu/libdl-2.23.so
7fe75b9fd000-7fe75b9fe000 r--p 00002000 08:01 11407835                   /lib/x86_64-linux-gnu/libdl-2.23.so
7fe75b9fe000-7fe75b9ff000 rw-p 00003000 08:01 11407835                   /lib/x86_64-linux-gnu/libdl-2.23.so
7fe75ba03000-7fe75bbc3000 r-xp 00000000 08:01 11407811                   /lib/x86_64-linux-gnu/libc-2.23.so
7fe75bbc3000-7fe75bdc3000 ---p 001c0000 08:01 11407811                   /lib/x86_64-linux-gnu/libc-2.23.so
7fe75bdc3000-7fe75bdc7000 r--p 001c0000 08:01 11407811                   /lib/x86_64-linux-gnu/libc-2.23.so
7fe75bdc7000-7fe75bdc9000 rw-p 001c4000 08:01 11407811                   /lib/x86_64-linux-gnu/libc-2.23.so
7fe75bdc9000-7fe75bdcd000 rw-p 00000000 00:00 0 
7fe75bdd3000-7fe75bde9000 r-xp 00000000 08:01 25956406                   /usr/local/android-studio/jre/lib/amd64/jli/libjli.so
7fe75bde9000-7fe75bfe8000 ---p 00016000 08:01 25956406                   /usr/local/android-studio/jre/lib/amd64/jli/libjli.so
7fe75bfe8000-7fe75bfe9000 r--p 00015000 08:01 25956406                   /usr/local/android-studio/jre/lib/amd64/jli/libjli.so
7fe75bfe9000-7fe75bfea000 rw-p 00016000 08:01 25956406                   /usr/local/android-studio/jre/lib/amd64/jli/libjli.so
7fe75bfeb000-7fe75c011000 r-xp 00000000 08:01 11407783                   /lib/x86_64-linux-gnu/ld-2.23.so
7fe75c01e000-7fe75c103000 rw-p 00000000 00:00 0 
7fe75c103000-7fe75c10b000 rw-s 00000000 08:01 6690308                    /tmp/hsperfdata_vlad/21490
7fe75c10d000-7fe75c10e000 rw-p 00000000 00:00 0 
7fe75c10e000-7fe75c10f000 ---p 00000000 00:00 0 
7fe75c10f000-7fe75c112000 ---p 00000000 00:00 0 
7fe75c112000-7fe75c210000 rw-p 00000000 00:00 0 
7fe75c210000-7fe75c211000 r--p 00025000 08:01 11407783                   /lib/x86_64-linux-gnu/ld-2.23.so
7fe75c211000-7fe75c212000 rw-p 00026000 08:01 11407783                   /lib/x86_64-linux-gnu/ld-2.23.so
7fe75c212000-7fe75c214000 rw-p 00000000 00:00 0 
7fe75c214000-7fe75c219000 rw-p 00000000 00:00 0 
7ffc9aa98000-7ffc9aab9000 rw-p 00000000 00:00 0                          [stack]
7ffc9ab93000-7ffc9ab95000 r--p 00000000 00:00 0                          [vvar]
7ffc9ab95000-7ffc9ab97000 r-xp 00000000 00:00 0                          [vdso]
ffffffffff600000-ffffffffff601000 r-xp 00000000 00:00 0                  [vsyscall]

VM Arguments:
jvm_args: -Djava.awt.headless=true -Xmx1024M -Dfile.encoding=UTF-8 -Duser.country=US -Duser.language=en -Duser.variant 
java_command: com.android.dx.command.Main --dex --num-threads=4 --output /home/vlad/Documents/Projects/revert/platforms/android/build/intermediates/pre-dexed/debug/com.google.android.gms-play-services-ads-11.0.4_3cbcdfdfcccf7c0a77ff333620d331e0ad8b6771.jar /home/vlad/Documents/Projects/revert/platforms/android/build/intermediates/exploded-aar/com.google.android.gms/play-services-ads/11.0.4/jars/classes.jar
java_class_path (initial): /home/vlad/Android/Sdk/build-tools/26.0.1/lib/dx.jar
Launcher Type: SUN_STANDARD

Environment Variables:
PATH=/home/vlad/bin:/home/vlad/.local/bin:/usr/local/sbin:/usr/local/bin:/usr/sbin:/usr/bin:/sbin:/bin:/usr/games:/usr/local/games:/snap/bin
LD_LIBRARY_PATH=/usr/local/android-studio/bin:
SHELL=/bin/bash
DISPLAY=:0

Signal Handlers:
SIGSEGV: [libjvm.so+0x9e5150], sa_mask[0]=11111111011111111101111111111110, sa_flags=SA_RESTART|SA_SIGINFO
SIGBUS: [libjvm.so+0x9e5150], sa_mask[0]=11111111011111111101111111111110, sa_flags=SA_RESTART|SA_SIGINFO
SIGFPE: [libjvm.so+0x848450], sa_mask[0]=11111111011111111101111111111110, sa_flags=SA_RESTART|SA_SIGINFO
SIGPIPE: [libjvm.so+0x848450], sa_mask[0]=11111111011111111101111111111110, sa_flags=SA_RESTART|SA_SIGINFO
SIGXFSZ: [libjvm.so+0x848450], sa_mask[0]=11111111011111111101111111111110, sa_flags=SA_RESTART|SA_SIGINFO
SIGILL: [libjvm.so+0x848450], sa_mask[0]=11111111011111111101111111111110, sa_flags=SA_RESTART|SA_SIGINFO
SIGUSR1: SIG_DFL, sa_mask[0]=00000000000000000000000000000000, sa_flags=none
SIGUSR2: [libjvm.so+0x848320], sa_mask[0]=00100000000000000000000000000000, sa_flags=SA_RESTART|SA_SIGINFO
SIGHUP: [libjvm.so+0x848510], sa_mask[0]=11111111011111111101111111111110, sa_flags=SA_RESTART|SA_SIGINFO
SIGINT: [libjvm.so+0x848510], sa_mask[0]=11111111011111111101111111111110, sa_flags=SA_RESTART|SA_SIGINFO
SIGTERM: [libjvm.so+0x848510], sa_mask[0]=11111111011111111101111111111110, sa_flags=SA_RESTART|SA_SIGINFO
SIGQUIT: [libjvm.so+0x848510], sa_mask[0]=11111111011111111101111111111110, sa_flags=SA_RESTART|SA_SIGINFO


---------------  S Y S T E M  ---------------

OS:DISTRIB_ID=Ubuntu
DISTRIB_RELEASE=16.04
DISTRIB_CODENAME=xenial
DISTRIB_DESCRIPTION="Ubuntu 16.04.3 LTS"

uname:Linux 4.10.0-37-generic #41~16.04.1-Ubuntu SMP Fri Oct 6 22:42:59 UTC 2017 x86_64
libc:glibc 2.23 NPTL 2.23 
rlimit: STACK 8192k, CORE 0k, NPROC 31581, NOFILE 1048576, AS infinity
load average:6,95 3,03 2,68

/proc/meminfo:
MemTotal:        8202820 kB
MemFree:          114252 kB
MemAvailable:      38368 kB
Buffers:            2204 kB
Cached:           151900 kB
SwapCached:            0 kB
Active:          7601764 kB
Inactive:         112168 kB
Active(anon):    7563644 kB
Inactive(anon):    73364 kB
Active(file):      38120 kB
Inactive(file):    38804 kB
Unevictable:         488 kB
Mlocked:             488 kB
SwapTotal:             0 kB
SwapFree:              0 kB
Dirty:             11584 kB
Writeback:          1400 kB
AnonPages:       7560812 kB
Mapped:           193768 kB
Shmem:             76420 kB
Slab:             109832 kB
SReclaimable:      45244 kB
SUnreclaim:        64588 kB
KernelStack:       18224 kB
PageTables:        77172 kB
NFS_Unstable:          0 kB
Bounce:                0 kB
WritebackTmp:          0 kB
CommitLimit:     4101408 kB
Committed_AS:   16417008 kB
VmallocTotal:   34359738367 kB
VmallocUsed:           0 kB
VmallocChunk:          0 kB
HardwareCorrupted:     0 kB
AnonHugePages:   3063808 kB
ShmemHugePages:        0 kB
ShmemPmdMapped:        0 kB
CmaTotal:              0 kB
CmaFree:               0 kB
HugePages_Total:       0
HugePages_Free:        0
HugePages_Rsvd:        0
HugePages_Surp:        0
Hugepagesize:       2048 kB
DirectMap4k:      362944 kB
DirectMap2M:     8054784 kB
DirectMap1G:           0 kB


CPU:total 4 (4 cores per cpu, 1 threads per core) family 21 model 2 stepping 0, cmov, cx8, fxsr, mmx, sse, sse2, sse3, ssse3, sse4.1, sse4.2, popcnt, avx, aes, clmul, mmxext, 3dnowpref, lzcnt, sse4a, tsc, tscinvbit, tscinv, bmi1

/proc/cpuinfo:
processor	: 0
vendor_id	: AuthenticAMD
cpu family	: 21
model		: 2
model name	: AMD FX(tm)-4300 Quad-Core Processor
stepping	: 0
microcode	: 0x600081f
cpu MHz		: 1400.000
cache size	: 2048 KB
physical id	: 0
siblings	: 4
core id		: 0
cpu cores	: 2
apicid		: 16
initial apicid	: 0
fpu		: yes
fpu_exception	: yes
cpuid level	: 13
wp		: yes
flags		: fpu vme de pse tsc msr pae mce cx8 apic sep mtrr pge mca cmov pat pse36 clflush mmx fxsr sse sse2 ht syscall nx mmxext fxsr_opt pdpe1gb rdtscp lm constant_tsc rep_good nopl nonstop_tsc extd_apicid aperfmperf pni pclmulqdq monitor ssse3 fma cx16 sse4_1 sse4_2 popcnt aes xsave avx f16c lahf_lm cmp_legacy svm extapic cr8_legacy abm sse4a misalignsse 3dnowprefetch osvw ibs xop skinit wdt lwp fma4 tce nodeid_msr tbm topoext perfctr_core perfctr_nb cpb hw_pstate vmmcall bmi1 arat npt lbrv svm_lock nrip_save tsc_scale vmcb_clean flushbyasid decodeassists pausefilter pfthreshold
bugs		: fxsave_leak sysret_ss_attrs null_seg
bogomips	: 7634.87
TLB size	: 1536 4K pages
clflush size	: 64
cache_alignment	: 64
address sizes	: 48 bits physical, 48 bits virtual
power management: ts ttp tm 100mhzsteps hwpstate cpb eff_freq_ro

processor	: 1
vendor_id	: AuthenticAMD
cpu family	: 21
model		: 2
model name	: AMD FX(tm)-4300 Quad-Core Processor
stepping	: 0
microcode	: 0x600081f
cpu MHz		: 1400.000
cache size	: 2048 KB
physical id	: 0
siblings	: 4
core id		: 1
cpu cores	: 2
apicid		: 17
initial apicid	: 1
fpu		: yes
fpu_exception	: yes
cpuid level	: 13
wp		: yes
flags		: fpu vme de pse tsc msr pae mce cx8 apic sep mtrr pge mca cmov pat pse36 clflush mmx fxsr sse sse2 ht syscall nx mmxext fxsr_opt pdpe1gb rdtscp lm constant_tsc rep_good nopl nonstop_tsc extd_apicid aperfmperf pni pclmulqdq monitor ssse3 fma cx16 sse4_1 sse4_2 popcnt aes xsave avx f16c lahf_lm cmp_legacy svm extapic cr8_legacy abm sse4a misalignsse 3dnowprefetch osvw ibs xop skinit wdt lwp fma4 tce nodeid_msr tbm topoext perfctr_core perfctr_nb cpb hw_pstate vmmcall bmi1 arat npt lbrv svm_lock nrip_save tsc_scale vmcb_clean flushbyasid decodeassists pausefilter pfthreshold
bugs		: fxsave_leak sysret_ss_attrs null_seg
bogomips	: 7634.87
TLB size	: 1536 4K pages
clflush size	: 64
cache_alignment	: 64
address sizes	: 48 bits physical, 48 bits virtual
power management: ts ttp tm 100mhzsteps hwpstate cpb eff_freq_ro

processor	: 2
vendor_id	: AuthenticAMD
cpu family	: 21
model		: 2
model name	: AMD FX(tm)-4300 Quad-Core Processor
stepping	: 0
microcode	: 0x600081f
cpu MHz		: 1800.000
cache size	: 2048 KB
physical id	: 0
siblings	: 4
core id		: 2
cpu cores	: 2
apicid		: 18
initial apicid	: 2
fpu		: yes
fpu_exception	: yes
cpuid level	: 13
wp		: yes
flags		: fpu vme de pse tsc msr pae mce cx8 apic sep mtrr pge mca cmov pat pse36 clflush mmx fxsr sse sse2 ht syscall nx mmxext fxsr_opt pdpe1gb rdtscp lm constant_tsc rep_good nopl nonstop_tsc extd_apicid aperfmperf pni pclmulqdq monitor ssse3 fma cx16 sse4_1 sse4_2 popcnt aes xsave avx f16c lahf_lm cmp_legacy svm extapic cr8_legacy abm sse4a misalignsse 3dnowprefetch osvw ibs xop skinit wdt lwp fma4 tce nodeid_msr tbm topoext perfctr_core perfctr_nb cpb hw_pstate vmmcall bmi1 arat npt lbrv svm_lock nrip_save tsc_scale vmcb_clean flushbyasid decodeassists pausefilter pfthreshold
bugs		: fxsave_leak sysret_ss_attrs null_seg
bogomips	: 7634.87
TLB size	: 1536 4K pages
clflush size	: 64
cache_alignment	: 64
address sizes	: 48 bits physical, 48 bits virtual
power management: ts ttp tm 100mhzsteps hwpstate cpb eff_freq_ro

processor	: 3
vendor_id	: AuthenticAMD
cpu family	: 21
model		: 2
model name	: AMD FX(tm)-4300 Quad-Core Processor
stepping	: 0
microcode	: 0x600081f
cpu MHz		: 1400.000
cache size	: 2048 KB
physical id	: 0
siblings	: 4
core id		: 3
cpu cores	: 2
apicid		: 19
initial apicid	: 3
fpu		: yes
fpu_exception	: yes
cpuid level	: 13
wp		: yes
flags		: fpu vme de pse tsc msr pae mce cx8 apic sep mtrr pge mca cmov pat pse36 clflush mmx fxsr sse sse2 ht syscall nx mmxext fxsr_opt pdpe1gb rdtscp lm constant_tsc rep_good nopl nonstop_tsc extd_apicid aperfmperf pni pclmulqdq monitor ssse3 fma cx16 sse4_1 sse4_2 popcnt aes xsave avx f16c lahf_lm cmp_legacy svm extapic cr8_legacy abm sse4a misalignsse 3dnowprefetch osvw ibs xop skinit wdt lwp fma4 tce nodeid_msr tbm topoext perfctr_core perfctr_nb cpb hw_pstate vmmcall bmi1 arat npt lbrv svm_lock nrip_save tsc_scale vmcb_clean flushbyasid decodeassists pausefilter pfthreshold
bugs		: fxsave_leak sysret_ss_attrs null_seg
bogomips	: 7634.87
TLB size	: 1536 4K pages
clflush size	: 64
cache_alignment	: 64
address sizes	: 48 bits physical, 48 bits virtual
power management: ts ttp tm 100mhzsteps hwpstate cpb eff_freq_ro



Memory: 4k page, physical 8202820k(114252k free), swap 0k(0k free)

vm_info: OpenJDK 64-Bit Server VM (25.112-b06) for linux-amd64 JRE (1.8.0_112-release-b06), built on Dec  6 2016 12:11:18 by "builder" with gcc 4.8.4

time: Thu Oct 26 08:58:43 2017
elapsed time: 17 seconds (0d 0h 0m 17s)

