#
# There is insufficient memory for the Java Runtime Environment to continue.
# Native memory allocation (mmap) failed to map 80216064 bytes for committing reserved memory.
# Possible reasons:
#   The system is out of physical RAM or swap space
#   In 32 bit mode, the process size limit was hit
# Possible solutions:
#   Reduce memory load on the system
#   Increase physical memory or swap space
#   Check if swap backing store is full
#   Use 64 bit Java on a 64 bit OS
#   Decrease Java heap size (-Xmx/-Xms)
#   Decrease number of Java threads
#   Decrease Java thread stack sizes (-Xss)
#   Set larger code cache with -XX:ReservedCodeCacheSize=
# This output file may be truncated or incomplete.
#
#  Out of Memory Error (os_linux.cpp:2627), pid=7801, tid=0x00007f5f383e1700
#
# JRE version: OpenJDK Runtime Environment (8.0_112-b06) (build 1.8.0_112-release-b06)
# Java VM: OpenJDK 64-Bit Server VM (25.112-b06 mixed mode linux-amd64 compressed oops)
# Failed to write core dump. Core dumps have been disabled. To enable core dumping, try "ulimit -c unlimited" before starting Java again
#

---------------  T H R E A D  ---------------

Current thread (0x00007f5f34077800):  VMThread [stack: 0x00007f5f382e1000,0x00007f5f383e2000] [id=7811]

Stack: [0x00007f5f382e1000,0x00007f5f383e2000],  sp=0x00007f5f383e04d0,  free space=1021k
Native frames: (J=compiled Java code, j=interpreted, Vv=VM code, C=native code)
V  [libjvm.so+0x9e465d]  VMError::report_and_die()+0x15d
V  [libjvm.so+0x4b6ada]  report_vm_out_of_memory(char const*, int, unsigned long, VMErrorType, char const*)+0x8a
V  [libjvm.so+0x84c860]  os::pd_commit_memory(char*, unsigned long, unsigned long, bool)+0xf0
V  [libjvm.so+0x84737f]  os::commit_memory(char*, unsigned long, unsigned long, bool)+0x1f
V  [libjvm.so+0x8bd3db]  PSVirtualSpace::expand_by(unsigned long)+0x5b
V  [libjvm.so+0x8ae1bb]  PSOldGen::expand_by(unsigned long) [clone .part.109]+0x1b
V  [libjvm.so+0x8ae37b]  PSOldGen::expand(unsigned long) [clone .part.111]+0xdb
V  [libjvm.so+0x8aec58]  PSOldGen::resize(unsigned long)+0x188
V  [libjvm.so+0x8b426c]  PSParallelCompact::invoke_no_policy(bool)+0x97c
V  [libjvm.so+0x8bb37d]  PSScavenge::invoke()+0x17d
V  [libjvm.so+0x86fcf3]  ParallelScavengeHeap::failed_mem_allocate(unsigned long)+0x63
V  [libjvm.so+0x9e6124]  VM_ParallelGCFailedAllocation::doit()+0x84
V  [libjvm.so+0x9ea537]  VM_Operation::evaluate()+0x47
V  [libjvm.so+0x9e8ff8]  VMThread::evaluate_operation(VM_Operation*)+0x2c8
V  [libjvm.so+0x9e9479]  VMThread::loop()+0x219
V  [libjvm.so+0x9e98c2]  VMThread::run()+0x72
V  [libjvm.so+0x849c82]  java_start(Thread*)+0xf2

VM_Operation (0x00007f5f3da05810): ParallelGCFailedAllocation, mode: safepoint, requested by thread 0x00007f5f3400a000


---------------  P R O C E S S  ---------------

Java Threads: ( => current thread )
  0x00007f5f34168800 JavaThread "pool-1-thread-4" [_thread_blocked, id=7908, stack(0x00007f5f1d8f9000,0x00007f5f1d9fa000)]
  0x00007f5f34167000 JavaThread "pool-1-thread-3" [_thread_blocked, id=7906, stack(0x00007f5f1d9fa000,0x00007f5f1dafb000)]
  0x00007f5f34165000 JavaThread "pool-1-thread-2" [_thread_blocked, id=7902, stack(0x00007f5f1dafb000,0x00007f5f1dbfc000)]
  0x00007f5f34162000 JavaThread "pool-2-thread-1" [_thread_blocked, id=7894, stack(0x00007f5f1dbfc000,0x00007f5f1dcfd000)]
  0x00007f5f34160800 JavaThread "pool-1-thread-1" [_thread_blocked, id=7892, stack(0x00007f5f1dcfd000,0x00007f5f1ddfe000)]
  0x00007f5f340d3000 JavaThread "Service Thread" daemon [_thread_blocked, id=7874, stack(0x00007f5f1deff000,0x00007f5f1e000000)]
  0x00007f5f340bd800 JavaThread "C1 CompilerThread2" daemon [_thread_blocked, id=7870, stack(0x00007f5f240bf000,0x00007f5f241c0000)]
  0x00007f5f340bc000 JavaThread "C2 CompilerThread1" daemon [_thread_blocked, id=7867, stack(0x00007f5f241c0000,0x00007f5f242c1000)]
  0x00007f5f340b9000 JavaThread "C2 CompilerThread0" daemon [_thread_blocked, id=7863, stack(0x00007f5f242c1000,0x00007f5f243c2000)]
  0x00007f5f340b7800 JavaThread "Signal Dispatcher" daemon [_thread_blocked, id=7855, stack(0x00007f5f243c2000,0x00007f5f244c3000)]
  0x00007f5f34083800 JavaThread "Finalizer" daemon [_thread_blocked, id=7826, stack(0x00007f5f380df000,0x00007f5f381e0000)]
  0x00007f5f3407f000 JavaThread "Reference Handler" daemon [_thread_blocked, id=7824, stack(0x00007f5f381e0000,0x00007f5f382e1000)]
  0x00007f5f3400a000 JavaThread "main" [_thread_blocked, id=7806, stack(0x00007f5f3d907000,0x00007f5f3da08000)]

Other Threads:
=>0x00007f5f34077800 VMThread [stack: 0x00007f5f382e1000,0x00007f5f383e2000] [id=7811]
  0x00007f5f340d5800 WatcherThread [stack: 0x00007f5f1ddfe000,0x00007f5f1deff000] [id=7878]

VM state:at safepoint (normal execution)

VM Mutex/Monitor currently owned by a thread:  ([mutex/lock_event])
[0x00007f5f34005fb0] ExpandHeap_lock - owner thread: 0x00007f5f34077800
[0x00007f5f34006630] Threads_lock - owner thread: 0x00007f5f34077800
[0x00007f5f34006b30] Heap_lock - owner thread: 0x00007f5f3400a000

Heap:
 PSYoungGen      total 261120K, used 13502K [0x00000000eab00000, 0x0000000100000000, 0x0000000100000000)
  eden space 228352K, 0% used [0x00000000eab00000,0x00000000eab00000,0x00000000f8a00000)
  from space 32768K, 41% used [0x00000000fc300000,0x00000000fd02fa20,0x00000000fe300000)
  to   space 58368K, 0% used [0x00000000f8a00000,0x00000000f8a00000,0x00000000fc300000)
 ParOldGen       total 93696K, used 93187K [0x00000000c0000000, 0x00000000c5b80000, 0x00000000eab00000)
  object space 93696K, 99% used [0x00000000c0000000,0x00000000c5b00f30,0x00000000c5b80000)
 Metaspace       used 6440K, capacity 7216K, committed 7296K, reserved 1056768K
  class space    used 594K, capacity 616K, committed 640K, reserved 1048576K

Card table byte_map: [0x00007f5f3a53a000,0x00007f5f3a73b000] byte_map_base: 0x00007f5f39f3a000

Marking Bits: (ParMarkBitMap*) 0x00007f5f3cda1340
 Begin Bits: [0x00007f5f1e000000, 0x00007f5f1f000000)
 End Bits:   [0x00007f5f1f000000, 0x00007f5f20000000)

Polling page: 0x00007f5f3d906000

CodeCache: size=245760Kb used=7927Kb max_used=7935Kb free=237832Kb
 bounds [0x00007f5f25000000, 0x00007f5f257e0000, 0x00007f5f34000000]
 total_blobs=2290 nmethods=2020 adapters=185
 compilation: enabled

Compilation events (10 events):
Event: 17,476 Thread 0x00007f5f340bd800 2177       2       com.android.dx.ssa.back.LivenessAnalyzer::liveOutAtStatement (61 bytes)
Event: 17,476 Thread 0x00007f5f340bd800 nmethod 2177 0x00007f5f2575e8d0 code [0x00007f5f2575ea80, 0x00007f5f2575edc8]
Event: 17,477 Thread 0x00007f5f340bd800 2179       2       com.android.dx.ssa.back.InterferenceGraph::add (46 bytes)
Event: 17,477 Thread 0x00007f5f340bd800 nmethod 2179 0x00007f5f2514c990 code [0x00007f5f2514cb80, 0x00007f5f2514d028]
Event: 17,478 Thread 0x00007f5f340bd800 2178       2       com.android.dx.ssa.SsaBasicBlock::addLiveOut (32 bytes)
Event: 17,478 Thread 0x00007f5f340bd800 nmethod 2178 0x00007f5f2514c1d0 code [0x00007f5f2514c360, 0x00007f5f2514c748]
Event: 17,484 Thread 0x00007f5f340bd800 2181 %     3       com.android.dx.ssa.back.LivenessAnalyzer::handleTailRecursion @ 0 (94 bytes)
Event: 17,484 Thread 0x00007f5f340bd800 nmethod 2181% 0x00007f5f2514b850 code [0x00007f5f2514ba20, 0x00007f5f2514bfa8]
Event: 17,485 Thread 0x00007f5f340bd800 2183       3       com.android.dx.ssa.back.LivenessAnalyzer::handleTailRecursion (94 bytes)
Event: 17,485 Thread 0x00007f5f340bd800 nmethod 2183 0x00007f5f2579cd10 code [0x00007f5f2579cee0, 0x00007f5f2579d428]

GC Heap History (10 events):
Event: 12,715 GC heap after
Heap after GC invocations=4 (full 0):
 PSYoungGen      total 70656K, used 5106K [0x00000000eab00000, 0x00000000ef500000, 0x0000000100000000)
  eden space 65536K, 0% used [0x00000000eab00000,0x00000000eab00000,0x00000000eeb00000)
  from space 5120K, 99% used [0x00000000ef000000,0x00000000ef4fca98,0x00000000ef500000)
  to   space 5120K, 0% used [0x00000000eeb00000,0x00000000eeb00000,0x00000000ef000000)
 ParOldGen       total 86016K, used 14525K [0x00000000c0000000, 0x00000000c5400000, 0x00000000eab00000)
  object space 86016K, 16% used [0x00000000c0000000,0x00000000c0e2f510,0x00000000c5400000)
 Metaspace       used 6030K, capacity 7024K, committed 7296K, reserved 1056768K
  class space    used 574K, capacity 616K, committed 640K, reserved 1048576K
}
Event: 13,075 GC heap before
{Heap before GC invocations=5 (full 0):
 PSYoungGen      total 70656K, used 70642K [0x00000000eab00000, 0x00000000ef500000, 0x0000000100000000)
  eden space 65536K, 100% used [0x00000000eab00000,0x00000000eeb00000,0x00000000eeb00000)
  from space 5120K, 99% used [0x00000000ef000000,0x00000000ef4fca98,0x00000000ef500000)
  to   space 5120K, 0% used [0x00000000eeb00000,0x00000000eeb00000,0x00000000ef000000)
 ParOldGen       total 86016K, used 14525K [0x00000000c0000000, 0x00000000c5400000, 0x00000000eab00000)
  object space 86016K, 16% used [0x00000000c0000000,0x00000000c0e2f510,0x00000000c5400000)
 Metaspace       used 6193K, capacity 7088K, committed 7296K, reserved 1056768K
  class space    used 593K, capacity 616K, committed 640K, reserved 1048576K
Event: 13,119 GC heap after
Heap after GC invocations=5 (full 0):
 PSYoungGen      total 70656K, used 5111K [0x00000000eab00000, 0x00000000f4800000, 0x0000000100000000)
  eden space 65536K, 0% used [0x00000000eab00000,0x00000000eab00000,0x00000000eeb00000)
  from space 5120K, 99% used [0x00000000eeb00000,0x00000000eeffdf88,0x00000000ef000000)
  to   space 14848K, 0% used [0x00000000f3980000,0x00000000f3980000,0x00000000f4800000)
 ParOldGen       total 86016K, used 22202K [0x00000000c0000000, 0x00000000c5400000, 0x00000000eab00000)
  object space 86016K, 25% used [0x00000000c0000000,0x00000000c15ae938,0x00000000c5400000)
 Metaspace       used 6193K, capacity 7088K, committed 7296K, reserved 1056768K
  class space    used 593K, capacity 616K, committed 640K, reserved 1048576K
}
Event: 13,418 GC heap before
{Heap before GC invocations=6 (full 0):
 PSYoungGen      total 70656K, used 70647K [0x00000000eab00000, 0x00000000f4800000, 0x0000000100000000)
  eden space 65536K, 100% used [0x00000000eab00000,0x00000000eeb00000,0x00000000eeb00000)
  from space 5120K, 99% used [0x00000000eeb00000,0x00000000eeffdf88,0x00000000ef000000)
  to   space 14848K, 0% used [0x00000000f3980000,0x00000000f3980000,0x00000000f4800000)
 ParOldGen       total 86016K, used 22202K [0x00000000c0000000, 0x00000000c5400000, 0x00000000eab00000)
  object space 86016K, 25% used [0x00000000c0000000,0x00000000c15ae938,0x00000000c5400000)
 Metaspace       used 6334K, capacity 7152K, committed 7296K, reserved 1056768K
  class space    used 593K, capacity 616K, committed 640K, reserved 1048576K
Event: 13,451 GC heap after
Heap after GC invocations=6 (full 0):
 PSYoungGen      total 141824K, used 14838K [0x00000000eab00000, 0x00000000f5000000, 0x0000000100000000)
  eden space 126976K, 0% used [0x00000000eab00000,0x00000000eab00000,0x00000000f2700000)
  from space 14848K, 99% used [0x00000000f3980000,0x00000000f47fd8e8,0x00000000f4800000)
  to   space 18944K, 0% used [0x00000000f2700000,0x00000000f2700000,0x00000000f3980000)
 ParOldGen       total 86016K, used 25959K [0x00000000c0000000, 0x00000000c5400000, 0x00000000eab00000)
  object space 86016K, 30% used [0x00000000c0000000,0x00000000c1959e38,0x00000000c5400000)
 Metaspace       used 6334K, capacity 7152K, committed 7296K, reserved 1056768K
  class space    used 593K, capacity 616K, committed 640K, reserved 1048576K
}
Event: 14,090 GC heap before
{Heap before GC invocations=7 (full 0):
 PSYoungGen      total 141824K, used 141814K [0x00000000eab00000, 0x00000000f5000000, 0x0000000100000000)
  eden space 126976K, 100% used [0x00000000eab00000,0x00000000f2700000,0x00000000f2700000)
  from space 14848K, 99% used [0x00000000f3980000,0x00000000f47fd8e8,0x00000000f4800000)
  to   space 18944K, 0% used [0x00000000f2700000,0x00000000f2700000,0x00000000f3980000)
 ParOldGen       total 86016K, used 25959K [0x00000000c0000000, 0x00000000c5400000, 0x00000000eab00000)
  object space 86016K, 30% used [0x00000000c0000000,0x00000000c1959e38,0x00000000c5400000)
 Metaspace       used 6430K, capacity 7216K, committed 7296K, reserved 1056768K
  class space    used 593K, capacity 616K, committed 640K, reserved 1048576K
Event: 14,205 GC heap after
Heap after GC invocations=7 (full 0):
 PSYoungGen      total 145920K, used 18941K [0x00000000eab00000, 0x00000000fe300000, 0x0000000100000000)
  eden space 126976K, 0% used [0x00000000eab00000,0x00000000eab00000,0x00000000f2700000)
  from space 18944K, 99% used [0x00000000f2700000,0x00000000f397f6c0,0x00000000f3980000)
  to   space 32768K, 0% used [0x00000000fc300000,0x00000000fc300000,0x00000000fe300000)
 ParOldGen       total 86016K, used 47979K [0x00000000c0000000, 0x00000000c5400000, 0x00000000eab00000)
  object space 86016K, 55% used [0x00000000c0000000,0x00000000c2edad18,0x00000000c5400000)
 Metaspace       used 6430K, capacity 7216K, committed 7296K, reserved 1056768K
  class space    used 593K, capacity 616K, committed 640K, reserved 1048576K
}
Event: 17,555 GC heap before
{Heap before GC invocations=8 (full 0):
 PSYoungGen      total 145920K, used 145917K [0x00000000eab00000, 0x00000000fe300000, 0x0000000100000000)
  eden space 126976K, 100% used [0x00000000eab00000,0x00000000f2700000,0x00000000f2700000)
  from space 18944K, 99% used [0x00000000f2700000,0x00000000f397f6c0,0x00000000f3980000)
  to   space 32768K, 0% used [0x00000000fc300000,0x00000000fc300000,0x00000000fe300000)
 ParOldGen       total 86016K, used 47979K [0x00000000c0000000, 0x00000000c5400000, 0x00000000eab00000)
  object space 86016K, 55% used [0x00000000c0000000,0x00000000c2edad18,0x00000000c5400000)
 Metaspace       used 6440K, capacity 7216K, committed 7296K, reserved 1056768K
  class space    used 594K, capacity 616K, committed 640K, reserved 1048576K
Event: 17,657 GC heap after
Heap after GC invocations=8 (full 0):
 PSYoungGen      total 261120K, used 32738K [0x00000000eab00000, 0x0000000100000000, 0x0000000100000000)
  eden space 228352K, 0% used [0x00000000eab00000,0x00000000eab00000,0x00000000f8a00000)
  from space 32768K, 99% used [0x00000000fc300000,0x00000000fe2f8988,0x00000000fe300000)
  to   space 58368K, 0% used [0x00000000f8a00000,0x00000000f8a00000,0x00000000fc300000)
 ParOldGen       total 93696K, used 93293K [0x00000000c0000000, 0x00000000c5b80000, 0x00000000eab00000)
  object space 93696K, 99% used [0x00000000c0000000,0x00000000c5b1b4f8,0x00000000c5b80000)
 Metaspace       used 6440K, capacity 7216K, committed 7296K, reserved 1056768K
  class space    used 594K, capacity 616K, committed 640K, reserved 1048576K
}
Event: 17,657 GC heap before
{Heap before GC invocations=9 (full 1):
 PSYoungGen      total 261120K, used 32738K [0x00000000eab00000, 0x0000000100000000, 0x0000000100000000)
  eden space 228352K, 0% used [0x00000000eab00000,0x00000000eab00000,0x00000000f8a00000)
  from space 32768K, 99% used [0x00000000fc300000,0x00000000fe2f8988,0x00000000fe300000)
  to   space 58368K, 0% used [0x00000000f8a00000,0x00000000f8a00000,0x00000000fc300000)
 ParOldGen       total 93696K, used 93293K [0x00000000c0000000, 0x00000000c5b80000, 0x00000000eab00000)
  object space 93696K, 99% used [0x00000000c0000000,0x00000000c5b1b4f8,0x00000000c5b80000)
 Metaspace       used 6440K, capacity 7216K, committed 7296K, reserved 1056768K
  class space    used 594K, capacity 616K, committed 640K, reserved 1048576K

Deoptimization events (10 events):
Event: 13,059 Thread 0x00007f5f34165000 Uncommon trap: reason=unstable_if action=reinterpret pc=0x00007f5f2558f3a8 method=java.util.HashMap.getNode(ILjava/lang/Object;)Ljava/util/HashMap$Node; @ 84
Event: 13,347 Thread 0x00007f5f34167000 Uncommon trap: reason=unstable_if action=reinterpret pc=0x00007f5f255a5458 method=java.util.HashMap.putVal(ILjava/lang/Object;Ljava/lang/Object;ZZ)Ljava/lang/Object; @ 109
Event: 13,474 Thread 0x00007f5f3400a000 Uncommon trap: reason=unstable_if action=reinterpret pc=0x00007f5f2565bd28 method=com.android.dx.cf.code.Merger.mergeType(Lcom/android/dx/rop/type/TypeBearer;Lcom/android/dx/rop/type/TypeBearer;)Lcom/android/dx/rop/type/TypeBearer; @ 133
Event: 17,466 Thread 0x00007f5f3400a000 Uncommon trap: reason=unstable_if action=reinterpret pc=0x00007f5f253c10bc method=com.android.dx.ssa.SetFactory.makeLivenessSet(I)Lcom/android/dx/util/IntSet; @ 4
Event: 17,466 Thread 0x00007f5f3400a000 Uncommon trap: reason=unstable_if action=reinterpret pc=0x00007f5f2532a2a0 method=com.android.dx.ssa.SetFactory.makeLivenessSet(I)Lcom/android/dx/util/IntSet; @ 4
Event: 17,475 Thread 0x00007f5f3400a000 Uncommon trap: reason=unstable_if action=reinterpret pc=0x00007f5f2536443c method=com.android.dx.ssa.SetFactory.makeLivenessSet(I)Lcom/android/dx/util/IntSet; @ 4
Event: 17,475 Thread 0x00007f5f3400a000 Uncommon trap: reason=class_check action=maybe_recompile pc=0x00007f5f2533ebc4 method=com.android.dx.ssa.back.InterferenceGraph.add(II)V @ 19
Event: 17,475 Thread 0x00007f5f3400a000 Uncommon trap: reason=class_check action=maybe_recompile pc=0x00007f5f2533ebc4 method=com.android.dx.ssa.back.InterferenceGraph.add(II)V @ 19
Event: 17,475 Thread 0x00007f5f3400a000 Uncommon trap: reason=class_check action=maybe_recompile pc=0x00007f5f2533ebc4 method=com.android.dx.ssa.back.InterferenceGraph.add(II)V @ 19
Event: 17,475 Thread 0x00007f5f3400a000 Uncommon trap: reason=class_check action=maybe_recompile pc=0x00007f5f2533ebc4 method=com.android.dx.ssa.back.InterferenceGraph.add(II)V @ 19

Internal exceptions (5 events):
Event: 1,054 Thread 0x00007f5f3400a000 Exception <a 'java/lang/NoSuchMethodError': Method sun.misc.Unsafe.defineClass(Ljava/lang/String;[BII)Ljava/lang/Class; name or signature does not match> (0x00000000eab07c78) thrown at [/ssd/Android/AOSP-openjdk/external/jetbrains/jdk/hotspot/src/share/vm
Event: 1,055 Thread 0x00007f5f3400a000 Exception <a 'java/lang/NoSuchMethodError': Method sun.misc.Unsafe.prefetchRead(Ljava/lang/Object;J)V name or signature does not match> (0x00000000eab07f60) thrown at [/ssd/Android/AOSP-openjdk/external/jetbrains/jdk/hotspot/src/share/vm/prims/jni.cpp, li
Event: 13,000 Thread 0x00007f5f34168800 Exception <a 'java/lang/ArrayIndexOutOfBoundsException': 18> (0x00000000ee3d1a10) thrown at [/ssd/Android/AOSP-openjdk/external/jetbrains/jdk/hotspot/src/share/vm/interpreter/interpreterRuntime.cpp, line 366]
Event: 13,001 Thread 0x00007f5f34168800 Exception <a 'java/lang/ArrayIndexOutOfBoundsException': 145> (0x00000000ee3d3590) thrown at [/ssd/Android/AOSP-openjdk/external/jetbrains/jdk/hotspot/src/share/vm/interpreter/interpreterRuntime.cpp, line 366]
Event: 13,041 Thread 0x00007f5f34168800 Exception <a 'java/lang/ArrayIndexOutOfBoundsException'> (0x00000000ee3d4878) thrown at [/ssd/Android/AOSP-openjdk/external/jetbrains/jdk/hotspot/src/share/vm/runtime/sharedRuntime.cpp, line 605]

Events (10 events):
Event: 17,475 Thread 0x00007f5f3400a000 Uncommon trap: trap_request=0xffffffde fr.pc=0x00007f5f2533ebc4
Event: 17,475 Thread 0x00007f5f3400a000 DEOPT PACKING pc=0x00007f5f2533ebc4 sp=0x00007f5f3da058c0
Event: 17,475 Thread 0x00007f5f3400a000 DEOPT UNPACKING pc=0x00007f5f25004f69 sp=0x00007f5f3da05848 mode 2
Event: 17,475 Thread 0x00007f5f3400a000 Uncommon trap: trap_request=0xffffffde fr.pc=0x00007f5f2533ebc4
Event: 17,475 Thread 0x00007f5f3400a000 DEOPT PACKING pc=0x00007f5f2533ebc4 sp=0x00007f5f3da058c0
Event: 17,475 Thread 0x00007f5f3400a000 DEOPT UNPACKING pc=0x00007f5f25004f69 sp=0x00007f5f3da05848 mode 2
Event: 17,475 Thread 0x00007f5f3400a000 Uncommon trap: trap_request=0xffffffde fr.pc=0x00007f5f2533ebc4
Event: 17,475 Thread 0x00007f5f3400a000 DEOPT PACKING pc=0x00007f5f2533ebc4 sp=0x00007f5f3da058c0
Event: 17,475 Thread 0x00007f5f3400a000 DEOPT UNPACKING pc=0x00007f5f25004f69 sp=0x00007f5f3da05848 mode 2
Event: 17,549 Executing VM operation: ParallelGCFailedAllocation


Dynamic libraries:
00400000-00401000 r-xp 00000000 08:01 25956432                           /usr/local/android-studio/jre/bin/java
00600000-00601000 r--p 00000000 08:01 25956432                           /usr/local/android-studio/jre/bin/java
00601000-00602000 rw-p 00001000 08:01 25956432                           /usr/local/android-studio/jre/bin/java
01c92000-01cb3000 rw-p 00000000 00:00 0                                  [heap]
c0000000-c5b80000 rw-p 00000000 00:00 0 
ca800000-eab00000 ---p 00000000 00:00 0 
eab00000-100000000 rw-p 00000000 00:00 0 
100000000-1000a0000 rw-p 00000000 00:00 0 
1000a0000-140000000 ---p 00000000 00:00 0 
7f5ed0000000-7f5ed0021000 rw-p 00000000 00:00 0 
7f5ed0021000-7f5ed4000000 ---p 00000000 00:00 0 
7f5ed8000000-7f5ed8031000 rw-p 00000000 00:00 0 
7f5ed8031000-7f5edc000000 ---p 00000000 00:00 0 
7f5edc000000-7f5edc021000 rw-p 00000000 00:00 0 
7f5edc021000-7f5ee0000000 ---p 00000000 00:00 0 
7f5ee0000000-7f5ee0025000 rw-p 00000000 00:00 0 
7f5ee0025000-7f5ee4000000 ---p 00000000 00:00 0 
7f5ee4000000-7f5ee4021000 rw-p 00000000 00:00 0 
7f5ee4021000-7f5ee8000000 ---p 00000000 00:00 0 
7f5ee8000000-7f5ee8021000 rw-p 00000000 00:00 0 
7f5ee8021000-7f5eec000000 ---p 00000000 00:00 0 
7f5eec000000-7f5eec021000 rw-p 00000000 00:00 0 
7f5eec021000-7f5ef0000000 ---p 00000000 00:00 0 
7f5ef0000000-7f5ef11c5000 rw-p 00000000 00:00 0 
7f5ef11c5000-7f5ef4000000 ---p 00000000 00:00 0 
7f5ef4000000-7f5ef48d1000 rw-p 00000000 00:00 0 
7f5ef48d1000-7f5ef8000000 ---p 00000000 00:00 0 
7f5ef8000000-7f5ef8021000 rw-p 00000000 00:00 0 
7f5ef8021000-7f5efc000000 ---p 00000000 00:00 0 
7f5efc000000-7f5efd23c000 rw-p 00000000 00:00 0 
7f5efd23c000-7f5f00000000 ---p 00000000 00:00 0 
7f5f00000000-7f5f00021000 rw-p 00000000 00:00 0 
7f5f00021000-7f5f04000000 ---p 00000000 00:00 0 
7f5f04000000-7f5f04021000 rw-p 00000000 00:00 0 
7f5f04021000-7f5f08000000 ---p 00000000 00:00 0 
7f5f08000000-7f5f08021000 rw-p 00000000 00:00 0 
7f5f08021000-7f5f0c000000 ---p 00000000 00:00 0 
7f5f0c000000-7f5f0c287000 rw-p 00000000 00:00 0 
7f5f0c287000-7f5f10000000 ---p 00000000 00:00 0 
7f5f10000000-7f5f10021000 rw-p 00000000 00:00 0 
7f5f10021000-7f5f14000000 ---p 00000000 00:00 0 
7f5f18000000-7f5f18021000 rw-p 00000000 00:00 0 
7f5f18021000-7f5f1c000000 ---p 00000000 00:00 0 
7f5f1d8f9000-7f5f1d8fc000 ---p 00000000 00:00 0 
7f5f1d8fc000-7f5f1d9fa000 rw-p 00000000 00:00 0 
7f5f1d9fa000-7f5f1d9fd000 ---p 00000000 00:00 0 
7f5f1d9fd000-7f5f1dafb000 rw-p 00000000 00:00 0 
7f5f1dafb000-7f5f1dafe000 ---p 00000000 00:00 0 
7f5f1dafe000-7f5f1dbfc000 rw-p 00000000 00:00 0 
7f5f1dbfc000-7f5f1dbff000 ---p 00000000 00:00 0 
7f5f1dbff000-7f5f1dcfd000 rw-p 00000000 00:00 0 
7f5f1dcfd000-7f5f1dd00000 ---p 00000000 00:00 0 
7f5f1dd00000-7f5f1ddfe000 rw-p 00000000 00:00 0 
7f5f1ddfe000-7f5f1ddff000 ---p 00000000 00:00 0 
7f5f1ddff000-7f5f1deff000 rw-p 00000000 00:00 0 
7f5f1deff000-7f5f1df02000 ---p 00000000 00:00 0 
7f5f1df02000-7f5f20000000 rw-p 00000000 00:00 0 
7f5f20000000-7f5f20021000 rw-p 00000000 00:00 0 
7f5f20021000-7f5f24000000 ---p 00000000 00:00 0 
7f5f240bf000-7f5f240c2000 ---p 00000000 00:00 0 
7f5f240c2000-7f5f241c0000 rw-p 00000000 00:00 0 
7f5f241c0000-7f5f241c3000 ---p 00000000 00:00 0 
7f5f241c3000-7f5f242c1000 rw-p 00000000 00:00 0 
7f5f242c1000-7f5f242c4000 ---p 00000000 00:00 0 
7f5f242c4000-7f5f243c2000 rw-p 00000000 00:00 0 
7f5f243c2000-7f5f243c5000 ---p 00000000 00:00 0 
7f5f243c5000-7f5f244c3000 rw-p 00000000 00:00 0 
7f5f244c3000-7f5f25000000 r--p 00000000 08:01 1055535                    /usr/lib/locale/locale-archive
7f5f25000000-7f5f257e0000 rwxp 00000000 00:00 0 
7f5f257e0000-7f5f34000000 ---p 00000000 00:00 0 
7f5f34000000-7f5f34390000 rw-p 00000000 00:00 0 
7f5f34390000-7f5f38000000 ---p 00000000 00:00 0 
7f5f380bb000-7f5f380cf000 r--s 000d8000 08:01 4330769                    /home/vlad/Documents/Projects/revert/platforms/android/build/intermediates/exploded-aar/com.google.android.gms/play-services-ads/11.0.4/jars/classes.jar
7f5f380cf000-7f5f380de000 r--s 000e4000 08:01 7213429                    /home/vlad/Android/Sdk/build-tools/26.0.1/lib/dx.jar
7f5f380df000-7f5f380e2000 ---p 00000000 00:00 0 
7f5f380e2000-7f5f381e0000 rw-p 00000000 00:00 0 
7f5f381e0000-7f5f381e3000 ---p 00000000 00:00 0 
7f5f381e3000-7f5f382e1000 rw-p 00000000 00:00 0 
7f5f382e1000-7f5f382e2000 ---p 00000000 00:00 0 
7f5f382e2000-7f5f39396000 rw-p 00000000 00:00 0 
7f5f39396000-7f5f39565000 r--s 03c1b000 08:01 25956489                   /usr/local/android-studio/jre/jre/lib/rt.jar
7f5f3956a000-7f5f39c60000 rw-p 00000000 00:00 0 
7f5f39c60000-7f5f39de0000 ---p 00000000 00:00 0 
7f5f39de0000-7f5f39fe0000 rw-p 00000000 00:00 0 
7f5f39fe0000-7f5f39fe1000 ---p 00000000 00:00 0 
7f5f39fe1000-7f5f3a0e1000 rw-p 00000000 00:00 0 
7f5f3a0e1000-7f5f3a0e2000 ---p 00000000 00:00 0 
7f5f3a0e2000-7f5f3a1e2000 rw-p 00000000 00:00 0 
7f5f3a1e2000-7f5f3a1e3000 ---p 00000000 00:00 0 
7f5f3a1e3000-7f5f3a2e3000 rw-p 00000000 00:00 0 
7f5f3a2e3000-7f5f3a2e4000 ---p 00000000 00:00 0 
7f5f3a2e4000-7f5f3a412000 rw-p 00000000 00:00 0 
7f5f3a412000-7f5f3a53a000 ---p 00000000 00:00 0 
7f5f3a53a000-7f5f3a568000 rw-p 00000000 00:00 0 
7f5f3a568000-7f5f3a68f000 ---p 00000000 00:00 0 
7f5f3a68f000-7f5f3a73a000 rw-p 00000000 00:00 0 
7f5f3a73a000-7f5f3a75b000 rw-p 00000000 00:00 0 
7f5f3a75b000-7f5f3aafb000 ---p 00000000 00:00 0 
7f5f3aafb000-7f5f3ab15000 r-xp 00000000 08:01 25956516                   /usr/local/android-studio/jre/jre/lib/amd64/libzip.so
7f5f3ab15000-7f5f3ad15000 ---p 0001a000 08:01 25956516                   /usr/local/android-studio/jre/jre/lib/amd64/libzip.so
7f5f3ad15000-7f5f3ad16000 r--p 0001a000 08:01 25956516                   /usr/local/android-studio/jre/jre/lib/amd64/libzip.so
7f5f3ad16000-7f5f3ad17000 rw-p 0001b000 08:01 25956516                   /usr/local/android-studio/jre/jre/lib/amd64/libzip.so
7f5f3ad1b000-7f5f3ad26000 r-xp 00000000 08:01 11407910                   /lib/x86_64-linux-gnu/libnss_files-2.23.so
7f5f3ad26000-7f5f3af25000 ---p 0000b000 08:01 11407910                   /lib/x86_64-linux-gnu/libnss_files-2.23.so
7f5f3af25000-7f5f3af26000 r--p 0000a000 08:01 11407910                   /lib/x86_64-linux-gnu/libnss_files-2.23.so
7f5f3af26000-7f5f3af27000 rw-p 0000b000 08:01 11407910                   /lib/x86_64-linux-gnu/libnss_files-2.23.so
7f5f3af27000-7f5f3af2d000 rw-p 00000000 00:00 0 
7f5f3af33000-7f5f3af3e000 r-xp 00000000 08:01 11407920                   /lib/x86_64-linux-gnu/libnss_nis-2.23.so
7f5f3af3e000-7f5f3b13d000 ---p 0000b000 08:01 11407920                   /lib/x86_64-linux-gnu/libnss_nis-2.23.so
7f5f3b13d000-7f5f3b13e000 r--p 0000a000 08:01 11407920                   /lib/x86_64-linux-gnu/libnss_nis-2.23.so
7f5f3b13e000-7f5f3b13f000 rw-p 0000b000 08:01 11407920                   /lib/x86_64-linux-gnu/libnss_nis-2.23.so
7f5f3b143000-7f5f3b159000 r-xp 00000000 08:01 11407904                   /lib/x86_64-linux-gnu/libnsl-2.23.so
7f5f3b159000-7f5f3b358000 ---p 00016000 08:01 11407904                   /lib/x86_64-linux-gnu/libnsl-2.23.so
7f5f3b358000-7f5f3b359000 r--p 00015000 08:01 11407904                   /lib/x86_64-linux-gnu/libnsl-2.23.so
7f5f3b359000-7f5f3b35a000 rw-p 00016000 08:01 11407904                   /lib/x86_64-linux-gnu/libnsl-2.23.so
7f5f3b35a000-7f5f3b35c000 rw-p 00000000 00:00 0 
7f5f3b363000-7f5f3b36b000 r-xp 00000000 08:01 11407906                   /lib/x86_64-linux-gnu/libnss_compat-2.23.so
7f5f3b36b000-7f5f3b56a000 ---p 00008000 08:01 11407906                   /lib/x86_64-linux-gnu/libnss_compat-2.23.so
7f5f3b56a000-7f5f3b56b000 r--p 00007000 08:01 11407906                   /lib/x86_64-linux-gnu/libnss_compat-2.23.so
7f5f3b56b000-7f5f3b56c000 rw-p 00008000 08:01 11407906                   /lib/x86_64-linux-gnu/libnss_compat-2.23.so
7f5f3b573000-7f5f3b5a0000 r-xp 00000000 08:01 25956526                   /usr/local/android-studio/jre/jre/lib/amd64/libjava.so
7f5f3b5a0000-7f5f3b79f000 ---p 0002d000 08:01 25956526                   /usr/local/android-studio/jre/jre/lib/amd64/libjava.so
7f5f3b79f000-7f5f3b7a0000 r--p 0002c000 08:01 25956526                   /usr/local/android-studio/jre/jre/lib/amd64/libjava.so
7f5f3b7a0000-7f5f3b7a2000 rw-p 0002d000 08:01 25956526                   /usr/local/android-studio/jre/jre/lib/amd64/libjava.so
7f5f3b7a3000-7f5f3b7b3000 r-xp 00000000 08:01 25956542                   /usr/local/android-studio/jre/jre/lib/amd64/libverify.so
7f5f3b7b3000-7f5f3b9b2000 ---p 00010000 08:01 25956542                   /usr/local/android-studio/jre/jre/lib/amd64/libverify.so
7f5f3b9b2000-7f5f3b9b4000 r--p 0000f000 08:01 25956542                   /usr/local/android-studio/jre/jre/lib/amd64/libverify.so
7f5f3b9b4000-7f5f3b9b5000 rw-p 00011000 08:01 25956542                   /usr/local/android-studio/jre/jre/lib/amd64/libverify.so
7f5f3b9bb000-7f5f3b9c2000 r-xp 00000000 08:01 11407965                   /lib/x86_64-linux-gnu/librt-2.23.so
7f5f3b9c2000-7f5f3bbc1000 ---p 00007000 08:01 11407965                   /lib/x86_64-linux-gnu/librt-2.23.so
7f5f3bbc1000-7f5f3bbc2000 r--p 00006000 08:01 11407965                   /lib/x86_64-linux-gnu/librt-2.23.so
7f5f3bbc2000-7f5f3bbc3000 rw-p 00007000 08:01 11407965                   /lib/x86_64-linux-gnu/librt-2.23.so
7f5f3bbc3000-7f5f3bccb000 r-xp 00000000 08:01 11407881                   /lib/x86_64-linux-gnu/libm-2.23.so
7f5f3bccb000-7f5f3beca000 ---p 00108000 08:01 11407881                   /lib/x86_64-linux-gnu/libm-2.23.so
7f5f3beca000-7f5f3becb000 r--p 00107000 08:01 11407881                   /lib/x86_64-linux-gnu/libm-2.23.so
7f5f3becb000-7f5f3becc000 rw-p 00108000 08:01 11407881                   /lib/x86_64-linux-gnu/libm-2.23.so
7f5f3bed3000-7f5f3cac4000 r-xp 00000000 08:01 25956546                   /usr/local/android-studio/jre/jre/lib/amd64/server/libjvm.so
7f5f3cac4000-7f5f3ccc4000 ---p 00bf1000 08:01 25956546                   /usr/local/android-studio/jre/jre/lib/amd64/server/libjvm.so
7f5f3ccc4000-7f5f3cd63000 r--p 00bf1000 08:01 25956546                   /usr/local/android-studio/jre/jre/lib/amd64/server/libjvm.so
7f5f3cd63000-7f5f3cd8c000 rw-p 00c90000 08:01 25956546                   /usr/local/android-studio/jre/jre/lib/amd64/server/libjvm.so
7f5f3cd8c000-7f5f3cdd0000 rw-p 00000000 00:00 0 
7f5f3cdd3000-7f5f3cdeb000 r-xp 00000000 08:01 11407957                   /lib/x86_64-linux-gnu/libpthread-2.23.so
7f5f3cdeb000-7f5f3cfea000 ---p 00018000 08:01 11407957                   /lib/x86_64-linux-gnu/libpthread-2.23.so
7f5f3cfea000-7f5f3cfeb000 r--p 00017000 08:01 11407957                   /lib/x86_64-linux-gnu/libpthread-2.23.so
7f5f3cfeb000-7f5f3cfec000 rw-p 00018000 08:01 11407957                   /lib/x86_64-linux-gnu/libpthread-2.23.so
7f5f3cfec000-7f5f3cff0000 rw-p 00000000 00:00 0 
7f5f3cff3000-7f5f3cff6000 r-xp 00000000 08:01 11407835                   /lib/x86_64-linux-gnu/libdl-2.23.so
7f5f3cff6000-7f5f3d1f5000 ---p 00003000 08:01 11407835                   /lib/x86_64-linux-gnu/libdl-2.23.so
7f5f3d1f5000-7f5f3d1f6000 r--p 00002000 08:01 11407835                   /lib/x86_64-linux-gnu/libdl-2.23.so
7f5f3d1f6000-7f5f3d1f7000 rw-p 00003000 08:01 11407835                   /lib/x86_64-linux-gnu/libdl-2.23.so
7f5f3d1fb000-7f5f3d3bb000 r-xp 00000000 08:01 11407811                   /lib/x86_64-linux-gnu/libc-2.23.so
7f5f3d3bb000-7f5f3d5bb000 ---p 001c0000 08:01 11407811                   /lib/x86_64-linux-gnu/libc-2.23.so
7f5f3d5bb000-7f5f3d5bf000 r--p 001c0000 08:01 11407811                   /lib/x86_64-linux-gnu/libc-2.23.so
7f5f3d5bf000-7f5f3d5c1000 rw-p 001c4000 08:01 11407811                   /lib/x86_64-linux-gnu/libc-2.23.so
7f5f3d5c1000-7f5f3d5c5000 rw-p 00000000 00:00 0 
7f5f3d5cb000-7f5f3d5e1000 r-xp 00000000 08:01 25956406                   /usr/local/android-studio/jre/lib/amd64/jli/libjli.so
7f5f3d5e1000-7f5f3d7e0000 ---p 00016000 08:01 25956406                   /usr/local/android-studio/jre/lib/amd64/jli/libjli.so
7f5f3d7e0000-7f5f3d7e1000 r--p 00015000 08:01 25956406                   /usr/local/android-studio/jre/lib/amd64/jli/libjli.so
7f5f3d7e1000-7f5f3d7e2000 rw-p 00016000 08:01 25956406                   /usr/local/android-studio/jre/lib/amd64/jli/libjli.so
7f5f3d7e3000-7f5f3d809000 r-xp 00000000 08:01 11407783                   /lib/x86_64-linux-gnu/ld-2.23.so
7f5f3d816000-7f5f3d8fb000 rw-p 00000000 00:00 0 
7f5f3d8fb000-7f5f3d903000 rw-s 00000000 08:01 6690058                    /tmp/hsperfdata_vlad/7801
7f5f3d905000-7f5f3d906000 rw-p 00000000 00:00 0 
7f5f3d906000-7f5f3d907000 ---p 00000000 00:00 0 
7f5f3d907000-7f5f3d90a000 ---p 00000000 00:00 0 
7f5f3d90a000-7f5f3da08000 rw-p 00000000 00:00 0 
7f5f3da08000-7f5f3da09000 r--p 00025000 08:01 11407783                   /lib/x86_64-linux-gnu/ld-2.23.so
7f5f3da09000-7f5f3da0a000 rw-p 00026000 08:01 11407783                   /lib/x86_64-linux-gnu/ld-2.23.so
7f5f3da0a000-7f5f3da0c000 rw-p 00000000 00:00 0 
7f5f3da0c000-7f5f3da11000 rw-p 00000000 00:00 0 
7ffc11200000-7ffc11221000 rw-p 00000000 00:00 0                          [stack]
7ffc113fb000-7ffc113fd000 r--p 00000000 00:00 0                          [vvar]
7ffc113fd000-7ffc113ff000 r-xp 00000000 00:00 0                          [vdso]
ffffffffff600000-ffffffffff601000 r-xp 00000000 00:00 0                  [vsyscall]

VM Arguments:
jvm_args: -Djava.awt.headless=true -Xmx1024M -Dfile.encoding=UTF-8 -Duser.country=US -Duser.language=en -Duser.variant 
java_command: com.android.dx.command.Main --dex --num-threads=4 --output /home/vlad/Documents/Projects/revert/platforms/android/build/intermediates/pre-dexed/debug/com.google.android.gms-play-services-ads-11.0.4_3cbcdfdfcccf7c0a77ff333620d331e0ad8b6771.jar /home/vlad/Documents/Projects/revert/platforms/android/build/intermediates/exploded-aar/com.google.android.gms/play-services-ads/11.0.4/jars/classes.jar
java_class_path (initial): /home/vlad/Android/Sdk/build-tools/26.0.1/lib/dx.jar
Launcher Type: SUN_STANDARD

Environment Variables:
PATH=/home/vlad/bin:/home/vlad/.local/bin:/usr/local/sbin:/usr/local/bin:/usr/sbin:/usr/bin:/sbin:/bin:/usr/games:/usr/local/games:/snap/bin
LD_LIBRARY_PATH=/usr/local/android-studio/bin:
SHELL=/bin/bash
DISPLAY=:0

Signal Handlers:
SIGSEGV: [libjvm.so+0x9e5150], sa_mask[0]=11111111011111111101111111111110, sa_flags=SA_RESTART|SA_SIGINFO
SIGBUS: [libjvm.so+0x9e5150], sa_mask[0]=11111111011111111101111111111110, sa_flags=SA_RESTART|SA_SIGINFO
SIGFPE: [libjvm.so+0x848450], sa_mask[0]=11111111011111111101111111111110, sa_flags=SA_RESTART|SA_SIGINFO
SIGPIPE: [libjvm.so+0x848450], sa_mask[0]=11111111011111111101111111111110, sa_flags=SA_RESTART|SA_SIGINFO
SIGXFSZ: [libjvm.so+0x848450], sa_mask[0]=11111111011111111101111111111110, sa_flags=SA_RESTART|SA_SIGINFO
SIGILL: [libjvm.so+0x848450], sa_mask[0]=11111111011111111101111111111110, sa_flags=SA_RESTART|SA_SIGINFO
SIGUSR1: SIG_DFL, sa_mask[0]=00000000000000000000000000000000, sa_flags=none
SIGUSR2: [libjvm.so+0x848320], sa_mask[0]=00100000000000000000000000000000, sa_flags=SA_RESTART|SA_SIGINFO
SIGHUP: [libjvm.so+0x848510], sa_mask[0]=11111111011111111101111111111110, sa_flags=SA_RESTART|SA_SIGINFO
SIGINT: [libjvm.so+0x848510], sa_mask[0]=11111111011111111101111111111110, sa_flags=SA_RESTART|SA_SIGINFO
SIGTERM: [libjvm.so+0x848510], sa_mask[0]=11111111011111111101111111111110, sa_flags=SA_RESTART|SA_SIGINFO
SIGQUIT: [libjvm.so+0x848510], sa_mask[0]=11111111011111111101111111111110, sa_flags=SA_RESTART|SA_SIGINFO


---------------  S Y S T E M  ---------------

OS:DISTRIB_ID=Ubuntu
DISTRIB_RELEASE=16.04
DISTRIB_CODENAME=xenial
DISTRIB_DESCRIPTION="Ubuntu 16.04.3 LTS"

uname:Linux 4.10.0-37-generic #41~16.04.1-Ubuntu SMP Fri Oct 6 22:42:59 UTC 2017 x86_64
libc:glibc 2.23 NPTL 2.23 
rlimit: STACK 8192k, CORE 0k, NPROC 31581, NOFILE 1048576, AS infinity
load average:23,03 8,90 4,60

/proc/meminfo:
MemTotal:        8202820 kB
MemFree:          136652 kB
MemAvailable:      95056 kB
Buffers:            9816 kB
Cached:           321388 kB
SwapCached:            0 kB
Active:          7446008 kB
Inactive:         245576 kB
Active(anon):    7364428 kB
Inactive(anon):   181700 kB
Active(file):      81580 kB
Inactive(file):    63876 kB
Unevictable:         488 kB
Mlocked:             488 kB
SwapTotal:             0 kB
SwapFree:              0 kB
Dirty:               484 kB
Writeback:            36 kB
AnonPages:       7361564 kB
Mapped:           371764 kB
Shmem:            185056 kB
Slab:             108704 kB
SReclaimable:      45296 kB
SUnreclaim:        63408 kB
KernelStack:       18640 kB
PageTables:        79676 kB
NFS_Unstable:          0 kB
Bounce:                0 kB
WritebackTmp:          0 kB
CommitLimit:     4101408 kB
Committed_AS:   16951624 kB
VmallocTotal:   34359738367 kB
VmallocUsed:           0 kB
VmallocChunk:          0 kB
HardwareCorrupted:     0 kB
AnonHugePages:   3078144 kB
ShmemHugePages:        0 kB
ShmemPmdMapped:        0 kB
CmaTotal:              0 kB
CmaFree:               0 kB
HugePages_Total:       0
HugePages_Free:        0
HugePages_Rsvd:        0
HugePages_Surp:        0
Hugepagesize:       2048 kB
DirectMap4k:      293312 kB
DirectMap2M:     8124416 kB
DirectMap1G:           0 kB


CPU:total 4 (4 cores per cpu, 1 threads per core) family 21 model 2 stepping 0, cmov, cx8, fxsr, mmx, sse, sse2, sse3, ssse3, sse4.1, sse4.2, popcnt, avx, aes, clmul, mmxext, 3dnowpref, lzcnt, sse4a, tsc, tscinvbit, tscinv, bmi1

/proc/cpuinfo:
processor	: 0
vendor_id	: AuthenticAMD
cpu family	: 21
model		: 2
model name	: AMD FX(tm)-4300 Quad-Core Processor
stepping	: 0
microcode	: 0x600081f
cpu MHz		: 2600.000
cache size	: 2048 KB
physical id	: 0
siblings	: 4
core id		: 0
cpu cores	: 2
apicid		: 16
initial apicid	: 0
fpu		: yes
fpu_exception	: yes
cpuid level	: 13
wp		: yes
flags		: fpu vme de pse tsc msr pae mce cx8 apic sep mtrr pge mca cmov pat pse36 clflush mmx fxsr sse sse2 ht syscall nx mmxext fxsr_opt pdpe1gb rdtscp lm constant_tsc rep_good nopl nonstop_tsc extd_apicid aperfmperf pni pclmulqdq monitor ssse3 fma cx16 sse4_1 sse4_2 popcnt aes xsave avx f16c lahf_lm cmp_legacy svm extapic cr8_legacy abm sse4a misalignsse 3dnowprefetch osvw ibs xop skinit wdt lwp fma4 tce nodeid_msr tbm topoext perfctr_core perfctr_nb cpb hw_pstate vmmcall bmi1 arat npt lbrv svm_lock nrip_save tsc_scale vmcb_clean flushbyasid decodeassists pausefilter pfthreshold
bugs		: fxsave_leak sysret_ss_attrs null_seg
bogomips	: 7634.87
TLB size	: 1536 4K pages
clflush size	: 64
cache_alignment	: 64
address sizes	: 48 bits physical, 48 bits virtual
power management: ts ttp tm 100mhzsteps hwpstate cpb eff_freq_ro

processor	: 1
vendor_id	: AuthenticAMD
cpu family	: 21
model		: 2
model name	: AMD FX(tm)-4300 Quad-Core Processor
stepping	: 0
microcode	: 0x600081f
cpu MHz		: 3800.000
cache size	: 2048 KB
physical id	: 0
siblings	: 4
core id		: 1
cpu cores	: 2
apicid		: 17
initial apicid	: 1
fpu		: yes
fpu_exception	: yes
cpuid level	: 13
wp		: yes
flags		: fpu vme de pse tsc msr pae mce cx8 apic sep mtrr pge mca cmov pat pse36 clflush mmx fxsr sse sse2 ht syscall nx mmxext fxsr_opt pdpe1gb rdtscp lm constant_tsc rep_good nopl nonstop_tsc extd_apicid aperfmperf pni pclmulqdq monitor ssse3 fma cx16 sse4_1 sse4_2 popcnt aes xsave avx f16c lahf_lm cmp_legacy svm extapic cr8_legacy abm sse4a misalignsse 3dnowprefetch osvw ibs xop skinit wdt lwp fma4 tce nodeid_msr tbm topoext perfctr_core perfctr_nb cpb hw_pstate vmmcall bmi1 arat npt lbrv svm_lock nrip_save tsc_scale vmcb_clean flushbyasid decodeassists pausefilter pfthreshold
bugs		: fxsave_leak sysret_ss_attrs null_seg
bogomips	: 7634.87
TLB size	: 1536 4K pages
clflush size	: 64
cache_alignment	: 64
address sizes	: 48 bits physical, 48 bits virtual
power management: ts ttp tm 100mhzsteps hwpstate cpb eff_freq_ro

processor	: 2
vendor_id	: AuthenticAMD
cpu family	: 21
model		: 2
model name	: AMD FX(tm)-4300 Quad-Core Processor
stepping	: 0
microcode	: 0x600081f
cpu MHz		: 3800.000
cache size	: 2048 KB
physical id	: 0
siblings	: 4
core id		: 2
cpu cores	: 2
apicid		: 18
initial apicid	: 2
fpu		: yes
fpu_exception	: yes
cpuid level	: 13
wp		: yes
flags		: fpu vme de pse tsc msr pae mce cx8 apic sep mtrr pge mca cmov pat pse36 clflush mmx fxsr sse sse2 ht syscall nx mmxext fxsr_opt pdpe1gb rdtscp lm constant_tsc rep_good nopl nonstop_tsc extd_apicid aperfmperf pni pclmulqdq monitor ssse3 fma cx16 sse4_1 sse4_2 popcnt aes xsave avx f16c lahf_lm cmp_legacy svm extapic cr8_legacy abm sse4a misalignsse 3dnowprefetch osvw ibs xop skinit wdt lwp fma4 tce nodeid_msr tbm topoext perfctr_core perfctr_nb cpb hw_pstate vmmcall bmi1 arat npt lbrv svm_lock nrip_save tsc_scale vmcb_clean flushbyasid decodeassists pausefilter pfthreshold
bugs		: fxsave_leak sysret_ss_attrs null_seg
bogomips	: 7634.87
TLB size	: 1536 4K pages
clflush size	: 64
cache_alignment	: 64
address sizes	: 48 bits physical, 48 bits virtual
power management: ts ttp tm 100mhzsteps hwpstate cpb eff_freq_ro

processor	: 3
vendor_id	: AuthenticAMD
cpu family	: 21
model		: 2
model name	: AMD FX(tm)-4300 Quad-Core Processor
stepping	: 0
microcode	: 0x600081f
cpu MHz		: 3800.000
cache size	: 2048 KB
physical id	: 0
siblings	: 4
core id		: 3
cpu cores	: 2
apicid		: 19
initial apicid	: 3
fpu		: yes
fpu_exception	: yes
cpuid level	: 13
wp		: yes
flags		: fpu vme de pse tsc msr pae mce cx8 apic sep mtrr pge mca cmov pat pse36 clflush mmx fxsr sse sse2 ht syscall nx mmxext fxsr_opt pdpe1gb rdtscp lm constant_tsc rep_good nopl nonstop_tsc extd_apicid aperfmperf pni pclmulqdq monitor ssse3 fma cx16 sse4_1 sse4_2 popcnt aes xsave avx f16c lahf_lm cmp_legacy svm extapic cr8_legacy abm sse4a misalignsse 3dnowprefetch osvw ibs xop skinit wdt lwp fma4 tce nodeid_msr tbm topoext perfctr_core perfctr_nb cpb hw_pstate vmmcall bmi1 arat npt lbrv svm_lock nrip_save tsc_scale vmcb_clean flushbyasid decodeassists pausefilter pfthreshold
bugs		: fxsave_leak sysret_ss_attrs null_seg
bogomips	: 7634.87
TLB size	: 1536 4K pages
clflush size	: 64
cache_alignment	: 64
address sizes	: 48 bits physical, 48 bits virtual
power management: ts ttp tm 100mhzsteps hwpstate cpb eff_freq_ro



Memory: 4k page, physical 8202820k(134976k free), swap 0k(0k free)

vm_info: OpenJDK 64-Bit Server VM (25.112-b06) for linux-amd64 JRE (1.8.0_112-release-b06), built on Dec  6 2016 12:11:18 by "builder" with gcc 4.8.4

time: Thu Oct 26 07:42:33 2017
elapsed time: 71 seconds (0d 0h 1m 11s)

