#
# There is insufficient memory for the Java Runtime Environment to continue.
# Native memory allocation (mmap) failed to map 139984896 bytes for committing reserved memory.
# Possible reasons:
#   The system is out of physical RAM or swap space
#   In 32 bit mode, the process size limit was hit
# Possible solutions:
#   Reduce memory load on the system
#   Increase physical memory or swap space
#   Check if swap backing store is full
#   Use 64 bit Java on a 64 bit OS
#   Decrease Java heap size (-Xmx/-Xms)
#   Decrease number of Java threads
#   Decrease Java thread stack sizes (-Xss)
#   Set larger code cache with -XX:ReservedCodeCacheSize=
# This output file may be truncated or incomplete.
#
#  Out of Memory Error (os_linux.cpp:2627), pid=5399, tid=0x00007fdf1d794700
#
# JRE version: OpenJDK Runtime Environment (8.0_112-b06) (build 1.8.0_112-release-b06)
# Java VM: OpenJDK 64-Bit Server VM (25.112-b06 mixed mode linux-amd64 compressed oops)
# Failed to write core dump. Core dumps have been disabled. To enable core dumping, try "ulimit -c unlimited" before starting Java again
#

---------------  T H R E A D  ---------------

Current thread (0x00007fdf34077800):  VMThread [stack: 0x00007fdf1d694000,0x00007fdf1d795000] [id=5408]

Stack: [0x00007fdf1d694000,0x00007fdf1d795000],  sp=0x00007fdf1d7934d0,  free space=1021k
Native frames: (J=compiled Java code, j=interpreted, Vv=VM code, C=native code)
V  [libjvm.so+0x9e465d]  VMError::report_and_die()+0x15d
V  [libjvm.so+0x4b6ada]  report_vm_out_of_memory(char const*, int, unsigned long, VMErrorType, char const*)+0x8a
V  [libjvm.so+0x84c860]  os::pd_commit_memory(char*, unsigned long, unsigned long, bool)+0xf0
V  [libjvm.so+0x84737f]  os::commit_memory(char*, unsigned long, unsigned long, bool)+0x1f
V  [libjvm.so+0x8bd3db]  PSVirtualSpace::expand_by(unsigned long)+0x5b
V  [libjvm.so+0x8ae1bb]  PSOldGen::expand_by(unsigned long) [clone .part.109]+0x1b
V  [libjvm.so+0x8ae37b]  PSOldGen::expand(unsigned long) [clone .part.111]+0xdb
V  [libjvm.so+0x8aec58]  PSOldGen::resize(unsigned long)+0x188
V  [libjvm.so+0x8b426c]  PSParallelCompact::invoke_no_policy(bool)+0x97c
V  [libjvm.so+0x8bb37d]  PSScavenge::invoke()+0x17d
V  [libjvm.so+0x86fcf3]  ParallelScavengeHeap::failed_mem_allocate(unsigned long)+0x63
V  [libjvm.so+0x9e6124]  VM_ParallelGCFailedAllocation::doit()+0x84
V  [libjvm.so+0x9ea537]  VM_Operation::evaluate()+0x47
V  [libjvm.so+0x9e8ff8]  VMThread::evaluate_operation(VM_Operation*)+0x2c8
V  [libjvm.so+0x9e9479]  VMThread::loop()+0x219
V  [libjvm.so+0x9e98c2]  VMThread::run()+0x72
V  [libjvm.so+0x849c82]  java_start(Thread*)+0xf2

VM_Operation (0x00007fdf1c330f00): ParallelGCFailedAllocation, mode: safepoint, requested by thread 0x00007fdf3413a800


---------------  P R O C E S S  ---------------

Java Threads: ( => current thread )
  0x00007fdf3414c800 JavaThread "pool-1-thread-4" [_thread_blocked, id=5445, stack(0x00007fdf17dfe000,0x00007fdf17eff000)]
  0x00007fdf3414b000 JavaThread "pool-1-thread-3" [_thread_blocked, id=5444, stack(0x00007fdf17eff000,0x00007fdf18000000)]
  0x00007fdf3413f800 JavaThread "pool-1-thread-2" [_thread_blocked, id=5443, stack(0x00007fdf1c030000,0x00007fdf1c131000)]
  0x00007fdf3413c000 JavaThread "pool-2-thread-1" [_thread_blocked, id=5442, stack(0x00007fdf1c131000,0x00007fdf1c232000)]
  0x00007fdf3413a800 JavaThread "pool-1-thread-1" [_thread_blocked, id=5441, stack(0x00007fdf1c232000,0x00007fdf1c333000)]
  0x00007fdf340c0800 JavaThread "Service Thread" daemon [_thread_blocked, id=5428, stack(0x00007fdf1c44e000,0x00007fdf1c54f000)]
  0x00007fdf340bd800 JavaThread "C1 CompilerThread2" daemon [_thread_blocked, id=5427, stack(0x00007fdf1c54f000,0x00007fdf1c650000)]
  0x00007fdf340bc000 JavaThread "C2 CompilerThread1" daemon [_thread_blocked, id=5426, stack(0x00007fdf1c650000,0x00007fdf1c751000)]
  0x00007fdf340b9000 JavaThread "C2 CompilerThread0" daemon [_thread_in_native, id=5425, stack(0x00007fdf1c751000,0x00007fdf1c852000)]
  0x00007fdf340b7800 JavaThread "Signal Dispatcher" daemon [_thread_blocked, id=5423, stack(0x00007fdf1c852000,0x00007fdf1c953000)]
  0x00007fdf34083800 JavaThread "Finalizer" daemon [_thread_blocked, id=5412, stack(0x00007fdf1d492000,0x00007fdf1d593000)]
  0x00007fdf3407f000 JavaThread "Reference Handler" daemon [_thread_blocked, id=5411, stack(0x00007fdf1d593000,0x00007fdf1d694000)]
  0x00007fdf3400a000 JavaThread "main" [_thread_blocked, id=5401, stack(0x00007fdf3bcdf000,0x00007fdf3bde0000)]

Other Threads:
=>0x00007fdf34077800 VMThread [stack: 0x00007fdf1d694000,0x00007fdf1d795000] [id=5408]
  0x00007fdf340c3000 WatcherThread [stack: 0x00007fdf1c34d000,0x00007fdf1c44e000] [id=5429]

VM state:at safepoint (normal execution)

VM Mutex/Monitor currently owned by a thread:  ([mutex/lock_event])
[0x00007fdf34005fb0] ExpandHeap_lock - owner thread: 0x00007fdf34077800
[0x00007fdf34006630] Threads_lock - owner thread: 0x00007fdf34077800
[0x00007fdf34006b30] Heap_lock - owner thread: 0x00007fdf3413a800

Heap:
 PSYoungGen      total 196608K, used 7485K [0x00000000eab00000, 0x0000000100000000, 0x0000000100000000)
  eden space 139264K, 0% used [0x00000000eab00000,0x00000000eab00000,0x00000000f3300000)
  from space 57344K, 13% used [0x00000000fc800000,0x00000000fcf4f680,0x0000000100000000)
  to   space 104960K, 0% used [0x00000000f3300000,0x00000000f3300000,0x00000000f9980000)
 ParOldGen       total 165888K, used 165883K [0x00000000c0000000, 0x00000000ca200000, 0x00000000eab00000)
  object space 165888K, 99% used [0x00000000c0000000,0x00000000ca1feec8,0x00000000ca200000)
 Metaspace       used 6435K, capacity 7216K, committed 7296K, reserved 1056768K
  class space    used 594K, capacity 616K, committed 640K, reserved 1048576K

Card table byte_map: [0x00007fdf38912000,0x00007fdf38b13000] byte_map_base: 0x00007fdf38312000

Marking Bits: (ParMarkBitMap*) 0x00007fdf3b179340
 Begin Bits: [0x00007fdf1e000000, 0x00007fdf1f000000)
 End Bits:   [0x00007fdf1f000000, 0x00007fdf20000000)

Polling page: 0x00007fdf3bde3000

CodeCache: size=245760Kb used=8726Kb max_used=8747Kb free=237033Kb
 bounds [0x00007fdf25000000, 0x00007fdf258a0000, 0x00007fdf34000000]
 total_blobs=2424 nmethods=2157 adapters=182
 compilation: enabled

Compilation events (10 events):
Event: 9,911 Thread 0x00007fdf340bc000 nmethod 1613 0x00007fdf25872610 code [0x00007fdf25872780, 0x00007fdf25872b38]
Event: 9,911 Thread 0x00007fdf340bc000 1692       4       com.android.dx.rop.code.ThrowingCstInsn::withNewRegisters (25 bytes)
Event: 9,913 Thread 0x00007fdf340bc000 nmethod 1692 0x00007fdf258756d0 code [0x00007fdf25875840, 0x00007fdf25875a98]
Event: 9,913 Thread 0x00007fdf340bc000 1873       4       com.android.dx.cf.code.ExecutionStack::peek (42 bytes)
Event: 9,914 Thread 0x00007fdf340bc000 nmethod 1873 0x00007fdf258722d0 code [0x00007fdf25872420, 0x00007fdf258724f8]
Event: 9,914 Thread 0x00007fdf340bc000 1546       4       com.android.dx.ssa.SsaInsn::<init> (29 bytes)
Event: 9,914 Thread 0x00007fdf340bc000 nmethod 1546 0x00007fdf25875450 code [0x00007fdf258755a0, 0x00007fdf25875638]
Event: 9,914 Thread 0x00007fdf340bc000 2109       4       com.android.dx.cf.code.BaseMachine::resultCount (22 bytes)
Event: 9,914 Thread 0x00007fdf340bc000 nmethod 2109 0x00007fdf2559be10 code [0x00007fdf2559bf60, 0x00007fdf2559bfd8]
Event: 9,914 Thread 0x00007fdf340bc000 2018       4       com.android.dx.rop.code.Rops::ropFor (829 bytes)

GC Heap History (10 events):
Event: 4,530 GC heap after
Heap after GC invocations=5 (full 0):
 PSYoungGen      total 136192K, used 5110K [0x00000000eab00000, 0x00000000fe500000, 0x0000000100000000)
  eden space 131072K, 0% used [0x00000000eab00000,0x00000000eab00000,0x00000000f2b00000)
  from space 5120K, 99% used [0x00000000f2b00000,0x00000000f2ffd9d8,0x00000000f3000000)
  to   space 29696K, 0% used [0x00000000fc800000,0x00000000fc800000,0x00000000fe500000)
 ParOldGen       total 86016K, used 46801K [0x00000000c0000000, 0x00000000c5400000, 0x00000000eab00000)
  object space 86016K, 54% used [0x00000000c0000000,0x00000000c2db4740,0x00000000c5400000)
 Metaspace       used 6235K, capacity 7152K, committed 7296K, reserved 1056768K
  class space    used 591K, capacity 616K, committed 640K, reserved 1048576K
}
Event: 6,924 GC heap before
{Heap before GC invocations=6 (full 0):
 PSYoungGen      total 136192K, used 136182K [0x00000000eab00000, 0x00000000fe500000, 0x0000000100000000)
  eden space 131072K, 100% used [0x00000000eab00000,0x00000000f2b00000,0x00000000f2b00000)
  from space 5120K, 99% used [0x00000000f2b00000,0x00000000f2ffd9d8,0x00000000f3000000)
  to   space 29696K, 0% used [0x00000000fc800000,0x00000000fc800000,0x00000000fe500000)
 ParOldGen       total 86016K, used 46801K [0x00000000c0000000, 0x00000000c5400000, 0x00000000eab00000)
  object space 86016K, 54% used [0x00000000c0000000,0x00000000c2db4740,0x00000000c5400000)
 Metaspace       used 6300K, capacity 7152K, committed 7296K, reserved 1056768K
  class space    used 592K, capacity 616K, committed 640K, reserved 1048576K
Event: 7,022 GC heap after
Heap after GC invocations=6 (full 0):
 PSYoungGen      total 272896K, used 29678K [0x00000000eab00000, 0x0000000100000000, 0x0000000100000000)
  eden space 243200K, 0% used [0x00000000eab00000,0x00000000eab00000,0x00000000f9880000)
  from space 29696K, 99% used [0x00000000fc800000,0x00000000fe4fbb30,0x00000000fe500000)
  to   space 48640K, 0% used [0x00000000f9880000,0x00000000f9880000,0x00000000fc800000)
 ParOldGen       total 86016K, used 69864K [0x00000000c0000000, 0x00000000c5400000, 0x00000000eab00000)
  object space 86016K, 81% used [0x00000000c0000000,0x00000000c443a060,0x00000000c5400000)
 Metaspace       used 6300K, capacity 7152K, committed 7296K, reserved 1056768K
  class space    used 592K, capacity 616K, committed 640K, reserved 1048576K
}
Event: 7,022 GC heap before
{Heap before GC invocations=7 (full 1):
 PSYoungGen      total 272896K, used 29678K [0x00000000eab00000, 0x0000000100000000, 0x0000000100000000)
  eden space 243200K, 0% used [0x00000000eab00000,0x00000000eab00000,0x00000000f9880000)
  from space 29696K, 99% used [0x00000000fc800000,0x00000000fe4fbb30,0x00000000fe500000)
  to   space 48640K, 0% used [0x00000000f9880000,0x00000000f9880000,0x00000000fc800000)
 ParOldGen       total 86016K, used 69864K [0x00000000c0000000, 0x00000000c5400000, 0x00000000eab00000)
  object space 86016K, 81% used [0x00000000c0000000,0x00000000c443a060,0x00000000c5400000)
 Metaspace       used 6300K, capacity 7152K, committed 7296K, reserved 1056768K
  class space    used 592K, capacity 616K, committed 640K, reserved 1048576K
Event: 7,504 GC heap after
Heap after GC invocations=7 (full 1):
 PSYoungGen      total 272896K, used 0K [0x00000000eab00000, 0x0000000100000000, 0x0000000100000000)
  eden space 243200K, 0% used [0x00000000eab00000,0x00000000eab00000,0x00000000f9880000)
  from space 29696K, 0% used [0x00000000fc800000,0x00000000fc800000,0x00000000fe500000)
  to   space 48640K, 0% used [0x00000000f9880000,0x00000000f9880000,0x00000000fc800000)
 ParOldGen       total 161792K, used 83095K [0x00000000c0000000, 0x00000000c9e00000, 0x00000000eab00000)
  object space 161792K, 51% used [0x00000000c0000000,0x00000000c5125ef0,0x00000000c9e00000)
 Metaspace       used 6300K, capacity 7152K, committed 7296K, reserved 1056768K
  class space    used 592K, capacity 616K, committed 640K, reserved 1048576K
}
Event: 9,189 GC heap before
{Heap before GC invocations=8 (full 1):
 PSYoungGen      total 272896K, used 243200K [0x00000000eab00000, 0x0000000100000000, 0x0000000100000000)
  eden space 243200K, 100% used [0x00000000eab00000,0x00000000f9880000,0x00000000f9880000)
  from space 29696K, 0% used [0x00000000fc800000,0x00000000fc800000,0x00000000fe500000)
  to   space 48640K, 0% used [0x00000000f9880000,0x00000000f9880000,0x00000000fc800000)
 ParOldGen       total 161792K, used 83095K [0x00000000c0000000, 0x00000000c9e00000, 0x00000000eab00000)
  object space 161792K, 51% used [0x00000000c0000000,0x00000000c5125ef0,0x00000000c9e00000)
 Metaspace       used 6424K, capacity 7216K, committed 7296K, reserved 1056768K
  class space    used 592K, capacity 616K, committed 640K, reserved 1048576K
Event: 9,271 GC heap after
Heap after GC invocations=8 (full 1):
 PSYoungGen      total 291840K, used 48617K [0x00000000eab00000, 0x0000000100000000, 0x0000000100000000)
  eden space 243200K, 0% used [0x00000000eab00000,0x00000000eab00000,0x00000000f9880000)
  from space 48640K, 99% used [0x00000000f9880000,0x00000000fc7fa6c8,0x00000000fc800000)
  to   space 57344K, 0% used [0x00000000fc800000,0x00000000fc800000,0x0000000100000000)
 ParOldGen       total 161792K, used 85912K [0x00000000c0000000, 0x00000000c9e00000, 0x00000000eab00000)
  object space 161792K, 53% used [0x00000000c0000000,0x00000000c53e6040,0x00000000c9e00000)
 Metaspace       used 6424K, capacity 7216K, committed 7296K, reserved 1056768K
  class space    used 592K, capacity 616K, committed 640K, reserved 1048576K
}
Event: 10,146 GC heap before
{Heap before GC invocations=9 (full 1):
 PSYoungGen      total 291840K, used 291817K [0x00000000eab00000, 0x0000000100000000, 0x0000000100000000)
  eden space 243200K, 100% used [0x00000000eab00000,0x00000000f9880000,0x00000000f9880000)
  from space 48640K, 99% used [0x00000000f9880000,0x00000000fc7fa6c8,0x00000000fc800000)
  to   space 57344K, 0% used [0x00000000fc800000,0x00000000fc800000,0x0000000100000000)
 ParOldGen       total 161792K, used 85912K [0x00000000c0000000, 0x00000000c9e00000, 0x00000000eab00000)
  object space 161792K, 53% used [0x00000000c0000000,0x00000000c53e6040,0x00000000c9e00000)
 Metaspace       used 6435K, capacity 7216K, committed 7296K, reserved 1056768K
  class space    used 594K, capacity 616K, committed 640K, reserved 1048576K
Event: 10,292 GC heap after
Heap after GC invocations=9 (full 1):
 PSYoungGen      total 196608K, used 57333K [0x00000000eab00000, 0x0000000100000000, 0x0000000100000000)
  eden space 139264K, 0% used [0x00000000eab00000,0x00000000eab00000,0x00000000f3300000)
  from space 57344K, 99% used [0x00000000fc800000,0x00000000ffffd558,0x0000000100000000)
  to   space 104960K, 0% used [0x00000000f3300000,0x00000000f3300000,0x00000000f9980000)
 ParOldGen       total 165888K, used 165545K [0x00000000c0000000, 0x00000000ca200000, 0x00000000eab00000)
  object space 165888K, 99% used [0x00000000c0000000,0x00000000ca1aa710,0x00000000ca200000)
 Metaspace       used 6435K, capacity 7216K, committed 7296K, reserved 1056768K
  class space    used 594K, capacity 616K, committed 640K, reserved 1048576K
}
Event: 10,292 GC heap before
{Heap before GC invocations=10 (full 2):
 PSYoungGen      total 196608K, used 57333K [0x00000000eab00000, 0x0000000100000000, 0x0000000100000000)
  eden space 139264K, 0% used [0x00000000eab00000,0x00000000eab00000,0x00000000f3300000)
  from space 57344K, 99% used [0x00000000fc800000,0x00000000ffffd558,0x0000000100000000)
  to   space 104960K, 0% used [0x00000000f3300000,0x00000000f3300000,0x00000000f9980000)
 ParOldGen       total 165888K, used 165545K [0x00000000c0000000, 0x00000000ca200000, 0x00000000eab00000)
  object space 165888K, 99% used [0x00000000c0000000,0x00000000ca1aa710,0x00000000ca200000)
 Metaspace       used 6435K, capacity 7216K, committed 7296K, reserved 1056768K
  class space    used 594K, capacity 616K, committed 640K, reserved 1048576K

Deoptimization events (10 events):
Event: 7,600 Thread 0x00007fdf3400a000 Uncommon trap: reason=class_check action=maybe_recompile pc=0x00007fdf2534edac method=com.android.dx.ssa.back.InterferenceGraph.add(II)V @ 19
Event: 7,600 Thread 0x00007fdf3400a000 Uncommon trap: reason=class_check action=maybe_recompile pc=0x00007fdf2534edac method=com.android.dx.ssa.back.InterferenceGraph.add(II)V @ 19
Event: 7,600 Thread 0x00007fdf3400a000 Uncommon trap: reason=class_check action=maybe_recompile pc=0x00007fdf2534edac method=com.android.dx.ssa.back.InterferenceGraph.add(II)V @ 19
Event: 7,933 Thread 0x00007fdf3400a000 Uncommon trap: reason=bimorphic action=maybe_recompile pc=0x00007fdf2572bf40 method=com.android.dx.cf.code.BytecodeArray.parseInstruction(ILcom/android/dx/cf/code/BytecodeArray$Visitor;)I @ 1357
Event: 7,934 Thread 0x00007fdf3400a000 Uncommon trap: reason=bimorphic action=maybe_recompile pc=0x00007fdf2572bf40 method=com.android.dx.cf.code.BytecodeArray.parseInstruction(ILcom/android/dx/cf/code/BytecodeArray$Visitor;)I @ 1357
Event: 8,042 Thread 0x00007fdf3400a000 Uncommon trap: reason=bimorphic action=maybe_recompile pc=0x00007fdf2572b494 method=com.android.dx.cf.code.BytecodeArray.parseInstruction(ILcom/android/dx/cf/code/BytecodeArray$Visitor;)I @ 1987
Event: 8,042 Thread 0x00007fdf3400a000 Uncommon trap: reason=bimorphic action=maybe_recompile pc=0x00007fdf2572b494 method=com.android.dx.cf.code.BytecodeArray.parseInstruction(ILcom/android/dx/cf/code/BytecodeArray$Visitor;)I @ 1987
Event: 8,201 Thread 0x00007fdf3400a000 Uncommon trap: reason=unstable_if action=reinterpret pc=0x00007fdf256fdd60 method=java.util.HashMap.putVal(ILjava/lang/Object;Ljava/lang/Object;ZZ)Ljava/lang/Object; @ 109
Event: 8,316 Thread 0x00007fdf3400a000 Uncommon trap: reason=class_check action=maybe_recompile pc=0x00007fdf2575024c method=com.android.dx.cf.code.RopperMachine.run(Lcom/android/dx/cf/code/Frame;II)V @ 1024
Event: 8,344 Thread 0x00007fdf3400a000 Uncommon trap: reason=unstable_if action=reinterpret pc=0x00007fdf254cf300 method=com.android.dx.ssa.MoveParamCombiner$1.visitNonMoveInsn(Lcom/android/dx/ssa/NormalSsaInsn;)V @ 27

Internal exceptions (5 events):
Event: 0,182 Thread 0x00007fdf3400a000 Exception <a 'java/lang/NoSuchMethodError': Method sun.misc.Unsafe.defineClass(Ljava/lang/String;[BII)Ljava/lang/Class; name or signature does not match> (0x00000000eab07c78) thrown at [/ssd/Android/AOSP-openjdk/external/jetbrains/jdk/hotspot/src/share/vm
Event: 0,182 Thread 0x00007fdf3400a000 Exception <a 'java/lang/NoSuchMethodError': Method sun.misc.Unsafe.prefetchRead(Ljava/lang/Object;J)V name or signature does not match> (0x00000000eab07f60) thrown at [/ssd/Android/AOSP-openjdk/external/jetbrains/jdk/hotspot/src/share/vm/prims/jni.cpp, li
Event: 3,512 Thread 0x00007fdf3414b000 Exception <a 'java/lang/ArrayIndexOutOfBoundsException': 18> (0x00000000eda94978) thrown at [/ssd/Android/AOSP-openjdk/external/jetbrains/jdk/hotspot/src/share/vm/interpreter/interpreterRuntime.cpp, line 366]
Event: 3,513 Thread 0x00007fdf3414b000 Exception <a 'java/lang/ArrayIndexOutOfBoundsException': 145> (0x00000000eda964f8) thrown at [/ssd/Android/AOSP-openjdk/external/jetbrains/jdk/hotspot/src/share/vm/interpreter/interpreterRuntime.cpp, line 366]
Event: 3,514 Thread 0x00007fdf3414b000 Exception <a 'java/lang/ArrayIndexOutOfBoundsException': 40> (0x00000000eda977e0) thrown at [/ssd/Android/AOSP-openjdk/external/jetbrains/jdk/hotspot/src/share/vm/interpreter/interpreterRuntime.cpp, line 366]

Events (10 events):
Event: 9,920 Thread 0x00007fdf3400a000 DEOPT UNPACKING pc=0x00007fdf25046f73 sp=0x00007fdf3bddd570 mode 0
Event: 10,074 loading class java/util/HashMap$KeySet
Event: 10,074 loading class java/util/HashMap$KeySet done
Event: 10,074 loading class java/util/HashMap$KeyIterator
Event: 10,074 loading class java/util/HashMap$KeyIterator done
Event: 10,113 Thread 0x00007fdf3413f800 DEOPT PACKING pc=0x00007fdf253fd924 sp=0x00007fdf1c12f110
Event: 10,113 Thread 0x00007fdf3413f800 DEOPT UNPACKING pc=0x00007fdf25046f73 sp=0x00007fdf1c12eeb0 mode 0
Event: 10,125 Thread 0x00007fdf3413f800 DEOPT PACKING pc=0x00007fdf253fd924 sp=0x00007fdf1c12f060
Event: 10,125 Thread 0x00007fdf3413f800 DEOPT UNPACKING pc=0x00007fdf25046f73 sp=0x00007fdf1c12ee00 mode 0
Event: 10,146 Executing VM operation: ParallelGCFailedAllocation


Dynamic libraries:
00400000-00401000 r-xp 00000000 08:01 25956432                           /usr/local/android-studio/jre/bin/java
00600000-00601000 r--p 00000000 08:01 25956432                           /usr/local/android-studio/jre/bin/java
00601000-00602000 rw-p 00001000 08:01 25956432                           /usr/local/android-studio/jre/bin/java
01aab000-01acc000 rw-p 00000000 00:00 0                                  [heap]
c0000000-ca200000 rw-p 00000000 00:00 0 
d2780000-eab00000 ---p 00000000 00:00 0 
eab00000-100000000 rw-p 00000000 00:00 0 
100000000-1000a0000 rw-p 00000000 00:00 0 
1000a0000-140000000 ---p 00000000 00:00 0 
7fded0000000-7fded0021000 rw-p 00000000 00:00 0 
7fded0021000-7fded4000000 ---p 00000000 00:00 0 
7fded8000000-7fded8022000 rw-p 00000000 00:00 0 
7fded8022000-7fdedc000000 ---p 00000000 00:00 0 
7fdedc000000-7fdedc021000 rw-p 00000000 00:00 0 
7fdedc021000-7fdee0000000 ---p 00000000 00:00 0 
7fdee0000000-7fdee0041000 rw-p 00000000 00:00 0 
7fdee0041000-7fdee4000000 ---p 00000000 00:00 0 
7fdee4000000-7fdee4021000 rw-p 00000000 00:00 0 
7fdee4021000-7fdee8000000 ---p 00000000 00:00 0 
7fdee8000000-7fdee8021000 rw-p 00000000 00:00 0 
7fdee8021000-7fdeec000000 ---p 00000000 00:00 0 
7fdeec000000-7fdeec021000 rw-p 00000000 00:00 0 
7fdeec021000-7fdef0000000 ---p 00000000 00:00 0 
7fdef0000000-7fdef0fbe000 rw-p 00000000 00:00 0 
7fdef0fbe000-7fdef4000000 ---p 00000000 00:00 0 
7fdef4000000-7fdef47a8000 rw-p 00000000 00:00 0 
7fdef47a8000-7fdef8000000 ---p 00000000 00:00 0 
7fdef8000000-7fdef8021000 rw-p 00000000 00:00 0 
7fdef8021000-7fdefc000000 ---p 00000000 00:00 0 
7fdefc000000-7fdefd321000 rw-p 00000000 00:00 0 
7fdefd321000-7fdf00000000 ---p 00000000 00:00 0 
7fdf00000000-7fdf00021000 rw-p 00000000 00:00 0 
7fdf00021000-7fdf04000000 ---p 00000000 00:00 0 
7fdf04000000-7fdf04021000 rw-p 00000000 00:00 0 
7fdf04021000-7fdf08000000 ---p 00000000 00:00 0 
7fdf08000000-7fdf08021000 rw-p 00000000 00:00 0 
7fdf08021000-7fdf0c000000 ---p 00000000 00:00 0 
7fdf0c000000-7fdf0c297000 rw-p 00000000 00:00 0 
7fdf0c297000-7fdf10000000 ---p 00000000 00:00 0 
7fdf10000000-7fdf10021000 rw-p 00000000 00:00 0 
7fdf10021000-7fdf14000000 ---p 00000000 00:00 0 
7fdf17dfe000-7fdf17e01000 ---p 00000000 00:00 0 
7fdf17e01000-7fdf17eff000 rw-p 00000000 00:00 0 
7fdf17eff000-7fdf17f02000 ---p 00000000 00:00 0 
7fdf17f02000-7fdf18000000 rw-p 00000000 00:00 0 
7fdf18000000-7fdf18021000 rw-p 00000000 00:00 0 
7fdf18021000-7fdf1c000000 ---p 00000000 00:00 0 
7fdf1c030000-7fdf1c033000 ---p 00000000 00:00 0 
7fdf1c033000-7fdf1c131000 rw-p 00000000 00:00 0 
7fdf1c131000-7fdf1c134000 ---p 00000000 00:00 0 
7fdf1c134000-7fdf1c232000 rw-p 00000000 00:00 0 
7fdf1c232000-7fdf1c235000 ---p 00000000 00:00 0 
7fdf1c235000-7fdf1c333000 rw-p 00000000 00:00 0 
7fdf1c34d000-7fdf1c34e000 ---p 00000000 00:00 0 
7fdf1c34e000-7fdf1c44e000 rw-p 00000000 00:00 0 
7fdf1c44e000-7fdf1c451000 ---p 00000000 00:00 0 
7fdf1c451000-7fdf1c54f000 rw-p 00000000 00:00 0 
7fdf1c54f000-7fdf1c552000 ---p 00000000 00:00 0 
7fdf1c552000-7fdf1c650000 rw-p 00000000 00:00 0 
7fdf1c650000-7fdf1c653000 ---p 00000000 00:00 0 
7fdf1c653000-7fdf1c751000 rw-p 00000000 00:00 0 
7fdf1c751000-7fdf1c754000 ---p 00000000 00:00 0 
7fdf1c754000-7fdf1c852000 rw-p 00000000 00:00 0 
7fdf1c852000-7fdf1c855000 ---p 00000000 00:00 0 
7fdf1c855000-7fdf1c953000 rw-p 00000000 00:00 0 
7fdf1c953000-7fdf1d490000 r--p 00000000 08:01 1055535                    /usr/lib/locale/locale-archive
7fdf1d492000-7fdf1d495000 ---p 00000000 00:00 0 
7fdf1d495000-7fdf1d593000 rw-p 00000000 00:00 0 
7fdf1d593000-7fdf1d596000 ---p 00000000 00:00 0 
7fdf1d596000-7fdf1d694000 rw-p 00000000 00:00 0 
7fdf1d694000-7fdf1d695000 ---p 00000000 00:00 0 
7fdf1d695000-7fdf20000000 rw-p 00000000 00:00 0 
7fdf20000000-7fdf20021000 rw-p 00000000 00:00 0 
7fdf20021000-7fdf24000000 ---p 00000000 00:00 0 
7fdf24007000-7fdf2462e000 rw-p 00000000 00:00 0 
7fdf2462e000-7fdf247fd000 r--s 03c1b000 08:01 25956489                   /usr/local/android-studio/jre/jre/lib/rt.jar
7fdf24800000-7fdf24e80000 rw-p 00000000 00:00 0 
7fdf24e80000-7fdf25000000 ---p 00000000 00:00 0 
7fdf25000000-7fdf258a0000 rwxp 00000000 00:00 0 
7fdf258a0000-7fdf34000000 ---p 00000000 00:00 0 
7fdf34000000-7fdf3437f000 rw-p 00000000 00:00 0 
7fdf3437f000-7fdf38000000 ---p 00000000 00:00 0 
7fdf3800f000-7fdf3801e000 r--s 000e4000 08:01 7213429                    /home/vlad/Android/Sdk/build-tools/26.0.1/lib/dx.jar
7fdf38020000-7fdf383b8000 rw-p 00000000 00:00 0 
7fdf383b8000-7fdf383b9000 ---p 00000000 00:00 0 
7fdf383b9000-7fdf384b9000 rw-p 00000000 00:00 0 
7fdf384b9000-7fdf384ba000 ---p 00000000 00:00 0 
7fdf384ba000-7fdf385ba000 rw-p 00000000 00:00 0 
7fdf385ba000-7fdf385bb000 ---p 00000000 00:00 0 
7fdf385bb000-7fdf386bb000 rw-p 00000000 00:00 0 
7fdf386bb000-7fdf386bc000 ---p 00000000 00:00 0 
7fdf386bc000-7fdf3880d000 rw-p 00000000 00:00 0 
7fdf3880d000-7fdf38912000 ---p 00000000 00:00 0 
7fdf38912000-7fdf38963000 rw-p 00000000 00:00 0 
7fdf38963000-7fdf38a67000 ---p 00000000 00:00 0 
7fdf38a67000-7fdf38b12000 rw-p 00000000 00:00 0 
7fdf38b12000-7fdf38b36000 rw-p 00000000 00:00 0 
7fdf38b36000-7fdf38ed3000 ---p 00000000 00:00 0 
7fdf38ed3000-7fdf38eed000 r-xp 00000000 08:01 25956516                   /usr/local/android-studio/jre/jre/lib/amd64/libzip.so
7fdf38eed000-7fdf390ed000 ---p 0001a000 08:01 25956516                   /usr/local/android-studio/jre/jre/lib/amd64/libzip.so
7fdf390ed000-7fdf390ee000 r--p 0001a000 08:01 25956516                   /usr/local/android-studio/jre/jre/lib/amd64/libzip.so
7fdf390ee000-7fdf390ef000 rw-p 0001b000 08:01 25956516                   /usr/local/android-studio/jre/jre/lib/amd64/libzip.so
7fdf390f3000-7fdf390fe000 r-xp 00000000 08:01 11407910                   /lib/x86_64-linux-gnu/libnss_files-2.23.so
7fdf390fe000-7fdf392fd000 ---p 0000b000 08:01 11407910                   /lib/x86_64-linux-gnu/libnss_files-2.23.so
7fdf392fd000-7fdf392fe000 r--p 0000a000 08:01 11407910                   /lib/x86_64-linux-gnu/libnss_files-2.23.so
7fdf392fe000-7fdf392ff000 rw-p 0000b000 08:01 11407910                   /lib/x86_64-linux-gnu/libnss_files-2.23.so
7fdf392ff000-7fdf39305000 rw-p 00000000 00:00 0 
7fdf3930b000-7fdf39316000 r-xp 00000000 08:01 11407920                   /lib/x86_64-linux-gnu/libnss_nis-2.23.so
7fdf39316000-7fdf39515000 ---p 0000b000 08:01 11407920                   /lib/x86_64-linux-gnu/libnss_nis-2.23.so
7fdf39515000-7fdf39516000 r--p 0000a000 08:01 11407920                   /lib/x86_64-linux-gnu/libnss_nis-2.23.so
7fdf39516000-7fdf39517000 rw-p 0000b000 08:01 11407920                   /lib/x86_64-linux-gnu/libnss_nis-2.23.so
7fdf3951b000-7fdf39531000 r-xp 00000000 08:01 11407904                   /lib/x86_64-linux-gnu/libnsl-2.23.so
7fdf39531000-7fdf39730000 ---p 00016000 08:01 11407904                   /lib/x86_64-linux-gnu/libnsl-2.23.so
7fdf39730000-7fdf39731000 r--p 00015000 08:01 11407904                   /lib/x86_64-linux-gnu/libnsl-2.23.so
7fdf39731000-7fdf39732000 rw-p 00016000 08:01 11407904                   /lib/x86_64-linux-gnu/libnsl-2.23.so
7fdf39732000-7fdf39734000 rw-p 00000000 00:00 0 
7fdf3973b000-7fdf39743000 r-xp 00000000 08:01 11407906                   /lib/x86_64-linux-gnu/libnss_compat-2.23.so
7fdf39743000-7fdf39942000 ---p 00008000 08:01 11407906                   /lib/x86_64-linux-gnu/libnss_compat-2.23.so
7fdf39942000-7fdf39943000 r--p 00007000 08:01 11407906                   /lib/x86_64-linux-gnu/libnss_compat-2.23.so
7fdf39943000-7fdf39944000 rw-p 00008000 08:01 11407906                   /lib/x86_64-linux-gnu/libnss_compat-2.23.so
7fdf3994b000-7fdf39978000 r-xp 00000000 08:01 25956526                   /usr/local/android-studio/jre/jre/lib/amd64/libjava.so
7fdf39978000-7fdf39b77000 ---p 0002d000 08:01 25956526                   /usr/local/android-studio/jre/jre/lib/amd64/libjava.so
7fdf39b77000-7fdf39b78000 r--p 0002c000 08:01 25956526                   /usr/local/android-studio/jre/jre/lib/amd64/libjava.so
7fdf39b78000-7fdf39b7a000 rw-p 0002d000 08:01 25956526                   /usr/local/android-studio/jre/jre/lib/amd64/libjava.so
7fdf39b7b000-7fdf39b8b000 r-xp 00000000 08:01 25956542                   /usr/local/android-studio/jre/jre/lib/amd64/libverify.so
7fdf39b8b000-7fdf39d8a000 ---p 00010000 08:01 25956542                   /usr/local/android-studio/jre/jre/lib/amd64/libverify.so
7fdf39d8a000-7fdf39d8c000 r--p 0000f000 08:01 25956542                   /usr/local/android-studio/jre/jre/lib/amd64/libverify.so
7fdf39d8c000-7fdf39d8d000 rw-p 00011000 08:01 25956542                   /usr/local/android-studio/jre/jre/lib/amd64/libverify.so
7fdf39d93000-7fdf39d9a000 r-xp 00000000 08:01 11407965                   /lib/x86_64-linux-gnu/librt-2.23.so
7fdf39d9a000-7fdf39f99000 ---p 00007000 08:01 11407965                   /lib/x86_64-linux-gnu/librt-2.23.so
7fdf39f99000-7fdf39f9a000 r--p 00006000 08:01 11407965                   /lib/x86_64-linux-gnu/librt-2.23.so
7fdf39f9a000-7fdf39f9b000 rw-p 00007000 08:01 11407965                   /lib/x86_64-linux-gnu/librt-2.23.so
7fdf39f9b000-7fdf3a0a3000 r-xp 00000000 08:01 11407881                   /lib/x86_64-linux-gnu/libm-2.23.so
7fdf3a0a3000-7fdf3a2a2000 ---p 00108000 08:01 11407881                   /lib/x86_64-linux-gnu/libm-2.23.so
7fdf3a2a2000-7fdf3a2a3000 r--p 00107000 08:01 11407881                   /lib/x86_64-linux-gnu/libm-2.23.so
7fdf3a2a3000-7fdf3a2a4000 rw-p 00108000 08:01 11407881                   /lib/x86_64-linux-gnu/libm-2.23.so
7fdf3a2ab000-7fdf3ae9c000 r-xp 00000000 08:01 25956546                   /usr/local/android-studio/jre/jre/lib/amd64/server/libjvm.so
7fdf3ae9c000-7fdf3b09c000 ---p 00bf1000 08:01 25956546                   /usr/local/android-studio/jre/jre/lib/amd64/server/libjvm.so
7fdf3b09c000-7fdf3b13b000 r--p 00bf1000 08:01 25956546                   /usr/local/android-studio/jre/jre/lib/amd64/server/libjvm.so
7fdf3b13b000-7fdf3b164000 rw-p 00c90000 08:01 25956546                   /usr/local/android-studio/jre/jre/lib/amd64/server/libjvm.so
7fdf3b164000-7fdf3b1a8000 rw-p 00000000 00:00 0 
7fdf3b1ab000-7fdf3b1c3000 r-xp 00000000 08:01 11407957                   /lib/x86_64-linux-gnu/libpthread-2.23.so
7fdf3b1c3000-7fdf3b3c2000 ---p 00018000 08:01 11407957                   /lib/x86_64-linux-gnu/libpthread-2.23.so
7fdf3b3c2000-7fdf3b3c3000 r--p 00017000 08:01 11407957                   /lib/x86_64-linux-gnu/libpthread-2.23.so
7fdf3b3c3000-7fdf3b3c4000 rw-p 00018000 08:01 11407957                   /lib/x86_64-linux-gnu/libpthread-2.23.so
7fdf3b3c4000-7fdf3b3c8000 rw-p 00000000 00:00 0 
7fdf3b3cb000-7fdf3b3ce000 r-xp 00000000 08:01 11407835                   /lib/x86_64-linux-gnu/libdl-2.23.so
7fdf3b3ce000-7fdf3b5cd000 ---p 00003000 08:01 11407835                   /lib/x86_64-linux-gnu/libdl-2.23.so
7fdf3b5cd000-7fdf3b5ce000 r--p 00002000 08:01 11407835                   /lib/x86_64-linux-gnu/libdl-2.23.so
7fdf3b5ce000-7fdf3b5cf000 rw-p 00003000 08:01 11407835                   /lib/x86_64-linux-gnu/libdl-2.23.so
7fdf3b5d3000-7fdf3b793000 r-xp 00000000 08:01 11407811                   /lib/x86_64-linux-gnu/libc-2.23.so
7fdf3b793000-7fdf3b993000 ---p 001c0000 08:01 11407811                   /lib/x86_64-linux-gnu/libc-2.23.so
7fdf3b993000-7fdf3b997000 r--p 001c0000 08:01 11407811                   /lib/x86_64-linux-gnu/libc-2.23.so
7fdf3b997000-7fdf3b999000 rw-p 001c4000 08:01 11407811                   /lib/x86_64-linux-gnu/libc-2.23.so
7fdf3b999000-7fdf3b99d000 rw-p 00000000 00:00 0 
7fdf3b9a3000-7fdf3b9b9000 r-xp 00000000 08:01 25956406                   /usr/local/android-studio/jre/lib/amd64/jli/libjli.so
7fdf3b9b9000-7fdf3bbb8000 ---p 00016000 08:01 25956406                   /usr/local/android-studio/jre/lib/amd64/jli/libjli.so
7fdf3bbb8000-7fdf3bbb9000 r--p 00015000 08:01 25956406                   /usr/local/android-studio/jre/lib/amd64/jli/libjli.so
7fdf3bbb9000-7fdf3bbba000 rw-p 00016000 08:01 25956406                   /usr/local/android-studio/jre/lib/amd64/jli/libjli.so
7fdf3bbbb000-7fdf3bbe1000 r-xp 00000000 08:01 11407783                   /lib/x86_64-linux-gnu/ld-2.23.so
7fdf3bbee000-7fdf3bcd3000 rw-p 00000000 00:00 0 
7fdf3bcd3000-7fdf3bcdb000 rw-s 00000000 08:01 6690127                    /tmp/hsperfdata_vlad/5399
7fdf3bcde000-7fdf3bcdf000 rw-p 00000000 00:00 0 
7fdf3bcdf000-7fdf3bce2000 ---p 00000000 00:00 0 
7fdf3bce2000-7fdf3bde0000 rw-p 00000000 00:00 0 
7fdf3bde0000-7fdf3bde1000 r--p 00025000 08:01 11407783                   /lib/x86_64-linux-gnu/ld-2.23.so
7fdf3bde1000-7fdf3bde2000 rw-p 00026000 08:01 11407783                   /lib/x86_64-linux-gnu/ld-2.23.so
7fdf3bde2000-7fdf3bde3000 rw-p 00000000 00:00 0 
7fdf3bde3000-7fdf3bde4000 ---p 00000000 00:00 0 
7fdf3bde4000-7fdf3bdea000 rw-p 00000000 00:00 0 
7ffe90746000-7ffe90767000 rw-p 00000000 00:00 0                          [stack]
7ffe90783000-7ffe90785000 r--p 00000000 00:00 0                          [vvar]
7ffe90785000-7ffe90787000 r-xp 00000000 00:00 0                          [vdso]
ffffffffff600000-ffffffffff601000 r-xp 00000000 00:00 0                  [vsyscall]

VM Arguments:
jvm_args: -Djava.awt.headless=true -Xmx1024M -Dfile.encoding=UTF-8 -Duser.country=US -Duser.language=en -Duser.variant 
java_command: com.android.dx.command.Main --dex --num-threads=4 --output /home/vlad/Documents/Projects/revert/platforms/android/build/intermediates/pre-dexed/debug/com.google.android.gms-play-services-ads-11.0.4_3cbcdfdfcccf7c0a77ff333620d331e0ad8b6771.jar /home/vlad/Documents/Projects/revert/platforms/android/build/intermediates/exploded-aar/com.google.android.gms/play-services-ads/11.0.4/jars/classes.jar
java_class_path (initial): /home/vlad/Android/Sdk/build-tools/26.0.1/lib/dx.jar
Launcher Type: SUN_STANDARD

Environment Variables:
PATH=/home/vlad/bin:/home/vlad/.local/bin:/usr/local/sbin:/usr/local/bin:/usr/sbin:/usr/bin:/sbin:/bin:/usr/games:/usr/local/games:/snap/bin
LD_LIBRARY_PATH=/usr/local/android-studio/bin:
SHELL=/bin/bash
DISPLAY=:0

Signal Handlers:
SIGSEGV: [libjvm.so+0x9e5150], sa_mask[0]=11111111011111111101111111111110, sa_flags=SA_RESTART|SA_SIGINFO
SIGBUS: [libjvm.so+0x9e5150], sa_mask[0]=11111111011111111101111111111110, sa_flags=SA_RESTART|SA_SIGINFO
SIGFPE: [libjvm.so+0x848450], sa_mask[0]=11111111011111111101111111111110, sa_flags=SA_RESTART|SA_SIGINFO
SIGPIPE: [libjvm.so+0x848450], sa_mask[0]=11111111011111111101111111111110, sa_flags=SA_RESTART|SA_SIGINFO
SIGXFSZ: [libjvm.so+0x848450], sa_mask[0]=11111111011111111101111111111110, sa_flags=SA_RESTART|SA_SIGINFO
SIGILL: [libjvm.so+0x848450], sa_mask[0]=11111111011111111101111111111110, sa_flags=SA_RESTART|SA_SIGINFO
SIGUSR1: SIG_DFL, sa_mask[0]=00000000000000000000000000000000, sa_flags=none
SIGUSR2: [libjvm.so+0x848320], sa_mask[0]=00100000000000000000000000000000, sa_flags=SA_RESTART|SA_SIGINFO
SIGHUP: [libjvm.so+0x848510], sa_mask[0]=11111111011111111101111111111110, sa_flags=SA_RESTART|SA_SIGINFO
SIGINT: [libjvm.so+0x848510], sa_mask[0]=11111111011111111101111111111110, sa_flags=SA_RESTART|SA_SIGINFO
SIGTERM: [libjvm.so+0x848510], sa_mask[0]=11111111011111111101111111111110, sa_flags=SA_RESTART|SA_SIGINFO
SIGQUIT: [libjvm.so+0x848510], sa_mask[0]=11111111011111111101111111111110, sa_flags=SA_RESTART|SA_SIGINFO


---------------  S Y S T E M  ---------------

OS:DISTRIB_ID=Ubuntu
DISTRIB_RELEASE=16.04
DISTRIB_CODENAME=xenial
DISTRIB_DESCRIPTION="Ubuntu 16.04.3 LTS"

uname:Linux 4.10.0-37-generic #41~16.04.1-Ubuntu SMP Fri Oct 6 22:42:59 UTC 2017 x86_64
libc:glibc 2.23 NPTL 2.23 
rlimit: STACK 8192k, CORE 0k, NPROC 31584, NOFILE 1048576, AS infinity
load average:7,61 4,17 2,55

/proc/meminfo:
MemTotal:        8202820 kB
MemFree:          124004 kB
MemAvailable:      37820 kB
Buffers:            3720 kB
Cached:           163232 kB
SwapCached:            0 kB
Active:          7585584 kB
Inactive:         141904 kB
Active(anon):    7564456 kB
Inactive(anon):   116488 kB
Active(file):      21128 kB
Inactive(file):    25416 kB
Unevictable:         488 kB
Mlocked:             488 kB
SwapTotal:             0 kB
SwapFree:              0 kB
Dirty:               180 kB
Writeback:             0 kB
AnonPages:       7561544 kB
Mapped:           194204 kB
Shmem:            119888 kB
Slab:             111968 kB
SReclaimable:      54864 kB
SUnreclaim:        57104 kB
KernelStack:       18560 kB
PageTables:        80360 kB
NFS_Unstable:          0 kB
Bounce:                0 kB
WritebackTmp:          0 kB
CommitLimit:     4101408 kB
Committed_AS:   17198544 kB
VmallocTotal:   34359738367 kB
VmallocUsed:           0 kB
VmallocChunk:          0 kB
HardwareCorrupted:     0 kB
AnonHugePages:   2809856 kB
ShmemHugePages:        0 kB
ShmemPmdMapped:        0 kB
CmaTotal:              0 kB
CmaFree:               0 kB
HugePages_Total:       0
HugePages_Free:        0
HugePages_Rsvd:        0
HugePages_Surp:        0
Hugepagesize:       2048 kB
DirectMap4k:      321984 kB
DirectMap2M:     8095744 kB
DirectMap1G:           0 kB


CPU:total 4 (4 cores per cpu, 1 threads per core) family 21 model 2 stepping 0, cmov, cx8, fxsr, mmx, sse, sse2, sse3, ssse3, sse4.1, sse4.2, popcnt, avx, aes, clmul, mmxext, 3dnowpref, lzcnt, sse4a, tsc, tscinvbit, tscinv, bmi1

/proc/cpuinfo:
processor	: 0
vendor_id	: AuthenticAMD
cpu family	: 21
model		: 2
model name	: AMD FX(tm)-4300 Quad-Core Processor
stepping	: 0
microcode	: 0x600081f
cpu MHz		: 1400.000
cache size	: 2048 KB
physical id	: 0
siblings	: 4
core id		: 0
cpu cores	: 2
apicid		: 16
initial apicid	: 0
fpu		: yes
fpu_exception	: yes
cpuid level	: 13
wp		: yes
flags		: fpu vme de pse tsc msr pae mce cx8 apic sep mtrr pge mca cmov pat pse36 clflush mmx fxsr sse sse2 ht syscall nx mmxext fxsr_opt pdpe1gb rdtscp lm constant_tsc rep_good nopl nonstop_tsc extd_apicid aperfmperf pni pclmulqdq monitor ssse3 fma cx16 sse4_1 sse4_2 popcnt aes xsave avx f16c lahf_lm cmp_legacy svm extapic cr8_legacy abm sse4a misalignsse 3dnowprefetch osvw ibs xop skinit wdt lwp fma4 tce nodeid_msr tbm topoext perfctr_core perfctr_nb cpb hw_pstate vmmcall bmi1 arat npt lbrv svm_lock nrip_save tsc_scale vmcb_clean flushbyasid decodeassists pausefilter pfthreshold
bugs		: fxsave_leak sysret_ss_attrs null_seg
bogomips	: 7635.52
TLB size	: 1536 4K pages
clflush size	: 64
cache_alignment	: 64
address sizes	: 48 bits physical, 48 bits virtual
power management: ts ttp tm 100mhzsteps hwpstate cpb eff_freq_ro

processor	: 1
vendor_id	: AuthenticAMD
cpu family	: 21
model		: 2
model name	: AMD FX(tm)-4300 Quad-Core Processor
stepping	: 0
microcode	: 0x600081f
cpu MHz		: 1800.000
cache size	: 2048 KB
physical id	: 0
siblings	: 4
core id		: 1
cpu cores	: 2
apicid		: 17
initial apicid	: 1
fpu		: yes
fpu_exception	: yes
cpuid level	: 13
wp		: yes
flags		: fpu vme de pse tsc msr pae mce cx8 apic sep mtrr pge mca cmov pat pse36 clflush mmx fxsr sse sse2 ht syscall nx mmxext fxsr_opt pdpe1gb rdtscp lm constant_tsc rep_good nopl nonstop_tsc extd_apicid aperfmperf pni pclmulqdq monitor ssse3 fma cx16 sse4_1 sse4_2 popcnt aes xsave avx f16c lahf_lm cmp_legacy svm extapic cr8_legacy abm sse4a misalignsse 3dnowprefetch osvw ibs xop skinit wdt lwp fma4 tce nodeid_msr tbm topoext perfctr_core perfctr_nb cpb hw_pstate vmmcall bmi1 arat npt lbrv svm_lock nrip_save tsc_scale vmcb_clean flushbyasid decodeassists pausefilter pfthreshold
bugs		: fxsave_leak sysret_ss_attrs null_seg
bogomips	: 7635.52
TLB size	: 1536 4K pages
clflush size	: 64
cache_alignment	: 64
address sizes	: 48 bits physical, 48 bits virtual
power management: ts ttp tm 100mhzsteps hwpstate cpb eff_freq_ro

processor	: 2
vendor_id	: AuthenticAMD
cpu family	: 21
model		: 2
model name	: AMD FX(tm)-4300 Quad-Core Processor
stepping	: 0
microcode	: 0x600081f
cpu MHz		: 3800.000
cache size	: 2048 KB
physical id	: 0
siblings	: 4
core id		: 2
cpu cores	: 2
apicid		: 18
initial apicid	: 2
fpu		: yes
fpu_exception	: yes
cpuid level	: 13
wp		: yes
flags		: fpu vme de pse tsc msr pae mce cx8 apic sep mtrr pge mca cmov pat pse36 clflush mmx fxsr sse sse2 ht syscall nx mmxext fxsr_opt pdpe1gb rdtscp lm constant_tsc rep_good nopl nonstop_tsc extd_apicid aperfmperf pni pclmulqdq monitor ssse3 fma cx16 sse4_1 sse4_2 popcnt aes xsave avx f16c lahf_lm cmp_legacy svm extapic cr8_legacy abm sse4a misalignsse 3dnowprefetch osvw ibs xop skinit wdt lwp fma4 tce nodeid_msr tbm topoext perfctr_core perfctr_nb cpb hw_pstate vmmcall bmi1 arat npt lbrv svm_lock nrip_save tsc_scale vmcb_clean flushbyasid decodeassists pausefilter pfthreshold
bugs		: fxsave_leak sysret_ss_attrs null_seg
bogomips	: 7635.52
TLB size	: 1536 4K pages
clflush size	: 64
cache_alignment	: 64
address sizes	: 48 bits physical, 48 bits virtual
power management: ts ttp tm 100mhzsteps hwpstate cpb eff_freq_ro

processor	: 3
vendor_id	: AuthenticAMD
cpu family	: 21
model		: 2
model name	: AMD FX(tm)-4300 Quad-Core Processor
stepping	: 0
microcode	: 0x600081f
cpu MHz		: 1400.000
cache size	: 2048 KB
physical id	: 0
siblings	: 4
core id		: 3
cpu cores	: 2
apicid		: 19
initial apicid	: 3
fpu		: yes
fpu_exception	: yes
cpuid level	: 13
wp		: yes
flags		: fpu vme de pse tsc msr pae mce cx8 apic sep mtrr pge mca cmov pat pse36 clflush mmx fxsr sse sse2 ht syscall nx mmxext fxsr_opt pdpe1gb rdtscp lm constant_tsc rep_good nopl nonstop_tsc extd_apicid aperfmperf pni pclmulqdq monitor ssse3 fma cx16 sse4_1 sse4_2 popcnt aes xsave avx f16c lahf_lm cmp_legacy svm extapic cr8_legacy abm sse4a misalignsse 3dnowprefetch osvw ibs xop skinit wdt lwp fma4 tce nodeid_msr tbm topoext perfctr_core perfctr_nb cpb hw_pstate vmmcall bmi1 arat npt lbrv svm_lock nrip_save tsc_scale vmcb_clean flushbyasid decodeassists pausefilter pfthreshold
bugs		: fxsave_leak sysret_ss_attrs null_seg
bogomips	: 7635.52
TLB size	: 1536 4K pages
clflush size	: 64
cache_alignment	: 64
address sizes	: 48 bits physical, 48 bits virtual
power management: ts ttp tm 100mhzsteps hwpstate cpb eff_freq_ro



Memory: 4k page, physical 8202820k(124004k free), swap 0k(0k free)

vm_info: OpenJDK 64-Bit Server VM (25.112-b06) for linux-amd64 JRE (1.8.0_112-release-b06), built on Dec  6 2016 12:11:18 by "builder" with gcc 4.8.4

time: Thu Oct 26 07:05:25 2017
elapsed time: 12 seconds (0d 0h 0m 12s)

