#
# There is insufficient memory for the Java Runtime Environment to continue.
# Native memory allocation (mmap) failed to map 109576192 bytes for committing reserved memory.
# Possible reasons:
#   The system is out of physical RAM or swap space
#   In 32 bit mode, the process size limit was hit
# Possible solutions:
#   Reduce memory load on the system
#   Increase physical memory or swap space
#   Check if swap backing store is full
#   Use 64 bit Java on a 64 bit OS
#   Decrease Java heap size (-Xmx/-Xms)
#   Decrease number of Java threads
#   Decrease Java thread stack sizes (-Xss)
#   Set larger code cache with -XX:ReservedCodeCacheSize=
# This output file may be truncated or incomplete.
#
#  Out of Memory Error (os_linux.cpp:2627), pid=19517, tid=0x00007f5fa4c91700
#
# JRE version: OpenJDK Runtime Environment (8.0_112-b06) (build 1.8.0_112-release-b06)
# Java VM: OpenJDK 64-Bit Server VM (25.112-b06 mixed mode linux-amd64 compressed oops)
# Failed to write core dump. Core dumps have been disabled. To enable core dumping, try "ulimit -c unlimited" before starting Java again
#

---------------  T H R E A D  ---------------

Current thread (0x00007f5fc4077800):  VMThread [stack: 0x00007f5fa4b91000,0x00007f5fa4c92000] [id=19526]

Stack: [0x00007f5fa4b91000,0x00007f5fa4c92000],  sp=0x00007f5fa4c904d0,  free space=1021k
Native frames: (J=compiled Java code, j=interpreted, Vv=VM code, C=native code)
V  [libjvm.so+0x9e465d]  VMError::report_and_die()+0x15d
V  [libjvm.so+0x4b6ada]  report_vm_out_of_memory(char const*, int, unsigned long, VMErrorType, char const*)+0x8a
V  [libjvm.so+0x84c860]  os::pd_commit_memory(char*, unsigned long, unsigned long, bool)+0xf0
V  [libjvm.so+0x84737f]  os::commit_memory(char*, unsigned long, unsigned long, bool)+0x1f
V  [libjvm.so+0x8bd3db]  PSVirtualSpace::expand_by(unsigned long)+0x5b
V  [libjvm.so+0x8ae1bb]  PSOldGen::expand_by(unsigned long) [clone .part.109]+0x1b
V  [libjvm.so+0x8ae37b]  PSOldGen::expand(unsigned long) [clone .part.111]+0xdb
V  [libjvm.so+0x8aec58]  PSOldGen::resize(unsigned long)+0x188
V  [libjvm.so+0x8b426c]  PSParallelCompact::invoke_no_policy(bool)+0x97c
V  [libjvm.so+0x8bb37d]  PSScavenge::invoke()+0x17d
V  [libjvm.so+0x86fcf3]  ParallelScavengeHeap::failed_mem_allocate(unsigned long)+0x63
V  [libjvm.so+0x9e6124]  VM_ParallelGCFailedAllocation::doit()+0x84
V  [libjvm.so+0x9ea537]  VM_Operation::evaluate()+0x47
V  [libjvm.so+0x9e8ff8]  VMThread::evaluate_operation(VM_Operation*)+0x2c8
V  [libjvm.so+0x9e9479]  VMThread::loop()+0x219
V  [libjvm.so+0x9e98c2]  VMThread::run()+0x72
V  [libjvm.so+0x849c82]  java_start(Thread*)+0xf2

VM_Operation (0x00007f5f973c0060): ParallelGCFailedAllocation, mode: safepoint, requested by thread 0x00007f5fc4154000


---------------  P R O C E S S  ---------------

Java Threads: ( => current thread )
  0x00007f5fc4154000 JavaThread "pool-1-thread-4" [_thread_blocked, id=19558, stack(0x00007f5f972c1000,0x00007f5f973c2000)]
  0x00007f5fc4144000 JavaThread "pool-2-thread-1" [_thread_blocked, id=19555, stack(0x00007f5fa4171000,0x00007f5fa4272000)]
  0x00007f5fc40c0800 JavaThread "Service Thread" daemon [_thread_blocked, id=19535, stack(0x00007f5fa448a000,0x00007f5fa458b000)]
  0x00007f5fc40bd800 JavaThread "C1 CompilerThread2" daemon [_thread_blocked, id=19532, stack(0x00007f5fa458b000,0x00007f5fa468c000)]
  0x00007f5fc40bc000 JavaThread "C2 CompilerThread1" daemon [_thread_blocked, id=19531, stack(0x00007f5fa468c000,0x00007f5fa478d000)]
  0x00007f5fc40b9000 JavaThread "C2 CompilerThread0" daemon [_thread_in_native, id=19530, stack(0x00007f5fa478d000,0x00007f5fa488e000)]
  0x00007f5fc40b7800 JavaThread "Signal Dispatcher" daemon [_thread_blocked, id=19529, stack(0x00007f5fa488e000,0x00007f5fa498f000)]
  0x00007f5fc4083800 JavaThread "Finalizer" daemon [_thread_blocked, id=19528, stack(0x00007f5fa498f000,0x00007f5fa4a90000)]
  0x00007f5fc407f000 JavaThread "Reference Handler" daemon [_thread_blocked, id=19527, stack(0x00007f5fa4a90000,0x00007f5fa4b91000)]
  0x00007f5fc400a000 JavaThread "main" [_thread_blocked, id=19519, stack(0x00007f5fcb1c9000,0x00007f5fcb2ca000)]

Other Threads:
=>0x00007f5fc4077800 VMThread [stack: 0x00007f5fa4b91000,0x00007f5fa4c92000] [id=19526]
  0x00007f5fc40c3000 WatcherThread [stack: 0x00007f5fa4389000,0x00007f5fa448a000] [id=19536]

VM state:at safepoint (normal execution)

VM Mutex/Monitor currently owned by a thread:  ([mutex/lock_event])
[0x00007f5fc4005fb0] ExpandHeap_lock - owner thread: 0x00007f5fc4077800
[0x00007f5fc4006630] Threads_lock - owner thread: 0x00007f5fc4077800
[0x00007f5fc4006b30] Heap_lock - owner thread: 0x00007f5fc4154000

Heap:
 PSYoungGen      total 232960K, used 0K [0x00000000eab00000, 0x0000000100000000, 0x0000000100000000)
  eden space 116736K, 0% used [0x00000000eab00000,0x00000000eab00000,0x00000000f1d00000)
  from space 116224K, 0% used [0x00000000f8e80000,0x00000000f8e80000,0x0000000100000000)
  to   space 116224K, 0% used [0x00000000f1d00000,0x00000000f1d00000,0x00000000f8e80000)
 ParOldGen       total 316928K, used 186866K [0x00000000c0000000, 0x00000000d3580000, 0x00000000eab00000)
  object space 316928K, 58% used [0x00000000c0000000,0x00000000cb67cb50,0x00000000d3580000)
 Metaspace       used 6485K, capacity 7216K, committed 7296K, reserved 1056768K
  class space    used 596K, capacity 616K, committed 640K, reserved 1048576K

Card table byte_map: [0x00007f5fb4dff000,0x00007f5fb5000000] byte_map_base: 0x00007f5fb47ff000

Marking Bits: (ParMarkBitMap*) 0x00007f5fca669340
 Begin Bits: [0x00007f5fa6000000, 0x00007f5fa7000000)
 End Bits:   [0x00007f5fa7000000, 0x00007f5fa8000000)

Polling page: 0x00007f5fcb1c8000

CodeCache: size=245760Kb used=8878Kb max_used=8900Kb free=236881Kb
 bounds [0x00007f5fb5000000, 0x00007f5fb58e0000, 0x00007f5fc4000000]
 total_blobs=2382 nmethods=2112 adapters=185
 compilation: enabled

Compilation events (10 events):
Event: 14,704 Thread 0x00007f5fc40bc000 nmethod 2243 0x00007f5fb51473d0 code [0x00007f5fb5147520, 0x00007f5fb5147598]
Event: 14,704 Thread 0x00007f5fc40bc000 2061       4       com.android.dx.cf.code.RopperMachine::startBlock (48 bytes)
Event: 14,706 Thread 0x00007f5fc40bc000 nmethod 2061 0x00007f5fb51ab390 code [0x00007f5fb51ab4e0, 0x00007f5fb51ab618]
Event: 14,706 Thread 0x00007f5fc40bc000 2041   !   4       com.android.dx.cf.cst.ConstantPoolParser::parse0 (731 bytes)
Event: 15,233 Thread 0x00007f5fc40bc000 nmethod 2041 0x00007f5fb58bae90 code [0x00007f5fb58bba60, 0x00007f5fb58c4980]
Event: 15,233 Thread 0x00007f5fc40bc000 2352 %     4       com.android.dx.ssa.SsaMethod::forEachBlockDepthFirstDom @ 32 (128 bytes)
Event: 15,258 Thread 0x00007f5fc40bc000 nmethod 2352% 0x00007f5fb5163a90 code [0x00007f5fb5163ce0, 0x00007f5fb5164fb8]
Event: 15,258 Thread 0x00007f5fc40bc000 2351 %     4       com.android.dx.ssa.SsaConverter::edgeSplitSuccessors @ 45 (98 bytes)
Event: 15,345 Thread 0x00007f5fc40bc000 nmethod 2351% 0x00007f5fb58d2910 code [0x00007f5fb58d2ce0, 0x00007f5fb58d57b8]
Event: 15,345 Thread 0x00007f5fc40bc000 2345 %     4       com.android.dx.ssa.back.SsaToRop::removePhiFunctions @ 13 (83 bytes)

GC Heap History (10 events):
Event: 14,099 GC heap after
Heap after GC invocations=15 (full 3):
 PSYoungGen      total 232960K, used 43747K [0x00000000eab00000, 0x0000000100000000, 0x0000000100000000)
  eden space 116736K, 0% used [0x00000000eab00000,0x00000000eab00000,0x00000000f1d00000)
  from space 116224K, 37% used [0x00000000f8e80000,0x00000000fb938db8,0x0000000100000000)
  to   space 116224K, 0% used [0x00000000f1d00000,0x00000000f1d00000,0x00000000f8e80000)
 ParOldGen       total 316928K, used 126451K [0x00000000c0000000, 0x00000000d3580000, 0x00000000eab00000)
  object space 316928K, 39% used [0x00000000c0000000,0x00000000c7b7ccc0,0x00000000d3580000)
 Metaspace       used 6477K, capacity 7216K, committed 7296K, reserved 1056768K
  class space    used 594K, capacity 616K, committed 640K, reserved 1048576K
}
Event: 14,236 GC heap before
{Heap before GC invocations=16 (full 3):
 PSYoungGen      total 232960K, used 160483K [0x00000000eab00000, 0x0000000100000000, 0x0000000100000000)
  eden space 116736K, 100% used [0x00000000eab00000,0x00000000f1d00000,0x00000000f1d00000)
  from space 116224K, 37% used [0x00000000f8e80000,0x00000000fb938db8,0x0000000100000000)
  to   space 116224K, 0% used [0x00000000f1d00000,0x00000000f1d00000,0x00000000f8e80000)
 ParOldGen       total 316928K, used 126451K [0x00000000c0000000, 0x00000000d3580000, 0x00000000eab00000)
  object space 316928K, 39% used [0x00000000c0000000,0x00000000c7b7ccc0,0x00000000d3580000)
 Metaspace       used 6477K, capacity 7216K, committed 7296K, reserved 1056768K
  class space    used 594K, capacity 616K, committed 640K, reserved 1048576K
Event: 14,291 GC heap after
Heap after GC invocations=16 (full 3):
 PSYoungGen      total 232960K, used 58822K [0x00000000eab00000, 0x0000000100000000, 0x0000000100000000)
  eden space 116736K, 0% used [0x00000000eab00000,0x00000000eab00000,0x00000000f1d00000)
  from space 116224K, 50% used [0x00000000f1d00000,0x00000000f5671ad0,0x00000000f8e80000)
  to   space 116224K, 0% used [0x00000000f8e80000,0x00000000f8e80000,0x0000000100000000)
 ParOldGen       total 316928K, used 171134K [0x00000000c0000000, 0x00000000d3580000, 0x00000000eab00000)
  object space 316928K, 53% used [0x00000000c0000000,0x00000000ca71fa88,0x00000000d3580000)
 Metaspace       used 6477K, capacity 7216K, committed 7296K, reserved 1056768K
  class space    used 594K, capacity 616K, committed 640K, reserved 1048576K
}
Event: 14,583 GC heap before
{Heap before GC invocations=17 (full 3):
 PSYoungGen      total 232960K, used 175558K [0x00000000eab00000, 0x0000000100000000, 0x0000000100000000)
  eden space 116736K, 100% used [0x00000000eab00000,0x00000000f1d00000,0x00000000f1d00000)
  from space 116224K, 50% used [0x00000000f1d00000,0x00000000f5671ad0,0x00000000f8e80000)
  to   space 116224K, 0% used [0x00000000f8e80000,0x00000000f8e80000,0x0000000100000000)
 ParOldGen       total 316928K, used 171134K [0x00000000c0000000, 0x00000000d3580000, 0x00000000eab00000)
  object space 316928K, 53% used [0x00000000c0000000,0x00000000ca71fa88,0x00000000d3580000)
 Metaspace       used 6484K, capacity 7216K, committed 7296K, reserved 1056768K
  class space    used 596K, capacity 616K, committed 640K, reserved 1048576K
Event: 14,637 GC heap after
Heap after GC invocations=17 (full 3):
 PSYoungGen      total 225792K, used 37177K [0x00000000eab00000, 0x00000000ff900000, 0x0000000100000000)
  eden space 116736K, 0% used [0x00000000eab00000,0x00000000eab00000,0x00000000f1d00000)
  from space 109056K, 34% used [0x00000000f8e80000,0x00000000fb2ce510,0x00000000ff900000)
  to   space 112640K, 0% used [0x00000000f1d00000,0x00000000f1d00000,0x00000000f8b00000)
 ParOldGen       total 316928K, used 230168K [0x00000000c0000000, 0x00000000d3580000, 0x00000000eab00000)
  object space 316928K, 72% used [0x00000000c0000000,0x00000000ce0c6200,0x00000000d3580000)
 Metaspace       used 6484K, capacity 7216K, committed 7296K, reserved 1056768K
  class space    used 596K, capacity 616K, committed 640K, reserved 1048576K
}
Event: 15,033 GC heap before
{Heap before GC invocations=18 (full 3):
 PSYoungGen      total 225792K, used 153913K [0x00000000eab00000, 0x00000000ff900000, 0x0000000100000000)
  eden space 116736K, 100% used [0x00000000eab00000,0x00000000f1d00000,0x00000000f1d00000)
  from space 109056K, 34% used [0x00000000f8e80000,0x00000000fb2ce510,0x00000000ff900000)
  to   space 112640K, 0% used [0x00000000f1d00000,0x00000000f1d00000,0x00000000f8b00000)
 ParOldGen       total 316928K, used 230168K [0x00000000c0000000, 0x00000000d3580000, 0x00000000eab00000)
  object space 316928K, 72% used [0x00000000c0000000,0x00000000ce0c6200,0x00000000d3580000)
 Metaspace       used 6485K, capacity 7216K, committed 7296K, reserved 1056768K
  class space    used 596K, capacity 616K, committed 640K, reserved 1048576K
Event: 15,106 GC heap after
Heap after GC invocations=18 (full 3):
 PSYoungGen      total 229376K, used 88625K [0x00000000eab00000, 0x0000000100000000, 0x0000000100000000)
  eden space 116736K, 0% used [0x00000000eab00000,0x00000000eab00000,0x00000000f1d00000)
  from space 112640K, 78% used [0x00000000f1d00000,0x00000000f738c5d8,0x00000000f8b00000)
  to   space 116224K, 0% used [0x00000000f8e80000,0x00000000f8e80000,0x0000000100000000)
 ParOldGen       total 316928K, used 230168K [0x00000000c0000000, 0x00000000d3580000, 0x00000000eab00000)
  object space 316928K, 72% used [0x00000000c0000000,0x00000000ce0c6200,0x00000000d3580000)
 Metaspace       used 6485K, capacity 7216K, committed 7296K, reserved 1056768K
  class space    used 596K, capacity 616K, committed 640K, reserved 1048576K
}
Event: 15,355 GC heap before
{Heap before GC invocations=19 (full 3):
 PSYoungGen      total 229376K, used 205361K [0x00000000eab00000, 0x0000000100000000, 0x0000000100000000)
  eden space 116736K, 100% used [0x00000000eab00000,0x00000000f1d00000,0x00000000f1d00000)
  from space 112640K, 78% used [0x00000000f1d00000,0x00000000f738c5d8,0x00000000f8b00000)
  to   space 116224K, 0% used [0x00000000f8e80000,0x00000000f8e80000,0x0000000100000000)
 ParOldGen       total 316928K, used 230168K [0x00000000c0000000, 0x00000000d3580000, 0x00000000eab00000)
  object space 316928K, 72% used [0x00000000c0000000,0x00000000ce0c6200,0x00000000d3580000)
 Metaspace       used 6485K, capacity 7216K, committed 7296K, reserved 1056768K
  class space    used 596K, capacity 616K, committed 640K, reserved 1048576K
Event: 15,438 GC heap after
Heap after GC invocations=19 (full 3):
 PSYoungGen      total 232960K, used 42514K [0x00000000eab00000, 0x0000000100000000, 0x0000000100000000)
  eden space 116736K, 0% used [0x00000000eab00000,0x00000000eab00000,0x00000000f1d00000)
  from space 116224K, 36% used [0x00000000f8e80000,0x00000000fb804920,0x0000000100000000)
  to   space 116224K, 0% used [0x00000000f1d00000,0x00000000f1d00000,0x00000000f8e80000)
 ParOldGen       total 316928K, used 283628K [0x00000000c0000000, 0x00000000d3580000, 0x00000000eab00000)
  object space 316928K, 89% used [0x00000000c0000000,0x00000000d14fb0d0,0x00000000d3580000)
 Metaspace       used 6485K, capacity 7216K, committed 7296K, reserved 1056768K
  class space    used 596K, capacity 616K, committed 640K, reserved 1048576K
}
Event: 15,438 GC heap before
{Heap before GC invocations=20 (full 4):
 PSYoungGen      total 232960K, used 42514K [0x00000000eab00000, 0x0000000100000000, 0x0000000100000000)
  eden space 116736K, 0% used [0x00000000eab00000,0x00000000eab00000,0x00000000f1d00000)
  from space 116224K, 36% used [0x00000000f8e80000,0x00000000fb804920,0x0000000100000000)
  to   space 116224K, 0% used [0x00000000f1d00000,0x00000000f1d00000,0x00000000f8e80000)
 ParOldGen       total 316928K, used 283628K [0x00000000c0000000, 0x00000000d3580000, 0x00000000eab00000)
  object space 316928K, 89% used [0x00000000c0000000,0x00000000d14fb0d0,0x00000000d3580000)
 Metaspace       used 6485K, capacity 7216K, committed 7296K, reserved 1056768K
  class space    used 596K, capacity 616K, committed 640K, reserved 1048576K

Deoptimization events (10 events):
Event: 5,540 Thread 0x00007f5fc4147000 Uncommon trap: reason=unstable_if action=reinterpret pc=0x00007f5fb56101d0 method=java.util.HashMap.putVal(ILjava/lang/Object;Ljava/lang/Object;ZZ)Ljava/lang/Object; @ 109
Event: 9,649 Thread 0x00007f5fc4147000 Uncommon trap: reason=unstable_if action=reinterpret pc=0x00007f5fb53a768c method=com.android.dx.ssa.SetFactory.makeLivenessSet(I)Lcom/android/dx/util/IntSet; @ 4
Event: 9,649 Thread 0x00007f5fc4147000 Uncommon trap: reason=unstable_if action=reinterpret pc=0x00007f5fb5372e5c method=com.android.dx.ssa.SetFactory.makeLivenessSet(I)Lcom/android/dx/util/IntSet; @ 4
Event: 9,655 Thread 0x00007f5fc4147000 Uncommon trap: reason=class_check action=maybe_recompile pc=0x00007f5fb53cdbac method=com.android.dx.ssa.back.InterferenceGraph.add(II)V @ 19
Event: 9,655 Thread 0x00007f5fc4147000 Uncommon trap: reason=class_check action=maybe_recompile pc=0x00007f5fb53cdbac method=com.android.dx.ssa.back.InterferenceGraph.add(II)V @ 19
Event: 9,655 Thread 0x00007f5fc4147000 Uncommon trap: reason=class_check action=maybe_recompile pc=0x00007f5fb53cdbac method=com.android.dx.ssa.back.InterferenceGraph.add(II)V @ 19
Event: 9,655 Thread 0x00007f5fc4147000 Uncommon trap: reason=class_check action=maybe_recompile pc=0x00007f5fb53cdbac method=com.android.dx.ssa.back.InterferenceGraph.add(II)V @ 19
Event: 11,766 Thread 0x00007f5fc400a000 Uncommon trap: reason=unstable_if action=reinterpret pc=0x00007f5fb551c3d4 method=com.android.dx.ssa.SCCP.simulateStmt(Lcom/android/dx/ssa/SsaInsn;)V @ 59
Event: 11,786 Thread 0x00007f5fc400a000 Uncommon trap: reason=unstable_if action=reinterpret pc=0x00007f5fb5799390 method=com.android.dx.rop.code.DexTranslationAdvice.hasConstantOperation(Lcom/android/dx/rop/code/Rop;Lcom/android/dx/rop/code/RegisterSpec;Lcom/android/dx/rop/code/RegisterSpec;)Z
Event: 11,824 Thread 0x00007f5fc400a000 Uncommon trap: reason=unstable_if action=reinterpret pc=0x00007f5fb554e080 method=com.android.dx.ssa.MoveParamCombiner$1.visitNonMoveInsn(Lcom/android/dx/ssa/NormalSsaInsn;)V @ 27

Internal exceptions (5 events):
Event: 0,114 Thread 0x00007f5fc400a000 Exception <a 'java/lang/NoSuchMethodError': Method sun.misc.Unsafe.defineClass(Ljava/lang/String;[BII)Ljava/lang/Class; name or signature does not match> (0x00000000eab07c78) thrown at [/ssd/Android/AOSP-openjdk/external/jetbrains/jdk/hotspot/src/share/vm
Event: 0,114 Thread 0x00007f5fc400a000 Exception <a 'java/lang/NoSuchMethodError': Method sun.misc.Unsafe.prefetchRead(Ljava/lang/Object;J)V name or signature does not match> (0x00000000eab07f60) thrown at [/ssd/Android/AOSP-openjdk/external/jetbrains/jdk/hotspot/src/share/vm/prims/jni.cpp, li
Event: 3,749 Thread 0x00007f5fc400a000 Exception <a 'java/lang/ArrayIndexOutOfBoundsException': 18> (0x00000000ece9f4a8) thrown at [/ssd/Android/AOSP-openjdk/external/jetbrains/jdk/hotspot/src/share/vm/interpreter/interpreterRuntime.cpp, line 366]
Event: 3,749 Thread 0x00007f5fc400a000 Exception <a 'java/lang/ArrayIndexOutOfBoundsException'> (0x00000000ecea1028) thrown at [/ssd/Android/AOSP-openjdk/external/jetbrains/jdk/hotspot/src/share/vm/runtime/sharedRuntime.cpp, line 605]
Event: 3,750 Thread 0x00007f5fc400a000 Exception <a 'java/lang/ArrayIndexOutOfBoundsException'> (0x00000000ecea2310) thrown at [/ssd/Android/AOSP-openjdk/external/jetbrains/jdk/hotspot/src/share/vm/runtime/sharedRuntime.cpp, line 605]

Events (10 events):
Event: 14,582 Executing VM operation: ParallelGCFailedAllocation
Event: 14,637 Executing VM operation: ParallelGCFailedAllocation done
Event: 14,837 Thread 0x00007f5fc4152800 Thread exited: 0x00007f5fc4152800
Event: 14,837 Thread 0x00007f5fc4142800 Thread exited: 0x00007f5fc4142800
Event: 15,033 Executing VM operation: ParallelGCFailedAllocation
Event: 15,106 Executing VM operation: ParallelGCFailedAllocation done
Event: 15,151 Thread 0x00007f5fc4147000 DEOPT PACKING pc=0x00007f5fb57b73d8 sp=0x00007f5fa416f0d0
Event: 15,151 Thread 0x00007f5fc4147000 DEOPT UNPACKING pc=0x00007f5fb5046f73 sp=0x00007f5fa416ef20 mode 0
Event: 15,318 Thread 0x00007f5fc4147000 Thread exited: 0x00007f5fc4147000
Event: 15,355 Executing VM operation: ParallelGCFailedAllocation


Dynamic libraries:
00400000-00401000 r-xp 00000000 08:01 25956432                           /usr/local/android-studio/jre/bin/java
00600000-00601000 r--p 00000000 08:01 25956432                           /usr/local/android-studio/jre/bin/java
00601000-00602000 rw-p 00001000 08:01 25956432                           /usr/local/android-studio/jre/bin/java
006ae000-006cf000 rw-p 00000000 00:00 0                                  [heap]
c0000000-d3580000 rw-p 00000000 00:00 0 
d9e00000-eab00000 ---p 00000000 00:00 0 
eab00000-100000000 rw-p 00000000 00:00 0 
100000000-1000a0000 rw-p 00000000 00:00 0 
1000a0000-140000000 ---p 00000000 00:00 0 
7f5f64000000-7f5f64021000 rw-p 00000000 00:00 0 
7f5f64021000-7f5f68000000 ---p 00000000 00:00 0 
7f5f68000000-7f5f68021000 rw-p 00000000 00:00 0 
7f5f68021000-7f5f6c000000 ---p 00000000 00:00 0 
7f5f6c000000-7f5f6c021000 rw-p 00000000 00:00 0 
7f5f6c021000-7f5f70000000 ---p 00000000 00:00 0 
7f5f70000000-7f5f7002a000 rw-p 00000000 00:00 0 
7f5f7002a000-7f5f74000000 ---p 00000000 00:00 0 
7f5f74000000-7f5f74021000 rw-p 00000000 00:00 0 
7f5f74021000-7f5f78000000 ---p 00000000 00:00 0 
7f5f78000000-7f5f78021000 rw-p 00000000 00:00 0 
7f5f78021000-7f5f7c000000 ---p 00000000 00:00 0 
7f5f7c000000-7f5f7c021000 rw-p 00000000 00:00 0 
7f5f7c021000-7f5f80000000 ---p 00000000 00:00 0 
7f5f80000000-7f5f81517000 rw-p 00000000 00:00 0 
7f5f81517000-7f5f84000000 ---p 00000000 00:00 0 
7f5f84000000-7f5f8486d000 rw-p 00000000 00:00 0 
7f5f8486d000-7f5f88000000 ---p 00000000 00:00 0 
7f5f88000000-7f5f88021000 rw-p 00000000 00:00 0 
7f5f88021000-7f5f8c000000 ---p 00000000 00:00 0 
7f5f8c000000-7f5f8c886000 rw-p 00000000 00:00 0 
7f5f8c886000-7f5f90000000 ---p 00000000 00:00 0 
7f5f90000000-7f5f90021000 rw-p 00000000 00:00 0 
7f5f90021000-7f5f94000000 ---p 00000000 00:00 0 
7f5f972c1000-7f5f972c4000 ---p 00000000 00:00 0 
7f5f972c4000-7f5f973c2000 rw-p 00000000 00:00 0 
7f5f973c2000-7f5f973c5000 ---p 00000000 00:00 0 
7f5f973c5000-7f5f974c3000 rw-p 00000000 00:00 0 
7f5f974c3000-7f5f98000000 r--p 00000000 08:01 1055535                    /usr/lib/locale/locale-archive
7f5f98000000-7f5f9829f000 rw-p 00000000 00:00 0 
7f5f9829f000-7f5f9c000000 ---p 00000000 00:00 0 
7f5f9c000000-7f5f9c021000 rw-p 00000000 00:00 0 
7f5f9c021000-7f5fa0000000 ---p 00000000 00:00 0 
7f5fa0000000-7f5fa0021000 rw-p 00000000 00:00 0 
7f5fa0021000-7f5fa4000000 ---p 00000000 00:00 0 
7f5fa4070000-7f5fa4073000 ---p 00000000 00:00 0 
7f5fa4073000-7f5fa4171000 rw-p 00000000 00:00 0 
7f5fa4171000-7f5fa4174000 ---p 00000000 00:00 0 
7f5fa4174000-7f5fa4272000 rw-p 00000000 00:00 0 
7f5fa4272000-7f5fa4275000 ---p 00000000 00:00 0 
7f5fa4275000-7f5fa4373000 rw-p 00000000 00:00 0 
7f5fa4389000-7f5fa438a000 ---p 00000000 00:00 0 
7f5fa438a000-7f5fa448a000 rw-p 00000000 00:00 0 
7f5fa448a000-7f5fa448d000 ---p 00000000 00:00 0 
7f5fa448d000-7f5fa458b000 rw-p 00000000 00:00 0 
7f5fa458b000-7f5fa458e000 ---p 00000000 00:00 0 
7f5fa458e000-7f5fa468c000 rw-p 00000000 00:00 0 
7f5fa468c000-7f5fa468f000 ---p 00000000 00:00 0 
7f5fa468f000-7f5fa478d000 rw-p 00000000 00:00 0 
7f5fa478d000-7f5fa4790000 ---p 00000000 00:00 0 
7f5fa4790000-7f5fa488e000 rw-p 00000000 00:00 0 
7f5fa488e000-7f5fa4891000 ---p 00000000 00:00 0 
7f5fa4891000-7f5fa498f000 rw-p 00000000 00:00 0 
7f5fa498f000-7f5fa4992000 ---p 00000000 00:00 0 
7f5fa4992000-7f5fa4a90000 rw-p 00000000 00:00 0 
7f5fa4a90000-7f5fa4a93000 ---p 00000000 00:00 0 
7f5fa4a93000-7f5fa4b91000 rw-p 00000000 00:00 0 
7f5fa4b91000-7f5fa4b92000 ---p 00000000 00:00 0 
7f5fa4b92000-7f5fa5e80000 rw-p 00000000 00:00 0 
7f5fa5e80000-7f5fa6000000 ---p 00000000 00:00 0 
7f5fa6000000-7f5fa8000000 rw-p 00000000 00:00 0 
7f5fa8000000-7f5fa8021000 rw-p 00000000 00:00 0 
7f5fa8021000-7f5fac000000 ---p 00000000 00:00 0 
7f5fac000000-7f5fac021000 rw-p 00000000 00:00 0 
7f5fac021000-7f5fb0000000 ---p 00000000 00:00 0 
7f5fb0000000-7f5fb0021000 rw-p 00000000 00:00 0 
7f5fb0021000-7f5fb4000000 ---p 00000000 00:00 0 
7f5fb4007000-7f5fb4016000 r--s 000e4000 08:01 7213429                    /home/vlad/Android/Sdk/build-tools/26.0.1/lib/dx.jar
7f5fb4018000-7f5fb445e000 rw-p 00000000 00:00 0 
7f5fb445e000-7f5fb462d000 r--s 03c1b000 08:01 25956489                   /usr/local/android-studio/jre/jre/lib/rt.jar
7f5fb462f000-7f5fb48a5000 rw-p 00000000 00:00 0 
7f5fb48a5000-7f5fb48a6000 ---p 00000000 00:00 0 
7f5fb48a6000-7f5fb49a6000 rw-p 00000000 00:00 0 
7f5fb49a6000-7f5fb49a7000 ---p 00000000 00:00 0 
7f5fb49a7000-7f5fb4aa7000 rw-p 00000000 00:00 0 
7f5fb4aa7000-7f5fb4aa8000 ---p 00000000 00:00 0 
7f5fb4aa8000-7f5fb4ba8000 rw-p 00000000 00:00 0 
7f5fb4ba8000-7f5fb4ba9000 ---p 00000000 00:00 0 
7f5fb4ba9000-7f5fb4d44000 rw-p 00000000 00:00 0 
7f5fb4d44000-7f5fb4dff000 ---p 00000000 00:00 0 
7f5fb4dff000-7f5fb4e9a000 rw-p 00000000 00:00 0 
7f5fb4e9a000-7f5fb4f54000 ---p 00000000 00:00 0 
7f5fb4f54000-7f5fb4fff000 rw-p 00000000 00:00 0 
7f5fb4fff000-7f5fb5000000 rw-p 00000000 00:00 0 
7f5fb5000000-7f5fb58e0000 rwxp 00000000 00:00 0 
7f5fb58e0000-7f5fc4000000 ---p 00000000 00:00 0 
7f5fc4000000-7f5fc4387000 rw-p 00000000 00:00 0 
7f5fc4387000-7f5fc8000000 ---p 00000000 00:00 0 
7f5fc8003000-7f5fc8027000 rw-p 00000000 00:00 0 
7f5fc8027000-7f5fc83c3000 ---p 00000000 00:00 0 
7f5fc83c3000-7f5fc83dd000 r-xp 00000000 08:01 25956516                   /usr/local/android-studio/jre/jre/lib/amd64/libzip.so
7f5fc83dd000-7f5fc85dd000 ---p 0001a000 08:01 25956516                   /usr/local/android-studio/jre/jre/lib/amd64/libzip.so
7f5fc85dd000-7f5fc85de000 r--p 0001a000 08:01 25956516                   /usr/local/android-studio/jre/jre/lib/amd64/libzip.so
7f5fc85de000-7f5fc85df000 rw-p 0001b000 08:01 25956516                   /usr/local/android-studio/jre/jre/lib/amd64/libzip.so
7f5fc85e3000-7f5fc85ee000 r-xp 00000000 08:01 11407910                   /lib/x86_64-linux-gnu/libnss_files-2.23.so
7f5fc85ee000-7f5fc87ed000 ---p 0000b000 08:01 11407910                   /lib/x86_64-linux-gnu/libnss_files-2.23.so
7f5fc87ed000-7f5fc87ee000 r--p 0000a000 08:01 11407910                   /lib/x86_64-linux-gnu/libnss_files-2.23.so
7f5fc87ee000-7f5fc87ef000 rw-p 0000b000 08:01 11407910                   /lib/x86_64-linux-gnu/libnss_files-2.23.so
7f5fc87ef000-7f5fc87f5000 rw-p 00000000 00:00 0 
7f5fc87fb000-7f5fc8806000 r-xp 00000000 08:01 11407920                   /lib/x86_64-linux-gnu/libnss_nis-2.23.so
7f5fc8806000-7f5fc8a05000 ---p 0000b000 08:01 11407920                   /lib/x86_64-linux-gnu/libnss_nis-2.23.so
7f5fc8a05000-7f5fc8a06000 r--p 0000a000 08:01 11407920                   /lib/x86_64-linux-gnu/libnss_nis-2.23.so
7f5fc8a06000-7f5fc8a07000 rw-p 0000b000 08:01 11407920                   /lib/x86_64-linux-gnu/libnss_nis-2.23.so
7f5fc8a0b000-7f5fc8a21000 r-xp 00000000 08:01 11407904                   /lib/x86_64-linux-gnu/libnsl-2.23.so
7f5fc8a21000-7f5fc8c20000 ---p 00016000 08:01 11407904                   /lib/x86_64-linux-gnu/libnsl-2.23.so
7f5fc8c20000-7f5fc8c21000 r--p 00015000 08:01 11407904                   /lib/x86_64-linux-gnu/libnsl-2.23.so
7f5fc8c21000-7f5fc8c22000 rw-p 00016000 08:01 11407904                   /lib/x86_64-linux-gnu/libnsl-2.23.so
7f5fc8c22000-7f5fc8c24000 rw-p 00000000 00:00 0 
7f5fc8c2b000-7f5fc8c33000 r-xp 00000000 08:01 11407906                   /lib/x86_64-linux-gnu/libnss_compat-2.23.so
7f5fc8c33000-7f5fc8e32000 ---p 00008000 08:01 11407906                   /lib/x86_64-linux-gnu/libnss_compat-2.23.so
7f5fc8e32000-7f5fc8e33000 r--p 00007000 08:01 11407906                   /lib/x86_64-linux-gnu/libnss_compat-2.23.so
7f5fc8e33000-7f5fc8e34000 rw-p 00008000 08:01 11407906                   /lib/x86_64-linux-gnu/libnss_compat-2.23.so
7f5fc8e3b000-7f5fc8e68000 r-xp 00000000 08:01 25956526                   /usr/local/android-studio/jre/jre/lib/amd64/libjava.so
7f5fc8e68000-7f5fc9067000 ---p 0002d000 08:01 25956526                   /usr/local/android-studio/jre/jre/lib/amd64/libjava.so
7f5fc9067000-7f5fc9068000 r--p 0002c000 08:01 25956526                   /usr/local/android-studio/jre/jre/lib/amd64/libjava.so
7f5fc9068000-7f5fc906a000 rw-p 0002d000 08:01 25956526                   /usr/local/android-studio/jre/jre/lib/amd64/libjava.so
7f5fc906b000-7f5fc907b000 r-xp 00000000 08:01 25956542                   /usr/local/android-studio/jre/jre/lib/amd64/libverify.so
7f5fc907b000-7f5fc927a000 ---p 00010000 08:01 25956542                   /usr/local/android-studio/jre/jre/lib/amd64/libverify.so
7f5fc927a000-7f5fc927c000 r--p 0000f000 08:01 25956542                   /usr/local/android-studio/jre/jre/lib/amd64/libverify.so
7f5fc927c000-7f5fc927d000 rw-p 00011000 08:01 25956542                   /usr/local/android-studio/jre/jre/lib/amd64/libverify.so
7f5fc9283000-7f5fc928a000 r-xp 00000000 08:01 11407965                   /lib/x86_64-linux-gnu/librt-2.23.so
7f5fc928a000-7f5fc9489000 ---p 00007000 08:01 11407965                   /lib/x86_64-linux-gnu/librt-2.23.so
7f5fc9489000-7f5fc948a000 r--p 00006000 08:01 11407965                   /lib/x86_64-linux-gnu/librt-2.23.so
7f5fc948a000-7f5fc948b000 rw-p 00007000 08:01 11407965                   /lib/x86_64-linux-gnu/librt-2.23.so
7f5fc948b000-7f5fc9593000 r-xp 00000000 08:01 11407881                   /lib/x86_64-linux-gnu/libm-2.23.so
7f5fc9593000-7f5fc9792000 ---p 00108000 08:01 11407881                   /lib/x86_64-linux-gnu/libm-2.23.so
7f5fc9792000-7f5fc9793000 r--p 00107000 08:01 11407881                   /lib/x86_64-linux-gnu/libm-2.23.so
7f5fc9793000-7f5fc9794000 rw-p 00108000 08:01 11407881                   /lib/x86_64-linux-gnu/libm-2.23.so
7f5fc979b000-7f5fca38c000 r-xp 00000000 08:01 25956546                   /usr/local/android-studio/jre/jre/lib/amd64/server/libjvm.so
7f5fca38c000-7f5fca58c000 ---p 00bf1000 08:01 25956546                   /usr/local/android-studio/jre/jre/lib/amd64/server/libjvm.so
7f5fca58c000-7f5fca62b000 r--p 00bf1000 08:01 25956546                   /usr/local/android-studio/jre/jre/lib/amd64/server/libjvm.so
7f5fca62b000-7f5fca654000 rw-p 00c90000 08:01 25956546                   /usr/local/android-studio/jre/jre/lib/amd64/server/libjvm.so
7f5fca654000-7f5fca698000 rw-p 00000000 00:00 0 
7f5fca69b000-7f5fca6b3000 r-xp 00000000 08:01 11407957                   /lib/x86_64-linux-gnu/libpthread-2.23.so
7f5fca6b3000-7f5fca8b2000 ---p 00018000 08:01 11407957                   /lib/x86_64-linux-gnu/libpthread-2.23.so
7f5fca8b2000-7f5fca8b3000 r--p 00017000 08:01 11407957                   /lib/x86_64-linux-gnu/libpthread-2.23.so
7f5fca8b3000-7f5fca8b4000 rw-p 00018000 08:01 11407957                   /lib/x86_64-linux-gnu/libpthread-2.23.so
7f5fca8b4000-7f5fca8b8000 rw-p 00000000 00:00 0 
7f5fca8bb000-7f5fca8be000 r-xp 00000000 08:01 11407835                   /lib/x86_64-linux-gnu/libdl-2.23.so
7f5fca8be000-7f5fcaabd000 ---p 00003000 08:01 11407835                   /lib/x86_64-linux-gnu/libdl-2.23.so
7f5fcaabd000-7f5fcaabe000 r--p 00002000 08:01 11407835                   /lib/x86_64-linux-gnu/libdl-2.23.so
7f5fcaabe000-7f5fcaabf000 rw-p 00003000 08:01 11407835                   /lib/x86_64-linux-gnu/libdl-2.23.so
7f5fcaac3000-7f5fcac83000 r-xp 00000000 08:01 11407811                   /lib/x86_64-linux-gnu/libc-2.23.so
7f5fcac83000-7f5fcae83000 ---p 001c0000 08:01 11407811                   /lib/x86_64-linux-gnu/libc-2.23.so
7f5fcae83000-7f5fcae87000 r--p 001c0000 08:01 11407811                   /lib/x86_64-linux-gnu/libc-2.23.so
7f5fcae87000-7f5fcae89000 rw-p 001c4000 08:01 11407811                   /lib/x86_64-linux-gnu/libc-2.23.so
7f5fcae89000-7f5fcae8d000 rw-p 00000000 00:00 0 
7f5fcae93000-7f5fcaea9000 r-xp 00000000 08:01 25956406                   /usr/local/android-studio/jre/lib/amd64/jli/libjli.so
7f5fcaea9000-7f5fcb0a8000 ---p 00016000 08:01 25956406                   /usr/local/android-studio/jre/lib/amd64/jli/libjli.so
7f5fcb0a8000-7f5fcb0a9000 r--p 00015000 08:01 25956406                   /usr/local/android-studio/jre/lib/amd64/jli/libjli.so
7f5fcb0a9000-7f5fcb0aa000 rw-p 00016000 08:01 25956406                   /usr/local/android-studio/jre/lib/amd64/jli/libjli.so
7f5fcb0ab000-7f5fcb0d1000 r-xp 00000000 08:01 11407783                   /lib/x86_64-linux-gnu/ld-2.23.so
7f5fcb0d6000-7f5fcb1bb000 rw-p 00000000 00:00 0 
7f5fcb1bb000-7f5fcb1c3000 rw-s 00000000 08:01 6690303                    /tmp/hsperfdata_vlad/19517
7f5fcb1c7000-7f5fcb1c8000 rw-p 00000000 00:00 0 
7f5fcb1c8000-7f5fcb1c9000 ---p 00000000 00:00 0 
7f5fcb1c9000-7f5fcb1cc000 ---p 00000000 00:00 0 
7f5fcb1cc000-7f5fcb2d0000 rw-p 00000000 00:00 0 
7f5fcb2d0000-7f5fcb2d1000 r--p 00025000 08:01 11407783                   /lib/x86_64-linux-gnu/ld-2.23.so
7f5fcb2d1000-7f5fcb2d2000 rw-p 00026000 08:01 11407783                   /lib/x86_64-linux-gnu/ld-2.23.so
7f5fcb2d2000-7f5fcb2d3000 rw-p 00000000 00:00 0 
7ffd5dd75000-7ffd5dd96000 rw-p 00000000 00:00 0                          [stack]
7ffd5ddeb000-7ffd5dded000 r--p 00000000 00:00 0                          [vvar]
7ffd5dded000-7ffd5ddef000 r-xp 00000000 00:00 0                          [vdso]
ffffffffff600000-ffffffffff601000 r-xp 00000000 00:00 0                  [vsyscall]

VM Arguments:
jvm_args: -Djava.awt.headless=true -Xmx1024M -Dfile.encoding=UTF-8 -Duser.country=US -Duser.language=en -Duser.variant 
java_command: com.android.dx.command.Main --dex --num-threads=4 --output /home/vlad/Documents/Projects/revert/platforms/android/build/intermediates/pre-dexed/debug/com.google.android.gms-play-services-ads-11.0.4_3cbcdfdfcccf7c0a77ff333620d331e0ad8b6771.jar /home/vlad/Documents/Projects/revert/platforms/android/build/intermediates/exploded-aar/com.google.android.gms/play-services-ads/11.0.4/jars/classes.jar
java_class_path (initial): /home/vlad/Android/Sdk/build-tools/26.0.1/lib/dx.jar
Launcher Type: SUN_STANDARD

Environment Variables:
PATH=/home/vlad/bin:/home/vlad/.local/bin:/usr/local/sbin:/usr/local/bin:/usr/sbin:/usr/bin:/sbin:/bin:/usr/games:/usr/local/games:/snap/bin
LD_LIBRARY_PATH=/usr/local/android-studio/bin:
SHELL=/bin/bash
DISPLAY=:0

Signal Handlers:
SIGSEGV: [libjvm.so+0x9e5150], sa_mask[0]=11111111011111111101111111111110, sa_flags=SA_RESTART|SA_SIGINFO
SIGBUS: [libjvm.so+0x9e5150], sa_mask[0]=11111111011111111101111111111110, sa_flags=SA_RESTART|SA_SIGINFO
SIGFPE: [libjvm.so+0x848450], sa_mask[0]=11111111011111111101111111111110, sa_flags=SA_RESTART|SA_SIGINFO
SIGPIPE: [libjvm.so+0x848450], sa_mask[0]=11111111011111111101111111111110, sa_flags=SA_RESTART|SA_SIGINFO
SIGXFSZ: [libjvm.so+0x848450], sa_mask[0]=11111111011111111101111111111110, sa_flags=SA_RESTART|SA_SIGINFO
SIGILL: [libjvm.so+0x848450], sa_mask[0]=11111111011111111101111111111110, sa_flags=SA_RESTART|SA_SIGINFO
SIGUSR1: SIG_DFL, sa_mask[0]=00000000000000000000000000000000, sa_flags=none
SIGUSR2: [libjvm.so+0x848320], sa_mask[0]=00100000000000000000000000000000, sa_flags=SA_RESTART|SA_SIGINFO
SIGHUP: [libjvm.so+0x848510], sa_mask[0]=11111111011111111101111111111110, sa_flags=SA_RESTART|SA_SIGINFO
SIGINT: [libjvm.so+0x848510], sa_mask[0]=11111111011111111101111111111110, sa_flags=SA_RESTART|SA_SIGINFO
SIGTERM: [libjvm.so+0x848510], sa_mask[0]=11111111011111111101111111111110, sa_flags=SA_RESTART|SA_SIGINFO
SIGQUIT: [libjvm.so+0x848510], sa_mask[0]=11111111011111111101111111111110, sa_flags=SA_RESTART|SA_SIGINFO


---------------  S Y S T E M  ---------------

OS:DISTRIB_ID=Ubuntu
DISTRIB_RELEASE=16.04
DISTRIB_CODENAME=xenial
DISTRIB_DESCRIPTION="Ubuntu 16.04.3 LTS"

uname:Linux 4.10.0-37-generic #41~16.04.1-Ubuntu SMP Fri Oct 6 22:42:59 UTC 2017 x86_64
libc:glibc 2.23 NPTL 2.23 
rlimit: STACK 8192k, CORE 0k, NPROC 31581, NOFILE 1048576, AS infinity
load average:7,09 3,94 3,10

/proc/meminfo:
MemTotal:        8202820 kB
MemFree:          135272 kB
MemAvailable:      39160 kB
Buffers:            3256 kB
Cached:           100344 kB
SwapCached:            0 kB
Active:          7602252 kB
Inactive:          82900 kB
Active(anon):    7584760 kB
Inactive(anon):    65700 kB
Active(file):      17492 kB
Inactive(file):    17200 kB
Unevictable:         488 kB
Mlocked:             488 kB
SwapTotal:             0 kB
SwapFree:              0 kB
Dirty:              8264 kB
Writeback:           688 kB
AnonPages:       7582260 kB
Mapped:           158104 kB
Shmem:             68688 kB
Slab:             111512 kB
SReclaimable:      47024 kB
SUnreclaim:        64488 kB
KernelStack:       18320 kB
PageTables:        77912 kB
NFS_Unstable:          0 kB
Bounce:                0 kB
WritebackTmp:          0 kB
CommitLimit:     4101408 kB
Committed_AS:   16631416 kB
VmallocTotal:   34359738367 kB
VmallocUsed:           0 kB
VmallocChunk:          0 kB
HardwareCorrupted:     0 kB
AnonHugePages:   3385344 kB
ShmemHugePages:        0 kB
ShmemPmdMapped:        0 kB
CmaTotal:              0 kB
CmaFree:               0 kB
HugePages_Total:       0
HugePages_Free:        0
HugePages_Rsvd:        0
HugePages_Surp:        0
Hugepagesize:       2048 kB
DirectMap4k:      356800 kB
DirectMap2M:     8060928 kB
DirectMap1G:           0 kB


CPU:total 4 (4 cores per cpu, 1 threads per core) family 21 model 2 stepping 0, cmov, cx8, fxsr, mmx, sse, sse2, sse3, ssse3, sse4.1, sse4.2, popcnt, avx, aes, clmul, mmxext, 3dnowpref, lzcnt, sse4a, tsc, tscinvbit, tscinv, bmi1

/proc/cpuinfo:
processor	: 0
vendor_id	: AuthenticAMD
cpu family	: 21
model		: 2
model name	: AMD FX(tm)-4300 Quad-Core Processor
stepping	: 0
microcode	: 0x600081f
cpu MHz		: 1400.000
cache size	: 2048 KB
physical id	: 0
siblings	: 4
core id		: 0
cpu cores	: 2
apicid		: 16
initial apicid	: 0
fpu		: yes
fpu_exception	: yes
cpuid level	: 13
wp		: yes
flags		: fpu vme de pse tsc msr pae mce cx8 apic sep mtrr pge mca cmov pat pse36 clflush mmx fxsr sse sse2 ht syscall nx mmxext fxsr_opt pdpe1gb rdtscp lm constant_tsc rep_good nopl nonstop_tsc extd_apicid aperfmperf pni pclmulqdq monitor ssse3 fma cx16 sse4_1 sse4_2 popcnt aes xsave avx f16c lahf_lm cmp_legacy svm extapic cr8_legacy abm sse4a misalignsse 3dnowprefetch osvw ibs xop skinit wdt lwp fma4 tce nodeid_msr tbm topoext perfctr_core perfctr_nb cpb hw_pstate vmmcall bmi1 arat npt lbrv svm_lock nrip_save tsc_scale vmcb_clean flushbyasid decodeassists pausefilter pfthreshold
bugs		: fxsave_leak sysret_ss_attrs null_seg
bogomips	: 7634.87
TLB size	: 1536 4K pages
clflush size	: 64
cache_alignment	: 64
address sizes	: 48 bits physical, 48 bits virtual
power management: ts ttp tm 100mhzsteps hwpstate cpb eff_freq_ro

processor	: 1
vendor_id	: AuthenticAMD
cpu family	: 21
model		: 2
model name	: AMD FX(tm)-4300 Quad-Core Processor
stepping	: 0
microcode	: 0x600081f
cpu MHz		: 1400.000
cache size	: 2048 KB
physical id	: 0
siblings	: 4
core id		: 1
cpu cores	: 2
apicid		: 17
initial apicid	: 1
fpu		: yes
fpu_exception	: yes
cpuid level	: 13
wp		: yes
flags		: fpu vme de pse tsc msr pae mce cx8 apic sep mtrr pge mca cmov pat pse36 clflush mmx fxsr sse sse2 ht syscall nx mmxext fxsr_opt pdpe1gb rdtscp lm constant_tsc rep_good nopl nonstop_tsc extd_apicid aperfmperf pni pclmulqdq monitor ssse3 fma cx16 sse4_1 sse4_2 popcnt aes xsave avx f16c lahf_lm cmp_legacy svm extapic cr8_legacy abm sse4a misalignsse 3dnowprefetch osvw ibs xop skinit wdt lwp fma4 tce nodeid_msr tbm topoext perfctr_core perfctr_nb cpb hw_pstate vmmcall bmi1 arat npt lbrv svm_lock nrip_save tsc_scale vmcb_clean flushbyasid decodeassists pausefilter pfthreshold
bugs		: fxsave_leak sysret_ss_attrs null_seg
bogomips	: 7634.87
TLB size	: 1536 4K pages
clflush size	: 64
cache_alignment	: 64
address sizes	: 48 bits physical, 48 bits virtual
power management: ts ttp tm 100mhzsteps hwpstate cpb eff_freq_ro

processor	: 2
vendor_id	: AuthenticAMD
cpu family	: 21
model		: 2
model name	: AMD FX(tm)-4300 Quad-Core Processor
stepping	: 0
microcode	: 0x600081f
cpu MHz		: 1400.000
cache size	: 2048 KB
physical id	: 0
siblings	: 4
core id		: 2
cpu cores	: 2
apicid		: 18
initial apicid	: 2
fpu		: yes
fpu_exception	: yes
cpuid level	: 13
wp		: yes
flags		: fpu vme de pse tsc msr pae mce cx8 apic sep mtrr pge mca cmov pat pse36 clflush mmx fxsr sse sse2 ht syscall nx mmxext fxsr_opt pdpe1gb rdtscp lm constant_tsc rep_good nopl nonstop_tsc extd_apicid aperfmperf pni pclmulqdq monitor ssse3 fma cx16 sse4_1 sse4_2 popcnt aes xsave avx f16c lahf_lm cmp_legacy svm extapic cr8_legacy abm sse4a misalignsse 3dnowprefetch osvw ibs xop skinit wdt lwp fma4 tce nodeid_msr tbm topoext perfctr_core perfctr_nb cpb hw_pstate vmmcall bmi1 arat npt lbrv svm_lock nrip_save tsc_scale vmcb_clean flushbyasid decodeassists pausefilter pfthreshold
bugs		: fxsave_leak sysret_ss_attrs null_seg
bogomips	: 7634.87
TLB size	: 1536 4K pages
clflush size	: 64
cache_alignment	: 64
address sizes	: 48 bits physical, 48 bits virtual
power management: ts ttp tm 100mhzsteps hwpstate cpb eff_freq_ro

processor	: 3
vendor_id	: AuthenticAMD
cpu family	: 21
model		: 2
model name	: AMD FX(tm)-4300 Quad-Core Processor
stepping	: 0
microcode	: 0x600081f
cpu MHz		: 3800.000
cache size	: 2048 KB
physical id	: 0
siblings	: 4
core id		: 3
cpu cores	: 2
apicid		: 19
initial apicid	: 3
fpu		: yes
fpu_exception	: yes
cpuid level	: 13
wp		: yes
flags		: fpu vme de pse tsc msr pae mce cx8 apic sep mtrr pge mca cmov pat pse36 clflush mmx fxsr sse sse2 ht syscall nx mmxext fxsr_opt pdpe1gb rdtscp lm constant_tsc rep_good nopl nonstop_tsc extd_apicid aperfmperf pni pclmulqdq monitor ssse3 fma cx16 sse4_1 sse4_2 popcnt aes xsave avx f16c lahf_lm cmp_legacy svm extapic cr8_legacy abm sse4a misalignsse 3dnowprefetch osvw ibs xop skinit wdt lwp fma4 tce nodeid_msr tbm topoext perfctr_core perfctr_nb cpb hw_pstate vmmcall bmi1 arat npt lbrv svm_lock nrip_save tsc_scale vmcb_clean flushbyasid decodeassists pausefilter pfthreshold
bugs		: fxsave_leak sysret_ss_attrs null_seg
bogomips	: 7634.87
TLB size	: 1536 4K pages
clflush size	: 64
cache_alignment	: 64
address sizes	: 48 bits physical, 48 bits virtual
power management: ts ttp tm 100mhzsteps hwpstate cpb eff_freq_ro



Memory: 4k page, physical 8202820k(135272k free), swap 0k(0k free)

vm_info: OpenJDK 64-Bit Server VM (25.112-b06) for linux-amd64 JRE (1.8.0_112-release-b06), built on Dec  6 2016 12:11:18 by "builder" with gcc 4.8.4

time: Thu Oct 26 08:43:11 2017
elapsed time: 16 seconds (0d 0h 0m 16s)

