#
# There is insufficient memory for the Java Runtime Environment to continue.
# Native memory allocation (mmap) failed to map 126877696 bytes for committing reserved memory.
# Possible reasons:
#   The system is out of physical RAM or swap space
#   In 32 bit mode, the process size limit was hit
# Possible solutions:
#   Reduce memory load on the system
#   Increase physical memory or swap space
#   Check if swap backing store is full
#   Use 64 bit Java on a 64 bit OS
#   Decrease Java heap size (-Xmx/-Xms)
#   Decrease number of Java threads
#   Decrease Java thread stack sizes (-Xss)
#   Set larger code cache with -XX:ReservedCodeCacheSize=
# This output file may be truncated or incomplete.
#
#  Out of Memory Error (os_linux.cpp:2627), pid=11512, tid=0x00007f841cefe700
#
# JRE version: OpenJDK Runtime Environment (8.0_112-b06) (build 1.8.0_112-release-b06)
# Java VM: OpenJDK 64-Bit Server VM (25.112-b06 mixed mode linux-amd64 compressed oops)
# Failed to write core dump. Core dumps have been disabled. To enable core dumping, try "ulimit -c unlimited" before starting Java again
#

---------------  T H R E A D  ---------------

Current thread (0x00007f842c077800):  VMThread [stack: 0x00007f841cdfe000,0x00007f841ceff000] [id=11521]

Stack: [0x00007f841cdfe000,0x00007f841ceff000],  sp=0x00007f841cefd4d0,  free space=1021k
Native frames: (J=compiled Java code, j=interpreted, Vv=VM code, C=native code)
V  [libjvm.so+0x9e465d]  VMError::report_and_die()+0x15d
V  [libjvm.so+0x4b6ada]  report_vm_out_of_memory(char const*, int, unsigned long, VMErrorType, char const*)+0x8a
V  [libjvm.so+0x84c860]  os::pd_commit_memory(char*, unsigned long, unsigned long, bool)+0xf0
V  [libjvm.so+0x84737f]  os::commit_memory(char*, unsigned long, unsigned long, bool)+0x1f
V  [libjvm.so+0x8bd3db]  PSVirtualSpace::expand_by(unsigned long)+0x5b
V  [libjvm.so+0x8ae1bb]  PSOldGen::expand_by(unsigned long) [clone .part.109]+0x1b
V  [libjvm.so+0x8ae37b]  PSOldGen::expand(unsigned long) [clone .part.111]+0xdb
V  [libjvm.so+0x8aec58]  PSOldGen::resize(unsigned long)+0x188
V  [libjvm.so+0x8b426c]  PSParallelCompact::invoke_no_policy(bool)+0x97c
V  [libjvm.so+0x8bb37d]  PSScavenge::invoke()+0x17d
V  [libjvm.so+0x86fcf3]  ParallelScavengeHeap::failed_mem_allocate(unsigned long)+0x63
V  [libjvm.so+0x9e6124]  VM_ParallelGCFailedAllocation::doit()+0x84
V  [libjvm.so+0x9ea537]  VM_Operation::evaluate()+0x47
V  [libjvm.so+0x9e8ff8]  VMThread::evaluate_operation(VM_Operation*)+0x2c8
V  [libjvm.so+0x9e9479]  VMThread::loop()+0x219
V  [libjvm.so+0x9e98c2]  VMThread::run()+0x72
V  [libjvm.so+0x849c82]  java_start(Thread*)+0xf2

VM_Operation (0x00007f84155f3f40): ParallelGCFailedAllocation, mode: safepoint, requested by thread 0x00007f842c142800


---------------  P R O C E S S  ---------------

Java Threads: ( => current thread )
  0x00007f842c142800 JavaThread "pool-1-thread-4" [_thread_blocked, id=11554, stack(0x00007f84154f5000,0x00007f84155f6000)]
  0x00007f842c141000 JavaThread "pool-1-thread-3" [_thread_blocked, id=11553, stack(0x00007f84155f6000,0x00007f84156f7000)]
  0x00007f842c13f800 JavaThread "pool-1-thread-2" [_thread_blocked, id=11552, stack(0x00007f84156f7000,0x00007f84157f8000)]
  0x00007f842c13c000 JavaThread "pool-2-thread-1" [_thread_blocked, id=11551, stack(0x00007f84157f8000,0x00007f84158f9000)]
  0x00007f842c13a800 JavaThread "pool-1-thread-1" [_thread_blocked, id=11550, stack(0x00007f84158f9000,0x00007f84159fa000)]
  0x00007f842c0c0800 JavaThread "Service Thread" daemon [_thread_blocked, id=11531, stack(0x00007f8415afb000,0x00007f8415bfc000)]
  0x00007f842c0bd800 JavaThread "C1 CompilerThread2" daemon [_thread_blocked, id=11528, stack(0x00007f8415bfc000,0x00007f8415cfd000)]
  0x00007f842c0bc000 JavaThread "C2 CompilerThread1" daemon [_thread_blocked, id=11527, stack(0x00007f8415cfd000,0x00007f8415dfe000)]
  0x00007f842c0b9000 JavaThread "C2 CompilerThread0" daemon [_thread_blocked, id=11525, stack(0x00007f8415dfe000,0x00007f8415eff000)]
  0x00007f842c0b7800 JavaThread "Signal Dispatcher" daemon [_thread_blocked, id=11524, stack(0x00007f8415eff000,0x00007f8416000000)]
  0x00007f842c083800 JavaThread "Finalizer" daemon [_thread_blocked, id=11523, stack(0x00007f841cbfc000,0x00007f841ccfd000)]
  0x00007f842c07f000 JavaThread "Reference Handler" daemon [_thread_blocked, id=11522, stack(0x00007f841ccfd000,0x00007f841cdfe000)]
  0x00007f842c00a000 JavaThread "main" [_thread_blocked, id=11514, stack(0x00007f8435439000,0x00007f843553a000)]

Other Threads:
=>0x00007f842c077800 VMThread [stack: 0x00007f841cdfe000,0x00007f841ceff000] [id=11521]
  0x00007f842c0c3000 WatcherThread [stack: 0x00007f84159fa000,0x00007f8415afb000] [id=11537]

VM state:at safepoint (normal execution)

VM Mutex/Monitor currently owned by a thread:  ([mutex/lock_event])
[0x00007f842c005fb0] ExpandHeap_lock - owner thread: 0x00007f842c077800
[0x00007f842c006630] Threads_lock - owner thread: 0x00007f842c077800
[0x00007f842c006b30] Heap_lock - owner thread: 0x00007f842c142800

Heap:
 PSYoungGen      total 187904K, used 2731K [0x00000000eab00000, 0x0000000100000000, 0x0000000100000000)
  eden space 129024K, 0% used [0x00000000eab00000,0x00000000eab00000,0x00000000f2900000)
  from space 58880K, 4% used [0x00000000fc680000,0x00000000fc92afb8,0x0000000100000000)
  to   space 110080K, 0% used [0x00000000f2900000,0x00000000f2900000,0x00000000f9480000)
 ParOldGen       total 169472K, used 169368K [0x00000000c0000000, 0x00000000ca580000, 0x00000000eab00000)
  object space 169472K, 99% used [0x00000000c0000000,0x00000000ca566320,0x00000000ca580000)
 Metaspace       used 6455K, capacity 7216K, committed 7296K, reserved 1056768K
  class space    used 593K, capacity 616K, committed 640K, reserved 1048576K

Card table byte_map: [0x00007f8432072000,0x00007f8432273000] byte_map_base: 0x00007f8431a72000

Marking Bits: (ParMarkBitMap*) 0x00007f84348d9340
 Begin Bits: [0x00007f8416000000, 0x00007f8417000000)
 End Bits:   [0x00007f8417000000, 0x00007f8418000000)

Polling page: 0x00007f8435438000

CodeCache: size=245760Kb used=9286Kb max_used=9298Kb free=236473Kb
 bounds [0x00007f841d000000, 0x00007f841d950000, 0x00007f842c000000]
 total_blobs=2372 nmethods=2105 adapters=182
 compilation: enabled

Compilation events (10 events):
Event: 9,633 Thread 0x00007f842c0bc000 nmethod 2321 0x00007f841d940ad0 code [0x00007f841d940fa0, 0x00007f841d945428]
Event: 9,633 Thread 0x00007f842c0bc000 2335 %     4       com.android.dx.ssa.Dominators::run @ 137 (506 bytes)
Event: 9,677 Thread 0x00007f842c0bd800 2351       2       com.android.dx.dex.file.AnnotationUtils::makeCstArray (57 bytes)
Event: 9,678 Thread 0x00007f842c0bd800 nmethod 2351 0x00007f841d1df690 code [0x00007f841d1df8a0, 0x00007f841d1e0088]
Event: 9,701 Thread 0x00007f842c0bc000 nmethod 2335% 0x00007f841d90d210 code [0x00007f841d90d520, 0x00007f841d90eb18]
Event: 9,701 Thread 0x00007f842c0bc000 2142       4       com.android.dx.cf.code.ByteCatchList::listFor (120 bytes)
Event: 9,724 Thread 0x00007f842c0bc000 nmethod 2142 0x00007f841d1a41d0 code [0x00007f841d1a4360, 0x00007f841d1a48f8]
Event: 9,725 Thread 0x00007f842c0bc000 2352 %     4       com.android.dx.ssa.Dominators::run @ 283 (506 bytes)
Event: 9,753 Thread 0x00007f842c0bd800 2354       2       com.android.dx.rop.code.SwitchInsn::withNewRegisters (22 bytes)
Event: 9,753 Thread 0x00007f842c0bd800 nmethod 2354 0x00007f841d13bd90 code [0x00007f841d13bf00, 0x00007f841d13c0e8]

GC Heap History (10 events):
Event: 6,816 GC heap after
Heap after GC invocations=7 (full 0):
 PSYoungGen      total 146432K, used 17399K [0x00000000eab00000, 0x00000000fe600000, 0x0000000100000000)
  eden space 129024K, 0% used [0x00000000eab00000,0x00000000eab00000,0x00000000f2900000)
  from space 17408K, 99% used [0x00000000f2900000,0x00000000f39fdc88,0x00000000f3a00000)
  to   space 32256K, 0% used [0x00000000fc680000,0x00000000fc680000,0x00000000fe600000)
 ParOldGen       total 86016K, used 47178K [0x00000000c0000000, 0x00000000c5400000, 0x00000000eab00000)
  object space 86016K, 54% used [0x00000000c0000000,0x00000000c2e12a90,0x00000000c5400000)
 Metaspace       used 6325K, capacity 7152K, committed 7296K, reserved 1056768K
  class space    used 592K, capacity 616K, committed 640K, reserved 1048576K
}
Event: 7,356 GC heap before
{Heap before GC invocations=8 (full 0):
 PSYoungGen      total 146432K, used 146423K [0x00000000eab00000, 0x00000000fe600000, 0x0000000100000000)
  eden space 129024K, 100% used [0x00000000eab00000,0x00000000f2900000,0x00000000f2900000)
  from space 17408K, 99% used [0x00000000f2900000,0x00000000f39fdc88,0x00000000f3a00000)
  to   space 32256K, 0% used [0x00000000fc680000,0x00000000fc680000,0x00000000fe600000)
 ParOldGen       total 86016K, used 47178K [0x00000000c0000000, 0x00000000c5400000, 0x00000000eab00000)
  object space 86016K, 54% used [0x00000000c0000000,0x00000000c2e12a90,0x00000000c5400000)
 Metaspace       used 6337K, capacity 7152K, committed 7296K, reserved 1056768K
  class space    used 593K, capacity 616K, committed 640K, reserved 1048576K
Event: 7,424 GC heap after
Heap after GC invocations=8 (full 0):
 PSYoungGen      total 269312K, used 32241K [0x00000000eab00000, 0x0000000100000000, 0x0000000100000000)
  eden space 237056K, 0% used [0x00000000eab00000,0x00000000eab00000,0x00000000f9280000)
  from space 32256K, 99% used [0x00000000fc680000,0x00000000fe5fc770,0x00000000fe600000)
  to   space 53248K, 0% used [0x00000000f9280000,0x00000000f9280000,0x00000000fc680000)
 ParOldGen       total 86016K, used 82374K [0x00000000c0000000, 0x00000000c5400000, 0x00000000eab00000)
  object space 86016K, 95% used [0x00000000c0000000,0x00000000c5071858,0x00000000c5400000)
 Metaspace       used 6337K, capacity 7152K, committed 7296K, reserved 1056768K
  class space    used 593K, capacity 616K, committed 640K, reserved 1048576K
}
Event: 7,424 GC heap before
{Heap before GC invocations=9 (full 1):
 PSYoungGen      total 269312K, used 32241K [0x00000000eab00000, 0x0000000100000000, 0x0000000100000000)
  eden space 237056K, 0% used [0x00000000eab00000,0x00000000eab00000,0x00000000f9280000)
  from space 32256K, 99% used [0x00000000fc680000,0x00000000fe5fc770,0x00000000fe600000)
  to   space 53248K, 0% used [0x00000000f9280000,0x00000000f9280000,0x00000000fc680000)
 ParOldGen       total 86016K, used 82374K [0x00000000c0000000, 0x00000000c5400000, 0x00000000eab00000)
  object space 86016K, 95% used [0x00000000c0000000,0x00000000c5071858,0x00000000c5400000)
 Metaspace       used 6337K, capacity 7152K, committed 7296K, reserved 1056768K
  class space    used 593K, capacity 616K, committed 640K, reserved 1048576K
Event: 7,716 GC heap after
Heap after GC invocations=9 (full 1):
 PSYoungGen      total 269312K, used 0K [0x00000000eab00000, 0x0000000100000000, 0x0000000100000000)
  eden space 237056K, 0% used [0x00000000eab00000,0x00000000eab00000,0x00000000f9280000)
  from space 32256K, 0% used [0x00000000fc680000,0x00000000fc680000,0x00000000fe600000)
  to   space 53248K, 0% used [0x00000000f9280000,0x00000000f9280000,0x00000000fc680000)
 ParOldGen       total 136192K, used 62425K [0x00000000c0000000, 0x00000000c8500000, 0x00000000eab00000)
  object space 136192K, 45% used [0x00000000c0000000,0x00000000c3cf6538,0x00000000c8500000)
 Metaspace       used 6337K, capacity 7152K, committed 7296K, reserved 1056768K
  class space    used 593K, capacity 616K, committed 640K, reserved 1048576K
}
Event: 9,047 GC heap before
{Heap before GC invocations=10 (full 1):
 PSYoungGen      total 269312K, used 237056K [0x00000000eab00000, 0x0000000100000000, 0x0000000100000000)
  eden space 237056K, 100% used [0x00000000eab00000,0x00000000f9280000,0x00000000f9280000)
  from space 32256K, 0% used [0x00000000fc680000,0x00000000fc680000,0x00000000fe600000)
  to   space 53248K, 0% used [0x00000000f9280000,0x00000000f9280000,0x00000000fc680000)
 ParOldGen       total 136192K, used 62425K [0x00000000c0000000, 0x00000000c8500000, 0x00000000eab00000)
  object space 136192K, 45% used [0x00000000c0000000,0x00000000c3cf6538,0x00000000c8500000)
 Metaspace       used 6447K, capacity 7216K, committed 7296K, reserved 1056768K
  class space    used 593K, capacity 616K, committed 640K, reserved 1048576K
Event: 9,127 GC heap after
Heap after GC invocations=10 (full 1):
 PSYoungGen      total 290304K, used 53220K [0x00000000eab00000, 0x0000000100000000, 0x0000000100000000)
  eden space 237056K, 0% used [0x00000000eab00000,0x00000000eab00000,0x00000000f9280000)
  from space 53248K, 99% used [0x00000000f9280000,0x00000000fc679290,0x00000000fc680000)
  to   space 58880K, 0% used [0x00000000fc680000,0x00000000fc680000,0x0000000100000000)
 ParOldGen       total 136192K, used 80786K [0x00000000c0000000, 0x00000000c8500000, 0x00000000eab00000)
  object space 136192K, 59% used [0x00000000c0000000,0x00000000c4ee4bb0,0x00000000c8500000)
 Metaspace       used 6447K, capacity 7216K, committed 7296K, reserved 1056768K
  class space    used 593K, capacity 616K, committed 640K, reserved 1048576K
}
Event: 9,774 GC heap before
{Heap before GC invocations=11 (full 1):
 PSYoungGen      total 290304K, used 290276K [0x00000000eab00000, 0x0000000100000000, 0x0000000100000000)
  eden space 237056K, 100% used [0x00000000eab00000,0x00000000f9280000,0x00000000f9280000)
  from space 53248K, 99% used [0x00000000f9280000,0x00000000fc679290,0x00000000fc680000)
  to   space 58880K, 0% used [0x00000000fc680000,0x00000000fc680000,0x0000000100000000)
 ParOldGen       total 136192K, used 80786K [0x00000000c0000000, 0x00000000c8500000, 0x00000000eab00000)
  object space 136192K, 59% used [0x00000000c0000000,0x00000000c4ee4bb0,0x00000000c8500000)
 Metaspace       used 6455K, capacity 7216K, committed 7296K, reserved 1056768K
  class space    used 593K, capacity 616K, committed 640K, reserved 1048576K
Event: 9,929 GC heap after
Heap after GC invocations=11 (full 1):
 PSYoungGen      total 187904K, used 58857K [0x00000000eab00000, 0x0000000100000000, 0x0000000100000000)
  eden space 129024K, 0% used [0x00000000eab00000,0x00000000eab00000,0x00000000f2900000)
  from space 58880K, 99% used [0x00000000fc680000,0x00000000ffffa568,0x0000000100000000)
  to   space 110080K, 0% used [0x00000000f2900000,0x00000000f2900000,0x00000000f9480000)
 ParOldGen       total 169472K, used 168481K [0x00000000c0000000, 0x00000000ca580000, 0x00000000eab00000)
  object space 169472K, 99% used [0x00000000c0000000,0x00000000ca488650,0x00000000ca580000)
 Metaspace       used 6455K, capacity 7216K, committed 7296K, reserved 1056768K
  class space    used 593K, capacity 616K, committed 640K, reserved 1048576K
}
Event: 9,929 GC heap before
{Heap before GC invocations=12 (full 2):
 PSYoungGen      total 187904K, used 58857K [0x00000000eab00000, 0x0000000100000000, 0x0000000100000000)
  eden space 129024K, 0% used [0x00000000eab00000,0x00000000eab00000,0x00000000f2900000)
  from space 58880K, 99% used [0x00000000fc680000,0x00000000ffffa568,0x0000000100000000)
  to   space 110080K, 0% used [0x00000000f2900000,0x00000000f2900000,0x00000000f9480000)
 ParOldGen       total 169472K, used 168481K [0x00000000c0000000, 0x00000000ca580000, 0x00000000eab00000)
  object space 169472K, 99% used [0x00000000c0000000,0x00000000ca488650,0x00000000ca580000)
 Metaspace       used 6455K, capacity 7216K, committed 7296K, reserved 1056768K
  class space    used 593K, capacity 616K, committed 640K, reserved 1048576K

Deoptimization events (10 events):
Event: 7,083 Thread 0x00007f842c00a000 Uncommon trap: reason=class_check action=maybe_recompile pc=0x00007f841d357024 method=com.android.dx.ssa.back.InterferenceGraph.add(II)V @ 19
Event: 7,083 Thread 0x00007f842c00a000 Uncommon trap: reason=class_check action=maybe_recompile pc=0x00007f841d357024 method=com.android.dx.ssa.back.InterferenceGraph.add(II)V @ 19
Event: 7,747 Thread 0x00007f842c00a000 Uncommon trap: reason=unstable_if action=reinterpret pc=0x00007f841d7ba7a8 method=com.android.dx.cf.code.Ropper.isSynchronized()Z @ 12
Event: 7,876 Thread 0x00007f842c00a000 Uncommon trap: reason=bimorphic action=maybe_recompile pc=0x00007f841d775e78 method=com.android.dx.cf.code.BytecodeArray.parseInstruction(ILcom/android/dx/cf/code/BytecodeArray$Visitor;)I @ 1357
Event: 7,876 Thread 0x00007f842c00a000 Uncommon trap: reason=bimorphic action=maybe_recompile pc=0x00007f841d775e78 method=com.android.dx.cf.code.BytecodeArray.parseInstruction(ILcom/android/dx/cf/code/BytecodeArray$Visitor;)I @ 1357
Event: 7,968 Thread 0x00007f842c00a000 Uncommon trap: reason=bimorphic action=maybe_recompile pc=0x00007f841d7754b0 method=com.android.dx.cf.code.BytecodeArray.parseInstruction(ILcom/android/dx/cf/code/BytecodeArray$Visitor;)I @ 1987
Event: 7,968 Thread 0x00007f842c00a000 Uncommon trap: reason=bimorphic action=maybe_recompile pc=0x00007f841d7754b0 method=com.android.dx.cf.code.BytecodeArray.parseInstruction(ILcom/android/dx/cf/code/BytecodeArray$Visitor;)I @ 1987
Event: 8,349 Thread 0x00007f842c00a000 Uncommon trap: reason=unstable_if action=reinterpret pc=0x00007f841d755430 method=com.android.dx.rop.code.DexTranslationAdvice.hasConstantOperation(Lcom/android/dx/rop/code/Rop;Lcom/android/dx/rop/code/RegisterSpec;Lcom/android/dx/rop/code/RegisterSpec;)Z
Event: 8,403 Thread 0x00007f842c00a000 Uncommon trap: reason=unstable_if action=reinterpret pc=0x00007f841d7b2640 method=com.android.dx.ssa.MoveParamCombiner$1.visitNonMoveInsn(Lcom/android/dx/ssa/NormalSsaInsn;)V @ 27
Event: 9,577 Thread 0x00007f842c00a000 Uncommon trap: reason=unstable_if action=reinterpret pc=0x00007f841d8b0d6c method=com.android.dx.ssa.back.IdenticalBlockCombiner.replaceSucc(Lcom/android/dx/rop/code/BasicBlock;II)V @ 30

Internal exceptions (5 events):
Event: 0,104 Thread 0x00007f842c00a000 Exception <a 'java/lang/NoSuchMethodError': Method sun.misc.Unsafe.defineClass(Ljava/lang/String;[BII)Ljava/lang/Class; name or signature does not match> (0x00000000eab07c78) thrown at [/ssd/Android/AOSP-openjdk/external/jetbrains/jdk/hotspot/src/share/vm
Event: 0,104 Thread 0x00007f842c00a000 Exception <a 'java/lang/NoSuchMethodError': Method sun.misc.Unsafe.prefetchRead(Ljava/lang/Object;J)V name or signature does not match> (0x00000000eab07f60) thrown at [/ssd/Android/AOSP-openjdk/external/jetbrains/jdk/hotspot/src/share/vm/prims/jni.cpp, li
Event: 3,139 Thread 0x00007f842c13f800 Exception <a 'java/lang/ArrayIndexOutOfBoundsException': 18> (0x00000000ede6ce00) thrown at [/ssd/Android/AOSP-openjdk/external/jetbrains/jdk/hotspot/src/share/vm/interpreter/interpreterRuntime.cpp, line 366]
Event: 3,140 Thread 0x00007f842c13f800 Exception <a 'java/lang/ArrayIndexOutOfBoundsException': 145> (0x00000000ede6e980) thrown at [/ssd/Android/AOSP-openjdk/external/jetbrains/jdk/hotspot/src/share/vm/interpreter/interpreterRuntime.cpp, line 366]
Event: 3,157 Thread 0x00007f842c13f800 Exception <a 'java/lang/ArrayIndexOutOfBoundsException': 40> (0x00000000ede6fc68) thrown at [/ssd/Android/AOSP-openjdk/external/jetbrains/jdk/hotspot/src/share/vm/interpreter/interpreterRuntime.cpp, line 366]

Events (10 events):
Event: 9,631 Thread 0x00007f842c00a000 DEOPT UNPACKING pc=0x00007f841d046f73 sp=0x00007f8435537600 mode 0
Event: 9,680 Thread 0x00007f842c00a000 DEOPT PACKING pc=0x00007f841d3c414a sp=0x00007f8435537740
Event: 9,680 Thread 0x00007f842c00a000 DEOPT UNPACKING pc=0x00007f841d046f73 sp=0x00007f8435537528 mode 0
Event: 9,718 Thread 0x00007f842c00a000 DEOPT PACKING pc=0x00007f841d2bcb11 sp=0x00007f8435537690
Event: 9,718 Thread 0x00007f842c00a000 DEOPT UNPACKING pc=0x00007f841d046f73 sp=0x00007f84355373e8 mode 0
Event: 9,756 Thread 0x00007f842c00a000 DEOPT PACKING pc=0x00007f841d317e78 sp=0x00007f8435537740
Event: 9,756 Thread 0x00007f842c00a000 DEOPT UNPACKING pc=0x00007f841d046f73 sp=0x00007f8435537540 mode 0
Event: 9,758 Thread 0x00007f842c00a000 DEOPT PACKING pc=0x00007f841d2bcb11 sp=0x00007f84355375e0
Event: 9,758 Thread 0x00007f842c00a000 DEOPT UNPACKING pc=0x00007f841d046f73 sp=0x00007f8435537338 mode 0
Event: 9,773 Executing VM operation: ParallelGCFailedAllocation


Dynamic libraries:
00400000-00401000 r-xp 00000000 08:01 25956432                           /usr/local/android-studio/jre/bin/java
00600000-00601000 r--p 00000000 08:01 25956432                           /usr/local/android-studio/jre/bin/java
00601000-00602000 rw-p 00001000 08:01 25956432                           /usr/local/android-studio/jre/bin/java
01fc9000-01fea000 rw-p 00000000 00:00 0                                  [heap]
c0000000-ca580000 rw-p 00000000 00:00 0 
d1e80000-eab00000 ---p 00000000 00:00 0 
eab00000-100000000 rw-p 00000000 00:00 0 
100000000-1000a0000 rw-p 00000000 00:00 0 
1000a0000-140000000 ---p 00000000 00:00 0 
7f83c8000000-7f83c8021000 rw-p 00000000 00:00 0 
7f83c8021000-7f83cc000000 ---p 00000000 00:00 0 
7f83d0000000-7f83d0037000 rw-p 00000000 00:00 0 
7f83d0037000-7f83d4000000 ---p 00000000 00:00 0 
7f83d4000000-7f83d4030000 rw-p 00000000 00:00 0 
7f83d4030000-7f83d8000000 ---p 00000000 00:00 0 
7f83d8000000-7f83d8021000 rw-p 00000000 00:00 0 
7f83d8021000-7f83dc000000 ---p 00000000 00:00 0 
7f83dc000000-7f83dc021000 rw-p 00000000 00:00 0 
7f83dc021000-7f83e0000000 ---p 00000000 00:00 0 
7f83e0000000-7f83e0021000 rw-p 00000000 00:00 0 
7f83e0021000-7f83e4000000 ---p 00000000 00:00 0 
7f83e4000000-7f83e4021000 rw-p 00000000 00:00 0 
7f83e4021000-7f83e8000000 ---p 00000000 00:00 0 
7f83e8000000-7f83e917c000 rw-p 00000000 00:00 0 
7f83e917c000-7f83ec000000 ---p 00000000 00:00 0 
7f83ec000000-7f83ec6a6000 rw-p 00000000 00:00 0 
7f83ec6a6000-7f83f0000000 ---p 00000000 00:00 0 
7f83f0000000-7f83f0021000 rw-p 00000000 00:00 0 
7f83f0021000-7f83f4000000 ---p 00000000 00:00 0 
7f83f4000000-7f83f5174000 rw-p 00000000 00:00 0 
7f83f5174000-7f83f8000000 ---p 00000000 00:00 0 
7f83f8000000-7f83f8021000 rw-p 00000000 00:00 0 
7f83f8021000-7f83fc000000 ---p 00000000 00:00 0 
7f83fc000000-7f83fc021000 rw-p 00000000 00:00 0 
7f83fc021000-7f8400000000 ---p 00000000 00:00 0 
7f8400000000-7f8400021000 rw-p 00000000 00:00 0 
7f8400021000-7f8404000000 ---p 00000000 00:00 0 
7f8404000000-7f840427f000 rw-p 00000000 00:00 0 
7f840427f000-7f8408000000 ---p 00000000 00:00 0 
7f8408000000-7f8408021000 rw-p 00000000 00:00 0 
7f8408021000-7f840c000000 ---p 00000000 00:00 0 
7f8410000000-7f8410021000 rw-p 00000000 00:00 0 
7f8410021000-7f8414000000 ---p 00000000 00:00 0 
7f84154f5000-7f84154f8000 ---p 00000000 00:00 0 
7f84154f8000-7f84155f6000 rw-p 00000000 00:00 0 
7f84155f6000-7f84155f9000 ---p 00000000 00:00 0 
7f84155f9000-7f84156f7000 rw-p 00000000 00:00 0 
7f84156f7000-7f84156fa000 ---p 00000000 00:00 0 
7f84156fa000-7f84157f8000 rw-p 00000000 00:00 0 
7f84157f8000-7f84157fb000 ---p 00000000 00:00 0 
7f84157fb000-7f84158f9000 rw-p 00000000 00:00 0 
7f84158f9000-7f84158fc000 ---p 00000000 00:00 0 
7f84158fc000-7f84159fa000 rw-p 00000000 00:00 0 
7f84159fa000-7f84159fb000 ---p 00000000 00:00 0 
7f84159fb000-7f8415afb000 rw-p 00000000 00:00 0 
7f8415afb000-7f8415afe000 ---p 00000000 00:00 0 
7f8415afe000-7f8415bfc000 rw-p 00000000 00:00 0 
7f8415bfc000-7f8415bff000 ---p 00000000 00:00 0 
7f8415bff000-7f8415cfd000 rw-p 00000000 00:00 0 
7f8415cfd000-7f8415d00000 ---p 00000000 00:00 0 
7f8415d00000-7f8415dfe000 rw-p 00000000 00:00 0 
7f8415dfe000-7f8415e01000 ---p 00000000 00:00 0 
7f8415e01000-7f8415eff000 rw-p 00000000 00:00 0 
7f8415eff000-7f8415f02000 ---p 00000000 00:00 0 
7f8415f02000-7f8418000000 rw-p 00000000 00:00 0 
7f8418000000-7f8418021000 rw-p 00000000 00:00 0 
7f8418021000-7f841c000000 ---p 00000000 00:00 0 
7f841c0a3000-7f841c0b7000 r--s 000d8000 08:01 4330787                    /home/vlad/Documents/Projects/revert/platforms/android/build/intermediates/exploded-aar/com.google.android.gms/play-services-ads/11.0.4/jars/classes.jar
7f841c0bb000-7f841cbf8000 r--p 00000000 08:01 1055535                    /usr/lib/locale/locale-archive
7f841cbfc000-7f841cbff000 ---p 00000000 00:00 0 
7f841cbff000-7f841ccfd000 rw-p 00000000 00:00 0 
7f841ccfd000-7f841cd00000 ---p 00000000 00:00 0 
7f841cd00000-7f841cdfe000 rw-p 00000000 00:00 0 
7f841cdfe000-7f841cdff000 ---p 00000000 00:00 0 
7f841cdff000-7f841d000000 rw-p 00000000 00:00 0 
7f841d000000-7f841d950000 rwxp 00000000 00:00 0 
7f841d950000-7f842c000000 ---p 00000000 00:00 0 
7f842c000000-7f842c37f000 rw-p 00000000 00:00 0 
7f842c37f000-7f8430000000 ---p 00000000 00:00 0 
7f8430007000-7f8430016000 r--s 000e4000 08:01 7213429                    /home/vlad/Android/Sdk/build-tools/26.0.1/lib/dx.jar
7f843001b000-7f8430ece000 rw-p 00000000 00:00 0 
7f8430ece000-7f843109d000 r--s 03c1b000 08:01 25956489                   /usr/local/android-studio/jre/jre/lib/rt.jar
7f84310a2000-7f8431798000 rw-p 00000000 00:00 0 
7f8431798000-7f8431918000 ---p 00000000 00:00 0 
7f8431918000-7f8431b18000 rw-p 00000000 00:00 0 
7f8431b18000-7f8431b19000 ---p 00000000 00:00 0 
7f8431b19000-7f8431c19000 rw-p 00000000 00:00 0 
7f8431c19000-7f8431c1a000 ---p 00000000 00:00 0 
7f8431c1a000-7f8431d1a000 rw-p 00000000 00:00 0 
7f8431d1a000-7f8431d1b000 ---p 00000000 00:00 0 
7f8431d1b000-7f8431e1b000 rw-p 00000000 00:00 0 
7f8431e1b000-7f8431e1c000 ---p 00000000 00:00 0 
7f8431e1c000-7f8431f6f000 rw-p 00000000 00:00 0 
7f8431f6f000-7f8432072000 ---p 00000000 00:00 0 
7f8432072000-7f84320c5000 rw-p 00000000 00:00 0 
7f84320c5000-7f84321c7000 ---p 00000000 00:00 0 
7f84321c7000-7f8432272000 rw-p 00000000 00:00 0 
7f8432272000-7f8432299000 rw-p 00000000 00:00 0 
7f8432299000-7f8432633000 ---p 00000000 00:00 0 
7f8432633000-7f843264d000 r-xp 00000000 08:01 25956516                   /usr/local/android-studio/jre/jre/lib/amd64/libzip.so
7f843264d000-7f843284d000 ---p 0001a000 08:01 25956516                   /usr/local/android-studio/jre/jre/lib/amd64/libzip.so
7f843284d000-7f843284e000 r--p 0001a000 08:01 25956516                   /usr/local/android-studio/jre/jre/lib/amd64/libzip.so
7f843284e000-7f843284f000 rw-p 0001b000 08:01 25956516                   /usr/local/android-studio/jre/jre/lib/amd64/libzip.so
7f8432853000-7f843285e000 r-xp 00000000 08:01 11407910                   /lib/x86_64-linux-gnu/libnss_files-2.23.so
7f843285e000-7f8432a5d000 ---p 0000b000 08:01 11407910                   /lib/x86_64-linux-gnu/libnss_files-2.23.so
7f8432a5d000-7f8432a5e000 r--p 0000a000 08:01 11407910                   /lib/x86_64-linux-gnu/libnss_files-2.23.so
7f8432a5e000-7f8432a5f000 rw-p 0000b000 08:01 11407910                   /lib/x86_64-linux-gnu/libnss_files-2.23.so
7f8432a5f000-7f8432a65000 rw-p 00000000 00:00 0 
7f8432a6b000-7f8432a76000 r-xp 00000000 08:01 11407920                   /lib/x86_64-linux-gnu/libnss_nis-2.23.so
7f8432a76000-7f8432c75000 ---p 0000b000 08:01 11407920                   /lib/x86_64-linux-gnu/libnss_nis-2.23.so
7f8432c75000-7f8432c76000 r--p 0000a000 08:01 11407920                   /lib/x86_64-linux-gnu/libnss_nis-2.23.so
7f8432c76000-7f8432c77000 rw-p 0000b000 08:01 11407920                   /lib/x86_64-linux-gnu/libnss_nis-2.23.so
7f8432c7b000-7f8432c91000 r-xp 00000000 08:01 11407904                   /lib/x86_64-linux-gnu/libnsl-2.23.so
7f8432c91000-7f8432e90000 ---p 00016000 08:01 11407904                   /lib/x86_64-linux-gnu/libnsl-2.23.so
7f8432e90000-7f8432e91000 r--p 00015000 08:01 11407904                   /lib/x86_64-linux-gnu/libnsl-2.23.so
7f8432e91000-7f8432e92000 rw-p 00016000 08:01 11407904                   /lib/x86_64-linux-gnu/libnsl-2.23.so
7f8432e92000-7f8432e94000 rw-p 00000000 00:00 0 
7f8432e9b000-7f8432ea3000 r-xp 00000000 08:01 11407906                   /lib/x86_64-linux-gnu/libnss_compat-2.23.so
7f8432ea3000-7f84330a2000 ---p 00008000 08:01 11407906                   /lib/x86_64-linux-gnu/libnss_compat-2.23.so
7f84330a2000-7f84330a3000 r--p 00007000 08:01 11407906                   /lib/x86_64-linux-gnu/libnss_compat-2.23.so
7f84330a3000-7f84330a4000 rw-p 00008000 08:01 11407906                   /lib/x86_64-linux-gnu/libnss_compat-2.23.so
7f84330ab000-7f84330d8000 r-xp 00000000 08:01 25956526                   /usr/local/android-studio/jre/jre/lib/amd64/libjava.so
7f84330d8000-7f84332d7000 ---p 0002d000 08:01 25956526                   /usr/local/android-studio/jre/jre/lib/amd64/libjava.so
7f84332d7000-7f84332d8000 r--p 0002c000 08:01 25956526                   /usr/local/android-studio/jre/jre/lib/amd64/libjava.so
7f84332d8000-7f84332da000 rw-p 0002d000 08:01 25956526                   /usr/local/android-studio/jre/jre/lib/amd64/libjava.so
7f84332db000-7f84332eb000 r-xp 00000000 08:01 25956542                   /usr/local/android-studio/jre/jre/lib/amd64/libverify.so
7f84332eb000-7f84334ea000 ---p 00010000 08:01 25956542                   /usr/local/android-studio/jre/jre/lib/amd64/libverify.so
7f84334ea000-7f84334ec000 r--p 0000f000 08:01 25956542                   /usr/local/android-studio/jre/jre/lib/amd64/libverify.so
7f84334ec000-7f84334ed000 rw-p 00011000 08:01 25956542                   /usr/local/android-studio/jre/jre/lib/amd64/libverify.so
7f84334f3000-7f84334fa000 r-xp 00000000 08:01 11407965                   /lib/x86_64-linux-gnu/librt-2.23.so
7f84334fa000-7f84336f9000 ---p 00007000 08:01 11407965                   /lib/x86_64-linux-gnu/librt-2.23.so
7f84336f9000-7f84336fa000 r--p 00006000 08:01 11407965                   /lib/x86_64-linux-gnu/librt-2.23.so
7f84336fa000-7f84336fb000 rw-p 00007000 08:01 11407965                   /lib/x86_64-linux-gnu/librt-2.23.so
7f84336fb000-7f8433803000 r-xp 00000000 08:01 11407881                   /lib/x86_64-linux-gnu/libm-2.23.so
7f8433803000-7f8433a02000 ---p 00108000 08:01 11407881                   /lib/x86_64-linux-gnu/libm-2.23.so
7f8433a02000-7f8433a03000 r--p 00107000 08:01 11407881                   /lib/x86_64-linux-gnu/libm-2.23.so
7f8433a03000-7f8433a04000 rw-p 00108000 08:01 11407881                   /lib/x86_64-linux-gnu/libm-2.23.so
7f8433a0b000-7f84345fc000 r-xp 00000000 08:01 25956546                   /usr/local/android-studio/jre/jre/lib/amd64/server/libjvm.so
7f84345fc000-7f84347fc000 ---p 00bf1000 08:01 25956546                   /usr/local/android-studio/jre/jre/lib/amd64/server/libjvm.so
7f84347fc000-7f843489b000 r--p 00bf1000 08:01 25956546                   /usr/local/android-studio/jre/jre/lib/amd64/server/libjvm.so
7f843489b000-7f84348c4000 rw-p 00c90000 08:01 25956546                   /usr/local/android-studio/jre/jre/lib/amd64/server/libjvm.so
7f84348c4000-7f8434908000 rw-p 00000000 00:00 0 
7f843490b000-7f8434923000 r-xp 00000000 08:01 11407957                   /lib/x86_64-linux-gnu/libpthread-2.23.so
7f8434923000-7f8434b22000 ---p 00018000 08:01 11407957                   /lib/x86_64-linux-gnu/libpthread-2.23.so
7f8434b22000-7f8434b23000 r--p 00017000 08:01 11407957                   /lib/x86_64-linux-gnu/libpthread-2.23.so
7f8434b23000-7f8434b24000 rw-p 00018000 08:01 11407957                   /lib/x86_64-linux-gnu/libpthread-2.23.so
7f8434b24000-7f8434b28000 rw-p 00000000 00:00 0 
7f8434b2b000-7f8434b2e000 r-xp 00000000 08:01 11407835                   /lib/x86_64-linux-gnu/libdl-2.23.so
7f8434b2e000-7f8434d2d000 ---p 00003000 08:01 11407835                   /lib/x86_64-linux-gnu/libdl-2.23.so
7f8434d2d000-7f8434d2e000 r--p 00002000 08:01 11407835                   /lib/x86_64-linux-gnu/libdl-2.23.so
7f8434d2e000-7f8434d2f000 rw-p 00003000 08:01 11407835                   /lib/x86_64-linux-gnu/libdl-2.23.so
7f8434d33000-7f8434ef3000 r-xp 00000000 08:01 11407811                   /lib/x86_64-linux-gnu/libc-2.23.so
7f8434ef3000-7f84350f3000 ---p 001c0000 08:01 11407811                   /lib/x86_64-linux-gnu/libc-2.23.so
7f84350f3000-7f84350f7000 r--p 001c0000 08:01 11407811                   /lib/x86_64-linux-gnu/libc-2.23.so
7f84350f7000-7f84350f9000 rw-p 001c4000 08:01 11407811                   /lib/x86_64-linux-gnu/libc-2.23.so
7f84350f9000-7f84350fd000 rw-p 00000000 00:00 0 
7f8435103000-7f8435119000 r-xp 00000000 08:01 25956406                   /usr/local/android-studio/jre/lib/amd64/jli/libjli.so
7f8435119000-7f8435318000 ---p 00016000 08:01 25956406                   /usr/local/android-studio/jre/lib/amd64/jli/libjli.so
7f8435318000-7f8435319000 r--p 00015000 08:01 25956406                   /usr/local/android-studio/jre/lib/amd64/jli/libjli.so
7f8435319000-7f843531a000 rw-p 00016000 08:01 25956406                   /usr/local/android-studio/jre/lib/amd64/jli/libjli.so
7f843531b000-7f8435341000 r-xp 00000000 08:01 11407783                   /lib/x86_64-linux-gnu/ld-2.23.so
7f8435346000-7f843542b000 rw-p 00000000 00:00 0 
7f843542b000-7f8435433000 rw-s 00000000 08:01 6690259                    /tmp/hsperfdata_vlad/11512
7f8435437000-7f8435438000 rw-p 00000000 00:00 0 
7f8435438000-7f8435439000 ---p 00000000 00:00 0 
7f8435439000-7f843543c000 ---p 00000000 00:00 0 
7f843543c000-7f8435540000 rw-p 00000000 00:00 0 
7f8435540000-7f8435541000 r--p 00025000 08:01 11407783                   /lib/x86_64-linux-gnu/ld-2.23.so
7f8435541000-7f8435542000 rw-p 00026000 08:01 11407783                   /lib/x86_64-linux-gnu/ld-2.23.so
7f8435542000-7f8435543000 rw-p 00000000 00:00 0 
7fff74987000-7fff749a8000 rw-p 00000000 00:00 0                          [stack]
7fff749c3000-7fff749c5000 r--p 00000000 00:00 0                          [vvar]
7fff749c5000-7fff749c7000 r-xp 00000000 00:00 0                          [vdso]
ffffffffff600000-ffffffffff601000 r-xp 00000000 00:00 0                  [vsyscall]

VM Arguments:
jvm_args: -Djava.awt.headless=true -Xmx1024M -Dfile.encoding=UTF-8 -Duser.country=US -Duser.language=en -Duser.variant 
java_command: com.android.dx.command.Main --dex --num-threads=4 --output /home/vlad/Documents/Projects/revert/platforms/android/build/intermediates/pre-dexed/debug/com.google.android.gms-play-services-ads-11.0.4_3cbcdfdfcccf7c0a77ff333620d331e0ad8b6771.jar /home/vlad/Documents/Projects/revert/platforms/android/build/intermediates/exploded-aar/com.google.android.gms/play-services-ads/11.0.4/jars/classes.jar
java_class_path (initial): /home/vlad/Android/Sdk/build-tools/26.0.1/lib/dx.jar
Launcher Type: SUN_STANDARD

Environment Variables:
PATH=/home/vlad/bin:/home/vlad/.local/bin:/usr/local/sbin:/usr/local/bin:/usr/sbin:/usr/bin:/sbin:/bin:/usr/games:/usr/local/games:/snap/bin
LD_LIBRARY_PATH=/usr/local/android-studio/bin:
SHELL=/bin/bash
DISPLAY=:0

Signal Handlers:
SIGSEGV: [libjvm.so+0x9e5150], sa_mask[0]=11111111011111111101111111111110, sa_flags=SA_RESTART|SA_SIGINFO
SIGBUS: [libjvm.so+0x9e5150], sa_mask[0]=11111111011111111101111111111110, sa_flags=SA_RESTART|SA_SIGINFO
SIGFPE: [libjvm.so+0x848450], sa_mask[0]=11111111011111111101111111111110, sa_flags=SA_RESTART|SA_SIGINFO
SIGPIPE: [libjvm.so+0x848450], sa_mask[0]=11111111011111111101111111111110, sa_flags=SA_RESTART|SA_SIGINFO
SIGXFSZ: [libjvm.so+0x848450], sa_mask[0]=11111111011111111101111111111110, sa_flags=SA_RESTART|SA_SIGINFO
SIGILL: [libjvm.so+0x848450], sa_mask[0]=11111111011111111101111111111110, sa_flags=SA_RESTART|SA_SIGINFO
SIGUSR1: SIG_DFL, sa_mask[0]=00000000000000000000000000000000, sa_flags=none
SIGUSR2: [libjvm.so+0x848320], sa_mask[0]=00100000000000000000000000000000, sa_flags=SA_RESTART|SA_SIGINFO
SIGHUP: [libjvm.so+0x848510], sa_mask[0]=11111111011111111101111111111110, sa_flags=SA_RESTART|SA_SIGINFO
SIGINT: [libjvm.so+0x848510], sa_mask[0]=11111111011111111101111111111110, sa_flags=SA_RESTART|SA_SIGINFO
SIGTERM: [libjvm.so+0x848510], sa_mask[0]=11111111011111111101111111111110, sa_flags=SA_RESTART|SA_SIGINFO
SIGQUIT: [libjvm.so+0x848510], sa_mask[0]=11111111011111111101111111111110, sa_flags=SA_RESTART|SA_SIGINFO


---------------  S Y S T E M  ---------------

OS:DISTRIB_ID=Ubuntu
DISTRIB_RELEASE=16.04
DISTRIB_CODENAME=xenial
DISTRIB_DESCRIPTION="Ubuntu 16.04.3 LTS"

uname:Linux 4.10.0-37-generic #41~16.04.1-Ubuntu SMP Fri Oct 6 22:42:59 UTC 2017 x86_64
libc:glibc 2.23 NPTL 2.23 
rlimit: STACK 8192k, CORE 0k, NPROC 31581, NOFILE 1048576, AS infinity
load average:6,02 6,60 7,66

/proc/meminfo:
MemTotal:        8202820 kB
MemFree:          125352 kB
MemAvailable:      38088 kB
Buffers:            3288 kB
Cached:           116656 kB
SwapCached:            0 kB
Active:          7600416 kB
Inactive:         100580 kB
Active(anon):    7584740 kB
Inactive(anon):    63132 kB
Active(file):      15676 kB
Inactive(file):    37448 kB
Unevictable:         488 kB
Mlocked:             488 kB
SwapTotal:             0 kB
SwapFree:              0 kB
Dirty:               316 kB
Writeback:             0 kB
AnonPages:       7581300 kB
Mapped:           163416 kB
Shmem:             66600 kB
Slab:             111104 kB
SReclaimable:      46288 kB
SUnreclaim:        64816 kB
KernelStack:       19008 kB
PageTables:        79912 kB
NFS_Unstable:          0 kB
Bounce:                0 kB
WritebackTmp:          0 kB
CommitLimit:     4101408 kB
Committed_AS:   16740792 kB
VmallocTotal:   34359738367 kB
VmallocUsed:           0 kB
VmallocChunk:          0 kB
HardwareCorrupted:     0 kB
AnonHugePages:   3411968 kB
ShmemHugePages:        0 kB
ShmemPmdMapped:        0 kB
CmaTotal:              0 kB
CmaFree:               0 kB
HugePages_Total:       0
HugePages_Free:        0
HugePages_Rsvd:        0
HugePages_Surp:        0
Hugepagesize:       2048 kB
DirectMap4k:      350656 kB
DirectMap2M:     8067072 kB
DirectMap1G:           0 kB


CPU:total 4 (4 cores per cpu, 1 threads per core) family 21 model 2 stepping 0, cmov, cx8, fxsr, mmx, sse, sse2, sse3, ssse3, sse4.1, sse4.2, popcnt, avx, aes, clmul, mmxext, 3dnowpref, lzcnt, sse4a, tsc, tscinvbit, tscinv, bmi1

/proc/cpuinfo:
processor	: 0
vendor_id	: AuthenticAMD
cpu family	: 21
model		: 2
model name	: AMD FX(tm)-4300 Quad-Core Processor
stepping	: 0
microcode	: 0x600081f
cpu MHz		: 1400.000
cache size	: 2048 KB
physical id	: 0
siblings	: 4
core id		: 0
cpu cores	: 2
apicid		: 16
initial apicid	: 0
fpu		: yes
fpu_exception	: yes
cpuid level	: 13
wp		: yes
flags		: fpu vme de pse tsc msr pae mce cx8 apic sep mtrr pge mca cmov pat pse36 clflush mmx fxsr sse sse2 ht syscall nx mmxext fxsr_opt pdpe1gb rdtscp lm constant_tsc rep_good nopl nonstop_tsc extd_apicid aperfmperf pni pclmulqdq monitor ssse3 fma cx16 sse4_1 sse4_2 popcnt aes xsave avx f16c lahf_lm cmp_legacy svm extapic cr8_legacy abm sse4a misalignsse 3dnowprefetch osvw ibs xop skinit wdt lwp fma4 tce nodeid_msr tbm topoext perfctr_core perfctr_nb cpb hw_pstate vmmcall bmi1 arat npt lbrv svm_lock nrip_save tsc_scale vmcb_clean flushbyasid decodeassists pausefilter pfthreshold
bugs		: fxsave_leak sysret_ss_attrs null_seg
bogomips	: 7634.87
TLB size	: 1536 4K pages
clflush size	: 64
cache_alignment	: 64
address sizes	: 48 bits physical, 48 bits virtual
power management: ts ttp tm 100mhzsteps hwpstate cpb eff_freq_ro

processor	: 1
vendor_id	: AuthenticAMD
cpu family	: 21
model		: 2
model name	: AMD FX(tm)-4300 Quad-Core Processor
stepping	: 0
microcode	: 0x600081f
cpu MHz		: 1400.000
cache size	: 2048 KB
physical id	: 0
siblings	: 4
core id		: 1
cpu cores	: 2
apicid		: 17
initial apicid	: 1
fpu		: yes
fpu_exception	: yes
cpuid level	: 13
wp		: yes
flags		: fpu vme de pse tsc msr pae mce cx8 apic sep mtrr pge mca cmov pat pse36 clflush mmx fxsr sse sse2 ht syscall nx mmxext fxsr_opt pdpe1gb rdtscp lm constant_tsc rep_good nopl nonstop_tsc extd_apicid aperfmperf pni pclmulqdq monitor ssse3 fma cx16 sse4_1 sse4_2 popcnt aes xsave avx f16c lahf_lm cmp_legacy svm extapic cr8_legacy abm sse4a misalignsse 3dnowprefetch osvw ibs xop skinit wdt lwp fma4 tce nodeid_msr tbm topoext perfctr_core perfctr_nb cpb hw_pstate vmmcall bmi1 arat npt lbrv svm_lock nrip_save tsc_scale vmcb_clean flushbyasid decodeassists pausefilter pfthreshold
bugs		: fxsave_leak sysret_ss_attrs null_seg
bogomips	: 7634.87
TLB size	: 1536 4K pages
clflush size	: 64
cache_alignment	: 64
address sizes	: 48 bits physical, 48 bits virtual
power management: ts ttp tm 100mhzsteps hwpstate cpb eff_freq_ro

processor	: 2
vendor_id	: AuthenticAMD
cpu family	: 21
model		: 2
model name	: AMD FX(tm)-4300 Quad-Core Processor
stepping	: 0
microcode	: 0x600081f
cpu MHz		: 1400.000
cache size	: 2048 KB
physical id	: 0
siblings	: 4
core id		: 2
cpu cores	: 2
apicid		: 18
initial apicid	: 2
fpu		: yes
fpu_exception	: yes
cpuid level	: 13
wp		: yes
flags		: fpu vme de pse tsc msr pae mce cx8 apic sep mtrr pge mca cmov pat pse36 clflush mmx fxsr sse sse2 ht syscall nx mmxext fxsr_opt pdpe1gb rdtscp lm constant_tsc rep_good nopl nonstop_tsc extd_apicid aperfmperf pni pclmulqdq monitor ssse3 fma cx16 sse4_1 sse4_2 popcnt aes xsave avx f16c lahf_lm cmp_legacy svm extapic cr8_legacy abm sse4a misalignsse 3dnowprefetch osvw ibs xop skinit wdt lwp fma4 tce nodeid_msr tbm topoext perfctr_core perfctr_nb cpb hw_pstate vmmcall bmi1 arat npt lbrv svm_lock nrip_save tsc_scale vmcb_clean flushbyasid decodeassists pausefilter pfthreshold
bugs		: fxsave_leak sysret_ss_attrs null_seg
bogomips	: 7634.87
TLB size	: 1536 4K pages
clflush size	: 64
cache_alignment	: 64
address sizes	: 48 bits physical, 48 bits virtual
power management: ts ttp tm 100mhzsteps hwpstate cpb eff_freq_ro

processor	: 3
vendor_id	: AuthenticAMD
cpu family	: 21
model		: 2
model name	: AMD FX(tm)-4300 Quad-Core Processor
stepping	: 0
microcode	: 0x600081f
cpu MHz		: 1400.000
cache size	: 2048 KB
physical id	: 0
siblings	: 4
core id		: 3
cpu cores	: 2
apicid		: 19
initial apicid	: 3
fpu		: yes
fpu_exception	: yes
cpuid level	: 13
wp		: yes
flags		: fpu vme de pse tsc msr pae mce cx8 apic sep mtrr pge mca cmov pat pse36 clflush mmx fxsr sse sse2 ht syscall nx mmxext fxsr_opt pdpe1gb rdtscp lm constant_tsc rep_good nopl nonstop_tsc extd_apicid aperfmperf pni pclmulqdq monitor ssse3 fma cx16 sse4_1 sse4_2 popcnt aes xsave avx f16c lahf_lm cmp_legacy svm extapic cr8_legacy abm sse4a misalignsse 3dnowprefetch osvw ibs xop skinit wdt lwp fma4 tce nodeid_msr tbm topoext perfctr_core perfctr_nb cpb hw_pstate vmmcall bmi1 arat npt lbrv svm_lock nrip_save tsc_scale vmcb_clean flushbyasid decodeassists pausefilter pfthreshold
bugs		: fxsave_leak sysret_ss_attrs null_seg
bogomips	: 7634.87
TLB size	: 1536 4K pages
clflush size	: 64
cache_alignment	: 64
address sizes	: 48 bits physical, 48 bits virtual
power management: ts ttp tm 100mhzsteps hwpstate cpb eff_freq_ro



Memory: 4k page, physical 8202820k(125104k free), swap 0k(0k free)

vm_info: OpenJDK 64-Bit Server VM (25.112-b06) for linux-amd64 JRE (1.8.0_112-release-b06), built on Dec  6 2016 12:11:18 by "builder" with gcc 4.8.4

time: Thu Oct 26 07:57:16 2017
elapsed time: 12 seconds (0d 0h 0m 12s)

